{"contracts/dao/FactoryFilmNFT.sol":{"l":{"47":0,"48":0,"51":10,"52":10,"58":30,"59":30,"66":10,"68":10,"69":10,"70":10,"71":10,"79":0,"80":0,"82":0,"83":0,"85":0,"86":0,"96":0,"98":0,"99":0,"102":0,"104":0,"105":0,"106":0,"107":0,"108":0,"110":0,"119":0,"121":0,"122":0,"124":0,"125":0,"128":0,"130":0,"131":0,"133":0,"134":0,"135":0,"137":0,"139":0,"140":0,"141":0,"143":0,"147":0,"149":0,"150":0,"151":0,"153":0,"154":0,"159":0,"160":0,"162":0,"164":0,"168":0,"170":0,"172":0,"174":0,"176":0,"180":0,"184":0,"188":0,"192":0,"204":0,"205":0,"206":0,"207":0,"208":0,"209":0,"213":0,"217":0},"path":"/home/yannick/vabble/Original_DAO/contracts/dao/FactoryFilmNFT.sol","s":{"1":0,"2":10,"3":30,"4":10,"5":10,"6":10,"7":0,"8":0,"9":0,"10":0,"11":0,"12":0,"13":0,"14":0,"15":0,"16":0,"17":0,"18":0,"19":0,"20":0,"21":0,"22":0,"23":0,"24":0,"25":0,"26":0,"27":0,"28":0,"29":0,"30":0,"31":0,"32":0,"33":0,"34":0,"35":0,"36":0,"37":0,"38":0,"39":0,"40":0,"41":0,"42":0,"43":0,"44":0,"45":0,"46":0,"47":0},"b":{"1":[0,0],"2":[10,0],"3":[30,0],"4":[10,0],"5":[10,0],"6":[10,0],"7":[10,0],"8":[0,0],"9":[0,0],"10":[0,0],"11":[0,0],"12":[0,0],"13":[0,0],"14":[0,0],"15":[0,0],"16":[0,0],"17":[0,0],"18":[0,0],"19":[0,0],"20":[0,0],"21":[0,0],"22":[0,0],"23":[0,0],"24":[0,0],"25":[0,0],"26":[0,0]},"f":{"1":0,"2":10,"3":30,"4":10,"5":0,"6":0,"7":0,"8":0,"9":0,"10":0,"11":0,"12":0,"13":0,"14":0,"15":0,"16":0,"17":0},"fnMap":{"1":{"name":"onlyAuditor","line":46,"loc":{"start":{"line":46,"column":4},"end":{"line":49,"column":4}}},"2":{"name":"onlyDeployer","line":50,"loc":{"start":{"line":50,"column":4},"end":{"line":53,"column":4}}},"3":{"name":"constructor","line":57,"loc":{"start":{"line":57,"column":4},"end":{"line":60,"column":4}}},"4":{"name":"initialize","line":65,"loc":{"start":{"line":62,"column":4},"end":{"line":72,"column":4}}},"5":{"name":"setBaseURI","line":78,"loc":{"start":{"line":75,"column":4},"end":{"line":87,"column":4}}},"6":{"name":"setMintInfo","line":95,"loc":{"start":{"line":90,"column":4},"end":{"line":111,"column":4}}},"7":{"name":"deployFilmNFTContract","line":118,"loc":{"start":{"line":114,"column":4},"end":{"line":144,"column":4}}},"8":{"name":"claimNft","line":146,"loc":{"start":{"line":146,"column":4},"end":{"line":156,"column":4}}},"9":{"name":"__mint","line":158,"loc":{"start":{"line":158,"column":4},"end":{"line":165,"column":4}}},"10":{"name":"changeOwner","line":167,"loc":{"start":{"line":167,"column":4},"end":{"line":177,"column":4}}},"11":{"name":"getNFTOwner","line":179,"loc":{"start":{"line":179,"column":4},"end":{"line":181,"column":4}}},"12":{"name":"getTotalSupply","line":183,"loc":{"start":{"line":183,"column":4},"end":{"line":185,"column":4}}},"13":{"name":"getUserTokenIdList","line":187,"loc":{"start":{"line":187,"column":4},"end":{"line":189,"column":4}}},"14":{"name":"getTokenUri","line":191,"loc":{"start":{"line":191,"column":4},"end":{"line":193,"column":4}}},"15":{"name":"getMintInfo","line":196,"loc":{"start":{"line":196,"column":4},"end":{"line":210,"column":4}}},"16":{"name":"getFilmNFTTokenList","line":212,"loc":{"start":{"line":212,"column":4},"end":{"line":214,"column":4}}},"17":{"name":"getVabbleDAO","line":216,"loc":{"start":{"line":216,"column":4},"end":{"line":218,"column":4}}}},"statementMap":{"1":{"start":{"line":47,"column":8},"end":{"line":47,"column":87}},"2":{"start":{"line":51,"column":8},"end":{"line":51,"column":89}},"3":{"start":{"line":58,"column":8},"end":{"line":58,"column":71}},"4":{"start":{"line":66,"column":8},"end":{"line":66,"column":75}},"5":{"start":{"line":68,"column":8},"end":{"line":68,"column":69}},"6":{"start":{"line":70,"column":8},"end":{"line":70,"column":71}},"7":{"start":{"line":79,"column":8},"end":{"line":79,"column":50}},"8":{"start":{"line":80,"column":8},"end":{"line":80,"column":56}},"9":{"start":{"line":82,"column":8},"end":{"line":82,"column":62}},"10":{"start":{"line":83,"column":8},"end":{"line":83,"column":68}},"11":{"start":{"line":96,"column":8},"end":{"line":96,"column":80}},"12":{"start":{"line":98,"column":8},"end":{"line":98,"column":68}},"13":{"start":{"line":99,"column":8},"end":{"line":99,"column":62}},"14":{"start":{"line":102,"column":8},"end":{"line":102,"column":79}},"15":{"start":{"line":104,"column":8},"end":{"line":104,"column":46}},"16":{"start":{"line":110,"column":8},"end":{"line":110,"column":72}},"17":{"start":{"line":119,"column":8},"end":{"line":119,"column":103}},"18":{"start":{"line":121,"column":8},"end":{"line":121,"column":78}},"19":{"start":{"line":122,"column":8},"end":{"line":122,"column":81}},"20":{"start":{"line":124,"column":8},"end":{"line":124,"column":76}},"21":{"start":{"line":125,"column":8},"end":{"line":125,"column":102}},"22":{"start":{"line":128,"column":8},"end":{"line":128,"column":91}},"23":{"start":{"line":130,"column":8},"end":{"line":130,"column":90}},"24":{"start":{"line":133,"column":8},"end":{"line":133,"column":46}},"25":{"start":{"line":137,"column":8},"end":{"line":137,"column":56}},"26":{"start":{"line":139,"column":8},"end":{"line":139,"column":51}},"27":{"start":{"line":143,"column":8},"end":{"line":143,"column":63}},"28":{"start":{"line":147,"column":8},"end":{"line":147,"column":86}},"29":{"start":{"line":149,"column":8},"end":{"line":149,"column":90}},"30":{"start":{"line":150,"column":8},"end":{"line":150,"column":50}},"31":{"start":{"line":151,"column":8},"end":{"line":151,"column":97}},"32":{"start":{"line":153,"column":8},"end":{"line":153,"column":6117}},"33":{"start":{"line":154,"column":12},"end":{"line":154,"column":26}},"34":{"start":{"line":159,"column":8},"end":{"line":159,"column":46}},"35":{"start":{"line":160,"column":8},"end":{"line":160,"column":46}},"36":{"start":{"line":162,"column":8},"end":{"line":162,"column":46}},"37":{"start":{"line":164,"column":8},"end":{"line":164,"column":71}},"38":{"start":{"line":168,"column":8},"end":{"line":168,"column":46}},"39":{"start":{"line":170,"column":8},"end":{"line":170,"column":73}},"40":{"start":{"line":174,"column":8},"end":{"line":174,"column":65}},"41":{"start":{"line":176,"column":8},"end":{"line":176,"column":19}},"42":{"start":{"line":180,"column":8},"end":{"line":180,"column":57}},"43":{"start":{"line":184,"column":8},"end":{"line":184,"column":53}},"44":{"start":{"line":188,"column":8},"end":{"line":188,"column":63}},"45":{"start":{"line":192,"column":8},"end":{"line":192,"column":58}},"46":{"start":{"line":204,"column":8},"end":{"line":204,"column":44}},"47":{"start":{"line":213,"column":8},"end":{"line":213,"column":40}}},"branchMap":{"1":{"line":47,"type":"if","locations":[{"start":{"line":47,"column":8},"end":{"line":47,"column":8}},{"start":{"line":47,"column":8},"end":{"line":47,"column":8}}]},"2":{"line":51,"type":"if","locations":[{"start":{"line":51,"column":8},"end":{"line":51,"column":8}},{"start":{"line":51,"column":8},"end":{"line":51,"column":8}}]},"3":{"line":58,"type":"if","locations":[{"start":{"line":58,"column":8},"end":{"line":58,"column":8}},{"start":{"line":58,"column":8},"end":{"line":58,"column":8}}]},"4":{"line":65,"type":"if","locations":[{"start":{"line":65,"column":15},"end":{"line":65,"column":15}},{"start":{"line":65,"column":15},"end":{"line":65,"column":15}}]},"5":{"line":66,"type":"if","locations":[{"start":{"line":66,"column":8},"end":{"line":66,"column":8}},{"start":{"line":66,"column":8},"end":{"line":66,"column":8}}]},"6":{"line":68,"type":"if","locations":[{"start":{"line":68,"column":8},"end":{"line":68,"column":8}},{"start":{"line":68,"column":8},"end":{"line":68,"column":8}}]},"7":{"line":70,"type":"if","locations":[{"start":{"line":70,"column":8},"end":{"line":70,"column":8}},{"start":{"line":70,"column":8},"end":{"line":70,"column":8}}]},"8":{"line":78,"type":"if","locations":[{"start":{"line":78,"column":15},"end":{"line":78,"column":15}},{"start":{"line":78,"column":15},"end":{"line":78,"column":15}}]},"9":{"line":80,"type":"if","locations":[{"start":{"line":80,"column":8},"end":{"line":80,"column":8}},{"start":{"line":80,"column":8},"end":{"line":80,"column":8}}]},"10":{"line":83,"type":"if","locations":[{"start":{"line":83,"column":8},"end":{"line":83,"column":8}},{"start":{"line":83,"column":8},"end":{"line":83,"column":8}}]},"11":{"line":95,"type":"if","locations":[{"start":{"line":95,"column":15},"end":{"line":95,"column":15}},{"start":{"line":95,"column":15},"end":{"line":95,"column":15}}]},"12":{"line":96,"type":"if","locations":[{"start":{"line":96,"column":8},"end":{"line":96,"column":8}},{"start":{"line":96,"column":8},"end":{"line":96,"column":8}}]},"13":{"line":99,"type":"if","locations":[{"start":{"line":99,"column":8},"end":{"line":99,"column":8}},{"start":{"line":99,"column":8},"end":{"line":99,"column":8}}]},"14":{"line":102,"type":"if","locations":[{"start":{"line":102,"column":8},"end":{"line":102,"column":8}},{"start":{"line":102,"column":8},"end":{"line":102,"column":8}}]},"15":{"line":118,"type":"if","locations":[{"start":{"line":118,"column":15},"end":{"line":118,"column":15}},{"start":{"line":118,"column":15},"end":{"line":118,"column":15}}]},"16":{"line":119,"type":"if","locations":[{"start":{"line":119,"column":8},"end":{"line":119,"column":8}},{"start":{"line":119,"column":8},"end":{"line":119,"column":8}}]},"17":{"line":122,"type":"if","locations":[{"start":{"line":122,"column":8},"end":{"line":122,"column":8}},{"start":{"line":122,"column":8},"end":{"line":122,"column":8}}]},"18":{"line":122,"type":"cond-expr","locations":[{"start":{"line":122,"column":16},"end":{"line":122,"column":28}},{"start":{"line":122,"column":33},"end":{"line":122,"column":45}}]},"19":{"line":125,"type":"if","locations":[{"start":{"line":125,"column":8},"end":{"line":125,"column":8}},{"start":{"line":125,"column":8},"end":{"line":125,"column":8}}]},"20":{"line":128,"type":"if","locations":[{"start":{"line":128,"column":8},"end":{"line":128,"column":8}},{"start":{"line":128,"column":8},"end":{"line":128,"column":8}}]},"21":{"line":146,"type":"if","locations":[{"start":{"line":146,"column":48},"end":{"line":146,"column":48}},{"start":{"line":146,"column":48},"end":{"line":146,"column":48}}]},"22":{"line":147,"type":"if","locations":[{"start":{"line":147,"column":8},"end":{"line":147,"column":8}},{"start":{"line":147,"column":8},"end":{"line":147,"column":8}}]},"23":{"line":150,"type":"if","locations":[{"start":{"line":150,"column":8},"end":{"line":150,"column":8}},{"start":{"line":150,"column":8},"end":{"line":150,"column":8}}]},"24":{"line":151,"type":"if","locations":[{"start":{"line":151,"column":8},"end":{"line":151,"column":8}},{"start":{"line":151,"column":8},"end":{"line":151,"column":8}}]},"25":{"line":167,"type":"if","locations":[{"start":{"line":167,"column":69},"end":{"line":167,"column":69}},{"start":{"line":167,"column":69},"end":{"line":167,"column":69}}]},"26":{"line":170,"type":"if","locations":[{"start":{"line":170,"column":8},"end":{"line":170,"column":8}},{"start":{"line":170,"column":8},"end":{"line":170,"column":8}}]}}},"contracts/dao/FactorySubNFT.sol":{"l":{"49":0,"50":0,"58":30,"59":30,"60":30,"61":30,"69":0,"70":0,"72":0,"73":0,"75":0,"76":0,"86":0,"87":0,"89":0,"91":0,"92":0,"95":0,"96":0,"97":0,"106":0,"108":0,"110":0,"121":0,"122":0,"124":0,"125":0,"126":0,"128":0,"129":0,"130":0,"132":0,"134":0,"135":0,"136":0,"137":0,"138":0,"139":0,"141":0,"143":0,"152":0,"153":0,"154":0,"155":0,"157":0,"159":0,"160":0,"169":0,"170":0,"171":0,"173":0,"174":0,"175":0,"179":0,"180":0,"181":0,"182":0,"185":0,"187":0,"188":0,"189":0,"193":0,"194":0,"195":0,"196":0,"198":0,"199":0,"203":0,"208":0,"209":0,"211":0,"213":0,"214":0,"215":0,"216":0,"218":0,"223":0,"224":0,"226":0,"227":0,"229":0,"231":0,"232":0,"234":0,"241":0,"242":0,"243":0,"248":0,"249":0,"253":0,"257":0,"258":0,"262":0,"263":0,"273":0,"274":0,"275":0,"276":0,"277":0,"289":0,"291":0,"292":0,"293":0,"294":0,"295":0,"296":0,"306":0},"path":"/home/yannick/vabble/Original_DAO/contracts/dao/FactorySubNFT.sol","s":{"1":0,"2":30,"3":30,"4":0,"5":0,"6":0,"7":0,"8":0,"9":0,"10":0,"11":0,"12":0,"13":0,"14":0,"15":0,"16":0,"17":0,"18":0,"19":0,"20":0,"21":0,"22":0,"23":0,"24":0,"25":0,"26":0,"27":0,"28":0,"29":0,"30":0,"31":0,"32":0,"33":0,"34":0,"35":0,"36":0,"37":0,"38":0,"39":0,"40":0,"41":0,"42":0,"43":0,"44":0,"45":0,"46":0,"47":0,"48":0,"49":0,"50":0,"51":0,"52":0,"53":0,"54":0,"55":0,"56":0,"57":0,"58":0,"59":0,"60":0,"61":0,"62":0,"63":0,"64":0,"65":0,"66":0,"67":0,"68":0,"69":0,"70":0,"71":0,"72":0,"73":0,"74":0},"b":{"1":[0,0],"2":[30,0],"3":[30,0],"4":[0,0],"5":[0,0],"6":[0,0],"7":[0,0],"8":[0,0],"9":[0,0],"10":[0,0],"11":[0,0],"12":[0,0],"13":[0,0],"14":[0,0],"15":[0,0],"16":[0,0],"17":[0,0],"18":[0,0],"19":[0,0],"20":[0,0],"21":[0,0],"22":[0,0],"23":[0,0],"24":[0,0],"25":[0,0],"26":[0,0],"27":[0,0],"28":[0,0],"29":[0,0],"30":[0,0],"31":[0,0],"32":[0,0],"33":[0,0],"34":[0,0],"35":[0,0],"36":[0,0],"37":[0,0],"38":[0,0],"39":[0,0],"40":[0,0],"41":[0,0],"42":[0,0],"43":[0,0]},"f":{"1":0,"2":30,"3":0,"4":0,"5":0,"6":0,"7":0,"8":0,"9":0,"10":0,"11":0,"12":0,"13":0,"14":0,"15":0,"16":0,"17":0,"18":0},"fnMap":{"1":{"name":"onlyAuditor","line":48,"loc":{"start":{"line":48,"column":4},"end":{"line":51,"column":4}}},"2":{"name":"constructor","line":54,"loc":{"start":{"line":54,"column":4},"end":{"line":62,"column":4}}},"3":{"name":"setBaseURI","line":68,"loc":{"start":{"line":65,"column":4},"end":{"line":77,"column":4}}},"4":{"name":"setMintInfo","line":85,"loc":{"start":{"line":80,"column":4},"end":{"line":98,"column":4}}},"5":{"name":"deploySubNFTContract","line":104,"loc":{"start":{"line":101,"column":4},"end":{"line":111,"column":4}}},"6":{"name":"__mint","line":115,"loc":{"start":{"line":115,"column":4},"end":{"line":144,"column":4}}},"7":{"name":"mintToBatch","line":151,"loc":{"start":{"line":146,"column":4},"end":{"line":162,"column":4}}},"8":{"name":"__handleMintPay","line":164,"loc":{"start":{"line":164,"column":4},"end":{"line":204,"column":4}}},"9":{"name":"lockNFT","line":207,"loc":{"start":{"line":207,"column":4},"end":{"line":219,"column":4}}},"10":{"name":"unlockNFT","line":222,"loc":{"start":{"line":222,"column":4},"end":{"line":235,"column":4}}},"11":{"name":"getExpectedTokenAmount","line":237,"loc":{"start":{"line":237,"column":4},"end":{"line":245,"column":4}}},"12":{"name":"getNFTOwner","line":247,"loc":{"start":{"line":247,"column":4},"end":{"line":250,"column":4}}},"13":{"name":"getTotalSupply","line":252,"loc":{"start":{"line":252,"column":4},"end":{"line":254,"column":4}}},"14":{"name":"getUserTokenIdList","line":256,"loc":{"start":{"line":256,"column":4},"end":{"line":259,"column":4}}},"15":{"name":"getTokenUri","line":261,"loc":{"start":{"line":261,"column":4},"end":{"line":264,"column":4}}},"16":{"name":"getMintInfo","line":267,"loc":{"start":{"line":267,"column":4},"end":{"line":278,"column":4}}},"17":{"name":"getLockInfo","line":281,"loc":{"start":{"line":281,"column":4},"end":{"line":297,"column":4}}},"18":{"name":"onERC721Received","line":300,"loc":{"start":{"line":300,"column":4},"end":{"line":307,"column":4}}}},"statementMap":{"1":{"start":{"line":49,"column":8},"end":{"line":49,"column":87}},"2":{"start":{"line":58,"column":8},"end":{"line":58,"column":71}},"3":{"start":{"line":60,"column":8},"end":{"line":60,"column":75}},"4":{"start":{"line":69,"column":8},"end":{"line":69,"column":50}},"5":{"start":{"line":70,"column":8},"end":{"line":70,"column":56}},"6":{"start":{"line":72,"column":8},"end":{"line":72,"column":62}},"7":{"start":{"line":73,"column":8},"end":{"line":73,"column":68}},"8":{"start":{"line":86,"column":8},"end":{"line":86,"column":66}},"9":{"start":{"line":87,"column":8},"end":{"line":87,"column":61}},"10":{"start":{"line":89,"column":8},"end":{"line":89,"column":49}},"11":{"start":{"line":91,"column":8},"end":{"line":91,"column":3349}},"12":{"start":{"line":92,"column":12},"end":{"line":92,"column":39}},"13":{"start":{"line":110,"column":8},"end":{"line":110,"column":65}},"14":{"start":{"line":121,"column":8},"end":{"line":121,"column":4235}},"15":{"start":{"line":122,"column":12},"end":{"line":122,"column":88}},"16":{"start":{"line":124,"column":8},"end":{"line":124,"column":67}},"17":{"start":{"line":125,"column":8},"end":{"line":125,"column":82}},"18":{"start":{"line":126,"column":8},"end":{"line":126,"column":100}},"19":{"start":{"line":128,"column":8},"end":{"line":128,"column":62}},"20":{"start":{"line":129,"column":8},"end":{"line":129,"column":30}},"21":{"start":{"line":130,"column":8},"end":{"line":130,"column":55}},"22":{"start":{"line":132,"column":8},"end":{"line":132,"column":57}},"23":{"start":{"line":134,"column":8},"end":{"line":134,"column":46}},"24":{"start":{"line":139,"column":8},"end":{"line":139,"column":63}},"25":{"start":{"line":141,"column":8},"end":{"line":141,"column":46}},"26":{"start":{"line":143,"column":8},"end":{"line":143,"column":68}},"27":{"start":{"line":152,"column":8},"end":{"line":152,"column":36}},"28":{"start":{"line":153,"column":8},"end":{"line":153,"column":69}},"29":{"start":{"line":154,"column":8},"end":{"line":154,"column":73}},"30":{"start":{"line":155,"column":8},"end":{"line":155,"column":75}},"31":{"start":{"line":157,"column":8},"end":{"line":157,"column":58}},"32":{"start":{"line":159,"column":8},"end":{"line":159,"column":5893}},"33":{"start":{"line":160,"column":12},"end":{"line":160,"column":71}},"34":{"start":{"line":169,"column":8},"end":{"line":169,"column":28}},"35":{"start":{"line":170,"column":8},"end":{"line":170,"column":40}},"36":{"start":{"line":171,"column":8},"end":{"line":171,"column":39}},"37":{"start":{"line":173,"column":8},"end":{"line":173,"column":6314}},"38":{"start":{"line":174,"column":12},"end":{"line":174,"column":64}},"39":{"start":{"line":179,"column":8},"end":{"line":179,"column":6625}},"40":{"start":{"line":180,"column":12},"end":{"line":180,"column":77}},"41":{"start":{"line":181,"column":12},"end":{"line":181,"column":6751}},"42":{"start":{"line":182,"column":16},"end":{"line":182,"column":75}},"43":{"start":{"line":185,"column":12},"end":{"line":185,"column":59}},"44":{"start":{"line":187,"column":12},"end":{"line":187,"column":86}},"45":{"start":{"line":188,"column":12},"end":{"line":188,"column":7121}},"46":{"start":{"line":189,"column":16},"end":{"line":189,"column":89}},"47":{"start":{"line":193,"column":8},"end":{"line":193,"column":26}},"48":{"start":{"line":194,"column":8},"end":{"line":194,"column":59}},"49":{"start":{"line":195,"column":8},"end":{"line":195,"column":7414}},"50":{"start":{"line":198,"column":12},"end":{"line":198,"column":82}},"51":{"start":{"line":203,"column":8},"end":{"line":203,"column":103}},"52":{"start":{"line":203,"column":28},"end":{"line":203,"column":102}},"53":{"start":{"line":208,"column":8},"end":{"line":208,"column":87}},"54":{"start":{"line":209,"column":8},"end":{"line":209,"column":81}},"55":{"start":{"line":211,"column":8},"end":{"line":211,"column":58}},"56":{"start":{"line":213,"column":8},"end":{"line":213,"column":57}},"57":{"start":{"line":214,"column":8},"end":{"line":214,"column":64}},"58":{"start":{"line":218,"column":8},"end":{"line":218,"column":71}},"59":{"start":{"line":223,"column":8},"end":{"line":223,"column":92}},"60":{"start":{"line":224,"column":8},"end":{"line":224,"column":83}},"61":{"start":{"line":226,"column":8},"end":{"line":226,"column":46}},"62":{"start":{"line":227,"column":8},"end":{"line":227,"column":89}},"63":{"start":{"line":229,"column":8},"end":{"line":229,"column":55}},"64":{"start":{"line":234,"column":8},"end":{"line":234,"column":58}},"65":{"start":{"line":242,"column":8},"end":{"line":242,"column":9434}},"66":{"start":{"line":248,"column":8},"end":{"line":248,"column":51}},"67":{"start":{"line":253,"column":8},"end":{"line":253,"column":43}},"68":{"start":{"line":257,"column":8},"end":{"line":257,"column":55}},"69":{"start":{"line":262,"column":8},"end":{"line":262,"column":51}},"70":{"start":{"line":273,"column":8},"end":{"line":273,"column":52}},"71":{"start":{"line":274,"column":8},"end":{"line":274,"column":46}},"72":{"start":{"line":289,"column":8},"end":{"line":289,"column":50}},"73":{"start":{"line":291,"column":8},"end":{"line":291,"column":46}},"74":{"start":{"line":306,"column":8},"end":{"line":306,"column":56}}},"branchMap":{"1":{"line":49,"type":"if","locations":[{"start":{"line":49,"column":8},"end":{"line":49,"column":8}},{"start":{"line":49,"column":8},"end":{"line":49,"column":8}}]},"2":{"line":58,"type":"if","locations":[{"start":{"line":58,"column":8},"end":{"line":58,"column":8}},{"start":{"line":58,"column":8},"end":{"line":58,"column":8}}]},"3":{"line":60,"type":"if","locations":[{"start":{"line":60,"column":8},"end":{"line":60,"column":8}},{"start":{"line":60,"column":8},"end":{"line":60,"column":8}}]},"4":{"line":68,"type":"if","locations":[{"start":{"line":68,"column":15},"end":{"line":68,"column":15}},{"start":{"line":68,"column":15},"end":{"line":68,"column":15}}]},"5":{"line":70,"type":"if","locations":[{"start":{"line":70,"column":8},"end":{"line":70,"column":8}},{"start":{"line":70,"column":8},"end":{"line":70,"column":8}}]},"6":{"line":73,"type":"if","locations":[{"start":{"line":73,"column":8},"end":{"line":73,"column":8}},{"start":{"line":73,"column":8},"end":{"line":73,"column":8}}]},"7":{"line":85,"type":"if","locations":[{"start":{"line":85,"column":15},"end":{"line":85,"column":15}},{"start":{"line":85,"column":15},"end":{"line":85,"column":15}}]},"8":{"line":86,"type":"if","locations":[{"start":{"line":86,"column":8},"end":{"line":86,"column":8}},{"start":{"line":86,"column":8},"end":{"line":86,"column":8}}]},"9":{"line":87,"type":"if","locations":[{"start":{"line":87,"column":8},"end":{"line":87,"column":8}},{"start":{"line":87,"column":8},"end":{"line":87,"column":8}}]},"10":{"line":91,"type":"if","locations":[{"start":{"line":91,"column":8},"end":{"line":91,"column":8}},{"start":{"line":91,"column":8},"end":{"line":91,"column":8}}]},"11":{"line":104,"type":"if","locations":[{"start":{"line":104,"column":15},"end":{"line":104,"column":15}},{"start":{"line":104,"column":15},"end":{"line":104,"column":15}}]},"12":{"line":104,"type":"if","locations":[{"start":{"line":104,"column":27},"end":{"line":104,"column":27}},{"start":{"line":104,"column":27},"end":{"line":104,"column":27}}]},"13":{"line":121,"type":"if","locations":[{"start":{"line":121,"column":8},"end":{"line":121,"column":8}},{"start":{"line":121,"column":8},"end":{"line":121,"column":8}}]},"14":{"line":122,"type":"if","locations":[{"start":{"line":122,"column":12},"end":{"line":122,"column":12}},{"start":{"line":122,"column":12},"end":{"line":122,"column":12}}]},"15":{"line":124,"type":"if","locations":[{"start":{"line":124,"column":8},"end":{"line":124,"column":8}},{"start":{"line":124,"column":8},"end":{"line":124,"column":8}}]},"16":{"line":125,"type":"if","locations":[{"start":{"line":125,"column":8},"end":{"line":125,"column":8}},{"start":{"line":125,"column":8},"end":{"line":125,"column":8}}]},"17":{"line":126,"type":"if","locations":[{"start":{"line":126,"column":8},"end":{"line":126,"column":8}},{"start":{"line":126,"column":8},"end":{"line":126,"column":8}}]},"18":{"line":130,"type":"if","locations":[{"start":{"line":130,"column":8},"end":{"line":130,"column":8}},{"start":{"line":130,"column":8},"end":{"line":130,"column":8}}]},"19":{"line":139,"type":"if","locations":[{"start":{"line":139,"column":8},"end":{"line":139,"column":8}},{"start":{"line":139,"column":8},"end":{"line":139,"column":8}}]},"20":{"line":151,"type":"if","locations":[{"start":{"line":151,"column":23},"end":{"line":151,"column":23}},{"start":{"line":151,"column":23},"end":{"line":151,"column":23}}]},"21":{"line":153,"type":"if","locations":[{"start":{"line":153,"column":8},"end":{"line":153,"column":8}},{"start":{"line":153,"column":8},"end":{"line":153,"column":8}}]},"22":{"line":154,"type":"if","locations":[{"start":{"line":154,"column":8},"end":{"line":154,"column":8}},{"start":{"line":154,"column":8},"end":{"line":154,"column":8}}]},"23":{"line":155,"type":"if","locations":[{"start":{"line":155,"column":8},"end":{"line":155,"column":8}},{"start":{"line":155,"column":8},"end":{"line":155,"column":8}}]},"24":{"line":171,"type":"if","locations":[{"start":{"line":171,"column":8},"end":{"line":171,"column":8}},{"start":{"line":171,"column":8},"end":{"line":171,"column":8}}]},"25":{"line":179,"type":"if","locations":[{"start":{"line":179,"column":8},"end":{"line":179,"column":8}},{"start":{"line":179,"column":8},"end":{"line":179,"column":8}}]},"26":{"line":180,"type":"if","locations":[{"start":{"line":180,"column":12},"end":{"line":180,"column":12}},{"start":{"line":180,"column":12},"end":{"line":180,"column":12}}]},"27":{"line":181,"type":"if","locations":[{"start":{"line":181,"column":12},"end":{"line":181,"column":12}},{"start":{"line":181,"column":12},"end":{"line":181,"column":12}}]},"28":{"line":188,"type":"if","locations":[{"start":{"line":188,"column":12},"end":{"line":188,"column":12}},{"start":{"line":188,"column":12},"end":{"line":188,"column":12}}]},"29":{"line":195,"type":"if","locations":[{"start":{"line":195,"column":8},"end":{"line":195,"column":8}},{"start":{"line":195,"column":8},"end":{"line":195,"column":8}}]},"30":{"line":203,"type":"if","locations":[{"start":{"line":203,"column":8},"end":{"line":203,"column":8}},{"start":{"line":203,"column":8},"end":{"line":203,"column":8}}]},"31":{"line":207,"type":"if","locations":[{"start":{"line":207,"column":48},"end":{"line":207,"column":48}},{"start":{"line":207,"column":48},"end":{"line":207,"column":48}}]},"32":{"line":208,"type":"if","locations":[{"start":{"line":208,"column":8},"end":{"line":208,"column":8}},{"start":{"line":208,"column":8},"end":{"line":208,"column":8}}]},"33":{"line":209,"type":"if","locations":[{"start":{"line":209,"column":8},"end":{"line":209,"column":8}},{"start":{"line":209,"column":8},"end":{"line":209,"column":8}}]},"34":{"line":222,"type":"if","locations":[{"start":{"line":222,"column":50},"end":{"line":222,"column":50}},{"start":{"line":222,"column":50},"end":{"line":222,"column":50}}]},"35":{"line":223,"type":"if","locations":[{"start":{"line":223,"column":8},"end":{"line":223,"column":8}},{"start":{"line":223,"column":8},"end":{"line":223,"column":8}}]},"36":{"line":224,"type":"if","locations":[{"start":{"line":224,"column":8},"end":{"line":224,"column":8}},{"start":{"line":224,"column":8},"end":{"line":224,"column":8}}]},"37":{"line":227,"type":"if","locations":[{"start":{"line":227,"column":8},"end":{"line":227,"column":8}},{"start":{"line":227,"column":8},"end":{"line":227,"column":8}}]},"38":{"line":242,"type":"if","locations":[{"start":{"line":242,"column":8},"end":{"line":242,"column":8}},{"start":{"line":242,"column":8},"end":{"line":242,"column":8}}]},"39":{"line":248,"type":"if","locations":[{"start":{"line":248,"column":8},"end":{"line":248,"column":8}},{"start":{"line":248,"column":8},"end":{"line":248,"column":8}}]},"40":{"line":257,"type":"if","locations":[{"start":{"line":257,"column":8},"end":{"line":257,"column":8}},{"start":{"line":257,"column":8},"end":{"line":257,"column":8}}]},"41":{"line":262,"type":"if","locations":[{"start":{"line":262,"column":8},"end":{"line":262,"column":8}},{"start":{"line":262,"column":8},"end":{"line":262,"column":8}}]},"42":{"line":273,"type":"if","locations":[{"start":{"line":273,"column":8},"end":{"line":273,"column":8}},{"start":{"line":273,"column":8},"end":{"line":273,"column":8}}]},"43":{"line":289,"type":"if","locations":[{"start":{"line":289,"column":8},"end":{"line":289,"column":8}},{"start":{"line":289,"column":8},"end":{"line":289,"column":8}}]}}},"contracts/dao/FactoryTierNFT.sol":{"l":{"42":0,"43":0,"53":30,"54":30,"55":30,"56":30,"57":30,"58":30,"66":0,"67":0,"69":0,"70":0,"72":0,"73":0,"82":0,"84":0,"85":0,"86":0,"88":0,"89":0,"90":0,"91":0,"93":0,"94":0,"97":0,"98":0,"100":0,"102":0,"103":0,"106":0,"108":0,"118":0,"119":0,"120":0,"122":0,"123":0,"125":0,"127":0,"128":0,"129":0,"131":0,"136":0,"137":0,"139":0,"140":0,"141":0,"142":0,"143":0,"144":0,"145":0,"148":0,"149":0,"150":0,"155":0,"156":0,"157":0,"159":0,"160":0,"161":0,"163":0,"168":0,"176":0,"183":0,"190":0,"198":0,"206":0},"path":"/home/yannick/vabble/Original_DAO/contracts/dao/FactoryTierNFT.sol","s":{"1":0,"2":30,"3":30,"4":30,"5":0,"6":0,"7":0,"8":0,"9":0,"10":0,"11":0,"12":0,"13":0,"14":0,"15":0,"16":0,"17":0,"18":0,"19":0,"20":0,"21":0,"22":0,"23":0,"24":0,"25":0,"26":0,"27":0,"28":0,"29":0,"30":0,"31":0,"32":0,"33":0,"34":0,"35":0,"36":0,"37":0,"38":0,"39":0,"40":0,"41":0,"42":0,"43":0,"44":0,"45":0,"46":0,"47":0,"48":0,"49":0,"50":0},"b":{"1":[0,0],"2":[30,0],"3":[30,0],"4":[30,0],"5":[0,0],"6":[0,0],"7":[0,0],"8":[0,0],"9":[0,0],"10":[0,0],"11":[0,0],"12":[0,0],"13":[0,0],"14":[0,0],"15":[0,0],"16":[0,0],"17":[0,0],"18":[0,0],"19":[0,0],"20":[0,0],"21":[0,0],"22":[0,0],"23":[0,0],"24":[0,0],"25":[0,0],"26":[0,0],"27":[0,0],"28":[0,0],"29":[0,0]},"f":{"1":0,"2":30,"3":0,"4":0,"5":0,"6":0,"7":0,"8":0,"9":0,"10":0,"11":0,"12":0},"fnMap":{"1":{"name":"onlyAuditor","line":41,"loc":{"start":{"line":41,"column":4},"end":{"line":44,"column":4}}},"2":{"name":"constructor","line":48,"loc":{"start":{"line":48,"column":4},"end":{"line":59,"column":4}}},"3":{"name":"setBaseURI","line":65,"loc":{"start":{"line":62,"column":4},"end":{"line":74,"column":4}}},"4":{"name":"setTierInfo","line":81,"loc":{"start":{"line":77,"column":4},"end":{"line":109,"column":4}}},"5":{"name":"deployTierNFTContract","line":117,"loc":{"start":{"line":112,"column":4},"end":{"line":132,"column":4}}},"6":{"name":"mintTierNft","line":135,"loc":{"start":{"line":135,"column":4},"end":{"line":164,"column":4}}},"7":{"name":"getUserTierNFTs","line":167,"loc":{"start":{"line":167,"column":4},"end":{"line":169,"column":4}}},"8":{"name":"getNFTOwner","line":171,"loc":{"start":{"line":171,"column":4},"end":{"line":177,"column":4}}},"9":{"name":"getTotalSupply","line":179,"loc":{"start":{"line":179,"column":4},"end":{"line":184,"column":4}}},"10":{"name":"getTierTokenIdList","line":186,"loc":{"start":{"line":186,"column":4},"end":{"line":191,"column":4}}},"11":{"name":"getUserTokenIdList","line":193,"loc":{"start":{"line":193,"column":4},"end":{"line":199,"column":4}}},"12":{"name":"getTokenUri","line":201,"loc":{"start":{"line":201,"column":4},"end":{"line":207,"column":4}}}},"statementMap":{"1":{"start":{"line":42,"column":8},"end":{"line":42,"column":87}},"2":{"start":{"line":53,"column":8},"end":{"line":53,"column":71}},"3":{"start":{"line":55,"column":8},"end":{"line":55,"column":69}},"4":{"start":{"line":57,"column":8},"end":{"line":57,"column":68}},"5":{"start":{"line":66,"column":8},"end":{"line":66,"column":50}},"6":{"start":{"line":67,"column":8},"end":{"line":67,"column":56}},"7":{"start":{"line":69,"column":8},"end":{"line":69,"column":62}},"8":{"start":{"line":70,"column":8},"end":{"line":70,"column":68}},"9":{"start":{"line":82,"column":8},"end":{"line":82,"column":50}},"10":{"start":{"line":84,"column":8},"end":{"line":84,"column":91}},"11":{"start":{"line":85,"column":8},"end":{"line":85,"column":84}},"12":{"start":{"line":86,"column":8},"end":{"line":86,"column":101}},"13":{"start":{"line":88,"column":8},"end":{"line":88,"column":115}},"14":{"start":{"line":89,"column":8},"end":{"line":89,"column":86}},"15":{"start":{"line":90,"column":8},"end":{"line":90,"column":87}},"16":{"start":{"line":91,"column":8},"end":{"line":91,"column":55}},"17":{"start":{"line":93,"column":8},"end":{"line":93,"column":90}},"18":{"start":{"line":94,"column":8},"end":{"line":94,"column":91}},"19":{"start":{"line":97,"column":8},"end":{"line":97,"column":4143}},"20":{"start":{"line":98,"column":12},"end":{"line":98,"column":62}},"21":{"start":{"line":100,"column":12},"end":{"line":100,"column":108}},"22":{"start":{"line":108,"column":8},"end":{"line":108,"column":68}},"23":{"start":{"line":118,"column":8},"end":{"line":118,"column":104}},"24":{"start":{"line":119,"column":8},"end":{"line":119,"column":51}},"25":{"start":{"line":120,"column":8},"end":{"line":120,"column":83}},"26":{"start":{"line":122,"column":8},"end":{"line":122,"column":90}},"27":{"start":{"line":125,"column":8},"end":{"line":125,"column":48}},"28":{"start":{"line":127,"column":8},"end":{"line":127,"column":51}},"29":{"start":{"line":131,"column":8},"end":{"line":131,"column":61}},"30":{"start":{"line":136,"column":8},"end":{"line":136,"column":65}},"31":{"start":{"line":137,"column":8},"end":{"line":137,"column":105}},"32":{"start":{"line":139,"column":8},"end":{"line":139,"column":24}},"33":{"start":{"line":140,"column":8},"end":{"line":140,"column":93}},"34":{"start":{"line":141,"column":8},"end":{"line":141,"column":6085}},"35":{"start":{"line":142,"column":12},"end":{"line":142,"column":6152}},"36":{"start":{"line":143,"column":16},"end":{"line":143,"column":6214}},"37":{"start":{"line":148,"column":16},"end":{"line":148,"column":6375}},"38":{"start":{"line":155,"column":8},"end":{"line":155,"column":51}},"39":{"start":{"line":156,"column":8},"end":{"line":156,"column":77}},"40":{"start":{"line":157,"column":8},"end":{"line":157,"column":60}},"41":{"start":{"line":159,"column":8},"end":{"line":159,"column":52}},"42":{"start":{"line":160,"column":8},"end":{"line":160,"column":46}},"43":{"start":{"line":161,"column":8},"end":{"line":161,"column":52}},"44":{"start":{"line":163,"column":8},"end":{"line":163,"column":62}},"45":{"start":{"line":168,"column":8},"end":{"line":168,"column":34}},"46":{"start":{"line":176,"column":8},"end":{"line":176,"column":64}},"47":{"start":{"line":183,"column":8},"end":{"line":183,"column":60}},"48":{"start":{"line":190,"column":8},"end":{"line":190,"column":47}},"49":{"start":{"line":198,"column":8},"end":{"line":198,"column":70}},"50":{"start":{"line":206,"column":8},"end":{"line":206,"column":65}}},"branchMap":{"1":{"line":42,"type":"if","locations":[{"start":{"line":42,"column":8},"end":{"line":42,"column":8}},{"start":{"line":42,"column":8},"end":{"line":42,"column":8}}]},"2":{"line":53,"type":"if","locations":[{"start":{"line":53,"column":8},"end":{"line":53,"column":8}},{"start":{"line":53,"column":8},"end":{"line":53,"column":8}}]},"3":{"line":55,"type":"if","locations":[{"start":{"line":55,"column":8},"end":{"line":55,"column":8}},{"start":{"line":55,"column":8},"end":{"line":55,"column":8}}]},"4":{"line":57,"type":"if","locations":[{"start":{"line":57,"column":8},"end":{"line":57,"column":8}},{"start":{"line":57,"column":8},"end":{"line":57,"column":8}}]},"5":{"line":65,"type":"if","locations":[{"start":{"line":65,"column":15},"end":{"line":65,"column":15}},{"start":{"line":65,"column":15},"end":{"line":65,"column":15}}]},"6":{"line":67,"type":"if","locations":[{"start":{"line":67,"column":8},"end":{"line":67,"column":8}},{"start":{"line":67,"column":8},"end":{"line":67,"column":8}}]},"7":{"line":70,"type":"if","locations":[{"start":{"line":70,"column":8},"end":{"line":70,"column":8}},{"start":{"line":70,"column":8},"end":{"line":70,"column":8}}]},"8":{"line":81,"type":"if","locations":[{"start":{"line":81,"column":15},"end":{"line":81,"column":15}},{"start":{"line":81,"column":15},"end":{"line":81,"column":15}}]},"9":{"line":84,"type":"if","locations":[{"start":{"line":84,"column":8},"end":{"line":84,"column":8}},{"start":{"line":84,"column":8},"end":{"line":84,"column":8}}]},"10":{"line":85,"type":"if","locations":[{"start":{"line":85,"column":8},"end":{"line":85,"column":8}},{"start":{"line":85,"column":8},"end":{"line":85,"column":8}}]},"11":{"line":86,"type":"if","locations":[{"start":{"line":86,"column":8},"end":{"line":86,"column":8}},{"start":{"line":86,"column":8},"end":{"line":86,"column":8}}]},"12":{"line":90,"type":"if","locations":[{"start":{"line":90,"column":8},"end":{"line":90,"column":8}},{"start":{"line":90,"column":8},"end":{"line":90,"column":8}}]},"13":{"line":91,"type":"if","locations":[{"start":{"line":91,"column":8},"end":{"line":91,"column":8}},{"start":{"line":91,"column":8},"end":{"line":91,"column":8}}]},"14":{"line":94,"type":"if","locations":[{"start":{"line":94,"column":8},"end":{"line":94,"column":8}},{"start":{"line":94,"column":8},"end":{"line":94,"column":8}}]},"15":{"line":98,"type":"if","locations":[{"start":{"line":98,"column":12},"end":{"line":98,"column":12}},{"start":{"line":98,"column":12},"end":{"line":98,"column":12}}]},"16":{"line":100,"type":"if","locations":[{"start":{"line":100,"column":12},"end":{"line":100,"column":12}},{"start":{"line":100,"column":12},"end":{"line":100,"column":12}}]},"17":{"line":100,"type":"cond-expr","locations":[{"start":{"line":100,"column":20},"end":{"line":100,"column":50}},{"start":{"line":100,"column":55},"end":{"line":100,"column":73}}]},"18":{"line":117,"type":"if","locations":[{"start":{"line":117,"column":15},"end":{"line":117,"column":15}},{"start":{"line":117,"column":15},"end":{"line":117,"column":15}}]},"19":{"line":118,"type":"if","locations":[{"start":{"line":118,"column":8},"end":{"line":118,"column":8}},{"start":{"line":118,"column":8},"end":{"line":118,"column":8}}]},"20":{"line":119,"type":"if","locations":[{"start":{"line":119,"column":8},"end":{"line":119,"column":8}},{"start":{"line":119,"column":8},"end":{"line":119,"column":8}}]},"21":{"line":120,"type":"if","locations":[{"start":{"line":120,"column":8},"end":{"line":120,"column":8}},{"start":{"line":120,"column":8},"end":{"line":120,"column":8}}]},"22":{"line":135,"type":"if","locations":[{"start":{"line":135,"column":51},"end":{"line":135,"column":51}},{"start":{"line":135,"column":51},"end":{"line":135,"column":51}}]},"23":{"line":136,"type":"if","locations":[{"start":{"line":136,"column":8},"end":{"line":136,"column":8}},{"start":{"line":136,"column":8},"end":{"line":136,"column":8}}]},"24":{"line":137,"type":"if","locations":[{"start":{"line":137,"column":8},"end":{"line":137,"column":8}},{"start":{"line":137,"column":8},"end":{"line":137,"column":8}}]},"25":{"line":142,"type":"if","locations":[{"start":{"line":142,"column":12},"end":{"line":142,"column":12}},{"start":{"line":142,"column":12},"end":{"line":142,"column":12}}]},"26":{"line":143,"type":"if","locations":[{"start":{"line":143,"column":16},"end":{"line":143,"column":16}},{"start":{"line":143,"column":16},"end":{"line":143,"column":16}}]},"27":{"line":148,"type":"if","locations":[{"start":{"line":148,"column":16},"end":{"line":148,"column":16}},{"start":{"line":148,"column":16},"end":{"line":148,"column":16}}]},"28":{"line":155,"type":"if","locations":[{"start":{"line":155,"column":8},"end":{"line":155,"column":8}},{"start":{"line":155,"column":8},"end":{"line":155,"column":8}}]},"29":{"line":157,"type":"if","locations":[{"start":{"line":157,"column":8},"end":{"line":157,"column":8}},{"start":{"line":157,"column":8},"end":{"line":157,"column":8}}]}}},"contracts/dao/MultiSigWallet.sol":{"l":{},"path":"/home/yannick/vabble/Original_DAO/contracts/dao/MultiSigWallet.sol","s":{},"b":{},"f":{},"fnMap":{},"statementMap":{},"branchMap":{}},"contracts/dao/Ownablee.sol":{"l":{"27":0,"28":0,"31":10,"32":10,"35":0,"36":0,"39":0,"40":0,"43":0,"44":0,"53":30,"56":30,"58":30,"60":30,"61":30,"62":30,"63":30,"64":30,"65":30,"67":30,"68":30,"77":10,"79":10,"80":10,"81":10,"82":10,"83":10,"84":10,"88":0,"90":0,"94":0,"95":0,"99":10,"100":10,"102":10,"103":40,"105":30,"106":30,"111":0,"113":0,"114":0,"116":0,"117":0,"118":0,"119":0,"121":0,"123":0,"131":0,"135":0,"140":0,"141":0,"143":0,"147":0,"149":0,"154":0,"156":0,"161":0,"162":0,"163":0,"165":0,"169":0},"path":"/home/yannick/vabble/Original_DAO/contracts/dao/Ownablee.sol","s":{"1":0,"2":10,"3":0,"4":0,"5":0,"6":30,"7":30,"8":30,"9":30,"10":30,"11":10,"12":10,"13":10,"14":10,"15":0,"16":0,"17":10,"18":10,"19":10,"20":40,"21":30,"22":0,"23":0,"24":0,"25":0,"26":0,"27":0,"28":0,"29":0,"30":0,"31":0,"32":0,"33":0,"34":0,"35":0,"36":0,"37":0,"38":0,"39":0},"b":{"1":[0,0],"2":[10,0],"3":[0,0],"4":[0,0],"5":[0,0],"6":[30,0],"7":[30,0],"8":[30,0],"9":[30,0],"10":[10,0],"11":[10,0],"12":[10,0],"13":[10,0],"14":[10,0],"15":[0,0],"16":[0,0],"17":[0,0],"18":[0,0],"19":[10,0],"20":[0,10],"21":[10,0],"22":[10,30],"23":[0,0],"24":[0,0],"25":[0,0],"26":[0,0],"27":[0,0],"28":[0,0],"29":[0,0],"30":[0,0],"31":[0,0],"32":[0,0],"33":[0,0],"34":[0,0]},"f":{"1":0,"2":10,"3":0,"4":0,"5":0,"6":30,"7":10,"8":0,"9":0,"10":10,"11":0,"12":0,"13":0,"14":0,"15":0,"16":0,"17":0,"18":0},"fnMap":{"1":{"name":"onlyAuditor","line":26,"loc":{"start":{"line":26,"column":4},"end":{"line":29,"column":4}}},"2":{"name":"onlyDeployer","line":30,"loc":{"start":{"line":30,"column":4},"end":{"line":33,"column":4}}},"3":{"name":"onlyVote","line":34,"loc":{"start":{"line":34,"column":4},"end":{"line":37,"column":4}}},"4":{"name":"onlyDAO","line":38,"loc":{"start":{"line":38,"column":4},"end":{"line":41,"column":4}}},"5":{"name":"onlyStakingPool","line":42,"loc":{"start":{"line":42,"column":4},"end":{"line":45,"column":4}}},"6":{"name":"constructor","line":47,"loc":{"start":{"line":47,"column":4},"end":{"line":69,"column":4}}},"7":{"name":"setup","line":75,"loc":{"start":{"line":71,"column":4},"end":{"line":85,"column":4}}},"8":{"name":"transferAuditor","line":87,"loc":{"start":{"line":87,"column":4},"end":{"line":91,"column":4}}},"9":{"name":"replaceAuditor","line":93,"loc":{"start":{"line":93,"column":4},"end":{"line":96,"column":4}}},"10":{"name":"addDepositAsset","line":98,"loc":{"start":{"line":98,"column":4},"end":{"line":108,"column":4}}},"11":{"name":"removeDepositAsset","line":110,"loc":{"start":{"line":110,"column":4},"end":{"line":128,"column":4}}},"12":{"name":"isDepositAsset","line":130,"loc":{"start":{"line":130,"column":4},"end":{"line":132,"column":4}}},"13":{"name":"getDepositAssetList","line":134,"loc":{"start":{"line":134,"column":4},"end":{"line":136,"column":4}}},"14":{"name":"changeVABWallet","line":139,"loc":{"start":{"line":139,"column":4},"end":{"line":144,"column":4}}},"15":{"name":"addToStudioPool","line":146,"loc":{"start":{"line":146,"column":4},"end":{"line":150,"column":4}}},"16":{"name":"depositVABToEdgePool","line":153,"loc":{"start":{"line":153,"column":4},"end":{"line":157,"column":4}}},"17":{"name":"withdrawVABFromEdgePool","line":160,"loc":{"start":{"line":160,"column":4},"end":{"line":166,"column":4}}},"18":{"name":"getVabbleDAO","line":168,"loc":{"start":{"line":168,"column":4},"end":{"line":170,"column":4}}}},"statementMap":{"1":{"start":{"line":27,"column":8},"end":{"line":27,"column":66}},"2":{"start":{"line":31,"column":8},"end":{"line":31,"column":68}},"3":{"start":{"line":35,"column":8},"end":{"line":35,"column":69}},"4":{"start":{"line":39,"column":8},"end":{"line":39,"column":74}},"5":{"start":{"line":43,"column":8},"end":{"line":43,"column":84}},"6":{"start":{"line":56,"column":8},"end":{"line":56,"column":77}},"7":{"start":{"line":60,"column":8},"end":{"line":60,"column":73}},"8":{"start":{"line":62,"column":8},"end":{"line":62,"column":71}},"9":{"start":{"line":64,"column":8},"end":{"line":64,"column":67}},"10":{"start":{"line":67,"column":8},"end":{"line":67,"column":40}},"11":{"start":{"line":77,"column":8},"end":{"line":77,"column":68}},"12":{"start":{"line":79,"column":8},"end":{"line":79,"column":75}},"13":{"start":{"line":81,"column":8},"end":{"line":81,"column":79}},"14":{"start":{"line":83,"column":8},"end":{"line":83,"column":89}},"15":{"start":{"line":88,"column":8},"end":{"line":88,"column":104}},"16":{"start":{"line":94,"column":8},"end":{"line":94,"column":104}},"17":{"start":{"line":99,"column":8},"end":{"line":99,"column":104}},"18":{"start":{"line":100,"column":8},"end":{"line":100,"column":68}},"19":{"start":{"line":102,"column":8},"end":{"line":102,"column":3678}},"20":{"start":{"line":103,"column":12},"end":{"line":103,"column":59}},"21":{"start":{"line":105,"column":12},"end":{"line":105,"column":47}},"22":{"start":{"line":111,"column":8},"end":{"line":111,"column":71}},"23":{"start":{"line":113,"column":8},"end":{"line":113,"column":4097}},"24":{"start":{"line":114,"column":12},"end":{"line":114,"column":60}},"25":{"start":{"line":116,"column":12},"end":{"line":116,"column":4225}},"26":{"start":{"line":117,"column":16},"end":{"line":117,"column":4301}},"27":{"start":{"line":119,"column":20},"end":{"line":119,"column":41}},"28":{"start":{"line":131,"column":8},"end":{"line":131,"column":42}},"29":{"start":{"line":135,"column":8},"end":{"line":135,"column":31}},"30":{"start":{"line":140,"column":8},"end":{"line":140,"column":70}},"31":{"start":{"line":143,"column":8},"end":{"line":143,"column":38}},"32":{"start":{"line":147,"column":8},"end":{"line":147,"column":115}},"33":{"start":{"line":149,"column":8},"end":{"line":149,"column":61}},"34":{"start":{"line":154,"column":8},"end":{"line":154,"column":65}},"35":{"start":{"line":156,"column":8},"end":{"line":156,"column":80}},"36":{"start":{"line":161,"column":8},"end":{"line":161,"column":75}},"37":{"start":{"line":162,"column":8},"end":{"line":162,"column":6012}},"38":{"start":{"line":163,"column":12},"end":{"line":163,"column":62}},"39":{"start":{"line":165,"column":8},"end":{"line":165,"column":26}}},"branchMap":{"1":{"line":27,"type":"if","locations":[{"start":{"line":27,"column":8},"end":{"line":27,"column":8}},{"start":{"line":27,"column":8},"end":{"line":27,"column":8}}]},"2":{"line":31,"type":"if","locations":[{"start":{"line":31,"column":8},"end":{"line":31,"column":8}},{"start":{"line":31,"column":8},"end":{"line":31,"column":8}}]},"3":{"line":35,"type":"if","locations":[{"start":{"line":35,"column":8},"end":{"line":35,"column":8}},{"start":{"line":35,"column":8},"end":{"line":35,"column":8}}]},"4":{"line":39,"type":"if","locations":[{"start":{"line":39,"column":8},"end":{"line":39,"column":8}},{"start":{"line":39,"column":8},"end":{"line":39,"column":8}}]},"5":{"line":43,"type":"if","locations":[{"start":{"line":43,"column":8},"end":{"line":43,"column":8}},{"start":{"line":43,"column":8},"end":{"line":43,"column":8}}]},"6":{"line":56,"type":"if","locations":[{"start":{"line":56,"column":8},"end":{"line":56,"column":8}},{"start":{"line":56,"column":8},"end":{"line":56,"column":8}}]},"7":{"line":60,"type":"if","locations":[{"start":{"line":60,"column":8},"end":{"line":60,"column":8}},{"start":{"line":60,"column":8},"end":{"line":60,"column":8}}]},"8":{"line":62,"type":"if","locations":[{"start":{"line":62,"column":8},"end":{"line":62,"column":8}},{"start":{"line":62,"column":8},"end":{"line":62,"column":8}}]},"9":{"line":64,"type":"if","locations":[{"start":{"line":64,"column":8},"end":{"line":64,"column":8}},{"start":{"line":64,"column":8},"end":{"line":64,"column":8}}]},"10":{"line":75,"type":"if","locations":[{"start":{"line":75,"column":15},"end":{"line":75,"column":15}},{"start":{"line":75,"column":15},"end":{"line":75,"column":15}}]},"11":{"line":77,"type":"if","locations":[{"start":{"line":77,"column":8},"end":{"line":77,"column":8}},{"start":{"line":77,"column":8},"end":{"line":77,"column":8}}]},"12":{"line":79,"type":"if","locations":[{"start":{"line":79,"column":8},"end":{"line":79,"column":8}},{"start":{"line":79,"column":8},"end":{"line":79,"column":8}}]},"13":{"line":81,"type":"if","locations":[{"start":{"line":81,"column":8},"end":{"line":81,"column":8}},{"start":{"line":81,"column":8},"end":{"line":81,"column":8}}]},"14":{"line":83,"type":"if","locations":[{"start":{"line":83,"column":8},"end":{"line":83,"column":8}},{"start":{"line":83,"column":8},"end":{"line":83,"column":8}}]},"15":{"line":87,"type":"if","locations":[{"start":{"line":87,"column":68},"end":{"line":87,"column":68}},{"start":{"line":87,"column":68},"end":{"line":87,"column":68}}]},"16":{"line":88,"type":"if","locations":[{"start":{"line":88,"column":8},"end":{"line":88,"column":8}},{"start":{"line":88,"column":8},"end":{"line":88,"column":8}}]},"17":{"line":93,"type":"if","locations":[{"start":{"line":93,"column":67},"end":{"line":93,"column":67}},{"start":{"line":93,"column":67},"end":{"line":93,"column":67}}]},"18":{"line":94,"type":"if","locations":[{"start":{"line":94,"column":8},"end":{"line":94,"column":8}},{"start":{"line":94,"column":8},"end":{"line":94,"column":8}}]},"19":{"line":99,"type":"if","locations":[{"start":{"line":99,"column":8},"end":{"line":99,"column":8}},{"start":{"line":99,"column":8},"end":{"line":99,"column":8}}]},"20":{"line":99,"type":"cond-expr","locations":[{"start":{"line":99,"column":16},"end":{"line":99,"column":36}},{"start":{"line":99,"column":41},"end":{"line":99,"column":62}}]},"21":{"line":100,"type":"if","locations":[{"start":{"line":100,"column":8},"end":{"line":100,"column":8}},{"start":{"line":100,"column":8},"end":{"line":100,"column":8}}]},"22":{"line":103,"type":"if","locations":[{"start":{"line":103,"column":12},"end":{"line":103,"column":12}},{"start":{"line":103,"column":12},"end":{"line":103,"column":12}}]},"23":{"line":110,"type":"if","locations":[{"start":{"line":110,"column":72},"end":{"line":110,"column":72}},{"start":{"line":110,"column":72},"end":{"line":110,"column":72}}]},"24":{"line":111,"type":"if","locations":[{"start":{"line":111,"column":8},"end":{"line":111,"column":8}},{"start":{"line":111,"column":8},"end":{"line":111,"column":8}}]},"25":{"line":114,"type":"if","locations":[{"start":{"line":114,"column":12},"end":{"line":114,"column":12}},{"start":{"line":114,"column":12},"end":{"line":114,"column":12}}]},"26":{"line":117,"type":"if","locations":[{"start":{"line":117,"column":16},"end":{"line":117,"column":16}},{"start":{"line":117,"column":16},"end":{"line":117,"column":16}}]},"27":{"line":139,"type":"if","locations":[{"start":{"line":139,"column":55},"end":{"line":139,"column":55}},{"start":{"line":139,"column":55},"end":{"line":139,"column":55}}]},"28":{"line":140,"type":"if","locations":[{"start":{"line":140,"column":8},"end":{"line":140,"column":8}},{"start":{"line":140,"column":8},"end":{"line":140,"column":8}}]},"29":{"line":146,"type":"if","locations":[{"start":{"line":146,"column":64},"end":{"line":146,"column":64}},{"start":{"line":146,"column":64},"end":{"line":146,"column":64}}]},"30":{"line":147,"type":"if","locations":[{"start":{"line":147,"column":8},"end":{"line":147,"column":8}},{"start":{"line":147,"column":8},"end":{"line":147,"column":8}}]},"31":{"line":153,"type":"if","locations":[{"start":{"line":153,"column":60},"end":{"line":153,"column":60}},{"start":{"line":153,"column":60},"end":{"line":153,"column":60}}]},"32":{"line":154,"type":"if","locations":[{"start":{"line":154,"column":8},"end":{"line":154,"column":8}},{"start":{"line":154,"column":8},"end":{"line":154,"column":8}}]},"33":{"line":160,"type":"if","locations":[{"start":{"line":160,"column":68},"end":{"line":160,"column":68}},{"start":{"line":160,"column":68},"end":{"line":160,"column":68}}]},"34":{"line":162,"type":"if","locations":[{"start":{"line":162,"column":8},"end":{"line":162,"column":8}},{"start":{"line":162,"column":8},"end":{"line":162,"column":8}}]}}},"contracts/dao/Property.sol":{"l":{"105":0,"106":0,"109":0,"110":0,"113":0,"114":0,"118":0,"119":0,"129":30,"130":30,"131":30,"132":30,"133":30,"134":30,"135":30,"136":30,"138":30,"139":30,"140":30,"141":30,"142":30,"143":30,"144":30,"145":30,"146":30,"148":30,"149":30,"150":30,"151":30,"152":30,"153":30,"155":30,"156":30,"157":30,"158":30,"159":30,"160":30,"161":30,"162":30,"163":30,"165":30,"189":30,"219":0,"220":0,"221":0,"222":0,"223":0,"224":0,"225":0,"226":0,"228":0,"229":0,"239":0,"244":0,"246":0,"247":0,"248":0,"249":0,"250":0,"252":0,"253":0,"254":0,"255":0,"256":0,"257":0,"259":0,"262":0,"266":0,"272":0,"273":0,"274":0,"276":0,"278":0,"279":0,"280":0,"282":0,"291":0,"296":0,"298":0,"299":0,"300":0,"301":0,"302":0,"304":0,"305":0,"306":0,"307":0,"308":0,"309":0,"311":0,"314":0,"318":0,"328":0,"332":0,"334":0,"335":0,"336":0,"337":0,"338":0,"340":0,"341":0,"342":0,"343":0,"344":0,"345":0,"347":0,"350":0,"354":0,"359":0,"360":0,"361":0,"363":0,"364":0,"366":0,"372":0,"374":0,"384":0,"385":0,"386":0,"387":0,"388":0,"389":0,"390":0,"392":0,"398":0,"409":0,"414":0,"416":0,"418":0,"419":0,"420":0,"422":0,"423":0,"425":0,"426":0,"428":0,"429":0,"431":0,"432":0,"434":0,"435":0,"437":0,"438":0,"440":0,"441":0,"443":0,"444":0,"446":0,"447":0,"449":0,"450":0,"452":0,"453":0,"455":0,"456":0,"458":0,"459":0,"461":0,"462":0,"464":0,"465":0,"467":0,"468":0,"470":0,"471":0,"473":0,"474":0,"476":0,"477":0,"479":0,"480":0,"483":0,"484":0,"485":0,"486":0,"488":0,"489":0,"490":0,"491":0,"492":0,"493":0,"496":0,"500":0,"507":0,"509":0,"510":0,"512":0,"514":0,"516":0,"518":0,"520":0,"522":0,"524":0,"526":0,"528":0,"530":0,"532":0,"534":0,"536":0,"538":0,"540":0,"542":0,"544":0,"546":0,"548":0,"550":0,"552":0,"558":0,"587":0,"588":0,"589":0,"590":0,"591":0,"592":0,"593":0,"595":0,"603":0,"612":0,"615":0,"616":0,"617":0,"619":0,"620":0,"624":0,"625":0,"626":0,"628":0,"630":0,"632":0,"634":0,"636":0,"638":0,"640":0,"642":0,"644":0,"646":0,"648":0,"650":0,"652":0,"654":0,"656":0,"658":0,"660":0,"662":0,"664":0,"666":0,"677":0,"680":0,"681":0,"682":0,"684":0,"685":0,"689":0,"692":0,"693":0,"694":0,"697":0,"698":0,"704":0,"705":0,"706":0,"707":0,"708":0,"709":0,"713":0,"714":0,"715":0,"716":0,"717":0,"721":0,"722":0,"723":0,"724":0,"725":0,"729":0,"730":0,"731":0,"732":0,"733":0,"740":0,"744":0,"748":0,"751":0,"755":0,"764":0,"765":0,"767":0,"769":0,"798":0,"799":0,"801":0},"path":"/home/yannick/vabble/Original_DAO/contracts/dao/Property.sol","s":{"1":0,"2":0,"3":0,"4":0,"5":30,"6":30,"7":30,"8":30,"9":30,"10":30,"11":0,"12":0,"13":0,"14":0,"15":0,"16":0,"17":0,"18":0,"19":0,"20":0,"21":0,"22":0,"23":0,"24":0,"25":0,"26":0,"27":0,"28":0,"29":0,"30":0,"31":0,"32":0,"33":0,"34":0,"35":0,"36":0,"37":0,"38":0,"39":0,"40":0,"41":0,"42":0,"43":0,"44":0,"45":0,"46":0,"47":0,"48":0,"49":0,"50":0,"51":0,"52":0,"53":0,"54":0,"55":0,"56":0,"57":0,"58":0,"59":0,"60":0,"61":0,"62":0,"63":0,"64":0,"65":0,"66":0,"67":0,"68":0,"69":0,"70":0,"71":0,"72":0,"73":0,"74":0,"75":0,"76":0,"77":0,"78":0,"79":0,"80":0,"81":0,"82":0,"83":0,"84":0,"85":0,"86":0,"87":0,"88":0,"89":0,"90":0,"91":0,"92":0,"93":0,"94":0,"95":0,"96":0,"97":0,"98":0,"99":0,"100":0,"101":0,"102":0,"103":0,"104":0,"105":0,"106":0,"107":0,"108":0,"109":0,"110":0,"111":0,"112":0,"113":0,"114":0,"115":0,"116":0,"117":0,"118":0,"119":0,"120":0,"121":0,"122":0,"123":0,"124":0,"125":0,"126":0,"127":0,"128":0,"129":0,"130":0,"131":0,"132":0,"133":0,"134":0,"135":0,"136":0,"137":0,"138":0,"139":0,"140":0,"141":0,"142":0,"143":0,"144":0,"145":0,"146":0,"147":0,"148":0,"149":0,"150":0,"151":0,"152":0,"153":0,"154":0,"155":0,"156":0,"157":0,"158":0,"159":0,"160":0,"161":0,"162":0,"163":0,"164":0,"165":0,"166":0,"167":0,"168":0,"169":0,"170":0,"171":0,"172":0,"173":0,"174":0,"175":0,"176":0,"177":0,"178":0,"179":0,"180":0,"181":0,"182":0,"183":0,"184":0,"185":0,"186":0,"187":0,"188":0,"189":0,"190":0,"191":0,"192":0,"193":0,"194":0,"195":0,"196":0,"197":0,"198":0,"199":0,"200":0,"201":0,"202":0,"203":0,"204":0,"205":0,"206":0,"207":0,"208":0,"209":0,"210":0,"211":0,"212":0,"213":0,"214":0,"215":0,"216":0,"217":0,"218":0,"219":0,"220":0,"221":0,"222":0,"223":0,"224":0,"225":0,"226":0,"227":0,"228":0,"229":0,"230":0,"231":0,"232":0,"233":0,"234":0,"235":0,"236":0,"237":0,"238":0,"239":0,"240":0,"241":0,"242":0,"243":0,"244":0,"245":0,"246":0,"247":0,"248":0,"249":0,"250":0,"251":0,"252":0,"253":0,"254":0,"255":0},"b":{"1":[0,0],"2":[0,0],"3":[0,0],"4":[0,0],"5":[30,0],"6":[30,0],"7":[30,0],"8":[30,0],"9":[0,0],"10":[0,0],"11":[0,0],"12":[0,0],"13":[0,0],"14":[0,0],"15":[0,0],"16":[0,0],"17":[0,0],"18":[0,0],"19":[0,0],"20":[0,0],"21":[0,0],"22":[0,0],"23":[0,0],"24":[0,0],"25":[0,0],"26":[0,0],"27":[0,0],"28":[0,0],"29":[0,0],"30":[0,0],"31":[0,0],"32":[0,0],"33":[0,0],"34":[0,0],"35":[0,0],"36":[0,0],"37":[0,0],"38":[0,0],"39":[0,0],"40":[0,0],"41":[0,0],"42":[0,0],"43":[0,0],"44":[0,0],"45":[0,0],"46":[0,0],"47":[0,0],"48":[0,0],"49":[0,0],"50":[0,0],"51":[0,0],"52":[0,0],"53":[0,0],"54":[0,0],"55":[0,0],"56":[0,0],"57":[0,0],"58":[0,0],"59":[0,0],"60":[0,0],"61":[0,0],"62":[0,0],"63":[0,0],"64":[0,0],"65":[0,0],"66":[0,0],"67":[0,0],"68":[0,0],"69":[0,0],"70":[0,0],"71":[0,0],"72":[0,0],"73":[0,0],"74":[0,0],"75":[0,0],"76":[0,0],"77":[0,0],"78":[0,0],"79":[0,0],"80":[0,0],"81":[0,0],"82":[0,0],"83":[0,0],"84":[0,0],"85":[0,0],"86":[0,0],"87":[0,0],"88":[0,0],"89":[0,0],"90":[0,0],"91":[0,0],"92":[0,0],"93":[0,0],"94":[0,0],"95":[0,0],"96":[0,0],"97":[0,0],"98":[0,0],"99":[0,0],"100":[0,0],"101":[0,0],"102":[0,0],"103":[0,0],"104":[0,0],"105":[0,0],"106":[0,0],"107":[0,0],"108":[0,0],"109":[0,0],"110":[0,0],"111":[0,0],"112":[0,0],"113":[0,0],"114":[0,0],"115":[0,0],"116":[0,0],"117":[0,0],"118":[0,0],"119":[0,0],"120":[0,0],"121":[0,0],"122":[0,0],"123":[0,0],"124":[0,0],"125":[0,0],"126":[0,0],"127":[0,0],"128":[0,0],"129":[0,0],"130":[0,0],"131":[0,0],"132":[0,0],"133":[0,0],"134":[0,0],"135":[0,0],"136":[0,0],"137":[0,0],"138":[0,0],"139":[0,0],"140":[0,0],"141":[0,0],"142":[0,0],"143":[0,0],"144":[0,0],"145":[0,0],"146":[0,0],"147":[0,0],"148":[0,0],"149":[0,0],"150":[0,0],"151":[0,0],"152":[0,0],"153":[0,0],"154":[0,0],"155":[0,0],"156":[0,0],"157":[0,0],"158":[0,0],"159":[0,0],"160":[0,0],"161":[0,0],"162":[0,0],"163":[0,0],"164":[0,0],"165":[0,0],"166":[0,0],"167":[0,0],"168":[0,0],"169":[0,0],"170":[0,0],"171":[0,0],"172":[0,0],"173":[0,0],"174":[0,0],"175":[0,0],"176":[0,0],"177":[0,0],"178":[0,0],"179":[0,0],"180":[0,0],"181":[0,0]},"f":{"1":0,"2":0,"3":0,"4":0,"5":30,"6":0,"7":0,"8":0,"9":0,"10":0,"11":0,"12":0,"13":0,"14":0,"15":0,"16":0,"17":0,"18":0,"19":0,"20":0,"21":0,"22":0,"23":0,"24":0,"25":0,"26":0,"27":0,"28":0,"29":0},"fnMap":{"1":{"name":"onlyVote","line":104,"loc":{"start":{"line":104,"column":4},"end":{"line":107,"column":4}}},"2":{"name":"onlyDeployer","line":108,"loc":{"start":{"line":108,"column":4},"end":{"line":111,"column":4}}},"3":{"name":"onlyStaker","line":112,"loc":{"start":{"line":112,"column":4},"end":{"line":115,"column":4}}},"4":{"name":"onlyMajor","line":117,"loc":{"start":{"line":117,"column":4},"end":{"line":120,"column":4}}},"5":{"name":"constructor","line":123,"loc":{"start":{"line":123,"column":4},"end":{"line":213,"column":4}}},"6":{"name":"updateForTesting","line":215,"loc":{"start":{"line":215,"column":4},"end":{"line":230,"column":4}}},"7":{"name":"proposalAuditor","line":238,"loc":{"start":{"line":234,"column":4},"end":{"line":267,"column":4}}},"8":{"name":"__paidFee","line":271,"loc":{"start":{"line":271,"column":4},"end":{"line":283,"column":4}}},"9":{"name":"proposalRewardFund","line":290,"loc":{"start":{"line":286,"column":4},"end":{"line":319,"column":4}}},"10":{"name":"proposalFilmBoard","line":327,"loc":{"start":{"line":323,"column":4},"end":{"line":355,"column":4}}},"11":{"name":"removeFilmBoardMember","line":358,"loc":{"start":{"line":358,"column":4},"end":{"line":367,"column":4}}},"12":{"name":"getGovProposalList","line":371,"loc":{"start":{"line":371,"column":4},"end":{"line":378,"column":4}}},"13":{"name":"getGovProposalInfo","line":381,"loc":{"start":{"line":381,"column":4},"end":{"line":393,"column":4}}},"14":{"name":"getGovProposalID","line":395,"loc":{"start":{"line":395,"column":4},"end":{"line":399,"column":4}}},"15":{"name":"proposalProperty","line":408,"loc":{"start":{"line":403,"column":4},"end":{"line":501,"column":4}}},"16":{"name":"getProperty","line":503,"loc":{"start":{"line":503,"column":4},"end":{"line":554,"column":4}}},"17":{"name":"getPropertyProposalList","line":557,"loc":{"start":{"line":557,"column":4},"end":{"line":579,"column":4}}},"18":{"name":"getPropertyProposalInfo","line":582,"loc":{"start":{"line":582,"column":4},"end":{"line":596,"column":4}}},"19":{"name":"getPropertyProposalID","line":598,"loc":{"start":{"line":598,"column":4},"end":{"line":604,"column":4}}},"20":{"name":"updatePropertyProposal","line":610,"loc":{"start":{"line":606,"column":4},"end":{"line":669,"column":4}}},"21":{"name":"updateGovProposal","line":675,"loc":{"start":{"line":671,"column":4},"end":{"line":700,"column":4}}},"22":{"name":"__removeCandidate","line":703,"loc":{"start":{"line":703,"column":4},"end":{"line":737,"column":4}}},"23":{"name":"getGovProposer","line":739,"loc":{"start":{"line":739,"column":4},"end":{"line":741,"column":4}}},"24":{"name":"getPropertyProposer","line":743,"loc":{"start":{"line":743,"column":4},"end":{"line":745,"column":4}}},"25":{"name":"checkGovWhitelist","line":747,"loc":{"start":{"line":747,"column":4},"end":{"line":749,"column":4}}},"26":{"name":"checkPropertyWhitelist","line":750,"loc":{"start":{"line":750,"column":4},"end":{"line":752,"column":4}}},"27":{"name":"getAllGovProposalInfo","line":754,"loc":{"start":{"line":754,"column":4},"end":{"line":756,"column":4}}},"28":{"name":"updatePropertyForTesting","line":763,"loc":{"start":{"line":760,"column":4},"end":{"line":790,"column":4}}},"29":{"name":"updateAvailableVABForTesting","line":797,"loc":{"start":{"line":797,"column":4},"end":{"line":802,"column":4}}}},"statementMap":{"1":{"start":{"line":105,"column":8},"end":{"line":105,"column":69}},"2":{"start":{"line":109,"column":8},"end":{"line":109,"column":89}},"3":{"start":{"line":113,"column":8},"end":{"line":113,"column":88}},"4":{"start":{"line":118,"column":8},"end":{"line":118,"column":104}},"5":{"start":{"line":129,"column":8},"end":{"line":129,"column":71}},"6":{"start":{"line":131,"column":8},"end":{"line":131,"column":75}},"7":{"start":{"line":133,"column":8},"end":{"line":133,"column":65}},"8":{"start":{"line":135,"column":8},"end":{"line":135,"column":71}},"9":{"start":{"line":155,"column":8},"end":{"line":155,"column":60}},"10":{"start":{"line":156,"column":8},"end":{"line":156,"column":61}},"11":{"start":{"line":228,"column":8},"end":{"line":228,"column":60}},"12":{"start":{"line":239,"column":8},"end":{"line":239,"column":12252}},"13":{"start":{"line":244,"column":8},"end":{"line":244,"column":35}},"14":{"start":{"line":246,"column":8},"end":{"line":246,"column":29}},"15":{"start":{"line":252,"column":8},"end":{"line":252,"column":56}},"16":{"start":{"line":259,"column":8},"end":{"line":259,"column":41}},"17":{"start":{"line":266,"column":8},"end":{"line":266,"column":77}},"18":{"start":{"line":272,"column":8},"end":{"line":272,"column":59}},"19":{"start":{"line":273,"column":8},"end":{"line":273,"column":60}},"20":{"start":{"line":274,"column":8},"end":{"line":274,"column":104}},"21":{"start":{"line":276,"column":8},"end":{"line":276,"column":63}},"22":{"start":{"line":278,"column":8},"end":{"line":278,"column":84}},"23":{"start":{"line":279,"column":8},"end":{"line":279,"column":13923}},"24":{"start":{"line":280,"column":12},"end":{"line":280,"column":85}},"25":{"start":{"line":282,"column":8},"end":{"line":282,"column":66}},"26":{"start":{"line":291,"column":8},"end":{"line":291,"column":14419}},"27":{"start":{"line":296,"column":8},"end":{"line":296,"column":40}},"28":{"start":{"line":298,"column":8},"end":{"line":298,"column":45}},"29":{"start":{"line":304,"column":8},"end":{"line":304,"column":64}},"30":{"start":{"line":311,"column":8},"end":{"line":311,"column":49}},"31":{"start":{"line":318,"column":8},"end":{"line":318,"column":88}},"32":{"start":{"line":328,"column":8},"end":{"line":328,"column":15822}},"33":{"start":{"line":332,"column":8},"end":{"line":332,"column":35}},"34":{"start":{"line":334,"column":8},"end":{"line":334,"column":40}},"35":{"start":{"line":340,"column":8},"end":{"line":340,"column":57}},"36":{"start":{"line":347,"column":8},"end":{"line":347,"column":42}},"37":{"start":{"line":354,"column":8},"end":{"line":354,"column":80}},"38":{"start":{"line":359,"column":8},"end":{"line":359,"column":95}},"39":{"start":{"line":360,"column":8},"end":{"line":360,"column":105}},"40":{"start":{"line":361,"column":8},"end":{"line":361,"column":136}},"41":{"start":{"line":363,"column":8},"end":{"line":363,"column":36}},"42":{"start":{"line":366,"column":8},"end":{"line":366,"column":56}},"43":{"start":{"line":372,"column":8},"end":{"line":372,"column":51}},"44":{"start":{"line":374,"column":8},"end":{"line":374,"column":17803}},"45":{"start":{"line":374,"column":23},"end":{"line":374,"column":39}},"46":{"start":{"line":375,"column":13},"end":{"line":375,"column":17849}},"47":{"start":{"line":375,"column":28},"end":{"line":375,"column":54}},"48":{"start":{"line":376,"column":13},"end":{"line":376,"column":17905}},"49":{"start":{"line":376,"column":28},"end":{"line":376,"column":52}},"50":{"start":{"line":377,"column":13},"end":{"line":377,"column":36}},"51":{"start":{"line":384,"column":8},"end":{"line":384,"column":60}},"52":{"start":{"line":385,"column":8},"end":{"line":385,"column":39}},"53":{"start":{"line":386,"column":8},"end":{"line":386,"column":44}},"54":{"start":{"line":387,"column":8},"end":{"line":387,"column":38}},"55":{"start":{"line":388,"column":8},"end":{"line":388,"column":39}},"56":{"start":{"line":389,"column":8},"end":{"line":389,"column":37}},"57":{"start":{"line":390,"column":8},"end":{"line":390,"column":41}},"58":{"start":{"line":392,"column":8},"end":{"line":392,"column":65}},"59":{"start":{"line":398,"column":8},"end":{"line":398,"column":57}},"60":{"start":{"line":409,"column":8},"end":{"line":409,"column":19092}},"61":{"start":{"line":414,"column":8},"end":{"line":414,"column":110}},"62":{"start":{"line":416,"column":8},"end":{"line":416,"column":35}},"63":{"start":{"line":418,"column":8},"end":{"line":418,"column":19479}},"64":{"start":{"line":419,"column":12},"end":{"line":419,"column":91}},"65":{"start":{"line":420,"column":12},"end":{"line":420,"column":45}},"66":{"start":{"line":421,"column":15},"end":{"line":421,"column":19653}},"67":{"start":{"line":422,"column":12},"end":{"line":422,"column":93}},"68":{"start":{"line":423,"column":12},"end":{"line":423,"column":46}},"69":{"start":{"line":424,"column":15},"end":{"line":424,"column":19830}},"70":{"start":{"line":425,"column":12},"end":{"line":425,"column":99}},"71":{"start":{"line":426,"column":12},"end":{"line":426,"column":49}},"72":{"start":{"line":427,"column":15},"end":{"line":427,"column":20016}},"73":{"start":{"line":428,"column":12},"end":{"line":428,"column":99}},"74":{"start":{"line":429,"column":12},"end":{"line":429,"column":49}},"75":{"start":{"line":430,"column":15},"end":{"line":430,"column":20202}},"76":{"start":{"line":431,"column":12},"end":{"line":431,"column":83}},"77":{"start":{"line":432,"column":12},"end":{"line":432,"column":41}},"78":{"start":{"line":433,"column":15},"end":{"line":433,"column":20364}},"79":{"start":{"line":434,"column":12},"end":{"line":434,"column":83}},"80":{"start":{"line":435,"column":12},"end":{"line":435,"column":41}},"81":{"start":{"line":436,"column":15},"end":{"line":436,"column":20526}},"82":{"start":{"line":437,"column":12},"end":{"line":437,"column":105}},"83":{"start":{"line":438,"column":12},"end":{"line":438,"column":52}},"84":{"start":{"line":439,"column":15},"end":{"line":439,"column":20721}},"85":{"start":{"line":440,"column":12},"end":{"line":440,"column":91}},"86":{"start":{"line":441,"column":12},"end":{"line":441,"column":45}},"87":{"start":{"line":442,"column":15},"end":{"line":442,"column":20895}},"88":{"start":{"line":443,"column":12},"end":{"line":443,"column":97}},"89":{"start":{"line":444,"column":12},"end":{"line":444,"column":48}},"90":{"start":{"line":445,"column":15},"end":{"line":445,"column":21078}},"91":{"start":{"line":446,"column":12},"end":{"line":446,"column":91}},"92":{"start":{"line":447,"column":12},"end":{"line":447,"column":45}},"93":{"start":{"line":448,"column":15},"end":{"line":448,"column":21252}},"94":{"start":{"line":449,"column":12},"end":{"line":449,"column":95}},"95":{"start":{"line":450,"column":12},"end":{"line":450,"column":47}},"96":{"start":{"line":451,"column":15},"end":{"line":451,"column":21433}},"97":{"start":{"line":452,"column":12},"end":{"line":452,"column":95}},"98":{"start":{"line":453,"column":12},"end":{"line":453,"column":47}},"99":{"start":{"line":454,"column":15},"end":{"line":454,"column":21614}},"100":{"start":{"line":455,"column":12},"end":{"line":455,"column":97}},"101":{"start":{"line":456,"column":12},"end":{"line":456,"column":48}},"102":{"start":{"line":457,"column":15},"end":{"line":457,"column":21798}},"103":{"start":{"line":458,"column":12},"end":{"line":458,"column":87}},"104":{"start":{"line":459,"column":12},"end":{"line":459,"column":43}},"105":{"start":{"line":460,"column":15},"end":{"line":460,"column":21967}},"106":{"start":{"line":461,"column":12},"end":{"line":461,"column":105}},"107":{"start":{"line":462,"column":12},"end":{"line":462,"column":52}},"108":{"start":{"line":463,"column":15},"end":{"line":463,"column":22163}},"109":{"start":{"line":464,"column":12},"end":{"line":464,"column":99}},"110":{"start":{"line":465,"column":12},"end":{"line":465,"column":49}},"111":{"start":{"line":466,"column":15},"end":{"line":466,"column":22350}},"112":{"start":{"line":467,"column":12},"end":{"line":467,"column":93}},"113":{"start":{"line":468,"column":12},"end":{"line":468,"column":46}},"114":{"start":{"line":469,"column":15},"end":{"line":469,"column":22528}},"115":{"start":{"line":470,"column":12},"end":{"line":470,"column":93}},"116":{"start":{"line":471,"column":12},"end":{"line":471,"column":46}},"117":{"start":{"line":472,"column":15},"end":{"line":472,"column":22706}},"118":{"start":{"line":473,"column":12},"end":{"line":473,"column":95}},"119":{"start":{"line":474,"column":12},"end":{"line":474,"column":47}},"120":{"start":{"line":475,"column":15},"end":{"line":475,"column":22887}},"121":{"start":{"line":476,"column":12},"end":{"line":476,"column":99}},"122":{"start":{"line":477,"column":12},"end":{"line":477,"column":49}},"123":{"start":{"line":478,"column":15},"end":{"line":478,"column":23074}},"124":{"start":{"line":479,"column":12},"end":{"line":479,"column":93}},"125":{"start":{"line":480,"column":12},"end":{"line":480,"column":46}},"126":{"start":{"line":488,"column":8},"end":{"line":488,"column":68}},"127":{"start":{"line":500,"column":8},"end":{"line":500,"column":88}},"128":{"start":{"line":507,"column":8},"end":{"line":507,"column":70}},"129":{"start":{"line":509,"column":8},"end":{"line":509,"column":24246}},"130":{"start":{"line":511,"column":15},"end":{"line":511,"column":24402}},"131":{"start":{"line":513,"column":15},"end":{"line":513,"column":24561}},"132":{"start":{"line":515,"column":15},"end":{"line":515,"column":24729}},"133":{"start":{"line":517,"column":15},"end":{"line":517,"column":24897}},"134":{"start":{"line":519,"column":15},"end":{"line":519,"column":25041}},"135":{"start":{"line":521,"column":15},"end":{"line":521,"column":25185}},"136":{"start":{"line":523,"column":15},"end":{"line":523,"column":25362}},"137":{"start":{"line":525,"column":15},"end":{"line":525,"column":25518}},"138":{"start":{"line":527,"column":15},"end":{"line":527,"column":25683}},"139":{"start":{"line":529,"column":15},"end":{"line":529,"column":25839}},"140":{"start":{"line":531,"column":15},"end":{"line":531,"column":26002}},"141":{"start":{"line":533,"column":15},"end":{"line":533,"column":26165}},"142":{"start":{"line":535,"column":15},"end":{"line":535,"column":26331}},"143":{"start":{"line":537,"column":15},"end":{"line":537,"column":26482}},"144":{"start":{"line":539,"column":15},"end":{"line":539,"column":26660}},"145":{"start":{"line":541,"column":15},"end":{"line":541,"column":26829}},"146":{"start":{"line":543,"column":15},"end":{"line":543,"column":26989}},"147":{"start":{"line":545,"column":15},"end":{"line":545,"column":27149}},"148":{"start":{"line":547,"column":15},"end":{"line":547,"column":27312}},"149":{"start":{"line":549,"column":15},"end":{"line":549,"column":27481}},"150":{"start":{"line":558,"column":8},"end":{"line":558,"column":27890}},"151":{"start":{"line":559,"column":13},"end":{"line":559,"column":27946}},"152":{"start":{"line":560,"column":13},"end":{"line":560,"column":28003}},"153":{"start":{"line":561,"column":13},"end":{"line":561,"column":28063}},"154":{"start":{"line":562,"column":13},"end":{"line":562,"column":28123}},"155":{"start":{"line":563,"column":13},"end":{"line":563,"column":28175}},"156":{"start":{"line":564,"column":13},"end":{"line":564,"column":28227}},"157":{"start":{"line":565,"column":13},"end":{"line":565,"column":28290}},"158":{"start":{"line":566,"column":13},"end":{"line":566,"column":28346}},"159":{"start":{"line":567,"column":13},"end":{"line":567,"column":28405}},"160":{"start":{"line":568,"column":13},"end":{"line":568,"column":28461}},"161":{"start":{"line":569,"column":13},"end":{"line":569,"column":28520}},"162":{"start":{"line":570,"column":13},"end":{"line":570,"column":28579}},"163":{"start":{"line":571,"column":13},"end":{"line":571,"column":28639}},"164":{"start":{"line":572,"column":13},"end":{"line":572,"column":28702}},"165":{"start":{"line":573,"column":13},"end":{"line":573,"column":28771}},"166":{"start":{"line":574,"column":13},"end":{"line":574,"column":28837}},"167":{"start":{"line":575,"column":13},"end":{"line":575,"column":28900}},"168":{"start":{"line":576,"column":13},"end":{"line":576,"column":28963}},"169":{"start":{"line":577,"column":13},"end":{"line":577,"column":29027}},"170":{"start":{"line":578,"column":13},"end":{"line":578,"column":56}},"171":{"start":{"line":587,"column":8},"end":{"line":587,"column":67}},"172":{"start":{"line":588,"column":8},"end":{"line":588,"column":39}},"173":{"start":{"line":589,"column":8},"end":{"line":589,"column":44}},"174":{"start":{"line":590,"column":8},"end":{"line":590,"column":38}},"175":{"start":{"line":591,"column":8},"end":{"line":591,"column":39}},"176":{"start":{"line":592,"column":8},"end":{"line":592,"column":37}},"177":{"start":{"line":593,"column":8},"end":{"line":593,"column":41}},"178":{"start":{"line":595,"column":8},"end":{"line":595,"column":65}},"179":{"start":{"line":603,"column":8},"end":{"line":603,"column":64}},"180":{"start":{"line":615,"column":8},"end":{"line":615,"column":30293}},"181":{"start":{"line":624,"column":8},"end":{"line":624,"column":30660}},"182":{"start":{"line":625,"column":12},"end":{"line":625,"column":30702}},"183":{"start":{"line":627,"column":19},"end":{"line":627,"column":30782}},"184":{"start":{"line":629,"column":19},"end":{"line":629,"column":30863}},"185":{"start":{"line":631,"column":19},"end":{"line":631,"column":30947}},"186":{"start":{"line":633,"column":19},"end":{"line":633,"column":31031}},"187":{"start":{"line":635,"column":19},"end":{"line":635,"column":31107}},"188":{"start":{"line":637,"column":19},"end":{"line":637,"column":31183}},"189":{"start":{"line":639,"column":19},"end":{"line":639,"column":31270}},"190":{"start":{"line":641,"column":19},"end":{"line":641,"column":31350}},"191":{"start":{"line":643,"column":19},"end":{"line":643,"column":31433}},"192":{"start":{"line":645,"column":19},"end":{"line":645,"column":31513}},"193":{"start":{"line":647,"column":19},"end":{"line":647,"column":31596}},"194":{"start":{"line":649,"column":19},"end":{"line":649,"column":31679}},"195":{"start":{"line":651,"column":19},"end":{"line":651,"column":31763}},"196":{"start":{"line":653,"column":19},"end":{"line":653,"column":31842}},"197":{"start":{"line":655,"column":19},"end":{"line":655,"column":31930}},"198":{"start":{"line":657,"column":19},"end":{"line":657,"column":32015}},"199":{"start":{"line":659,"column":19},"end":{"line":659,"column":32097}},"200":{"start":{"line":661,"column":19},"end":{"line":661,"column":32179}},"201":{"start":{"line":663,"column":19},"end":{"line":663,"column":32262}},"202":{"start":{"line":665,"column":19},"end":{"line":665,"column":32347}},"203":{"start":{"line":680,"column":8},"end":{"line":680,"column":32763}},"204":{"start":{"line":689,"column":8},"end":{"line":689,"column":40}},"205":{"start":{"line":692,"column":8},"end":{"line":692,"column":33199}},"206":{"start":{"line":694,"column":12},"end":{"line":694,"column":56}},"207":{"start":{"line":697,"column":8},"end":{"line":697,"column":33368}},"208":{"start":{"line":698,"column":12},"end":{"line":698,"column":41}},"209":{"start":{"line":704,"column":8},"end":{"line":704,"column":33653}},"210":{"start":{"line":705,"column":12},"end":{"line":705,"column":33694}},"211":{"start":{"line":706,"column":16},"end":{"line":706,"column":33763}},"212":{"start":{"line":708,"column":20},"end":{"line":708,"column":34}},"213":{"start":{"line":712,"column":15},"end":{"line":712,"column":33969}},"214":{"start":{"line":713,"column":12},"end":{"line":713,"column":34006}},"215":{"start":{"line":714,"column":16},"end":{"line":714,"column":34085}},"216":{"start":{"line":716,"column":20},"end":{"line":716,"column":44}},"217":{"start":{"line":720,"column":15},"end":{"line":720,"column":34341}},"218":{"start":{"line":721,"column":12},"end":{"line":721,"column":34374}},"219":{"start":{"line":722,"column":16},"end":{"line":722,"column":34451}},"220":{"start":{"line":724,"column":20},"end":{"line":724,"column":42}},"221":{"start":{"line":728,"column":15},"end":{"line":728,"column":34699}},"222":{"start":{"line":729,"column":12},"end":{"line":729,"column":34732}},"223":{"start":{"line":730,"column":16},"end":{"line":730,"column":34808}},"224":{"start":{"line":732,"column":20},"end":{"line":732,"column":41}},"225":{"start":{"line":740,"column":8},"end":{"line":740,"column":45}},"226":{"start":{"line":744,"column":8},"end":{"line":744,"column":49}},"227":{"start":{"line":748,"column":8},"end":{"line":748,"column":46}},"228":{"start":{"line":751,"column":8},"end":{"line":751,"column":52}},"229":{"start":{"line":755,"column":8},"end":{"line":755,"column":40}},"230":{"start":{"line":764,"column":8},"end":{"line":764,"column":36099}},"231":{"start":{"line":765,"column":12},"end":{"line":765,"column":18}},"232":{"start":{"line":767,"column":8},"end":{"line":767,"column":47}},"233":{"start":{"line":769,"column":8},"end":{"line":769,"column":36253}},"234":{"start":{"line":770,"column":13},"end":{"line":770,"column":36306}},"235":{"start":{"line":771,"column":13},"end":{"line":771,"column":36360}},"236":{"start":{"line":772,"column":13},"end":{"line":772,"column":36417}},"237":{"start":{"line":773,"column":13},"end":{"line":773,"column":36474}},"238":{"start":{"line":774,"column":13},"end":{"line":774,"column":36523}},"239":{"start":{"line":775,"column":13},"end":{"line":775,"column":36572}},"240":{"start":{"line":776,"column":13},"end":{"line":776,"column":36632}},"241":{"start":{"line":777,"column":13},"end":{"line":777,"column":36685}},"242":{"start":{"line":778,"column":13},"end":{"line":778,"column":36741}},"243":{"start":{"line":779,"column":13},"end":{"line":779,"column":36794}},"244":{"start":{"line":780,"column":13},"end":{"line":780,"column":36850}},"245":{"start":{"line":781,"column":13},"end":{"line":781,"column":36906}},"246":{"start":{"line":782,"column":13},"end":{"line":782,"column":36963}},"247":{"start":{"line":783,"column":13},"end":{"line":783,"column":37021}},"248":{"start":{"line":784,"column":13},"end":{"line":784,"column":37076}},"249":{"start":{"line":785,"column":13},"end":{"line":785,"column":37131}},"250":{"start":{"line":786,"column":13},"end":{"line":786,"column":37187}},"251":{"start":{"line":787,"column":13},"end":{"line":787,"column":37245}},"252":{"start":{"line":788,"column":13},"end":{"line":788,"column":37305}},"253":{"start":{"line":789,"column":13},"end":{"line":789,"column":55}},"254":{"start":{"line":798,"column":8},"end":{"line":798,"column":37716}},"255":{"start":{"line":799,"column":12},"end":{"line":799,"column":18}}},"branchMap":{"1":{"line":105,"type":"if","locations":[{"start":{"line":105,"column":8},"end":{"line":105,"column":8}},{"start":{"line":105,"column":8},"end":{"line":105,"column":8}}]},"2":{"line":109,"type":"if","locations":[{"start":{"line":109,"column":8},"end":{"line":109,"column":8}},{"start":{"line":109,"column":8},"end":{"line":109,"column":8}}]},"3":{"line":113,"type":"if","locations":[{"start":{"line":113,"column":8},"end":{"line":113,"column":8}},{"start":{"line":113,"column":8},"end":{"line":113,"column"
[...]
"column":8}}]},"9":{"line":184,"type":"if","locations":[{"start":{"line":184,"column":12},"end":{"line":184,"column":12}},{"start":{"line":184,"column":12},"end":{"line":184,"column":12}}]},"10":{"line":184,"type":"cond-expr","locations":[{"start":{"line":184,"column":20},"end":{"line":184,"column":26}},{"start":{"line":184,"column":31},"end":{"line":184,"column":44}}]},"11":{"line":184,"type":"cond-expr","locations":[{"start":{"line":184,"column":20},"end":{"line":184,"column":44}},{"start":{"line":184,"column":49},"end":{"line":184,"column":61}}]},"12":{"line":187,"type":"if","locations":[{"start":{"line":187,"column":12},"end":{"line":187,"column":12}},{"start":{"line":187,"column":12},"end":{"line":187,"column":12}}]},"13":{"line":190,"type":"if","locations":[{"start":{"line":190,"column":12},"end":{"line":190,"column":12}},{"start":{"line":190,"column":12},"end":{"line":190,"column":12}}]},"14":{"line":194,"type":"if","locations":[{"start":{"line":194,"column":12},"end":{"line":194,"column":12}},{"start":{"line":194,"column":12},"end":{"line":194,"column":12}}]},"15":{"line":208,"type":"if","locations":[{"start":{"line":208,"column":66},"end":{"line":208,"column":83}},{"start":{"line":208,"column":87},"end":{"line":208,"column":100}}]},"16":{"line":209,"type":"if","locations":[{"start":{"line":209,"column":8},"end":{"line":209,"column":8}},{"start":{"line":209,"column":8},"end":{"line":209,"column":8}}]},"17":{"line":212,"type":"if","locations":[{"start":{"line":212,"column":12},"end":{"line":212,"column":12}},{"start":{"line":212,"column":12},"end":{"line":212,"column":12}}]},"18":{"line":215,"type":"if","locations":[{"start":{"line":215,"column":12},"end":{"line":215,"column":12}},{"start":{"line":215,"column":12},"end":{"line":215,"column":12}}]},"19":{"line":229,"type":"if","locations":[{"start":{"line":229,"column":8},"end":{"line":229,"column":8}},{"start":{"line":229,"column":8},"end":{"line":229,"column":8}}]},"20":{"line":247,"type":"if","locations":[{"start":{"line":247,"column":8},"end":{"line":247,"column":8}},{"start":{"line":247,"column":8},"end":{"line":247,"column":8}}]},"21":{"line":257,"type":"if","locations":[{"start":{"line":257,"column":12},"end":{"line":257,"column":12}},{"start":{"line":257,"column":12},"end":{"line":257,"column":12}}]},"22":{"line":265,"type":"if","locations":[{"start":{"line":265,"column":16},"end":{"line":265,"column":16}},{"start":{"line":265,"column":16},"end":{"line":265,"column":16}}]},"23":{"line":268,"type":"if","locations":[{"start":{"line":268,"column":16},"end":{"line":268,"column":16}},{"start":{"line":268,"column":16},"end":{"line":268,"column":16}}]},"24":{"line":276,"type":"if","locations":[{"start":{"line":276,"column":16},"end":{"line":276,"column":16}},{"start":{"line":276,"column":16},"end":{"line":276,"column":16}}]},"25":{"line":285,"type":"if","locations":[{"start":{"line":285,"column":16},"end":{"line":285,"column":16}},{"start":{"line":285,"column":16},"end":{"line":285,"column":16}}]},"26":{"line":289,"type":"if","locations":[{"start":{"line":289,"column":19},"end":{"line":289,"column":19}},{"start":{"line":289,"column":19},"end":{"line":289,"column":19}}]},"27":{"line":294,"type":"if","locations":[{"start":{"line":294,"column":16},"end":{"line":294,"column":16}},{"start":{"line":294,"column":16},"end":{"line":294,"column":16}}]},"28":{"line":294,"type":"cond-expr","locations":[{"start":{"line":294,"column":24},"end":{"line":294,"column":49}},{"start":{"line":294,"column":54},"end":{"line":294,"column":96}}]},"29":{"line":295,"type":"if","locations":[{"start":{"line":295,"column":19},"end":{"line":295,"column":19}},{"start":{"line":295,"column":19},"end":{"line":295,"column":19}}]},"30":{"line":304,"type":"if","locations":[{"start":{"line":304,"column":12},"end":{"line":304,"column":12}},{"start":{"line":304,"column":12},"end":{"line":304,"column":12}}]},"31":{"line":321,"type":"if","locations":[{"start":{"line":321,"column":8},"end":{"line":321,"column":8}},{"start":{"line":321,"column":8},"end":{"line":321,"column":8}}]},"32":{"line":331,"type":"if","locations":[{"start":{"line":331,"column":57},"end":{"line":331,"column":57}},{"start":{"line":331,"column":57},"end":{"line":331,"column":57}}]},"33":{"line":332,"type":"if","locations":[{"start":{"line":332,"column":8},"end":{"line":332,"column":8}},{"start":{"line":332,"column":8},"end":{"line":332,"column":8}}]}}},"contracts/gnosis/GnosisSafeL2.sol":{"l":{"52":0,"53":0,"54":0,"56":0,"69":0,"84":0,"85":0},"path":"/home/yannick/vabble/Original_DAO/contracts/gnosis/GnosisSafeL2.sol","s":{"1":0,"2":0,"3":0,"4":0},"b":{},"f":{"1":0,"2":0},"fnMap":{"1":{"name":"execTransaction","line":40,"loc":{"start":{"line":40,"column":4},"end":{"line":71,"column":4}}},"2":{"name":"execTransactionFromModule","line":78,"loc":{"start":{"line":78,"column":4},"end":{"line":86,"column":4}}}},"statementMap":{"1":{"start":{"line":52,"column":8},"end":{"line":52,"column":35}},"2":{"start":{"line":56,"column":8},"end":{"line":56,"column":2504}},"3":{"start":{"line":69,"column":8},"end":{"line":69,"column":2916}},"4":{"start":{"line":84,"column":8},"end":{"line":84,"column":74}}},"branchMap":{}},"contracts/gnosis/interfaces/ISignatureValidator.sol":{"l":{},"path":"/home/yannick/vabble/Original_DAO/contracts/gnosis/interfaces/ISignatureValidator.sol","s":{},"b":{},"f":{},"fnMap":{},"statementMap":{},"branchMap":{}},"contracts/interfaces/IFactoryFilmNFT.sol":{"l":{},"path":"/home/yannick/vabble/Original_DAO/contracts/interfaces/IFactoryFilmNFT.sol","s":{},"b":{},"f":{},"fnMap":{},"statementMap":{},"branchMap":{}},"contracts/interfaces/IOwnablee.sol":{"l":{},"path":"/home/yannick/vabble/Original_DAO/contracts/interfaces/IOwnablee.sol","s":{},"b":{},"f":{},"fnMap":{},"statementMap":{},"branchMap":{}},"contracts/interfaces/IProperty.sol":{"l":{},"path":"/home/yannick/vabble/Original_DAO/contracts/interfaces/IProperty.sol","s":{},"b":{},"f":{},"fnMap":{},"statementMap":{},"branchMap":{}},"contracts/interfaces/IStakingPool.sol":{"l":{},"path":"/home/yannick/vabble/Original_DAO/contracts/interfaces/IStakingPool.sol","s":{},"b":{},"f":{},"fnMap":{},"statementMap":{},"branchMap":{}},"contracts/interfaces/IUniHelper.sol":{"l":{},"path":"/home/yannick/vabble/Original_DAO/contracts/interfaces/IUniHelper.sol","s":{},"b":{},"f":{},"fnMap":{},"statementMap":{},"branchMap":{}},"contracts/interfaces/IUniswapV2Factory.sol":{"l":{},"path":"/home/yannick/vabble/Original_DAO/contracts/interfaces/IUniswapV2Factory.sol","s":{},"b":{},"f":{},"fnMap":{},"statementMap":{},"branchMap":{}},"contracts/interfaces/IUniswapV2Router.sol":{"l":{},"path":"/home/yannick/vabble/Original_DAO/contracts/interfaces/IUniswapV2Router.sol","s":{},"b":{},"f":{},"fnMap":{},"statementMap":{},"branchMap":{}},"contracts/interfaces/IVabbleDAO.sol":{"l":{},"path":"/home/yannick/vabble/Original_DAO/contracts/interfaces/IVabbleDAO.sol","s":{},"b":{},"f":{},"fnMap":{},"statementMap":{},"branchMap":{}},"contracts/interfaces/IVabbleFund.sol":{"l":{},"path":"/home/yannick/vabble/Original_DAO/contracts/interfaces/IVabbleFund.sol","s":{},"b":{},"f":{},"fnMap":{},"statementMap":{},"branchMap":{}},"contracts/interfaces/IVote.sol":{"l":{},"path":"/home/yannick/vabble/Original_DAO/contracts/interfaces/IVote.sol","s":{},"b":{},"f":{},"fnMap":{},"statementMap":{},"branchMap":{}},"contracts/libraries/Arrays.sol":{"l":{"26":3,"27":3,"34":0,"44":0,"45":0,"52":0,"53":0,"63":0,"64":0,"71":3,"72":3,"85":9,"86":9,"89":3,"91":3,"93":3,"94":3,"97":0,"98":0,"102":3,"103":3,"104":3,"113":6,"123":3,"124":3,"132":6,"141":3,"151":3,"156":0,"163":3,"172":0,"181":0},"path":"/home/yannick/vabble/Original_DAO/contracts/libraries/Arrays.sol","s":{"1":3,"2":3,"3":0,"4":0,"5":0,"6":0,"7":0,"8":0,"9":0,"10":3,"11":3,"12":9,"13":6,"14":3,"15":3,"16":3,"17":3,"18":0,"19":3,"20":3,"21":3,"22":3,"23":3},"b":{"1":[6,3],"2":[0,3]},"f":{"1":3,"2":0,"3":0,"4":0,"5":0,"6":3,"7":9,"8":6,"9":3,"10":6,"11":3,"12":3,"13":0,"14":3,"15":0,"16":0},"fnMap":{"1":{"name":"sort","line":22,"loc":{"start":{"line":22,"column":4},"end":{"line":28,"column":4}}},"2":{"name":"sort","line":33,"loc":{"start":{"line":33,"column":4},"end":{"line":35,"column":4}}},"3":{"name":"sort","line":40,"loc":{"start":{"line":40,"column":4},"end":{"line":46,"column":4}}},"4":{"name":"sort","line":51,"loc":{"start":{"line":51,"column":4},"end":{"line":54,"column":4}}},"5":{"name":"sort","line":59,"loc":{"start":{"line":59,"column":4},"end":{"line":65,"column":4}}},"6":{"name":"sort","line":70,"loc":{"start":{"line":70,"column":4},"end":{"line":73,"column":4}}},"7":{"name":"_quickSort","line":84,"loc":{"start":{"line":84,"column":4},"end":{"line":106,"column":4}}},"8":{"name":"_begin","line":111,"loc":{"start":{"line":111,"column":4},"end":{"line":116,"column":4}}},"9":{"name":"_end","line":122,"loc":{"start":{"line":122,"column":4},"end":{"line":126,"column":4}}},"10":{"name":"_mload","line":131,"loc":{"start":{"line":131,"column":4},"end":{"line":135,"column":4}}},"11":{"name":"_swap","line":140,"loc":{"start":{"line":140,"column":4},"end":{"line":147,"column":4}}},"12":{"name":"_defaultComp","line":150,"loc":{"start":{"line":150,"column":4},"end":{"line":152,"column":4}}},"13":{"name":"_castToBytes32Array","line":155,"loc":{"start":{"line":155,"column":4},"end":{"line":159,"column":4}}},"14":{"name":"_castToBytes32Array","line":162,"loc":{"start":{"line":162,"column":4},"end":{"line":166,"column":4}}},"15":{"name":"_castToBytes32Comp","line":169,"loc":{"start":{"line":169,"column":4},"end":{"line":175,"column":4}}},"16":{"name":"_castToBytes32Comp","line":178,"loc":{"start":{"line":178,"column":4},"end":{"line":184,"column":4}}}},"statementMap":{"1":{"start":{"line":26,"column":8},"end":{"line":26,"column":51}},"2":{"start":{"line":27,"column":8},"end":{"line":27,"column":20}},"3":{"start":{"line":34,"column":8},"end":{"line":34,"column":40}},"4":{"start":{"line":44,"column":8},"end":{"line":44,"column":65}},"5":{"start":{"line":45,"column":8},"end":{"line":45,"column":20}},"6":{"start":{"line":52,"column":8},"end":{"line":52,"column":53}},"7":{"start":{"line":53,"column":8},"end":{"line":53,"column":20}},"8":{"start":{"line":63,"column":8},"end":{"line":63,"column":65}},"9":{"start":{"line":64,"column":8},"end":{"line":64,"column":20}},"10":{"start":{"line":71,"column":8},"end":{"line":71,"column":53}},"11":{"start":{"line":72,"column":8},"end":{"line":72,"column":20}},"12":{"start":{"line":86,"column":12},"end":{"line":86,"column":42}},"13":{"start":{"line":86,"column":36},"end":{"line":86,"column":42}},"14":{"start":{"line":89,"column":12},"end":{"line":89,"column":41}},"15":{"start":{"line":91,"column":12},"end":{"line":91,"column":31}},"16":{"start":{"line":93,"column":12},"end":{"line":93,"column":3660}},"17":{"start":{"line":94,"column":16},"end":{"line":94,"column":3736}},"18":{"start":{"line":98,"column":20},"end":{"line":98,"column":33}},"19":{"start":{"line":102,"column":12},"end":{"line":102,"column":28}},"20":{"start":{"line":103,"column":12},"end":{"line":103,"column":39}},"21":{"start":{"line":104,"column":12},"end":{"line":104,"column":44}},"22":{"start":{"line":124,"column":12},"end":{"line":124,"column":54}},"23":{"start":{"line":151,"column":8},"end":{"line":151,"column":20}}},"branchMap":{"1":{"line":86,"type":"if","locations":[{"start":{"line":86,"column":12},"end":{"line":86,"column":12}},{"start":{"line":86,"column":12},"end":{"line":86,"column":12}}]},"2":{"line":94,"type":"if","locations":[{"start":{"line":94,"column":16},"end":{"line":94,"column":16}},{"start":{"line":94,"column":16},"end":{"line":94,"column":16}}]}}},"contracts/libraries/Helper.sol":{"l":{"30":0,"31":0,"32":0,"40":0,"41":0,"42":0,"51":3,"52":3,"53":3,"57":0,"58":0,"66":0,"67":0,"69":0,"93":80,"114":0,"115":0},"path":"/home/yannick/vabble/Original_DAO/contracts/libraries/Helper.sol","s":{"1":0,"2":0,"3":0,"4":0,"5":0,"6":0,"7":3,"8":3,"9":3,"10":0,"11":0,"12":0,"13":0,"14":0,"15":80,"16":0,"17":0},"b":{"1":[0,0],"2":[0,0],"3":[0,0],"4":[0,0],"5":[0,0],"6":[0,0],"7":[3,0],"8":[3,0],"9":[0,3],"10":[0,0],"11":[0,0],"12":[0,0],"13":[0,0]},"f":{"1":0,"2":0,"3":3,"4":0,"5":0,"6":80,"7":0},"fnMap":{"1":{"name":"safeApprove","line":24,"loc":{"start":{"line":24,"column":4},"end":{"line":33,"column":4}}},"2":{"name":"safeTransfer","line":35,"loc":{"start":{"line":35,"column":4},"end":{"line":43,"column":4}}},"3":{"name":"safeTransferFrom","line":45,"loc":{"start":{"line":45,"column":4},"end":{"line":54,"column":4}}},"4":{"name":"safeTransferETH","line":56,"loc":{"start":{"line":56,"column":4},"end":{"line":59,"column":4}}},"5":{"name":"safeTransferAsset","line":61,"loc":{"start":{"line":61,"column":4},"end":{"line":71,"column":4}}},"6":{"name":"isContract","line":87,"loc":{"start":{"line":87,"column":4},"end":{"line":94,"column":4}}},"7":{"name":"isTestNet","line":113,"loc":{"start":{"line":113,"column":4},"end":{"line":116,"column":4}}}},"statementMap":{"1":{"start":{"line":30,"column":8},"end":{"line":30,"column":46}},"2":{"start":{"line":31,"column":8},"end":{"line":31,"column":101}},"3":{"start":{"line":32,"column":8},"end":{"line":32,"column":120}},"4":{"start":{"line":40,"column":8},"end":{"line":40,"column":46}},"5":{"start":{"line":41,"column":8},"end":{"line":41,"column":101}},"6":{"start":{"line":42,"column":8},"end":{"line":42,"column":117}},"7":{"start":{"line":51,"column":8},"end":{"line":51,"column":46}},"8":{"start":{"line":52,"column":8},"end":{"line":52,"column":107}},"9":{"start":{"line":53,"column":8},"end":{"line":53,"column":121}},"10":{"start":{"line":57,"column":8},"end":{"line":57,"column":62}},"11":{"start":{"line":58,"column":8},"end":{"line":58,"column":74}},"12":{"start":{"line":66,"column":8},"end":{"line":66,"column":2349}},"13":{"start":{"line":67,"column":12},"end":{"line":67,"column":37}},"14":{"start":{"line":69,"column":12},"end":{"line":69,"column":41}},"15":{"start":{"line":93,"column":8},"end":{"line":93,"column":43}},"16":{"start":{"line":114,"column":8},"end":{"line":114,"column":34}},"17":{"start":{"line":115,"column":8},"end":{"line":115,"column":55}}},"branchMap":{"1":{"line":30,"type":"if","locations":[{"start":{"line":30,"column":8},"end":{"line":30,"column":8}},{"start":{"line":30,"column":8},"end":{"line":30,"column":8}}]},"2":{"line":32,"type":"if","locations":[{"start":{"line":32,"column":8},"end":{"line":32,"column":8}},{"start":{"line":32,"column":8},"end":{"line":32,"column":8}}]},"3":{"line":32,"type":"cond-expr","locations":[{"start":{"line":32,"column":28},"end":{"line":32,"column":43}},{"start":{"line":32,"column":48},"end":{"line":32,"column":71}}]},"4":{"line":40,"type":"if","locations":[{"start":{"line":40,"column":8},"end":{"line":40,"column":8}},{"start":{"line":40,"column":8},"end":{"line":40,"column":8}}]},"5":{"line":42,"type":"if","locations":[{"start":{"line":42,"column":8},"end":{"line":42,"column":8}},{"start":{"line":42,"column":8},"end":{"line":42,"column":8}}]},"6":{"line":42,"type":"cond-expr","locations":[{"start":{"line":42,"column":28},"end":{"line":42,"column":43}},{"start":{"line":42,"column":48},"end":{"line":42,"column":71}}]},"7":{"line":51,"type":"if","locations":[{"start":{"line":51,"column":8},"end":{"line":51,"column":8}},{"start":{"line":51,"column":8},"end":{"line":51,"column":8}}]},"8":{"line":53,"type":"if","locations":[{"start":{"line":53,"column":8},"end":{"line":53,"column":8}},{"start":{"line":53,"column":8},"end":{"line":53,"column":8}}]},"9":{"line":53,"type":"cond-expr","locations":[{"start":{"line":53,"column":28},"end":{"line":53,"column":43}},{"start":{"line":53,"column":48},"end":{"line":53,"column":71}}]},"10":{"line":58,"type":"if","locations":[{"start":{"line":58,"column":8},"end":{"line":58,"column":8}},{"start":{"line":58,"column":8},"end":{"line":58,"column":8}}]},"11":{"line":66,"type":"if","locations":[{"start":{"line":66,"column":8},"end":{"line":66,"column":8}},{"start":{"line":66,"column":8},"end":{"line":66,"column":8}}]},"12":{"line":115,"type":"cond-expr","locations":[{"start":{"line":115,"column":15},"end":{"line":115,"column":24}},{"start":{"line":115,"column":29},"end":{"line":115,"column":39}}]},"13":{"line":115,"type":"cond-expr","locations":[{"start":{"line":115,"column":15},"end":{"line":115,"column":39}},{"start":{"line":115,"column":44},"end":{"line":115,"column":54}}]}}},"contracts/mocks/MockERC1155.sol":{"l":{"11":0,"12":0,"13":0},"path":"/home/yannick/vabble/Original_DAO/contracts/mocks/MockERC1155.sol","s":{"1":0,"2":0,"3":0},"b":{},"f":{"1":0},"fnMap":{"1":{"name":"constructor","line":10,"loc":{"start":{"line":10,"column":4},"end":{"line":14,"column":4}}}},"statementMap":{"1":{"start":{"line":11,"column":8},"end":{"line":11,"column":44}},"2":{"start":{"line":12,"column":8},"end":{"line":12,"column":42}},"3":{"start":{"line":13,"column":8},"end":{"line":13,"column":46}}},"branchMap":{}},"contracts/mocks/MockERC20.sol":{"l":{"14":0,"18":0,"19":0},"path":"/home/yannick/vabble/Original_DAO/contracts/mocks/MockERC20.sol","s":{"1":0,"2":0,"3":0},"b":{"1":[0,0],"2":[0,0]},"f":{"1":0,"2":0},"fnMap":{"1":{"name":"constructor","line":13,"loc":{"start":{"line":13,"column":4},"end":{"line":15,"column":4}}},"2":{"name":"faucet","line":17,"loc":{"start":{"line":17,"column":4},"end":{"line":20,"column":4}}}},"statementMap":{"1":{"start":{"line":14,"column":8},"end":{"line":14,"column":32}},"2":{"start":{"line":18,"column":8},"end":{"line":18,"column":60}},"3":{"start":{"line":19,"column":8},"end":{"line":19,"column":33}}},"branchMap":{"1":{"line":17,"type":"if","locations":[{"start":{"line":17,"column":46},"end":{"line":17,"column":46}},{"start":{"line":17,"column":46},"end":{"line":17,"column":46}}]},"2":{"line":18,"type":"if","locations":[{"start":{"line":18,"column":8},"end":{"line":18,"column":8}},{"start":{"line":18,"column":8},"end":{"line":18,"column":8}}]}}},"contracts/mocks/MockERC721.sol":{"l":{"26":0,"27":0,"28":0,"32":0,"33":0,"34":0,"35":0,"44":0,"51":0,"55":0,"59":0},"path":"/home/yannick/vabble/Original_DAO/contracts/mocks/MockERC721.sol","s":{"1":0,"2":0,"3":0,"4":0,"5":0,"6":0,"7":0,"8":0,"9":0,"10":0},"b":{"1":[0,0],"2":[0,0]},"f":{"1":0,"2":0,"3":0,"4":0,"5":0,"6":0,"7":0},"fnMap":{"1":{"name":"constructor","line":19,"loc":{"start":{"line":19,"column":4},"end":{"line":19,"column":84}}},"2":{"name":"mintTo","line":25,"loc":{"start":{"line":25,"column":4},"end":{"line":29,"column":4}}},"3":{"name":"batchMintTo","line":31,"loc":{"start":{"line":31,"column":4},"end":{"line":37,"column":4}}},"4":{"name":"__getNextTokenId","line":43,"loc":{"start":{"line":43,"column":4},"end":{"line":45,"column":4}}},"5":{"name":"__incrementTokenId","line":50,"loc":{"start":{"line":50,"column":4},"end":{"line":52,"column":4}}},"6":{"name":"baseTokenURI","line":54,"loc":{"start":{"line":54,"column":4},"end":{"line":56,"column":4}}},"7":{"name":"tokenURI","line":58,"loc":{"start":{"line":58,"column":4},"end":{"line":60,"column":4}}}},"statementMap":{"1":{"start":{"line":26,"column":8},"end":{"line":26,"column":47}},"2":{"start":{"line":27,"column":8},"end":{"line":27,"column":29}},"3":{"start":{"line":28,"column":8},"end":{"line":28,"column":27}},"4":{"start":{"line":32,"column":8},"end":{"line":32,"column":1040}},"5":{"start":{"line":33,"column":12},"end":{"line":33,"column":51}},"6":{"start":{"line":34,"column":12},"end":{"line":34,"column":33}},"7":{"start":{"line":35,"column":12},"end":{"line":35,"column":31}},"8":{"start":{"line":44,"column":8},"end":{"line":44,"column":37}},"9":{"start":{"line":55,"column":8},"end":{"line":55,"column":74}},"10":{"start":{"line":59,"column":8},"end":{"line":59,"column":83}}},"branchMap":{"1":{"line":25,"type":"if","locations":[{"start":{"line":25,"column":40},"end":{"line":25,"column":40}},{"start":{"line":25,"column":40},"end":{"line":25,"column":40}}]},"2":{"line":31,"type":"if","locations":[{"start":{"line":31,"column":64},"end":{"line":31,"column":64}},{"start":{"line":31,"column":64},"end":{"line":31,"column":64}}]}}}}