{
"contracts/dao/FactoryFilmNFT.sol":{"l":{"47":0,"48":0,"51":5,"52":5,"58":15,"59":15,"66":5,"68":5,"69":5,"70":5,"71":5,"79":0,"80":0,"82":0,"83":0,"85":0,"86":0,"96":0,"98":0,"99":0,"102":0,"104":0,"105":0,"106":0,"107":0,"108":0,"110":0,"119":0,"121":0,"122":0,"124":0,"125":0,"128":0,"130":0,"131":0,"133":0,"134":0,"135":0,"137":0,"139":0,"140":0,"141":0,"143":0,"147":0,"149":0,"150":0,"151":0,"153":0,"154":0,"159":0,"160":0,"162":0,"164":0,"168":0,"170":0,"172":0,"174":0,"176":0,"180":0,"184":0,"188":0,"192":0,"204":0,"205":0,"206":0,"207":0,"208":0,"209":0,"213":0,"217":0},"path":"/home/yannick/vabble/Original_DAO/contracts/dao/FactoryFilmNFT.sol","s":{"1":0,"2":5,"3":15,"4":5,"5":5,"6":5,"7":0,"8":0,"9":0,"10":0,"11":0,"12":0,"13":0,"14":0,"15":0,"16":0,"17":0,"18":0,"19":0,"20":0,"21":0,"22":0,"23":0,"24":0,"25":0,"26":0,"27":0,"28":0,"29":0,"30":0,"31":0,"32":0,"33":0,"34":0,"35":0,"36":0,"37":0,"38":0,"39":0,"40":0,"41":0,"42":0,"43":0,"44":0,"45":0,"46":0,"47":0},"b":{"1":[0,0],"2":[5,0],"3":[15,0],"4":[5,0],"5":[5,0],"6":[5,0],"7":[5,0],"8":[0,0],"9":[0,0],"10":[0,0],"11":[0,0],"12":[0,0],"13":[0,0],"14":[0,0],"15":[0,0],"16":[0,0],"17":[0,0],"18":[0,0],"19":[0,0],"20":[0,0],"21":[0,0],"22":[0,0],"23":[0,0],"24":[0,0],"25":[0,0],"26":[0,0]},"f":{"1":0,"2":5,"3":15,"4":5,"5":0,"6":0,"7":0,"8":0,"9":0,"10":0,"11":0,"12":0,"13":0,"14":0,"15":0,"16":0,"17":0},"fnMap":{"1":{"name":"onlyAuditor","line":46,"loc":{"start":{"line":46,"column":4},"end":{"line":49,"column":4}}},"2":{"name":"onlyDeployer","line":50,"loc":{"start":{"line":50,"column":4},"end":{"line":53,"column":4}}},"3":{"name":"constructor","line":57,"loc":{"start":{"line":57,"column":4},"end":{"line":60,"column":4}}},"4":{"name":"initialize","line":65,"loc":{"start":{"line":62,"column":4},"end":{"line":72,"column":4}}},"5":{"name":"setBaseURI","line":78,"loc":{"start":{"line":75,"column":4},"end":{"line":87,"column":4}}},"6":{"name":"setMintInfo","line":95,"loc":{"start":{"line":90,"column":4},"end":{"line":111,"column":4}}},"7":{"name":"deployFilmNFTContract","line":118,"loc":{"start":{"line":114,"column":4},"end":{"line":144,"column":4}}},"8":{"name":"claimNft","line":146,"loc":{"start":{"line":146,"column":4},"end":{"line":156,"column":4}}},"9":{"name":"__mint","line":158,"loc":{"start":{"line":158,"column":4},"end":{"line":165,"column":4}}},"10":{"name":"changeOwner","line":167,"loc":{"start":{"line":167,"column":4},"end":{"line":177,"column":4}}},"11":{"name":"getNFTOwner","line":179,"loc":{"start":{"line":179,"column":4},"end":{"line":181,"column":4}}},"12":{"name":"getTotalSupply","line":183,"loc":{"start":{"line":183,"column":4},"end":{"line":185,"column":4}}},"13":{"name":"getUserTokenIdList","line":187,"loc":{"start":{"line":187,"column":4},"end":{"line":189,"column":4}}},"14":{"name":"getTokenUri","line":191,"loc":{"start":{"line":191,"column":4},"end":{"line":193,"column":4}}},"15":{"name":"getMintInfo","line":196,"loc":{"start":{"line":196,"column":4},"end":{"line":210,"column":4}}},"16":{"name":"getFilmNFTTokenList","line":212,"loc":{"start":{"line":212,"column":4},"end":{"line":214,"column":4}}},"17":{"name":"getVabbleDAO","line":216,"loc":{"start":{"line":216,"column":4},"end":{"line":218,"column":4}}}},"statementMap":{"1":{"start":{"line":47,"column":8},"end":{"line":47,"column":87}},"2":{"start":{"line":51,"column":8},"end":{"line":51,"column":89}},"3":{"start":{"line":58,"column":8},"end":{"line":58,"column":71}},"4":{"start":{"line":66,"column":8},"end":{"line":66,"column":75}},"5":{"start":{"line":68,"column":8},"end":{"line":68,"column":69}},"6":{"start":{"line":70,"column":8},"end":{"line":70,"column":71}},"7":{"start":{"line":79,"column":8},"end":{"line":79,"column":50}},"8":{"start":{"line":80,"column":8},"end":{"line":80,"column":56}},"9":{"start":{"line":82,"column":8},"end":{"line":82,"column":62}},"10":{"start":{"line":83,"column":8},"end":{"line":83,"column":68}},"11":{"start":{"line":96,"column":8},"end":{"line":96,"column":80}},"12":{"start":{"line":98,"column":8},"end":{"line":98,"column":68}},"13":{"start":{"line":99,"column":8},"end":{"line":99,"column":62}},"14":{"start":{"line":102,"column":8},"end":{"line":102,"column":79}},"15":{"start":{"line":104,"column":8},"end":{"line":104,"column":46}},"16":{"start":{"line":110,"column":8},"end":{"line":110,"column":72}},"17":{"start":{"line":119,"column":8},"end":{"line":119,"column":103}},"18":{"start":{"line":121,"column":8},"end":{"line":121,"column":78}},"19":{"start":{"line":122,"column":8},"end":{"line":122,"column":81}},"20":{"start":{"line":124,"column":8},"end":{"line":124,"column":76}},"21":{"start":{"line":125,"column":8},"end":{"line":125,"column":102}},"22":{"start":{"line":128,"column":8},"end":{"line":128,"column":91}},"23":{"start":{"line":130,"column":8},"end":{"line":130,"column":90}},"24":{"start":{"line":133,"column":8},"end":{"line":133,"column":46}},"25":{"start":{"line":137,"column":8},"end":{"line":137,"column":56}},"26":{"start":{"line":139,"column":8},"end":{"line":139,"column":51}},"27":{"start":{"line":143,"column":8},"end":{"line":143,"column":63}},"28":{"start":{"line":147,"column":8},"end":{"line":147,"column":86}},"29":{"start":{"line":149,"column":8},"end":{"line":149,"column":90}},"30":{"start":{"line":150,"column":8},"end":{"line":150,"column":50}},"31":{"start":{"line":151,"column":8},"end":{"line":151,"column":97}},"32":{"start":{"line":153,"column":8},"end":{"line":153,"column":6117}},"33":{"start":{"line":154,"column":12},"end":{"line":154,"column":26}},"34":{"start":{"line":159,"column":8},"end":{"line":159,"column":46}},"35":{"start":{"line":160,"column":8},"end":{"line":160,"column":46}},"36":{"start":{"line":162,"column":8},"end":{"line":162,"column":46}},"37":{"start":{"line":164,"column":8},"end":{"line":164,"column":71}},"38":{"start":{"line":168,"column":8},"end":{"line":168,"column":46}},"39":{"start":{"line":170,"column":8},"end":{"line":170,"column":73}},"40":{"start":{"line":174,"column":8},"end":{"line":174,"column":65}},"41":{"start":{"line":176,"column":8},"end":{"line":176,"column":19}},"42":{"start":{"line":180,"column":8},"end":{"line":180,"column":57}},"43":{"start":{"line":184,"column":8},"end":{"line":184,"column":53}},"44":{"start":{"line":188,"column":8},"end":{"line":188,"column":63}},"45":{"start":{"line":192,"column":8},"end":{"line":192,"column":58}},"46":{"start":{"line":204,"column":8},"end":{"line":204,"column":44}},"47":{"start":{"line":213,"column":8},"end":{"line":213,"column":40}}},"branchMap":{"1":{"line":47,"type":"if","locations":[{"start":{"line":47,"column":8},"end":{"line":47,"column":8}},{"start":{"line":47,"column":8},"end":{"line":47,"column":8}}]},"2":{"line":51,"type":"if","locations":[{"start":{"line":51,"column":8},"end":{"line":51,"column":8}},{"start":{"line":51,"column":8},"end":{"line":51,"column":8}}]},"3":{"line":58,"type":"if","locations":[{"start":{"line":58,"column":8},"end":{"line":58,"column":8}},{"start":{"line":58,"column":8},"end":{"line":58,"column":8}}]},"4":{"line":65,"type":"if","locations":[{"start":{"line":65,"column":15},"end":{"line":65,"column":15}},{"start":{"line":65,"column":15},"end":{"line":65,"column":15}}]},"5":{"line":66,"type":"if","locations":[{"start":{"line":66,"column":8},"end":{"line":66,"column":8}},{"start":{"line":66,"column":8},"end":{"line":66,"column":8}}]},"6":{"line":68,"type":"if","locations":[{"start":{"line":68,"column":8},"end":{"line":68,"column":8}},{"start":{"line":68,"column":8},"end":{"line":68,"column":8}}]},"7":{"line":70,"type":"if","locations":[{"start":{"line":70,"column":8},"end":{"line":70,"column":8}},{"start":{"line":70,"column":8},"end":{"line":70,"column":8}}]},"8":{"line":78,"type":"if","locations":[{"start":{"line":78,"column":15},"end":{"line":78,"column":15}},{"start":{"line":78,"column":15},"end":{"line":78,"column":15}}]},"9":{"line":80,"type":"if","locations":[{"start":{"line":80,"column":8},"end":{"line":80,"column":8}},{"start":{"line":80,"column":8},"end":{"line":80,"column":8}}]},"10":{"line":83,"type":"if","locations":[{"start":{"line":83,"column":8},"end":{"line":83,"column":8}},{"start":{"line":83,"column":8},"end":{"line":83,"column":8}}]},"11":{"line":95,"type":"if","locations":[{"start":{"line":95,"column":15},"end":{"line":95,"column":15}},{"start":{"line":95,"column":15},"end":{"line":95,"column":15}}]},"12":{"line":96,"type":"if","locations":[{"start":{"line":96,"column":8},"end":{"line":96,"column":8}},{"start":{"line":96,"column":8},"end":{"line":96,"column":8}}]},"13":{"line":99,"type":"if","locations":[{"start":{"line":99,"column":8},"end":{"line":99,"column":8}},{"start":{"line":99,"column":8},"end":{"line":99,"column":8}}]},"14":{"line":102,"type":"if","locations":[{"start":{"line":102,"column":8},"end":{"line":102,"column":8}},{"start":{"line":102,"column":8},"end":{"line":102,"column":8}}]},"15":{"line":118,"type":"if","locations":[{"start":{"line":118,"column":15},"end":{"line":118,"column":15}},{"start":{"line":118,"column":15},"end":{"line":118,"column":15}}]},"16":{"line":119,"type":"if","locations":[{"start":{"line":119,"column":8},"end":{"line":119,"column":8}},{"start":{"line":119,"column":8},"end":{"line":119,"column":8}}]},"17":{"line":122,"type":"if","locations":[{"start":{"line":122,"column":8},"end":{"line":122,"column":8}},{"start":{"line":122,"column":8},"end":{"line":122,"column":8}}]},"18":{"line":122,"type":"cond-expr","locations":[{"start":{"line":122,"column":16},"end":{"line":122,"column":28}},{"start":{"line":122,"column":33},"end":{"line":122,"column":45}}]},"19":{"line":125,"type":"if","locations":[{"start":{"line":125,"column":8},"end":{"line":125,"column":8}},{"start":{"line":125,"column":8},"end":{"line":125,"column":8}}]},"20":{"line":128,"type":"if","locations":[{"start":{"line":128,"column":8},"end":{"line":128,"column":8}},{"start":{"line":128,"column":8},"end":{"line":128,"column":8}}]},"21":{"line":146,"type":"if","locations":[{"start":{"line":146,"column":48},"end":{"line":146,"column":48}},{"start":{"line":146,"column":48},"end":{"line":146,"column":48}}]},"22":{"line":147,"type":"if","locations":[{"start":{"line":147,"column":8},"end":{"line":147,"column":8}},{"start":{"line":147,"column":8},"end":{"line":147,"column":8}}]},"23":{"line":150,"type":"if","locations":[{"start":{"line":150,"column":8},"end":{"line":150,"column":8}},{"start":{"line":150,"column":8},"end":{"line":150,"column":8}}]},"24":{"line":151,"type":"if","locations":[{"start":{"line":151,"column":8},"end":{"line":151,"column":8}},{"start":{"line":151,"column":8},"end":{"line":151,"column":8}}]},"25":{"line":167,"type":"if","locations":[{"start":{"line":167,"column":69},"end":{"line":167,"column":69}},{"start":{"line":167,"column":69},"end":{"line":167,"column":69}}]},"26":{"line":170,"type":"if","locations":[{"start":{"line":170,"column":8},"end":{"line":170,"column":8}},{"start":{"line":170,"column":8},"end":{"line":170,"column":8}}]}}},
"contracts/dao/FactorySubNFT.sol":{"l":{"49":0,"50":0,"58":15,"59":15,"60":15,"61":15,"69":0,"70":0,"72":0,"73":0,"75":0,"76":0,"86":0,"87":0,"89":0,"91":0,"92":0,"95":0,"96":0,"97":0,"106":0,"108":0,"110":0,"121":0,"122":0,"124":0,"125":0,"126":0,"128":0,"129":0,"130":0,"132":0,"134":0,"135":0,"136":0,"137":0,"138":0,"139":0,"141":0,"143":0,"152":0,"153":0,"154":0,"155":0,"157":0,"159":0,"160":0,"169":0,"170":0,"171":0,"173":0,"174":0,"175":0,"179":0,"180":0,"181":0,"182":0,"185":0,"187":0,"188":0,"189":0,"193":0,"194":0,"195":0,"196":0,"198":0,"199":0,"203":0,"208":0,"209":0,"211":0,"213":0,"214":0,"215":0,"216":0,"218":0,"223":0,"224":0,"226":0,"227":0,"229":0,"231":0,"232":0,"234":0,"241":0,"242":0,"243":0,"248":0,"249":0,"253":0,"257":0,"258":0,"262":0,"263":0,"273":0,"274":0,"275":0,"276":0,"277":0,"289":0,"291":0,"292":0,"293":0,"294":0,"295":0,"296":0,"306":0},"path":"/home/yannick/vabble/Original_DAO/contracts/dao/FactorySubNFT.sol","s":{"1":0,"2":15,"3":15,"4":0,"5":0,"6":0,"7":0,"8":0,"9":0,"10":0,"11":0,"12":0,"13":0,"14":0,"15":0,"16":0,"17":0,"18":0,"19":0,"20":0,"21":0,"22":0,"23":0,"24":0,"25":0,"26":0,"27":0,"28":0,"29":0,"30":0,"31":0,"32":0,"33":0,"34":0,"35":0,"36":0,"37":0,"38":0,"39":0,"40":0,"41":0,"42":0,"43":0,"44":0,"45":0,"46":0,"47":0,"48":0,"49":0,"50":0,"51":0,"52":0,"53":0,"54":0,"55":0,"56":0,"57":0,"58":0,"59":0,"60":0,"61":0,"62":0,"63":0,"64":0,"65":0,"66":0,"67":0,"68":0,"69":0,"70":0,"71":0,"72":0,"73":0,"74":0},"b":{"1":[0,0],"2":[15,0],"3":[15,0],"4":[0,0],"5":[0,0],"6":[0,0],"7":[0,0],"8":[0,0],"9":[0,0],"10":[0,0],"11":[0,0],"12":[0,0],"13":[0,0],"14":[0,0],"15":[0,0],"16":[0,0],"17":[0,0],"18":[0,0],"19":[0,0],"20":[0,0],"21":[0,0],"22":[0,0],"23":[0,0],"24":[0,0],"25":[0,0],"26":[0,0],"27":[0,0],"28":[0,0],"29":[0,0],"30":[0,0],"31":[0,0],"32":[0,0],"33":[0,0],"34":[0,0],"35":[0,0],"36":[0,0],"37":[0,0],"38":[0,0],"39":[0,0],"40":[0,0],"41":[0,0],"42":[0,0],"43":[0,0]},"f":{"1":0,"2":15,"3":0,"4":0,"5":0,"6":0,"7":0,"8":0,"9":0,"10":0,"11":0,"12":0,"13":0,"14":0,"15":0,"16":0,"17":0,"18":0},"fnMap":{"1":{"name":"onlyAuditor","line":48,"loc":{"start":{"line":48,"column":4},"end":{"line":51,"column":4}}},"2":{"name":"constructor","line":54,"loc":{"start":{"line":54,"column":4},"end":{"line":62,"column":4}}},"3":{"name":"setBaseURI","line":68,"loc":{"start":{"line":65,"column":4},"end":{"line":77,"column":4}}},"4":{"name":"setMintInfo","line":85,"loc":{"start":{"line":80,"column":4},"end":{"line":98,"column":4}}},"5":{"name":"deploySubNFTContract","line":104,"loc":{"start":{"line":101,"column":4},"end":{"line":111,"column":4}}},"6":{"name":"__mint","line":115,"loc":{"start":{"line":115,"column":4},"end":{"line":144,"column":4}}},"7":{"name":"mintToBatch","line":151,"loc":{"start":{"line":146,"column":4},"end":{"line":162,"column":4}}},"8":{"name":"__handleMintPay","line":164,"loc":{"start":{"line":164,"column":4},"end":{"line":204,"column":4}}},"9":{"name":"lockNFT","line":207,"loc":{"start":{"line":207,"column":4},"end":{"line":219,"column":4}}},"10":{"name":"unlockNFT","line":222,"loc":{"start":{"line":222,"column":4},"end":{"line":235,"column":4}}},"11":{"name":"getExpectedTokenAmount","line":237,"loc":{"start":{"line":237,"column":4},"end":{"line":245,"column":4}}},"12":{"name":"getNFTOwner","line":247,"loc":{"start":{"line":247,"column":4},"end":{"line":250,"column":4}}},"13":{"name":"getTotalSupply","line":252,"loc":{"start":{"line":252,"column":4},"end":{"line":254,"column":4}}},"14":{"name":"getUserTokenIdList","line":256,"loc":{"start":{"line":256,"column":4},"end":{"line":259,"column":4}}},"15":{"name":"getTokenUri","line":261,"loc":{"start":{"line":261,"column":4},"end":{"line":264,"column":4}}},"16":{"name":"getMintInfo","line":267,"loc":{"start":{"line":267,"column":4},"end":{"line":278,"column":4}}},"17":{"name":"getLockInfo","line":281,"loc":{"start":{"line":281,"column":4},"end":{"line":297,"column":4}}},"18":{"name":"onERC721Received","line":300,"loc":{"start":{"line":300,"column":4},"end":{"line":307,"column":4}}}},"statementMap":{"1":{"start":{"line":49,"column":8},"end":{"line":49,"column":87}},"2":{"start":{"line":58,"column":8},"end":{"line":58,"column":71}},"3":{"start":{"line":60,"column":8},"end":{"line":60,"column":75}},"4":{"start":{"line":69,"column":8},"end":{"line":69,"column":50}},"5":{"start":{"line":70,"column":8},"end":{"line":70,"column":56}},"6":{"start":{"line":72,"column":8},"end":{"line":72,"column":62}},"7":{"start":{"line":73,"column":8},"end":{"line":73,"column":68}},"8":{"start":{"line":86,"column":8},"end":{"line":86,"column":66}},"9":{"start":{"line":87,"column":8},"end":{"line":87,"column":61}},"10":{"start":{"line":89,"column":8},"end":{"line":89,"column":49}},"11":{"start":{"line":91,"column":8},"end":{"line":91,"column":3349}},"12":{"start":{"line":92,"column":12},"end":{"line":92,"column":39}},"13":{"start":{"line":110,"column":8},"end":{"line":110,"column":65}},"14":{"start":{"line":121,"column":8},"end":{"line":121,"column":4235}},"15":{"start":{"line":122,"column":12},"end":{"line":122,"column":88}},"16":{"start":{"line":124,"column":8},"end":{"line":124,"column":67}},"17":{"start":{"line":125,"column":8},"end":{"line":125,"column":82}},"18":{"start":{"line":126,"column":8},"end":{"line":126,"column":100}},"19":{"start":{"line":128,"column":8},"end":{"line":128,"column":62}},"20":{"start":{"line":129,"column":8},"end":{"line":129,"column":30}},"21":{"start":{"line":130,"column":8},"end":{"line":130,"column":55}},"22":{"start":{"line":132,"column":8},"end":{"line":132,"column":57}},"23":{"start":{"line":134,"column":8},"end":{"line":134,"column":46}},"24":{"start":{"line":139,"column":8},"end":{"line":139,"column":63}},"25":{"start":{"line":141,"column":8},"end":{"line":141,"column":46}},"26":{"start":{"line":143,"column":8},"end":{"line":143,"column":68}},"27":{"start":{"line":152,"column":8},"end":{"line":152,"column":36}},"28":{"start":{"line":153,"column":8},"end":{"line":153,"column":69}},"29":{"start":{"line":154,"column":8},"end":{"line":154,"column":73}},"30":{"start":{"line":155,"column":8},"end":{"line":155,"column":75}},"31":{"start":{"line":157,"column":8},"end":{"line":157,"column":58}},"32":{"start":{"line":159,"column":8},"end":{"line":159,"column":5893}},"33":{"start":{"line":160,"column":12},"end":{"line":160,"column":71}},"34":{"start":{"line":169,"column":8},"end":{"line":169,"column":28}},"35":{"start":{"line":170,"column":8},"end":{"line":170,"column":40}},"36":{"start":{"line":171,"column":8},"end":{"line":171,"column":39}},"37":{"start":{"line":173,"column":8},"end":{"line":173,"column":6314}},"38":{"start":{"line":174,"column":12},"end":{"line":174,"column":64}},"39":{"start":{"line":179,"column":8},"end":{"line":179,"column":6625}},"40":{"start":{"line":180,"column":12},"end":{"line":180,"column":77}},"41":{"start":{"line":181,"column":12},"end":{"line":181,"column":6751}},"42":{"start":{"line":182,"column":16},"end":{"line":182,"column":75}},"43":{"start":{"line":185,"column":12},"end":{"line":185,"column":59}},"44":{"start":{"line":187,"column":12},"end":{"line":187,"column":86}},"45":{"start":{"line":188,"column":12},"end":{"line":188,"column":7121}},"46":{"start":{"line":189,"column":16},"end":{"line":189,"column":89}},"47":{"start":{"line":193,"column":8},"end":{"line":193,"column":26}},"48":{"start":{"line":194,"column":8},"end":{"line":194,"column":59}},"49":{"start":{"line":195,"column":8},"end":{"line":195,"column":7414}},"50":{"start":{"line":198,"column":12},"end":{"line":198,"column":82}},"51":{"start":{"line":203,"column":8},"end":{"line":203,"column":103}},"52":{"start":{"line":203,"column":28},"end":{"line":203,"column":102}},"53":{"start":{"line":208,"column":8},"end":{"line":208,"column":87}},"54":{"start":{"line":209,"column":8},"end":{"line":209,"column":81}},"55":{"start":{"line":211,"column":8},"end":{"line":211,"column":58}},"56":{"start":{"line":213,"column":8},"end":{"line":213,"column":57}},"57":{"start":{"line":214,"column":8},"end":{"line":214,"column":64}},"58":{"start":{"line":218,"column":8},"end":{"line":218,"column":71}},"59":{"start":{"line":223,"column":8},"end":{"line":223,"column":92}},"60":{"start":{"line":224,"column":8},"end":{"line":224,"column":83}},"61":{"start":{"line":226,"column":8},"end":{"line":226,"column":46}},"62":{"start":{"line":227,"column":8},"end":{"line":227,"column":89}},"63":{"start":{"line":229,"column":8},"end":{"line":229,"column":55}},"64":{"start":{"line":234,"column":8},"end":{"line":234,"column":58}},"65":{"start":{"line":242,"column":8},"end":{"line":242,"column":9434}},"66":{"start":{"line":248,"column":8},"end":{"line":248,"column":51}},"67":{"start":{"line":253,"column":8},"end":{"line":253,"column":43}},"68":{"start":{"line":257,"column":8},"end":{"line":257,"column":55}},"69":{"start":{"line":262,"column":8},"end":{"line":262,"column":51}},"70":{"start":{"line":273,"column":8},"end":{"line":273,"column":52}},"71":{"start":{"line":274,"column":8},"end":{"line":274,"column":46}},"72":{"start":{"line":289,"column":8},"end":{"line":289,"column":50}},"73":{"start":{"line":291,"column":8},"end":{"line":291,"column":46}},"74":{"start":{"line":306,"column":8},"end":{"line":306,"column":56}}},"branchMap":{"1":{"line":49,"type":"if","locations":[{"start":{"line":49,"column":8},"end":{"line":49,"column":8}},{"start":{"line":49,"column":8},"end":{"line":49,"column":8}}]},"2":{"line":58,"type":"if","locations":[{"start":{"line":58,"column":8},"end":{"line":58,"column":8}},{"start":{"line":58,"column":8},"end":{"line":58,"column":8}}]},"3":{"line":60,"type":"if","locations":[{"start":{"line":60,"column":8},"end":{"line":60,"column":8}},{"start":{"line":60,"column":8},"end":{"line":60,"column":8}}]},"4":{"line":68,"type":"if","locations":[{"start":{"line":68,"column":15},"end":{"line":68,"column":15}},{"start":{"line":68,"column":15},"end":{"line":68,"column":15}}]},"5":{"line":70,"type":"if","locations":[{"start":{"line":70,"column":8},"end":{"line":70,"column":8}},{"start":{"line":70,"column":8},"end":{"line":70,"column":8}}]},"6":{"line":73,"type":"if","locations":[{"start":{"line":73,"column":8},"end":{"line":73,"column":8}},{"start":{"line":73,"column":8},"end":{"line":73,"column":8}}]},"7":{"line":85,"type":"if","locations":[{"start":{"line":85,"column":15},"end":{"line":85,"column":15}},{"start":{"line":85,"column":15},"end":{"line":85,"column":15}}]},"8":{"line":86,"type":"if","locations":[{"start":{"line":86,"column":8},"end":{"line":86,"column":8}},{"start":{"line":86,"column":8},"end":{"line":86,"column":8}}]},"9":{"line":87,"type":"if","locations":[{"start":{"line":87,"column":8},"end":{"line":87,"column":8}},{"start":{"line":87,"column":8},"end":{"line":87,"column":8}}]},"10":{"line":91,"type":"if","locations":[{"start":{"line":91,"column":8},"end":{"line":91,"column":8}},{"start":{"line":91,"column":8},"end":{"line":91,"column":8}}]},"11":{"line":104,"type":"if","locations":[{"start":{"line":104,"column":15},"end":{"line":104,"column":15}},{"start":{"line":104,"column":15},"end":{"line":104,"column":15}}]},"12":{"line":104,"type":"if","locations":[{"start":{"line":104,"column":27},"end":{"line":104,"column":27}},{"start":{"line":104,"column":27},"end":{"line":104,"column":27}}]},"13":{"line":121,"type":"if","locations":[{"start":{"line":121,"column":8},"end":{"line":121,"column":8}},{"start":{"line":121,"column":8},"end":{"line":121,"column":8}}]},"14":{"line":122,"type":"if","locations":[{"start":{"line":122,"column":12},"end":{"line":122,"column":12}},{"start":{"line":122,"column":12},"end":{"line":122,"column":12}}]},"15":{"line":124,"type":"if","locations":[{"start":{"line":124,"column":8},"end":{"line":124,"column":8}},{"start":{"line":124,"column":8},"end":{"line":124,"column":8}}]},"16":{"line":125,"type":"if","locations":[{"start":{"line":125,"column":8},"end":{"line":125,"column":8}},{"start":{"line":125,"column":8},"end":{"line":125,"column":8}}]},"17":{"line":126,"type":"if","locations":[{"start":{"line":126,"column":8},"end":{"line":126,"column":8}},{"start":{"line":126,"column":8},"end":{"line":126,"column":8}}]},"18":{"line":130,"type":"if","locations":[{"start":{"line":130,"column":8},"end":{"line":130,"column":8}},{"start":{"line":130,"column":8},"end":{"line":130,"column":8}}]},"19":{"line":139,"type":"if","locations":[{"start":{"line":139,"column":8},"end":{"line":139,"column":8}},{"start":{"line":139,"column":8},"end":{"line":139,"column":8}}]},"20":{"line":151,"type":"if","locations":[{"start":{"line":151,"column":23},"end":{"line":151,"column":23}},{"start":{"line":151,"column":23},"end":{"line":151,"column":23}}]},"21":{"line":153,"type":"if","locations":[{"start":{"line":153,"column":8},"end":{"line":153,"column":8}},{"start":{"line":153,"column":8},"end":{"line":153,"column":8}}]},"22":{"line":154,"type":"if","locations":[{"start":{"line":154,"column":8},"end":{"line":154,"column":8}},{"start":{"line":154,"column":8},"end":{"line":154,"column":8}}]},"23":{"line":155,"type":"if","locations":[{"start":{"line":155,"column":8},"end":{"line":155,"column":8}},{"start":{"line":155,"column":8},"end":{"line":155,"column":8}}]},"24":{"line":171,"type":"if","locations":[{"start":{"line":171,"column":8},"end":{"line":171,"column":8}},{"start":{"line":171,"column":8},"end":{"line":171,"column":8}}]},"25":{"line":179,"type":"if","locations":[{"start":{"line":179,"column":8},"end":{"line":179,"column":8}},{"start":{"line":179,"column":8},"end":{"line":179,"column":8}}]},"26":{"line":180,"type":"if","locations":[{"start":{"line":180,"column":12},"end":{"line":180,"column":12}},{"start":{"line":180,"column":12},"end":{"line":180,"column":12}}]},"27":{"line":181,"type":"if","locations":[{"start":{"line":181,"column":12},"end":{"line":181,"column":12}},{"start":{"line":181,"column":12},"end":{"line":181,"column":12}}]},"28":{"line":188,"type":"if","locations":[{"start":{"line":188,"column":12},"end":{"line":188,"column":12}},{"start":{"line":188,"column":12},"end":{"line":188,"column":12}}]},"29":{"line":195,"type":"if","locations":[{"start":{"line":195,"column":8},"end":{"line":195,"column":8}},{"start":{"line":195,"column":8},"end":{"line":195,"column":8}}]},"30":{"line":203,"type":"if","locations":[{"start":{"line":203,"column":8},"end":{"line":203,"column":8}},{"start":{"line":203,"column":8},"end":{"line":203,"column":8}}]},"31":{"line":207,"type":"if","locations":[{"start":{"line":207,"column":48},"end":{"line":207,"column":48}},{"start":{"line":207,"column":48},"end":{"line":207,"column":48}}]},"32":{"line":208,"type":"if","locations":[{"start":{"line":208,"column":8},"end":{"line":208,"column":8}},{"start":{"line":208,"column":8},"end":{"line":208,"column":8}}]},"33":{"line":209,"type":"if","locations":[{"start":{"line":209,"column":8},"end":{"line":209,"column":8}},{"start":{"line":209,"column":8},"end":{"line":209,"column":8}}]},"34":{"line":222,"type":"if","locations":[{"start":{"line":222,"column":50},"end":{"line":222,"column":50}},{"start":{"line":222,"column":50},"end":{"line":222,"column":50}}]},"35":{"line":223,"type":"if","locations":[{"start":{"line":223,"column":8},"end":{"line":223,"column":8}},{"start":{"line":223,"column":8},"end":{"line":223,"column":8}}]},"36":{"line":224,"type":"if","locations":[{"start":{"line":224,"column":8},"end":{"line":224,"column":8}},{"start":{"line":224,"column":8},"end":{"line":224,"column":8}}]},"37":{"line":227,"type":"if","locations":[{"start":{"line":227,"column":8},"end":{"line":227,"column":8}},{"start":{"line":227,"column":8},"end":{"line":227,"column":8}}]},"38":{"line":242,"type":"if","locations":[{"start":{"line":242,"column":8},"end":{"line":242,"column":8}},{"start":{"line":242,"column":8},"end":{"line":242,"column":8}}]},"39":{"line":248,"type":"if","locations":[{"start":{"line":248,"column":8},"end":{"line":248,"column":8}},{"start":{"line":248,"column":8},"end":{"line":248,"column":8}}]},"40":{"line":257,"type":"if","locations":[{"start":{"line":257,"column":8},"end":{"line":257,"column":8}},{"start":{"line":257,"column":8},"end":{"line":257,"column":8}}]},"41":{"line":262,"type":"if","locations":[{"start":{"line":262,"column":8},"end":{"line":262,"column":8}},{"start":{"line":262,"column":8},"end":{"line":262,"column":8}}]},"42":{"line":273,"type":"if","locations":[{"start":{"line":273,"column":8},"end":{"line":273,"column":8}},{"start":{"line":273,"column":8},"end":{"line":273,"column":8}}]},"43":{"line":289,"type":"if","locations":[{"start":{"line":289,"column":8},"end":{"line":289,"column":8}},{"start":{"line":289,"column":8},"end":{"line":289,"column":8}}]}}},
"contracts/dao/FactoryTierNFT.sol":{"l":{"42":0,"43":0,"53":15,"54":15,"55":15,"56":15,"57":15,"58":15,"66":0,"67":0,"69":0,"70":0,"72":0,"73":0,"82":0,"84":0,"85":0,"86":0,"88":0,"89":0,"90":0,"91":0,"93":0,"94":0,"97":0,"98":0,"100":0,"102":0,"103":0,"106":0,"108":0,"118":0,"119":0,"120":0,"122":0,"123":0,"125":0,"127":0,"128":0,"129":0,"131":0,"136":0,"137":0,"139":0,"140":0,"141":0,"142":0,"143":0,"144":0,"145":0,"148":0,"149":0,"150":0,"155":0,"156":0,"157":0,"159":0,"160":0,"161":0,"163":0,"168":0,"176":0,"183":0,"190":0,"198":0,"206":0},"path":"/home/yannick/vabble/Original_DAO/contracts/dao/FactoryTierNFT.sol","s":{"1":0,"2":15,"3":15,"4":15,"5":0,"6":0,"7":0,"8":0,"9":0,"10":0,"11":0,"12":0,"13":0,"14":0,"15":0,"16":0,"17":0,"18":0,"19":0,"20":0,"21":0,"22":0,"23":0,"24":0,"25":0,"26":0,"27":0,"28":0,"29":0,"30":0,"31":0,"32":0,"33":0,"34":0,"35":0,"36":0,"37":0,"38":0,"39":0,"40":0,"41":0,"42":0,"43":0,"44":0,"45":0,"46":0,"47":0,"48":0,"49":0,"50":0},"b":{"1":[0,0],"2":[15,0],"3":[15,0],"4":[15,0],"5":[0,0],"6":[0,0],"7":[0,0],"8":[0,0],"9":[0,0],"10":[0,0],"11":[0,0],"12":[0,0],"13":[0,0],"14":[0,0],"15":[0,0],"16":[0,0],"17":[0,0],"18":[0,0],"19":[0,0],"20":[0,0],"21":[0,0],"22":[0,0],"23":[0,0],"24":[0,0],"25":[0,0],"26":[0,0],"27":[0,0],"28":[0,0],"29":[0,0]},"f":{"1":0,"2":15,"3":0,"4":0,"5":0,"6":0,"7":0,"8":0,"9":0,"10":0,"11":0,"12":0},"fnMap":{"1":{"name":"onlyAuditor","line":41,"loc":{"start":{"line":41,"column":4},"end":{"line":44,"column":4}}},"2":{"name":"constructor","line":48,"loc":{"start":{"line":48,"column":4},"end":{"line":59,"column":4}}},"3":{"name":"setBaseURI","line":65,"loc":{"start":{"line":62,"column":4},"end":{"line":74,"column":4}}},"4":{"name":"setTierInfo","line":81,"loc":{"start":{"line":77,"column":4},"end":{"line":109,"column":4}}},"5":{"name":"deployTierNFTContract","line":117,"loc":{"start":{"line":112,"column":4},"end":{"line":132,"column":4}}},"6":{"name":"mintTierNft","line":135,"loc":{"start":{"line":135,"column":4},"end":{"line":164,"column":4}}},"7":{"name":"getUserTierNFTs","line":167,"loc":{"start":{"line":167,"column":4},"end":{"line":169,"column":4}}},"8":{"name":"getNFTOwner","line":171,"loc":{"start":{"line":171,"column":4},"end":{"line":177,"column":4}}},"9":{"name":"getTotalSupply","line":179,"loc":{"start":{"line":179,"column":4},"end":{"line":184,"column":4}}},"10":{"name":"getTierTokenIdList","line":186,"loc":{"start":{"line":186,"column":4},"end":{"line":191,"column":4}}},"11":{"name":"getUserTokenIdList","line":193,"loc":{"start":{"line":193,"column":4},"end":{"line":199,"column":4}}},"12":{"name":"getTokenUri","line":201,"loc":{"start":{"line":201,"column":4},"end":{"line":207,"column":4}}}},"statementMap":{"1":{"start":{"line":42,"column":8},"end":{"line":42,"column":87}},"2":{"start":{"line":53,"column":8},"end":{"line":53,"column":71}},"3":{"start":{"line":55,"column":8},"end":{"line":55,"column":69}},"4":{"start":{"line":57,"column":8},"end":{"line":57,"column":68}},"5":{"start":{"line":66,"column":8},"end":{"line":66,"column":50}},"6":{"start":{"line":67,"column":8},"end":{"line":67,"column":56}},"7":{"start":{"line":69,"column":8},"end":{"line":69,"column":62}},"8":{"start":{"line":70,"column":8},"end":{"line":70,"column":68}},"9":{"start":{"line":82,"column":8},"end":{"line":82,"column":50}},"10":{"start":{"line":84,"column":8},"end":{"line":84,"column":91}},"11":{"start":{"line":85,"column":8},"end":{"line":85,"column":84}},"12":{"start":{"line":86,"column":8},"end":{"line":86,"column":101}},"13":{"start":{"line":88,"column":8},"end":{"line":88,"column":115}},"14":{"start":{"line":89,"column":8},"end":{"line":89,"column":86}},"15":{"start":{"line":90,"column":8},"end":{"line":90,"column":87}},"16":{"start":{"line":91,"column":8},"end":{"line":91,"column":55}},"17":{"start":{"line":93,"column":8},"end":{"line":93,"column":90}},"18":{"start":{"line":94,"column":8},"end":{"line":94,"column":91}},"19":{"start":{"line":97,"column":8},"end":{"line":97,"column":4143}},"20":{"start":{"line":98,"column":12},"end":{"line":98,"column":62}},"21":{"start":{"line":100,"column":12},"end":{"line":100,"column":108}},"22":{"start":{"line":108,"column":8},"end":{"line":108,"column":68}},"23":{"start":{"line":118,"column":8},"end":{"line":118,"column":104}},"24":{"start":{"line":119,"column":8},"end":{"line":119,"column":51}},"25":{"start":{"line":120,"column":8},"end":{"line":120,"column":83}},"26":{"start":{"line":122,"column":8},"end":{"line":122,"column":90}},"27":{"start":{"line":125,"column":8},"end":{"line":125,"column":48}},"28":{"start":{"line":127,"column":8},"end":{"line":127,"column":51}},"29":{"start":{"line":131,"column":8},"end":{"line":131,"column":61}},"30":{"start":{"line":136,"column":8},"end":{"line":136,"column":65}},"31":{"start":{"line":137,"column":8},"end":{"line":137,"column":105}},"32":{"start":{"line":139,"column":8},"end":{"line":139,"column":24}},"33":{"start":{"line":140,"column":8},"end":{"line":140,"column":93}},"34":{"start":{"line":141,"column":8},"end":{"line":141,"column":6085}},"35":{"start":{"line":142,"column":12},"end":{"line":142,"column":6152}},"36":{"start":{"line":143,"column":16},"end":{"line":143,"column":6214}},"37":{"start":{"line":148,"column":16},"end":{"line":148,"column":6375}},"38":{"start":{"line":155,"column":8},"end":{"line":155,"column":51}},"39":{"start":{"line":156,"column":8},"end":{"line":156,"column":77}},"40":{"start":{"line":157,"column":8},"end":{"line":157,"column":60}},"41":{"start":{"line":159,"column":8},"end":{"line":159,"column":52}},"42":{"start":{"line":160,"column":8},"end":{"line":160,"column":46}},"43":{"start":{"line":161,"column":8},"end":{"line":161,"column":52}},"44":{"start":{"line":163,"column":8},"end":{"line":163,"column":62}},"45":{"start":{"line":168,"column":8},"end":{"line":168,"column":34}},"46":{"start":{"line":176,"column":8},"end":{"line":176,"column":64}},"47":{"start":{"line":183,"column":8},"end":{"line":183,"column":60}},"48":{"start":{"line":190,"column":8},"end":{"line":190,"column":47}},"49":{"start":{"line":198,"column":8},"end":{"line":198,"column":70}},"50":{"start":{"line":206,"column":8},"end":{"line":206,"column":65}}},"branchMap":{"1":{"line":42,"type":"if","locations":[{"start":{"line":42,"column":8},"end":{"line":42,"column":8}},{"start":{"line":42,"column":8},"end":{"line":42,"column":8}}]},"2":{"line":53,"type":"if","locations":[{"start":{"line":53,"column":8},"end":{"line":53,"column":8}},{"start":{"line":53,"column":8},"end":{"line":53,"column":8}}]},"3":{"line":55,"type":"if","locations":[{"start":{"line":55,"column":8},"end":{"line":55,"column":8}},{"start":{"line":55,"column":8},"end":{"line":55,"column":8}}]},"4":{"line":57,"type":"if","locations":[{"start":{"line":57,"column":8},"end":{"line":57,"column":8}},{"start":{"line":57,"column":8},"end":{"line":57,"column":8}}]},"5":{"line":65,"type":"if","locations":[{"start":{"line":65,"column":15},"end":{"line":65,"column":15}},{"start":{"line":65,"column":15},"end":{"line":65,"column":15}}]},"6":{"line":67,"type":"if","locations":[{"start":{"line":67,"column":8},"end":{"line":67,"column":8}},{"start":{"line":67,"column":8},"end":{"line":67,"column":8}}]},"7":{"line":70,"type":"if","locations":[{"start":{"line":70,"column":8},"end":{"line":70,"column":8}},{"start":{"line":70,"column":8},"end":{"line":70,"column":8}}]},"8":{"line":81,"type":"if","locations":[{"start":{"line":81,"column":15},"end":{"line":81,"column":15}},{"start":{"line":81,"column":15},"end":{"line":81,"column":15}}]},"9":{"line":84,"type":"if","locations":[{"start":{"line":84,"column":8},"end":{"line":84,"column":8}},{"start":{"line":84,"column":8},"end":{"line":84,"column":8}}]},"10":{"line":85,"type":"if","locations":[{"start":{"line":85,"column":8},"end":{"line":85,"column":8}},{"start":{"line":85,"column":8},"end":{"line":85,"column":8}}]},"11":{"line":86,"type":"if","locations":[{"start":{"line":86,"column":8},"end":{"line":86,"column":8}},{"start":{"line":86,"column":8},"end":{"line":86,"column":8}}]},"12":{"line":90,"type":"if","locations":[{"start":{"line":90,"column":8},"end":{"line":90,"column":8}},{"start":{"line":90,"column":8},"end":{"line":90,"column":8}}]},"13":{"line":91,"type":"if","locations":[{"start":{"line":91,"column":8},"end":{"line":91,"column":8}},{"start":{"line":91,"column":8},"end":{"line":91,"column":8}}]},"14":{"line":94,"type":"if","locations":[{"start":{"line":94,"column":8},"end":{"line":94,"column":8}},{"start":{"line":94,"column":8},"end":{"line":94,"column":8}}]},"15":{"line":98,"type":"if","locations":[{"start":{"line":98,"column":12},"end":{"line":98,"column":12}},{"start":{"line":98,"column":12},"end":{"line":98,"column":12}}]},"16":{"line":100,"type":"if","locations":[{"start":{"line":100,"column":12},"end":{"line":100,"column":12}},{"start":{"line":100,"column":12},"end":{"line":100,"column":12}}]},"17":{"line":100,"type":"cond-expr","locations":[{"start":{"line":100,"column":20},"end":{"line":100,"column":50}},{"start":{"line":100,"column":55},"end":{"line":100,"column":73}}]},"18":{"line":117,"type":"if","locations":[{"start":{"line":117,"column":15},"end":{"line":117,"column":15}},{"start":{"line":117,"column":15},"end":{"line":117,"column":15}}]},"19":{"line":118,"type":"if","locations":[{"start":{"line":118,"column":8},"end":{"line":118,"column":8}},{"start":{"line":118,"column":8},"end":{"line":118,"column":8}}]},"20":{"line":119,"type":"if","locations":[{"start":{"line":119,"column":8},"end":{"line":119,"column":8}},{"start":{"line":119,"column":8},"end":{"line":119,"column":8}}]},"21":{"line":120,"type":"if","locations":[{"start":{"line":120,"column":8},"end":{"line":120,"column":8}},{"start":{"line":120,"column":8},"end":{"line":120,"column":8}}]},"22":{"line":135,"type":"if","locations":[{"start":{"line":135,"column":51},"end":{"line":135,"column":51}},{"start":{"line":135,"column":51},"end":{"line":135,"column":51}}]},"23":{"line":136,"type":"if","locations":[{"start":{"line":136,"column":8},"end":{"line":136,"column":8}},{"start":{"line":136,"column":8},"end":{"line":136,"column":8}}]},"24":{"line":137,"type":"if","locations":[{"start":{"line":137,"column":8},"end":{"line":137,"column":8}},{"start":{"line":137,"column":8},"end":{"line":137,"column":8}}]},"25":{"line":142,"type":"if","locations":[{"start":{"line":142,"column":12},"end":{"line":142,"column":12}},{"start":{"line":142,"column":12},"end":{"line":142,"column":12}}]},"26":{"line":143,"type":"if","locations":[{"start":{"line":143,"column":16},"end":{"line":143,"column":16}},{"start":{"line":143,"column":16},"end":{"line":143,"column":16}}]},"27":{"line":148,"type":"if","locations":[{"start":{"line":148,"column":16},"end":{"line":148,"column":16}},{"start":{"line":148,"column":16},"end":{"line":148,"column":16}}]},"28":{"line":155,"type":"if","locations":[{"start":{"line":155,"column":8},"end":{"line":155,"column":8}},{"start":{"line":155,"column":8},"end":{"line":155,"column":8}}]},"29":{"line":157,"type":"if","locations":[{"start":{"line":157,"column":8},"end":{"line":157,"column":8}},{"start":{"line":157,"column":8},"end":{"line":157,"column":8}}]}}},
"contracts/dao/MultiSigWallet.sol":{"l":{},"path":"/home/yannick/vabble/Original_DAO/contracts/dao/MultiSigWallet.sol","s":{},"b":{},"f":{},"fnMap":{},"statementMap":{},"branchMap":{}},
"contracts/dao/Ownablee.sol":{"l":{"26":16,"27":13,"31":10,"32":9,"36":4,"37":3,"41":14,"42":13,"46":4,"47":3,"51":43,"54":43,"56":42,"58":42,"59":41,"60":41,"61":40,"62":40,"63":39,"65":39,"66":39,"71":9,"73":8,"74":7,"75":7,"76":6,"77":6,"78":5,"82":3,"84":1,"88":3,"89":1,"93":9,"94":8,"96":7,"97":20,"99":15,"100":15,"105":4,"107":3,"108":4,"110":3,"111":5,"112":3,"113":3,"115":3,"117":3,"124":89,"128":12,"133":0,"134":0,"136":0,"140":13,"142":12,"147":6,"149":5,"154":3,"155":3,"156":2,"158":3,"163":2,"167":2,"171":2},"path":"/home/yannick/vabble/Original_DAO/contracts/dao/Ownablee.sol","s":{"1":16,"2":10,"3":4,"4":14,"5":4,"6":43,"7":42,"8":41,"9":40,"10":39,"11":9,"12":8,"13":7,"14":6,"15":3,"16":3,"17":9,"18":8,"19":7,"20":20,"21":15,"22":4,"23":3,"24":4,"25":3,"26":5,"27":3,"28":89,"29":12,"30":0,"31":0,"32":13,"33":12,"34":6,"35":5,"36":3,"37":3,"38":2,"39":3,"40":2,"41":2},"b":{"1":[13,3],"2":[9,1],"3":[3,1],"4":[13,1],"5":[3,1],"6":[42,1],"7":[41,1],"8":[40,1],"9":[39,1],"10":[9,1],"11":[8,1],"12":[7,1],"13":[6,1],"14":[5,1],"15":[3,1],"16":[1,2],"17":[3,1],"18":[1,2],"19":[8,1],"20":[3,5],"21":[7,1],"22":[5,15],"23":[4,1],"24":[3,1],"25":[1,3],"26":[3,2],"27":[0,0],"28":[0,0],"29":[13,1],"30":[12,1],"31":[6,1],"32":[5,1],"33":[3,1],"34":[2,1]},"f":{"1":16,"2":10,"3":4,"4":14,"5":4,"6":43,"7":9,"8":3,"9":3,"10":9,"11":4,"12":89,"13":12,"14":0,"15":13,"16":6,"17":3,"18":2,"19":2,"20":2},"fnMap":{"1":{"name":"onlyAuditor","line":25,"loc":{"start":{"line":25,"column":4},"end":{"line":28,"column":4}}},"2":{"name":"onlyDeployer","line":30,"loc":{"start":{"line":30,"column":4},"end":{"line":33,"column":4}}},"3":{"name":"onlyVote","line":35,"loc":{"start":{"line":35,"column":4},"end":{"line":38,"column":4}}},"4":{"name":"onlyDAO","line":40,"loc":{"start":{"line":40,"column":4},"end":{"line":43,"column":4}}},"5":{"name":"onlyStakingPool","line":45,"loc":{"start":{"line":45,"column":4},"end":{"line":48,"column":4}}},"6":{"name":"constructor","line":50,"loc":{"start":{"line":50,"column":4},"end":{"line":67,"column":4}}},"7":{"name":"setup","line":69,"loc":{"start":{"line":69,"column":4},"end":{"line":79,"column":4}}},"8":{"name":"transferAuditor","line":81,"loc":{"start":{"line":81,"column":4},"end":{"line":85,"column":4}}},"9":{"name":"replaceAuditor","line":87,"loc":{"start":{"line":87,"column":4},"end":{"line":90,"column":4}}},"10":{"name":"addDepositAsset","line":92,"loc":{"start":{"line":92,"column":4},"end":{"line":102,"column":4}}},"11":{"name":"removeDepositAsset","line":104,"loc":{"start":{"line":104,"column":4},"end":{"line":121,"column":4}}},"12":{"name":"isDepositAsset","line":123,"loc":{"start":{"line":123,"column":4},"end":{"line":125,"column":4}}},"13":{"name":"getDepositAssetList","line":127,"loc":{"start":{"line":127,"column":4},"end":{"line":129,"column":4}}},"14":{"name":"changeVABWallet","line":132,"loc":{"start":{"line":132,"column":4},"end":{"line":137,"column":4}}},"15":{"name":"addToStudioPool","line":139,"loc":{"start":{"line":139,"column":4},"end":{"line":143,"column":4}}},"16":{"name":"depositVABToEdgePool","line":146,"loc":{"start":{"line":146,"column":4},"end":{"line":150,"column":4}}},"17":{"name":"withdrawVABFromEdgePool","line":153,"loc":{"start":{"line":153,"column":4},"end":{"line":159,"column":4}}},"18":{"name":"getVoteAddress","line":162,"loc":{"start":{"line":162,"column":4},"end":{"line":164,"column":4}}},"19":{"name":"getVabbleDAO","line":166,"loc":{"start":{"line":166,"column":4},"end":{"line":168,"column":4}}},"20":{"name":"getStakingPoolAddress","line":170,"loc":{"start":{"line":170,"column":4},"end":{"line":172,"column":4}}}},"statementMap":{"1":{"start":{"line":26,"column":8},"end":{"line":26,"column":66}},"2":{"start":{"line":31,"column":8},"end":{"line":31,"column":68}},"3":{"start":{"line":36,"column":8},"end":{"line":36,"column":69}},"4":{"start":{"line":41,"column":8},"end":{"line":41,"column":74}},"5":{"start":{"line":46,"column":8},"end":{"line":46,"column":84}},"6":{"start":{"line":54,"column":8},"end":{"line":54,"column":77}},"7":{"start":{"line":58,"column":8},"end":{"line":58,"column":73}},"8":{"start":{"line":60,"column":8},"end":{"line":60,"column":71}},"9":{"start":{"line":62,"column":8},"end":{"line":62,"column":67}},"10":{"start":{"line":65,"column":8},"end":{"line":65,"column":40}},"11":{"start":{"line":71,"column":8},"end":{"line":71,"column":68}},"12":{"start":{"line":73,"column":8},"end":{"line":73,"column":75}},"13":{"start":{"line":75,"column":8},"end":{"line":75,"column":79}},"14":{"start":{"line":77,"column":8},"end":{"line":77,"column":89}},"15":{"start":{"line":82,"column":8},"end":{"line":82,"column":104}},"16":{"start":{"line":88,"column":8},"end":{"line":88,"column":104}},"17":{"start":{"line":93,"column":8},"end":{"line":93,"column":104}},"18":{"start":{"line":94,"column":8},"end":{"line":94,"column":68}},"19":{"start":{"line":96,"column":8},"end":{"line":96,"column":3497}},"20":{"start":{"line":97,"column":12},"end":{"line":97,"column":60}},"21":{"start":{"line":99,"column":12},"end":{"line":99,"column":47}},"22":{"start":{"line":105,"column":8},"end":{"line":105,"column":71}},"23":{"start":{"line":107,"column":8},"end":{"line":107,"column":3901}},"24":{"start":{"line":108,"column":12},"end":{"line":108,"column":61}},"25":{"start":{"line":110,"column":12},"end":{"line":110,"column":4031}},"26":{"start":{"line":111,"column":16},"end":{"line":111,"column":4107}},"27":{"start":{"line":113,"column":20},"end":{"line":113,"column":41}},"28":{"start":{"line":124,"column":8},"end":{"line":124,"column":42}},"29":{"start":{"line":128,"column":8},"end":{"line":128,"column":31}},"30":{"start":{"line":133,"column":8},"end":{"line":133,"column":70}},"31":{"start":{"line":136,"column":8},"end":{"line":136,"column":38}},"32":{"start":{"line":140,"column":8},"end":{"line":140,"column":115}},"33":{"start":{"line":142,"column":8},"end":{"line":142,"column":61}},"34":{"start":{"line":147,"column":8},"end":{"line":147,"column":65}},"35":{"start":{"line":149,"column":8},"end":{"line":149,"column":80}},"36":{"start":{"line":154,"column":8},"end":{"line":154,"column":75}},"37":{"start":{"line":155,"column":8},"end":{"line":155,"column":5793}},"38":{"start":{"line":156,"column":12},"end":{"line":156,"column":62}},"39":{"start":{"line":158,"column":8},"end":{"line":158,"column":26}},"40":{"start":{"line":163,"column":8},"end":{"line":163,"column":19}},"41":{"start":{"line":171,"column":8},"end":{"line":171,"column":27}}},"branchMap":{"1":{"line":26,"type":"if","locations":[{"start":{"line":26,"column":8},"end":{"line":26,"column":8}},{"start":{"line":26,"column":8},"end":{"line":26,"column":8}}]},"2":{"line":31,"type":"if","locations":[{"start":{"line":31,"column":8},"end":{"line":31,"column":8}},{"start":{"line":31,"column":8},"end":{"line":31,"column":8}}]},"3":{"line":36,"type":"if","locations":[{"start":{"line":36,"column":8},"end":{"line":36,"column":8}},{"start":{"line":36,"column":8},"end":{"line":36,"column":8}}]},"4":{"line":41,"type":"if","locations":[{"start":{"line":41,"column":8},"end":{"line":41,"column":8}},{"start":{"line":41,"column":8},"end":{"line":41,"column":8}}]},"5":{"line":46,"type":"if","locations":[{"start":{"line":46,"column":8},"end":{"line":46,"column":8}},{"start":{"line":46,"column":8},"end":{"line":46,"column":8}}]},"6":{"line":54,"type":"if","locations":[{"start":{"line":54,"column":8},"end":{"line":54,"column":8}},{"start":{"line":54,"column":8},"end":{"line":54,"column":8}}]},"7":{"line":58,"type":"if","locations":[{"start":{"line":58,"column":8},"end":{"line":58,"column":8}},{"start":{"line":58,"column":8},"end":{"line":58,"column":8}}]},"8":{"line":60,"type":"if","locations":[{"start":{"line":60,"column":8},"end":{"line":60,"column":8}},{"start":{"line":60,"column":8},"end":{"line":60,"column":8}}]},"9":{"line":62,"type":"if","locations":[{"start":{"line":62,"column":8},"end":{"line":62,"column":8}},{"start":{"line":62,"column":8},"end":{"line":62,"column":8}}]},"10":{"line":69,"type":"if","locations":[{"start":{"line":69,"column":79},"end":{"line":69,"column":79}},{"start":{"line":69,"column":79},"end":{"line":69,"column":79}}]},"11":{"line":71,"type":"if","locations":[{"start":{"line":71,"column":8},"end":{"line":71,"column":8}},{"start":{"line":71,"column":8},"end":{"line":71,"column":8}}]},"12":{"line":73,"type":"if","locations":[{"start":{"line":73,"column":8},"end":{"line":73,"column":8}},{"start":{"line":73,"column":8},"end":{"line":73,"column":8}}]},"13":{"line":75,"type":"if","locations":[{"start":{"line":75,"column":8},"end":{"line":75,"column":8}},{"start":{"line":75,"column":8},"end":{"line":75,"column":8}}]},"14":{"line":77,"type":"if","locations":[{"start":{"line":77,"column":8},"end":{"line":77,"column":8}},{"start":{"line":77,"column":8},"end":{"line":77,"column":8}}]},"15":{"line":81,"type":"if","locations":[{"start":{"line":81,"column":68},"end":{"line":81,"column":68}},{"start":{"line":81,"column":68},"end":{"line":81,"column":68}}]},"16":{"line":82,"type":"if","locations":[{"start":{"line":82,"column":8},"end":{"line":82,"column":8}},{"start":{"line":82,"column":8},"end":{"line":82,"column":8}}]},"17":{"line":87,"type":"if","locations":[{"start":{"line":87,"column":67},"end":{"line":87,"column":67}},{"start":{"line":87,"column":67},"end":{"line":87,"column":67}}]},"18":{"line":88,"type":"if","locations":[{"start":{"line":88,"column":8},"end":{"line":88,"column":8}},{"start":{"line":88,"column":8},"end":{"line":88,"column":8}}]},"19":{"line":93,"type":"if","locations":[{"start":{"line":93,"column":8},"end":{"line":93,"column":8}},{"start":{"line":93,"column":8},"end":{"line":93,"column":8}}]},"20":{"line":93,"type":"cond-expr","locations":[{"start":{"line":93,"column":16},"end":{"line":93,"column":36}},{"start":{"line":93,"column":41},"end":{"line":93,"column":62}}]},"21":{"line":94,"type":"if","locations":[{"start":{"line":94,"column":8},"end":{"line":94,"column":8}},{"start":{"line":94,"column":8},"end":{"line":94,"column":8}}]},"22":{"line":97,"type":"if","locations":[{"start":{"line":97,"column":12},"end":{"line":97,"column":12}},{"start":{"line":97,"column":12},"end":{"line":97,"column":12}}]},"23":{"line":104,"type":"if","locations":[{"start":{"line":104,"column":72},"end":{"line":104,"column":72}},{"start":{"line":104,"column":72},"end":{"line":104,"column":72}}]},"24":{"line":105,"type":"if","locations":[{"start":{"line":105,"column":8},"end":{"line":105,"column":8}},{"start":{"line":105,"column":8},"end":{"line":105,"column":8}}]},"25":{"line":108,"type":"if","locations":[{"start":{"line":108,"column":12},"end":{"line":108,"column":12}},{"start":{"line":108,"column":12},"end":{"line":108,"column":12}}]},"26":{"line":111,"type":"if","locations":[{"start":{"line":111,"column":16},"end":{"line":111,"column":16}},{"start":{"line":111,"column":16},"end":{"line":111,"column":16}}]},"27":{"line":132,"type":"if","locations":[{"start":{"line":132,"column":55},"end":{"line":132,"column":55}},{"start":{"line":132,"column":55},"end":{"line":132,"column":55}}]},"28":{"line":133,"type":"if","locations":[{"start":{"line":133,"column":8},"end":{"line":133,"column":8}},{"start":{"line":133,"column":8},"end":{"line":133,"column":8}}]},"29":{"line":139,"type":"if","locations":[{"start":{"line":139,"column":64},"end":{"line":139,"column":64}},{"start":{"line":139,"column":64},"end":{"line":139,"column":64}}]},"30":{"line":140,"type":"if","locations":[{"start":{"line":140,"column":8},"end":{"line":140,"column":8}},{"start":{"line":140,"column":8},"end":{"line":140,"column":8}}]},"31":{"line":146,"type":"if","locations":[{"start":{"line":146,"column":60},"end":{"line":146,"column":60}},{"start":{"line":146,"column":60},"end":{"line":146,"column":60}}]},"32":{"line":147,"type":"if","locations":[{"start":{"line":147,"column":8},"end":{"line":147,"column":8}},{"start":{"line":147,"column":8},"end":{"line":147,"column":8}}]},"33":{"line":153,"type":"if","locations":[{"start":{"line":153,"column":68},"end":{"line":153,"column":68}},{"start":{"line":153,"column":68},"end":{"line":153,"column":68}}]},"34":{"line":155,"type":"if","locations":[{"start":{"line":155,"column":8},"end":{"line":155,"column":8}},{"start":{"line":155,"column":8},"end":{"line":155,"column":8}}]}}},
"contracts/dao/Property.sol":{"l":{"119":0,"120":0,"124":8,"125":8,"129":5,"130":5,"134":0,"135":0,"139":15,"140":15,"141":15,"142":15,"143":15,"144":15,"145":15,"146":15,"148":15,"149":15,"150":15,"151":15,"152":15,"153":15,"154":15,"155":15,"156":15,"158":15,"159":15,"160":15,"161":15,"162":15,"163":15,"165":15,"166":15,"167":15,"168":15,"169":15,"170":15,"172":15,"173":15,"175":15,"199":15,"225":0,"227":0,"228":0,"229":0,"230":0,"231":0,"232":0,"233":0,"234":0,"236":0,"237":0,"247":0,"248":0,"249":0,"251":0,"253":0,"254":0,"255":0,"256":0,"257":0,"258":0,"259":0,"261":0,"263":0,"264":0,"265":0,"266":0,"267":0,"269":0,"275":5,"276":5,"277":5,"279":5,"281":5,"282":5,"283":5,"285":5,"294":0,"295":0,"297":0,"299":0,"300":0,"301":0,"302":0,"303":0,"304":0,"305":0,"307":0,"309":0,"310":0,"311":0,"312":0,"313":0,"315":0,"325":0,"326":0,"328":0,"330":0,"331":0,"332":0,"333":0,"334":0,"335":0,"336":0,"338":0,"340":0,"341":0,"342":0,"343":0,"344":0,"346":0,"351":0,"352":0,"353":0,"355":0,"357":0,"359":0,"363":0,"364":0,"365":0,"366":0,"367":0,"375":0,"377":0,"378":0,"379":0,"380":0,"382":0,"384":0,"386":0,"388":0,"394":0,"403":0,"404":0,"405":0,"406":0,"407":0,"408":0,"409":0,"411":0,"415":0,"416":0,"417":0,"419":0,"429":5,"430":5,"431":5,"433":5,"435":5,"436":5,"437":0,"438":0,"439":0,"441":0,"442":0,"443":0,"445":0,"446":0,"447":0,"449":0,"450":0,"451":0,"453":0,"454":0,"455":0,"457":0,"458":0,"459":0,"461":0,"462":0,"463":0,"465":5,"466":5,"467":5,"469":0,"470":0,"471":0,"473":0,"474":0,"475":0,"477":0,"478":0,"479":0,"481":0,"482":0,"483":0,"485":0,"486":0,"487":0,"489":0,"490":0,"491":0,"493":0,"494":0,"495":0,"497":0,"498":0,"499":0,"501":0,"502":0,"503":0,"505":0,"506":0,"507":0,"509":0,"510":0,"511":0,"513":0,"514":0,"515":0,"517":0,"518":0,"519":0,"522":5,"523":5,"524":5,"525":5,"526":5,"527":5,"528":5,"530":5,"532":5,"533":5,"534":5,"536":5,"541":0,"570":2,"571":2,"572":2,"573":2,"574":2,"575":2,"576":2,"578":2,"586":0,"587":0,"588":0,"590":0,"594":0,"597":0,"600":0,"601":0,"602":0,"604":0,"605":0,"609":0,"610":0,"611":0,"613":0,"615":0,"617":0,"619":0,"621":0,"623":0,"625":0,"627":0,"629":0,"631":0,"633":0,"635":0,"637":0,"639":0,"641":0,"643":0,"645":0,"647":0,"649":0,"651":0,"661":0,"664":0,"667":0,"669":0,"670":0,"672":0,"673":0,"675":0,"676":0,"680":0,"681":0,"682":0,"685":0,"686":0,"691":141,"695":0,"699":0,"705":4,"706":4,"708":4,"733":2,"734":2,"738":1,"739":1,"744":1,"745":1,"746":1},"path":"/home/yannick/vabble/Original_DAO/contracts/dao/Property.sol","s":{"1":0,"2":8,"3":5,"4":0,"5":15,"6":15,"7":15,"8":15,"9":15,"10":15,"11":0,"12":0,"13":0,"14":0,"15":0,"16":0,"17":0,"18":0,"19":0,"20":0,"21":5,"22":5,"23":5,"24":5,"25":5,"26":5,"27":5,"28":5,"29":0,"30":0,"31":0,"32":0,"33":0,"34":0,"35":0,"36":0,"37":0,"38":0,"39":0,"40":0,"41":0,"42":0,"43":0,"44":0,"45":0,"46":0,"47":0,"48":0,"49":0,"50":0,"51":0,"52":0,"53":0,"54":0,"55":0,"56":0,"57":0,"58":0,"59":0,"60":0,"61":0,"62":0,"63":0,"64":0,"65":0,"66":0,"67":0,"68":0,"69":0,"70":0,"71":0,"72":0,"73":0,"74":5,"75":5,"76":5,"77":5,"78":5,"79":5,"80":0,"81":0,"82":5,"83":0,"84":0,"85":5,"86":0,"87":0,"88":5,"89":0,"90":0,"91":5,"92":0,"93":0,"94":5,"95":0,"96":0,"97":5,"98":0,"99":0,"100":5,"101":5,"102":5,"103":0,"104":0,"105":0,"106":0,"107":0,"108":0,"109":0,"110":0,"111":0,"112":0,"113":0,"114":0,"115":0,"116":0,"117":0,"118":0,"119":0,"120":0,"121":0,"122":0,"123":0,"124":0,"125":0,"126":0,"127":0,"128":0,"129":0,"130":0,"131":0,"132":0,"133":0,"134":0,"135":0,"136":0,"137":0,"138":0,"139":0,"140":0,"141":0,"142":5,"143":5,"144":0,"145":0,"146":0,"147":0,"148":0,"149":0,"150":0,"151":0,"152":0,"153":0,"154":0,"155":0,"156":0,"157":0,"158":0,"159":0,"160":0,"161":0,"162":0,"163":0,"164":0,"165":2,"166":2,"167":2,"168":2,"169":2,"170":2,"171":2,"172":2,"173":0,"174":0,"175":0,"176":0,"177":0,"178":0,"179":0,"180":0,"181":0,"182":0,"183":0,"184":0,"185":0,"186":0,"187":0,"188":0,"189":0,"190":0,"191":0,"192":0,"193":0,"194":0,"195":0,"196":0,"197":0,"198":0,"199":0,"200":0,"201":0,"202":0,"203":0,"204":0,"205":0,"206":0,"207":0,"208":141,"209":0,"210":0,"211":4,"212":4,"213":4,"214":4,"215":4,"216":4,"217":4,"218":4,"219":4,"220":4,"221":4,"222":4,"223":4,"224":4,"225":4,"226":4,"227":4,"228":4,"229":4,"230":4,"231":4,"232":2,"233":2,"234":1,"235":1,"236":1},"b":{"1":[0,0],"2":[8,0],"3":[5,0],"4":[0,0],"5":[15,0],"6":[15,0],"7":[15,0],"8":[15,0],"9":[0,0],"10":[0,0],"11":[0,0],"12":[0,0],"13":[0,0],"14":[0,0],"15":[0,0],"16":[0,0],"17":[5,0],"18":[5,0],"19":[0,0],"20":[0,0],"21":[0,0],"22":[0,0],"23":[0,0],"24":[0,0],"25":[0,0],"26":[0,0],"27":[0,0],"28":[0,0],"29":[0,0],"30":[0,0],"31":[0,0],"32":[0,0],"33":[0,0],"34":[0,0],"35":[0,0],"36":[0,0],"37":[5,0],"38":[5,0],"39":[5,0],"40":[5,0],"41":[5,0],"42":[0,5],"43":[0,0],"44":[0,5],"45":[0,0],"46":[0,5],"47":[0,0],"48":[0,5],"49":[0,0],"50":[0,5],"51":[0,0],"52":[0,5],"53":[0,0],"54":[0,5],"55":[0,0],"56":[5,0],"57":[5,0],"58":[0,0],"59":[0,0],"60":[0,0],"61":[0,0],"62":[0,0],"63":[0,0],"64":[0,0],"65":[0,0],"66":[0,0],"67":[0,0],"68":[0,0],"69":[0,0],"70":[0,0],"71":[0,0],"72":[0,0],"73":[0,0],"74":[0,0],"75":[0,0],"76":[0,0],"77":[0,0],"78":[0,0],"79":[0,0],"80":[0,0],"81":[0,0],"82":[0,0],"83":[0,0],"84":[0,0],"85":[0,0],"86":[0,0],"87":[0,0],"88":[0,0],"89":[0,0],"90":[0,0],"91":[0,0],"92":[0,0],"93":[0,0],"94":[0,0],"95":[0,0],"96":[0,0],"97":[0,0],"98":[0,0],"99":[0,0],"100":[0,0],"101":[0,0],"102":[0,0],"103":[0,0],"104":[0,0],"105":[0,0],"106":[0,0],"107":[0,0],"108":[0,0],"109":[0,0],"110":[0,0],"111":[0,0],"112":[0,0],"113":[0,0],"114":[0,0],"115":[0,0],"116":[0,0],"117":[0,0],"118":[0,0],"119":[0,0],"120":[0,0],"121":[0,0],"122":[0,0],"123":[0,0],"124":[0,0],"125":[0,0],"126":[0,0],"127":[0,0],"128":[0,0],"129":[0,0],"130":[0,0],"131":[0,0],"132":[0,0],"133":[0,0],"134":[4,0],"135":[4,0],"136":[4,0],"137":[0,4],"138":[0,4],"139":[0,4],"140":[0,4],"141":[0,4],"142":[0,4],"143":[0,4],"144":[0,4],"145":[0,4],"146":[0,4],"147":[0,4],"148":[0,4],"149":[0,4],"150":[0,4],"151":[0,4],"152":[0,4],"153":[0,4],"154":[0,4],"155":[2,2],"156":[2,0],"157":[2,0],"158":[2,0],"159":[1,0],"160":[1,0],"161":[1,0],"162":[1,0]},"f":{"1":0,"2":8,"3":5,"4":0,"5":15,"6":0,"7":0,"8":5,"9":0,"10":0,"11":0,"12":0,"13":0,"14":0,"15":0,"16":0,"17":5,"18":0,"19":2,"20":0,"21":0,"22":0,"23":141,"24":0,"25":0,"26":4,"27":2,"28":1,"29":1},"fnMap":{"1":{"name":"onlyVote","line":118,"loc":{"start":{"line":118,"column":4},"end":{"line":121,"column":4}}},"2":{"name":"onlyDeployer","line":123,"loc":{"start":{"line":123,"column":4},"end":{"line":126,"column":4}}},"3":{"name":"onlyStaker","line":128,"loc":{"start":{"line":128,"column":4},"end":{"line":131,"column":4}}},"4":{"name":"onlyMajor","line":133,"loc":{"start":{"line":133,"column":4},"end":{"line":136,"column":4}}},"5":{"name":"constructor","line":138,"loc":{"start":{"line":138,"column":4},"end":{"line":222,"column":4}}},"6":{"name":"updateForTesting","line":224,"loc":{"start":{"line":224,"column":4},"end":{"line":238,"column":4}}},"7":{"name":"proposalAuditor","line":245,"loc":{"start":{"line":242,"column":4},"end":{"line":270,"column":4}}},"8":{"name":"__paidFee","line":274,"loc":{"start":{"line":274,"column":4},"end":{"line":286,"column":4}}},"9":{"name":"proposalRewardFund","line":292,"loc":{"start":{"line":289,"column":4},"end":{"line":316,"column":4}}},"10":{"name":"proposalFilmBoard","line":323,"loc":{"start":{"line":320,"column":4},"end":{"line":347,"column":4}}},"11":{"name":"removeFilmBoardMember","line":350,"loc":{"start":{"line":350,"column":4},"end":{"line":360,"column":4}}},"12":{"name":"__removeBoardMember","line":362,"loc":{"start":{"line":362,"column":4},"end":{"line":370,"column":4}}},"13":{"name":"getGovProposalList","line":374,"loc":{"start":{"line":374,"column":4},"end":{"line":390,"column":4}}},"14":{"name":"getAgentProposerStakeAmount","line":393,"loc":{"start":{"line":393,"column":4},"end":{"line":395,"column":4}}},"15":{"name":"getGovProposalInfo","line":398,"loc":{"start":{"line":398,"column":4},"end":{"line":412,"column":4}}},"16":{"name":"getGovProposalStr","line":414,"loc":{"start":{"line":414,"column":4},"end":{"line":420,"column":4}}},"17":{"name":"proposalProperty","line":427,"loc":{"start":{"line":424,"column":4},"end":{"line":537,"column":4}}},"18":{"name":"getPropertyProposalList","line":540,"loc":{"start":{"line":540,"column":4},"end":{"line":562,"column":4}}},"19":{"name":"getPropertyProposalInfo","line":565,"loc":{"start":{"line":565,"column":4},"end":{"line":579,"column":4}}},"20":{"name":"getPropertyProposalStr","line":581,"loc":{"start":{"line":581,"column":4},"end":{"line":591,"column":4}}},"21":{"name":"updatePropertyProposal","line":593,"loc":{"start":{"line":593,"column":4},"end":{"line":654,"column":4}}},"22":{"name":"updateGovProposal","line":660,"loc":{"start":{"line":656,"column":4},"end":{"line":688,"column":4}}},"23":{"name":"checkGovWhitelist","line":690,"loc":{"start":{"line":690,"column":4},"end":{"line":692,"column":4}}},"24":{"name":"checkPropertyWhitelist","line":694,"loc":{"start":{"line":694,"column":4},"end":{"line":696,"column":4}}},"25":{"name":"getAllGovProposalInfo","line":698,"loc":{"start":{"line":698,"column":4},"end":{"line":700,"column":4}}},"26":{"name":"updatePropertyForTesting","line":704,"loc":{"start":{"line":704,"column":4},"end":{"line":729,"column":4}}},"27":{"name":"updateDAOFundForTesting","line":732,"loc":{"start":{"line":732,"column":4},"end":{"line":735,"column":4}}},"28":{"name":"updateAvailableVABForTesting","line":737,"loc":{"start":{"line":737,"column":4},"end":{"line":741,"column":4}}},"29":{"name":"addAddressToFilmBoardForTesting","line":743,"loc":{"start":{"line":743,"column":4},"end":{"line":747,"column":4}}}},"statementMap":{"1":{"start":{"line":119,"column":8},"end":{"line":119,"column":69}},"2":{"start":{"line":124,"column":8},"end":{"line":124,"column":89}},"3":{"start":{"line":129,"column":8},"end":{"line":129,"column":88}},"4":{"start":{"line":134,"column":8},"end":{"line":134,"column":104}},"5":{"start":{"line":139,"column":8},"end":{"line":139,"column":63}},"6":{"start":{"line":141,"column":8},"end":{"line":141,"column":67}},"7":{"start":{"line":143,"column":8},"end":{"line":143,"column":57}},"8":{"start":{"line":145,"column":8},"end":{"line":145,"column":63}},"9":{"start":{"line":165,"column":8},"end":{"line":165,"column":60}},"10":{"start":{"line":166,"column":8},"end":{"line":166,"column":61}},"11":{"start":{"line":225,"column":8},"end":{"line":225,"column":54}},"12":{"start":{"line":236,"column":8},"end":{"line":236,"column":60}},"13":{"start":{"line":247,"column":8},"end":{"line":247,"column":48}},"14":{"start":{"line":248,"column":8},"end":{"line":248,"column":77}},"15":{"start":{"line":249,"column":8},"end":{"line":249,"column":71}},"16":{"start":{"line":251,"column":8},"end":{"line":251,"column":35}},"17":{"start":{"line":253,"column":8},"end":{"line":253,"column":69}},"18":{"start":{"line":266,"column":8},"end":{"line":266,"column":41}},"19":{"start":{"line":267,"column":8},"end":{"line":267,"column":91}},"20":{"start":{"line":269,"column":8},"end":{"line":269,"column":77}},"21":{"start":{"line":275,"column":8},"end":{"line":275,"column":59}},"22":{"start":{"line":276,"column":8},"end":{"line":276,"column":60}},"23":{"start":{"line":277,"column":8},"end":{"line":277,"column":104}},"24":{"start":{"line":279,"column":8},"end":{"line":279,"column":58}},"25":{"start":{"line":281,"column":8},"end":{"line":281,"column":84}},"26":{"start":{"line":282,"column":8},"end":{"line":282,"column":13619}},"27":{"start":{"line":283,"column":12},"end":{"line":283,"column":85}},"28":{"start":{"line":285,"column":8},"end":{"line":285,"column":66}},"29":{"start":{"line":294,"column":8},"end":{"line":294,"column":57}},"30":{"start":{"line":295,"column":8},"end":{"line":295,"column":80}},"31":{"start":{"line":297,"column":8},"end":{"line":297,"column":40}},"32":{"start":{"line":299,"column":8},"end":{"line":299,"column":77}},"33":{"start":{"line":312,"column":8},"end":{"line":312,"column":49}},"34":{"start":{"line":313,"column":8},"end":{"line":313,"column":45}},"35":{"start":{"line":315,"column":8},"end":{"line":315,"column":88}},"36":{"start":{"line":325,"column":8},"end":{"line":325,"column":50}},"37":{"start":{"line":326,"column":8},"end":{"line":326,"column":73}},"38":{"start":{"line":328,"column":8},"end":{"line":328,"column":35}},"39":{"start":{"line":330,"column":8},"end":{"line":330,"column":79}},"40":{"start":{"line":343,"column":8},"end":{"line":343,"column":42}},"41":{"start":{"line":344,"column":8},"end":{"line":344,"column":40}},"42":{"start":{"line":346,"column":8},"end":{"line":346,"column":80}},"43":{"start":{"line":351,"column":8},"end":{"line":351,"column":73}},"44":{"start":{"line":352,"column":8},"end":{"line":352,"column":99}},"45":{"start":{"line":353,"column":8},"end":{"line":353,"column":118}},"46":{"start":{"line":355,"column":8},"end":{"line":355,"column":35}},"47":{"start":{"line":359,"column":8},"end":{"line":359,"column":56}},"48":{"start":{"line":363,"column":8},"end":{"line":363,"column":17060}},"49":{"start":{"line":364,"column":12},"end":{"line":364,"column":17132}},"50":{"start":{"line":366,"column":16},"end":{"line":366,"column":37}},"51":{"start":{"line":375,"column":8},"end":{"line":375,"column":51}},"52":{"start":{"line":377,"column":8},"end":{"line":377,"column":17628}},"53":{"start":{"line":378,"column":12},"end":{"line":378,"column":67}},"54":{"start":{"line":379,"column":12},"end":{"line":379,"column":17731}},"55":{"start":{"line":382,"column":12},"end":{"line":382,"column":23}},"56":{"start":{"line":383,"column":15},"end":{"line":383,"column":17876}},"57":{"start":{"line":384,"column":12},"end":{"line":384,"column":38}},"58":{"start":{"line":385,"column":15},"end":{"line":385,"column":17949}},"59":{"start":{"line":386,"column":12},"end":{"line":386,"column":36}},"60":{"start":{"line":388,"column":12},"end":{"line":388,"column":35}},"61":{"start":{"line":394,"column":8},"end":{"line":394,"column":44}},"62":{"start":{"line":403,"column":8},"end":{"line":403,"column":62}},"63":{"start":{"line":404,"column":8},"end":{"line":404,"column":38}},"64":{"start":{"line":405,"column":8},"end":{"line":405,"column":39}},"65":{"start":{"line":406,"column":8},"end":{"line":406,"column":36}},"66":{"start":{"line":407,"column":8},"end":{"line":407,"column":33}},"67":{"start":{"line":408,"column":8},"end":{"line":408,"column":37}},"68":{"start":{"line":409,"column":8},"end":{"line":409,"column":41}},"69":{"start":{"line":411,"column":8},"end":{"line":411,"column":64}},"70":{"start":{"line":415,"column":8},"end":{"line":415,"column":62}},"71":{"start":{"line":416,"column":8},"end":{"line":416,"column":39}},"72":{"start":{"line":417,"column":8},"end":{"line":417,"column":44}},"73":{"start":{"line":419,"column":8},"end":{"line":419,"column":30}},"74":{"start":{"line":429,"column":8},"end":{"line":429,"column":95}},"75":{"start":{"line":430,"column":8},"end":{"line":430,"column":83}},"76":{"start":{"line":431,"column":8},"end":{"line":431,"column":105}},"77":{"start":{"line":433,"column":8},"end":{"line":433,"column":35}},"78":{"start":{"line":435,"column":8},"end":{"line":435,"column":19}},"79":{"start":{"line":436,"column":8},"end":{"line":436,"column":19820}},"80":{"start":{"line":437,"column":12},"end":{"line":437,"column":77}},"81":{"start":{"line":439,"column":12},"end":{"line":439,"column":45}},"82":{"start":{"line":440,"column":15},"end":{"line":440,"column":20026}},"83":{"start":{"line":441,"column":12},"end":{"line":441,"column":79}},"84":{"start":{"line":443,"column":12},"end":{"line":443,"column":46}},"85":{"start":{"line":444,"column":15},"end":{"line":444,"column":20236}},"86":{"start":{"line":445,"column":12},"end":{"line":445,"column":85}},"87":{"start":{"line":447,"column":12},"end":{"line":447,"column":49}},"88":{"start":{"line":448,"column":15},"end":{"line":448,"column":20458}},"89":{"start":{"line":449,"column":12},"end":{"line":449,"column":85}},"90":{"start":{"line":451,"column":12},"end":{"line":451,"column":49}},"91":{"start":{"line":452,"column":15},"end":{"line":452,"column":20680}},"92":{"start":{"line":453,"column":12},"end":{"line":453,"column":69}},"93":{"start":{"line":455,"column":12},"end":{"line":455,"column":41}},"94":{"start":{"line":456,"column":15},"end":{"line":456,"column":20870}},"95":{"start":{"line":457,"column":12},"end":{"line":457,"column":69}},"96":{"start":{"line":459,"column":12},"end":{"line":459,"column":41}},"97":{"start":{"line":460,"column":15},"end":{"line":460,"column":21060}},"98":{"start":{"line":461,"column":12},"end":{"line":461,"column":91}},"99":{"start":{"line":463,"column":12},"end":{"line":463,"column":52}},"100":{"start":{"line":464,"column":15},"end":{"line":464,"column":21294}},"101":{"start":{"line":465,"column":12},"end":{"line":465,"column":77}},"102":{"start":{"line":467,"column":12},"end":{"line":467,"column":45}},"103":{"start":{"line":468,"column":15},"end":{"line":468,"column":21500}},"104":{"start":{"line":469,"column":12},"end":{"line":469,"column":83}},"105":{"start":{"line":471,"column":12},"end":{"line":471,"column":48}},"106":{"start":{"line":472,"column":15},"end":{"line":472,"column":21718}},"107":{"start":{"line":473,"column":12},"end":{"line":473,"column":77}},"108":{"start":{"line":475,"column":12},"end":{"line":475,"column":45}},"109":{"start":{"line":476,"column":15},"end":{"line":476,"column":21924}},"110":{"start":{"line":477,"column":12},"end":{"line":477,"column":81}},"111":{"start":{"line":479,"column":12},"end":{"line":479,"column":47}},"112":{"start":{"line":480,"column":15},"end":{"line":480,"column":22139}},"113":{"start":{"line":481,"column":12},"end":{"line":481,"column":81}},"114":{"start":{"line":483,"column":12},"end":{"line":483,"column":47}},"115":{"start":{"line":484,"column":15},"end":{"line":484,"column":22354}},"116":{"start":{"line":485,"column":12},"end":{"line":485,"column":83}},"117":{"start":{"line":487,"column":12},"end":{"line":487,"column":48}},"118":{"start":{"line":488,"column":15},"end":{"line":488,"column":22573}},"119":{"start":{"line":489,"column":12},"end":{"line":489,"column":73}},"120":{"start":{"line":491,"column":12},"end":{"line":491,"column":43}},"121":{"start":{"line":492,"column":15},"end":{"line":492,"column":22772}},"122":{"start":{"line":493,"column":12},"end":{"line":493,"column":91}},"123":{"start":{"line":495,"column":12},"end":{"line":495,"column":52}},"124":{"start":{"line":496,"column":15},"end":{"line":496,"column":23007}},"125":{"start":{"line":497,"column":12},"end":{"line":497,"column":85}},"126":{"start":{"line":499,"column":12},"end":{"line":499,"column":49}},"127":{"start":{"line":500,"column":15},"end":{"line":500,"column":23230}},"128":{"start":{"line":501,"column":12},"end":{"line":501,"column":79}},"129":{"start":{"line":503,"column":12},"end":{"line":503,"column":46}},"130":{"start":{"line":504,"column":15},"end":{"line":504,"column":23441}},"131":{"start":{"line":505,"column":12},"end":{"line":505,"column":79}},"132":{"start":{"line":507,"column":12},"end":{"line":507,"column":46}},"133":{"start":{"line":508,"column":15},"end":{"line":508,"column":23652}},"134":{"start":{"line":509,"column":12},"end":{"line":509,"column":81}},"135":{"start":{"line":511,"column":12},"end":{"line":511,"column":47}},"136":{"start":{"line":512,"column":15},"end":{"line":512,"column":23867}},"137":{"start":{"line":513,"column":12},"end":{"line":513,"column":85}},"138":{"start":{"line":515,"column":12},"end":{"line":515,"column":49}},"139":{"start":{"line":516,"column":15},"end":{"line":516,"column":24090}},"140":{"start":{"line":517,"column":12},"end":{"line":517,"column":79}},"141":{"start":{"line":519,"column":12},"end":{"line":519,"column":46}},"142":{"start":{"line":522,"column":8},"end":{"line":522,"column":60}},"143":{"start":{"line":536,"column":8},"end":{"line":536,"column":88}},"144":{"start":{"line":541,"column":8},"end":{"line":541,"column":25184}},"145":{"start":{"line":542,"column":13},"end":{"line":542,"column":25241}},"146":{"start":{"line":543,"column":13},"end":{"line":543,"column":25299}},"147":{"start":{"line":544,"column":13},"end":{"line":544,"column":25360}},"148":{"start":{"line":545,"column":13},"end":{"line":545,"column":25421}},"149":{"start":{"line":546,"column":13},"end":{"line":546,"column":25474}},"150":{"start":{"line":547,"column":13},"end":{"line":547,"column":25527}},"151":{"start":{"line":548,"column":13},"end":{"line":548,"column":25591}},"152":{"start":{"line":549,"column":13},"end":{"line":549,"column":25648}},"153":{"start":{"line":550,"column":13},"end":{"line":550,"column":25708}},"154":{"start":{"line":551,"column":13},"end":{"line":551,"column":25765}},"155":{"start":{"line":552,"column":13},"end":{"line":552,"column":25825}},"156":{"start":{"line":553,"column":13},"end":{"line":553,"column":25885}},"157":{"start":{"line":554,"column":13},"end":{"line":554,"column":25946}},"158":{"start":{"line":555,"column":13},"end":{"line":555,"column":26002}},"159":{"start":{"line":556,"column":13},"end":{"line":556,"column":26067}},"160":{"start":{"line":557,"column":13},"end":{"line":557,"column":26129}},"161":{"start":{"line":558,"column":13},"end":{"line":558,"column":26188}},"162":{"start":{"line":559,"column":13},"end":{"line":559,"column":26247}},"163":{"start":{"line":560,"column":13},"end":{"line":560,"column":26307}},"164":{"start":{"line":561,"column":13},"end":{"line":561,"column":57}},"165":{"start":{"line":570,"column":8},"end":{"line":570,"column":62}},"166":{"start":{"line":571,"column":8},"end":{"line":571,"column":38}},"167":{"start":{"line":572,"column":8},"end":{"line":572,"column":39}},"168":{"start":{"line":573,"column":8},"end":{"line":573,"column":36}},"169":{"start":{"line":574,"column":8},"end":{"line":574,"column":33}},"170":{"start":{"line":575,"column":8},"end":{"line":575,"column":37}},"171":{"start":{"line":576,"column":8},"end":{"line":576,"column":41}},"172":{"start":{"line":578,"column":8},"end":{"line":578,"column":64}},"173":{"start":{"line":586,"column":8},"end":{"line":586,"column":62}},"174":{"start":{"line":587,"column":8},"end":{"line":587,"column":39}},"175":{"start":{"line":588,"column":8},"end":{"line":588,"column":44}},"176":{"start":{"line":590,"column":8},"end":{"line":590,"column":30}},"177":{"start":{"line":594,"column":8},"end":{"line":594,"column":63}},"178":{"start":{"line":600,"column":8},"end":{"line":600,"column":27640}},"179":{"start":{"line":609,"column":8},"end":{"line":609,"column":27990}},"180":{"start":{"line":610,"column":12},"end":{"line":610,"column":28033}},"181":{"start":{"line":612,"column":19},"end":{"line":612,"column":28113}},"182":{"start":{"line":614,"column":19},"end":{"line":614,"column":28194}},"183":{"start":{"line":616,"column":19},"end":{"line":616,"column":28278}},"184":{"start":{"line":618,"column":19},"end":{"line":618,"column":28362}},"185":{"start":{"line":620,"column":19},"end":{"line":620,"column":28438}},"186":{"start":{"line":622,"column":19},"end":{"line":622,"column":28514}},"187":{"start":{"line":624,"column":19},"end":{"line":624,"column":28601}},"188":{"start":{"line":626,"column":19},"end":{"line":626,"column":28681}},"189":{"start":{"line":628,"column":19},"end":{"line":628,"column":28764}},"190":{"start":{"line":630,"column":19},"end":{"line":630,"column":28844}},"191":{"start":{"line":632,"column":19},"end":{"line":632,"column":28927}},"192":{"start":{"line":634,"column":19},"end":{"line":634,"column":29010}},"193":{"start":{"line":636,"column":19},"end":{"line":636,"column":29094}},"194":{"start":{"line":638,"column":19},"end":{"line":638,"column":29173}},"195":{"start":{"line":640,"column":19},"end":{"line":640,"column":29261}},"196":{"start":{"line":642,"column":19},"end":{"line":642,"column":29346}},"197":{"start":{"line":644,"column":19},"end":{"line":644,"column":29428}},"198":{"start":{"line":646,"column":19},"end":{"line":646,"column":29510}},"199":{"start":{"line":648,"column":19},"end":{"line":648,"column":29593}},"200":{"start":{"line":650,"column":19},"end":{"line":650,"column":29678}},"201":{"start":{"line":661,"column":8},"end":{"line":661,"column":61}},"202":{"start":{"line":667,"column":8},"end":{"line":667,"column":30149}},"203":{"start":{"line":671,"column":15},"end":{"line":671,"column":30338}},"204":{"start":{"line":680,"column":8},"end":{"line":680,"column":30674}},"205":{"start":{"line":682,"column":12},"end":{"line":682,"column":56}},"206":{"start":{"line":685,"column":8},"end":{"line":685,"column":30831}},"207":{"start":{"line":686,"column":12},"end":{"line":686,"column":40}},"208":{"start":{"line":691,"column":8},"end":{"line":691,"column":46}},"209":{"start":{"line":695,"column":8},"end":{"line":695,"column":52}},"210":{"start":{"line":699,"column":8},"end":{"line":699,"column":40}},"211":{"start":{"line":705,"column":8},"end":{"line":705,"column":54}},"212":{"start":{"line":706,"column":8},"end":{"line":706,"column":47}},"213":{"start":{"line":708,"column":8},"end":{"line":708,"column":31792}},"214":{"start":{"line":709,"column":13},"end":{"line":709,"column":31846}},"215":{"start":{"line":710,"column":13},"end":{"line":710,"column":31901}},"216":{"start":{"line":711,"column":13},"end":{"line":711,"column":31959}},"217":{"start":{"line":712,"column":13},"end":{"line":712,"column":32017}},"218":{"start":{"line":713,"column":13},"end":{"line":713,"column":32067}},"219":{"start":{"line":714,"column":13},"end":{"line":714,"column":32117}},"220":{"start":{"line":715,"column":13},"end":{"line":715,"column":32178}},"221":{"start":{"line":716,"column":13},"end":{"line":716,"column":32232}},"222":{"start":{"line":717,"column":13},"end":{"line":717,"column":32289}},"223":{"start":{"line":718,"column":13},"end":{"line":718,"column":32343}},"224":{"start":{"line":719,"column":13},"end":{"line":719,"column":32400}},"225":{"start":{"line":720,"column":13},"end":{"line":720,"column":32457}},"226":{"start":{"line":721,"column":13},"end":{"line":721,"column":32515}},"227":{"start":{"line":722,"column":13},"end":{"line":722,"column":32574}},"228":{"start":{"line":723,"column":13},"end":{"line":723,"column":32630}},"229":{"start":{"line":724,"column":13},"end":{"line":724,"column":32686}},"230":{"start":{"line":725,"column":13},"end":{"line":725,"column":32743}},"231":{"start":{"line":726,"column":13},"end":{"line":726,"column":32802}},"232":{"start":{"line":727,"column":13},"end":{"line":727,"column":60}},"233":{"start":{"line":733,"column":8},"end":{"line":733,"column":54}},"234":{"start":{"line":738,"column":8},"end":{"line":738,"column":54}},"235":{"start":{"line":744,"column":8},"end":{"line":744,"column":54}},"236":{"start":{"line":745,"column":8},"end":{"line":745,"column":38}}},"branchMap":{"1":{"line":119,"type":"if","locations":[{"start":{"line":119,"column":8},"end":{"line":119,"column":8}},{"start":{"line":119,"column":8},"end":{"line":119,"column":8}}]},"2":{"line":124,"type":"if","locations":[{"start":{"line":124,"column":8},"end":{"line":124,"column":8}},{"start":{"line":124,"column":8},"end":{"line":124,"column":8}}]},"3":{"line":129,"type":"if","locations":[{"start":{"line":129,"column":8},"end":{"line":129,"column":8}},{"start":{"line":129,"column":8},"end":{"line":129,"column":8}}]},"4":{"line":134,"type":"if","locations":[{"start":{"line":134,"column":8},"end":{"line":134,"column":8}},{"start":{"line":134,"column":8},"end":{"line":134,"column":8}}]},"5":{"line":139,"type":"if","locations":[{"start":{"line":139,"column":8},"end":{"line":139,"column":8}},{"start":{"line":139,"column":8},"end":{"line":139,"column":8}}]},"6":{"line":141,"type":"if","locations":[{"start":{"line":141,"column":8},"end":{"line":141,"column":8}},{"start":{"line":141,"column":8},"end":{"line":141,"column":8}}]},"7":{"line":143,"type":"if","locations":[{"start":{"line":143,"column":8},"end":{"line":143,"column":8}},{"start":{"line":143,"column":8},"end":{"line":143,"column":8}}]},"8":{"line":145,"type":"if","locations":[{"start":{"line":145,"column":8},"end":{"line":145,"column":8}},{"start":{"line":145,"column":8},"end":{"line":145,"column":8}}]},"9":{"line":224,"type":"if","locations":[{"start":{"line":224,"column":41},"end":{"line":224,"column":41}},{"start":{"line":224,"column":41},"end":{"line":224,"column":41}}]},"10":{"line":224,"type":"if","locations":[{"start":{"line":224,"column":54},"end":{"line":224,"column":54}},{"start":{"line":224,"column":54},"end":{"line":224,"column":54}}]},"11":{"line":225,"type":"if","locations":[{"start":{"line":225,"column":8},"end":{"line":225,"column":8}},{"start":{"line":225,"column":8},"end":{"line":225,"column":8}}]},"12":{"line":244,"type":"if"
[...]
4,"column":12}}]},"10":{"line":184,"type":"cond-expr","locations":[{"start":{"line":184,"column":20},"end":{"line":184,"column":26}},{"start":{"line":184,"column":31},"end":{"line":184,"column":44}}]},"11":{"line":184,"type":"cond-expr","locations":[{"start":{"line":184,"column":20},"end":{"line":184,"column":44}},{"start":{"line":184,"column":49},"end":{"line":184,"column":61}}]},"12":{"line":187,"type":"if","locations":[{"start":{"line":187,"column":12},"end":{"line":187,"column":12}},{"start":{"line":187,"column":12},"end":{"line":187,"column":12}}]},"13":{"line":190,"type":"if","locations":[{"start":{"line":190,"column":12},"end":{"line":190,"column":12}},{"start":{"line":190,"column":12},"end":{"line":190,"column":12}}]},"14":{"line":194,"type":"if","locations":[{"start":{"line":194,"column":12},"end":{"line":194,"column":12}},{"start":{"line":194,"column":12},"end":{"line":194,"column":12}}]},"15":{"line":208,"type":"if","locations":[{"start":{"line":208,"column":66},"end":{"line":208,"column":83}},{"start":{"line":208,"column":87},"end":{"line":208,"column":100}}]},"16":{"line":209,"type":"if","locations":[{"start":{"line":209,"column":8},"end":{"line":209,"column":8}},{"start":{"line":209,"column":8},"end":{"line":209,"column":8}}]},"17":{"line":212,"type":"if","locations":[{"start":{"line":212,"column":12},"end":{"line":212,"column":12}},{"start":{"line":212,"column":12},"end":{"line":212,"column":12}}]},"18":{"line":215,"type":"if","locations":[{"start":{"line":215,"column":12},"end":{"line":215,"column":12}},{"start":{"line":215,"column":12},"end":{"line":215,"column":12}}]},"19":{"line":229,"type":"if","locations":[{"start":{"line":229,"column":8},"end":{"line":229,"column":8}},{"start":{"line":229,"column":8},"end":{"line":229,"column":8}}]},"20":{"line":247,"type":"if","locations":[{"start":{"line":247,"column":8},"end":{"line":247,"column":8}},{"start":{"line":247,"column":8},"end":{"line":247,"column":8}}]},"21":{"line":257,"type":"if","locations":[{"start":{"line":257,"column":12},"end":{"line":257,"column":12}},{"start":{"line":257,"column":12},"end":{"line":257,"column":12}}]},"22":{"line":265,"type":"if","locations":[{"start":{"line":265,"column":16},"end":{"line":265,"column":16}},{"start":{"line":265,"column":16},"end":{"line":265,"column":16}}]},"23":{"line":268,"type":"if","locations":[{"start":{"line":268,"column":16},"end":{"line":268,"column":16}},{"start":{"line":268,"column":16},"end":{"line":268,"column":16}}]},"24":{"line":276,"type":"if","locations":[{"start":{"line":276,"column":16},"end":{"line":276,"column":16}},{"start":{"line":276,"column":16},"end":{"line":276,"column":16}}]},"25":{"line":285,"type":"if","locations":[{"start":{"line":285,"column":16},"end":{"line":285,"column":16}},{"start":{"line":285,"column":16},"end":{"line":285,"column":16}}]},"26":{"line":289,"type":"if","locations":[{"start":{"line":289,"column":19},"end":{"line":289,"column":19}},{"start":{"line":289,"column":19},"end":{"line":289,"column":19}}]},"27":{"line":294,"type":"if","locations":[{"start":{"line":294,"column":16},"end":{"line":294,"column":16}},{"start":{"line":294,"column":16},"end":{"line":294,"column":16}}]},"28":{"line":294,"type":"cond-expr","locations":[{"start":{"line":294,"column":24},"end":{"line":294,"column":49}},{"start":{"line":294,"column":54},"end":{"line":294,"column":96}}]},"29":{"line":295,"type":"if","locations":[{"start":{"line":295,"column":19},"end":{"line":295,"column":19}},{"start":{"line":295,"column":19},"end":{"line":295,"column":19}}]},"30":{"line":304,"type":"if","locations":[{"start":{"line":304,"column":12},"end":{"line":304,"column":12}},{"start":{"line":304,"column":12},"end":{"line":304,"column":12}}]},"31":{"line":321,"type":"if","locations":[{"start":{"line":321,"column":8},"end":{"line":321,"column":8}},{"start":{"line":321,"column":8},"end":{"line":321,"column":8}}]},"32":{"line":331,"type":"if","locations":[{"start":{"line":331,"column":57},"end":{"line":331,"column":57}},{"start":{"line":331,"column":57},"end":{"line":331,"column":57}}]},"33":{"line":332,"type":"if","locations":[{"start":{"line":332,"column":8},"end":{"line":332,"column":8}},{"start":{"line":332,"column":8},"end":{"line":332,"column":8}}]}}},
"contracts/gnosis/GnosisSafeL2.sol":{"l":{"52":2,"53":2,"54":2,"56":2,"69":2,"84":0,"85":0},"path":"/home/yannick/vabble/Original_DAO/contracts/gnosis/GnosisSafeL2.sol","s":{"1":2,"2":2,"3":2,"4":0},"b":{},"f":{"1":2,"2":0},"fnMap":{"1":{"name":"execTransaction","line":40,"loc":{"start":{"line":40,"column":4},"end":{"line":71,"column":4}}},"2":{"name":"execTransactionFromModule","line":78,"loc":{"start":{"line":78,"column":4},"end":{"line":86,"column":4}}}},"statementMap":{"1":{"start":{"line":52,"column":8},"end":{"line":52,"column":35}},"2":{"start":{"line":56,"column":8},"end":{"line":56,"column":2504}},"3":{"start":{"line":69,"column":8},"end":{"line":69,"column":2916}},"4":{"start":{"line":84,"column":8},"end":{"line":84,"column":74}}},"branchMap":{}},
"contracts/gnosis/interfaces/ISignatureValidator.sol":{"l":{},"path":"/home/yannick/vabble/Original_DAO/contracts/gnosis/interfaces/ISignatureValidator.sol","s":{},"b":{},"f":{},"fnMap":{},"statementMap":{},"branchMap":{}},
"contracts/interfaces/IFactoryFilmNFT.sol":{"l":{},"path":"/home/yannick/vabble/Original_DAO/contracts/interfaces/IFactoryFilmNFT.sol","s":{},"b":{},"f":{},"fnMap":{},"statementMap":{},"branchMap":{}},
"contracts/interfaces/IOwnablee.sol":{"l":{},"path":"/home/yannick/vabble/Original_DAO/contracts/interfaces/IOwnablee.sol","s":{},"b":{},"f":{},"fnMap":{},"statementMap":{},"branchMap":{}},
"contracts/interfaces/IProperty.sol":{"l":{},"path":"/home/yannick/vabble/Original_DAO/contracts/interfaces/IProperty.sol","s":{},"b":{},"f":{},"fnMap":{},"statementMap":{},"branchMap":{}},
"contracts/interfaces/IStakingPool.sol":{"l":{},"path":"/home/yannick/vabble/Original_DAO/contracts/interfaces/IStakingPool.sol","s":{},"b":{},"f":{},"fnMap":{},"statementMap":{},"branchMap":{}},
"contracts/interfaces/IUniHelper.sol":{"l":{},"path":"/home/yannick/vabble/Original_DAO/contracts/interfaces/IUniHelper.sol","s":{},"b":{},"f":{},"fnMap":{},"statementMap":{},"branchMap":{}},
"contracts/interfaces/IUniswapV2Factory.sol":{"l":{},"path":"/home/yannick/vabble/Original_DAO/contracts/interfaces/IUniswapV2Factory.sol","s":{},"b":{},"f":{},"fnMap":{},"statementMap":{},"branchMap":{}},
"contracts/interfaces/IUniswapV2Router.sol":{"l":{},"path":"/home/yannick/vabble/Original_DAO/contracts/interfaces/IUniswapV2Router.sol","s":{},"b":{},"f":{},"fnMap":{},"statementMap":{},"branchMap":{}},
"contracts/interfaces/IVabbleDAO.sol":{"l":{},"path":"/home/yannick/vabble/Original_DAO/contracts/interfaces/IVabbleDAO.sol","s":{},"b":{},"f":{},"fnMap":{},"statementMap":{},"branchMap":{}},
"contracts/interfaces/IVabbleFund.sol":{"l":{},"path":"/home/yannick/vabble/Original_DAO/contracts/interfaces/IVabbleFund.sol","s":{},"b":{},"f":{},"fnMap":{},"statementMap":{},"branchMap":{}},
"contracts/interfaces/IVote.sol":{"l":{},"path":"/home/yannick/vabble/Original_DAO/contracts/interfaces/IVote.sol","s":{},"b":{},"f":{},"fnMap":{},"statementMap":{},"branchMap":{}},
"contracts/libraries/Arrays.sol":{"l":{"26":111,"27":111,"34":0,"44":0,"45":0,"52":0,"53":0,"63":0,"64":0,"71":111,"72":111,"85":445,"86":445,"89":167,"91":167,"93":167,"94":251,"97":0,"98":0,"102":167,"103":167,"104":167,"113":222,"123":111,"124":111,"132":418,"141":167,"151":251,"156":0,"163":111,"172":0,"181":0},"path":"/home/yannick/vabble/Original_DAO/contracts/libraries/Arrays.sol","s":{"1":111,"2":111,"3":0,"4":0,"5":0,"6":0,"7":0,"8":0,"9":0,"10":111,"11":111,"12":445,"13":278,"14":167,"15":167,"16":167,"17":251,"18":0,"19":167,"20":167,"21":167,"22":111,"23":251},"b":{"1":[278,167],"2":[0,251]},"f":{"1":111,"2":0,"3":0,"4":0,"5":0,"6":111,"7":445,"8":222,"9":111,"10":418,"11":167,"12":251,"13":0,"14":111,"15":0,"16":0},"fnMap":{"1":{"name":"sort","line":22,"loc":{"start":{"line":22,"column":4},"end":{"line":28,"column":4}}},"2":{"name":"sort","line":33,"loc":{"start":{"line":33,"column":4},"end":{"line":35,"column":4}}},"3":{"name":"sort","line":40,"loc":{"start":{"line":40,"column":4},"end":{"line":46,"column":4}}},"4":{"name":"sort","line":51,"loc":{"start":{"line":51,"column":4},"end":{"line":54,"column":4}}},"5":{"name":"sort","line":59,"loc":{"start":{"line":59,"column":4},"end":{"line":65,"column":4}}},"6":{"name":"sort","line":70,"loc":{"start":{"line":70,"column":4},"end":{"line":73,"column":4}}},"7":{"name":"_quickSort","line":84,"loc":{"start":{"line":84,"column":4},"end":{"line":106,"column":4}}},"8":{"name":"_begin","line":111,"loc":{"start":{"line":111,"column":4},"end":{"line":116,"column":4}}},"9":{"name":"_end","line":122,"loc":{"start":{"line":122,"column":4},"end":{"line":126,"column":4}}},"10":{"name":"_mload","line":131,"loc":{"start":{"line":131,"column":4},"end":{"line":135,"column":4}}},"11":{"name":"_swap","line":140,"loc":{"start":{"line":140,"column":4},"end":{"line":147,"column":4}}},"12":{"name":"_defaultComp","line":150,"loc":{"start":{"line":150,"column":4},"end":{"line":152,"column":4}}},"13":{"name":"_castToBytes32Array","line":155,"loc":{"start":{"line":155,"column":4},"end":{"line":159,"column":4}}},"14":{"name":"_castToBytes32Array","line":162,"loc":{"start":{"line":162,"column":4},"end":{"line":166,"column":4}}},"15":{"name":"_castToBytes32Comp","line":169,"loc":{"start":{"line":169,"column":4},"end":{"line":175,"column":4}}},"16":{"name":"_castToBytes32Comp","line":178,"loc":{"start":{"line":178,"column":4},"end":{"line":184,"column":4}}}},"statementMap":{"1":{"start":{"line":26,"column":8},"end":{"line":26,"column":51}},"2":{"start":{"line":27,"column":8},"end":{"line":27,"column":20}},"3":{"start":{"line":34,"column":8},"end":{"line":34,"column":40}},"4":{"start":{"line":44,"column":8},"end":{"line":44,"column":65}},"5":{"start":{"line":45,"column":8},"end":{"line":45,"column":20}},"6":{"start":{"line":52,"column":8},"end":{"line":52,"column":53}},"7":{"start":{"line":53,"column":8},"end":{"line":53,"column":20}},"8":{"start":{"line":63,"column":8},"end":{"line":63,"column":65}},"9":{"start":{"line":64,"column":8},"end":{"line":64,"column":20}},"10":{"start":{"line":71,"column":8},"end":{"line":71,"column":53}},"11":{"start":{"line":72,"column":8},"end":{"line":72,"column":20}},"12":{"start":{"line":86,"column":12},"end":{"line":86,"column":42}},"13":{"start":{"line":86,"column":36},"end":{"line":86,"column":42}},"14":{"start":{"line":89,"column":12},"end":{"line":89,"column":41}},"15":{"start":{"line":91,"column":12},"end":{"line":91,"column":31}},"16":{"start":{"line":93,"column":12},"end":{"line":93,"column":3660}},"17":{"start":{"line":94,"column":16},"end":{"line":94,"column":3736}},"18":{"start":{"line":98,"column":20},"end":{"line":98,"column":33}},"19":{"start":{"line":102,"column":12},"end":{"line":102,"column":28}},"20":{"start":{"line":103,"column":12},"end":{"line":103,"column":39}},"21":{"start":{"line":104,"column":12},"end":{"line":104,"column":44}},"22":{"start":{"line":124,"column":12},"end":{"line":124,"column":54}},"23":{"start":{"line":151,"column":8},"end":{"line":151,"column":20}}},"branchMap":{"1":{"line":86,"type":"if","locations":[{"start":{"line":86,"column":12},"end":{"line":86,"column":12}},{"start":{"line":86,"column":12},"end":{"line":86,"column":12}}]},"2":{"line":94,"type":"if","locations":[{"start":{"line":94,"column":16},"end":{"line":94,"column":16}},{"start":{"line":94,"column":16},"end":{"line":94,"column":16}}]}}},
"contracts/libraries/Helper.sol":{"l":{"31":321,"32":321,"33":321,"41":132,"42":132,"43":132,"52":369,"53":369,"54":369,"58":0,"59":0,"67":0,"68":0,"70":0,"94":32,"115":9,"116":9},"path":"/home/yannick/vabble/Original_DAO/contracts/libraries/Helper.sol","s":{"1":321,"2":321,"3":321,"4":132,"5":132,"6":132,"7":369,"8":369,"9":369,"10":0,"11":0,"12":0,"13":0,"14":0,"15":32,"16":9,"17":9},"b":{"1":[321,0],"2":[321,0],"3":[0,321],"4":[132,0],"5":[132,0],"6":[0,132],"7":[369,0],"8":[369,0],"9":[0,369],"10":[0,0],"11":[0,0],"12":[0,9],"13":[9,0]},"f":{"1":321,"2":132,"3":369,"4":0,"5":0,"6":32,"7":9},"fnMap":{"1":{"name":"safeApprove","line":25,"loc":{"start":{"line":25,"column":4},"end":{"line":34,"column":4}}},"2":{"name":"safeTransfer","line":36,"loc":{"start":{"line":36,"column":4},"end":{"line":44,"column":4}}},"3":{"name":"safeTransferFrom","line":46,"loc":{"start":{"line":46,"column":4},"end":{"line":55,"column":4}}},"4":{"name":"safeTransferETH","line":57,"loc":{"start":{"line":57,"column":4},"end":{"line":60,"column":4}}},"5":{"name":"safeTransferAsset","line":62,"loc":{"start":{"line":62,"column":4},"end":{"line":72,"column":4}}},"6":{"name":"isContract","line":88,"loc":{"start":{"line":88,"column":4},"end":{"line":95,"column":4}}},"7":{"name":"isTestNet","line":114,"loc":{"start":{"line":114,"column":4},"end":{"line":117,"column":4}}}},"statementMap":{"1":{"start":{"line":31,"column":8},"end":{"line":31,"column":46}},"2":{"start":{"line":32,"column":8},"end":{"line":32,"column":101}},"3":{"start":{"line":33,"column":8},"end":{"line":33,"column":120}},"4":{"start":{"line":41,"column":8},"end":{"line":41,"column":46}},"5":{"start":{"line":42,"column":8},"end":{"line":42,"column":101}},"6":{"start":{"line":43,"column":8},"end":{"line":43,"column":117}},"7":{"start":{"line":52,"column":8},"end":{"line":52,"column":46}},"8":{"start":{"line":53,"column":8},"end":{"line":53,"column":107}},"9":{"start":{"line":54,"column":8},"end":{"line":54,"column":121}},"10":{"start":{"line":58,"column":8},"end":{"line":58,"column":62}},"11":{"start":{"line":59,"column":8},"end":{"line":59,"column":74}},"12":{"start":{"line":67,"column":8},"end":{"line":67,"column":2424}},"13":{"start":{"line":68,"column":12},"end":{"line":68,"column":37}},"14":{"start":{"line":70,"column":12},"end":{"line":70,"column":41}},"15":{"start":{"line":94,"column":8},"end":{"line":94,"column":43}},"16":{"start":{"line":115,"column":8},"end":{"line":115,"column":34}},"17":{"start":{"line":116,"column":8},"end":{"line":116,"column":55}}},"branchMap":{"1":{"line":31,"type":"if","locations":[{"start":{"line":31,"column":8},"end":{"line":31,"column":8}},{"start":{"line":31,"column":8},"end":{"line":31,"column":8}}]},"2":{"line":33,"type":"if","locations":[{"start":{"line":33,"column":8},"end":{"line":33,"column":8}},{"start":{"line":33,"column":8},"end":{"line":33,"column":8}}]},"3":{"line":33,"type":"cond-expr","locations":[{"start":{"line":33,"column":28},"end":{"line":33,"column":43}},{"start":{"line":33,"column":48},"end":{"line":33,"column":71}}]},"4":{"line":41,"type":"if","locations":[{"start":{"line":41,"column":8},"end":{"line":41,"column":8}},{"start":{"line":41,"column":8},"end":{"line":41,"column":8}}]},"5":{"line":43,"type":"if","locations":[{"start":{"line":43,"column":8},"end":{"line":43,"column":8}},{"start":{"line":43,"column":8},"end":{"line":43,"column":8}}]},"6":{"line":43,"type":"cond-expr","locations":[{"start":{"line":43,"column":28},"end":{"line":43,"column":43}},{"start":{"line":43,"column":48},"end":{"line":43,"column":71}}]},"7":{"line":52,"type":"if","locations":[{"start":{"line":52,"column":8},"end":{"line":52,"column":8}},{"start":{"line":52,"column":8},"end":{"line":52,"column":8}}]},"8":{"line":54,"type":"if","locations":[{"start":{"line":54,"column":8},"end":{"line":54,"column":8}},{"start":{"line":54,"column":8},"end":{"line":54,"column":8}}]},"9":{"line":54,"type":"cond-expr","locations":[{"start":{"line":54,"column":28},"end":{"line":54,"column":43}},{"start":{"line":54,"column":48},"end":{"line":54,"column":71}}]},"10":{"line":59,"type":"if","locations":[{"start":{"line":59,"column":8},"end":{"line":59,"column":8}},{"start":{"line":59,"column":8},"end":{"line":59,"column":8}}]},"11":{"line":67,"type":"if","locations":[{"start":{"line":67,"column":8},"end":{"line":67,"column":8}},{"start":{"line":67,"column":8},"end":{"line":67,"column":8}}]},"12":{"line":116,"type":"cond-expr","locations":[{"start":{"line":116,"column":15},"end":{"line":116,"column":24}},{"start":{"line":116,"column":29},"end":{"line":116,"column":39}}]},"13":{"line":116,"type":"cond-expr","locations":[{"start":{"line":116,"column":15},"end":{"line":116,"column":39}},{"start":{"line":116,"column":44},"end":{"line":116,"column":54}}]}}},
"contracts/mocks/MockERC1155.sol":{"l":{"11":0,"12":0,"13":0},"path":"/home/yannick/vabble/Original_DAO/contracts/mocks/MockERC1155.sol","s":{"1":0,"2":0,"3":0},"b":{},"f":{"1":0},"fnMap":{"1":{"name":"constructor","line":10,"loc":{"start":{"line":10,"column":4},"end":{"line":14,"column":4}}}},"statementMap":{"1":{"start":{"line":11,"column":8},"end":{"line":11,"column":44}},"2":{"start":{"line":12,"column":8},"end":{"line":12,"column":42}},"3":{"start":{"line":13,"column":8},"end":{"line":13,"column":46}}},"branchMap":{}},
"contracts/mocks/MockERC20.sol":{"l":{"14":0,"18":0,"19":0},"path":"/home/yannick/vabble/Original_DAO/contracts/mocks/MockERC20.sol","s":{"1":0,"2":0,"3":0},"b":{"1":[0,0],"2":[0,0]},"f":{"1":0,"2":0},"fnMap":{"1":{"name":"constructor","line":13,"loc":{"start":{"line":13,"column":4},"end":{"line":15,"column":4}}},"2":{"name":"faucet","line":17,"loc":{"start":{"line":17,"column":4},"end":{"line":20,"column":4}}}},"statementMap":{"1":{"start":{"line":14,"column":8},"end":{"line":14,"column":32}},"2":{"start":{"line":18,"column":8},"end":{"line":18,"column":60}},"3":{"start":{"line":19,"column":8},"end":{"line":19,"column":33}}},"branchMap":{"1":{"line":17,"type":"if","locations":[{"start":{"line":17,"column":46},"end":{"line":17,"column":46}},{"start":{"line":17,"column":46},"end":{"line":17,"column":46}}]},"2":{"line":18,"type":"if","locations":[{"start":{"line":18,"column":8},"end":{"line":18,"column":8}},{"start":{"line":18,"column":8},"end":{"line":18,"column":8}}]}}},
"contracts/mocks/MockERC721.sol":{"l":{"26":0,"27":0,"28":0,"32":0,"33":0,"34":0,"35":0,"44":0,"51":0,"55":0,"59":0},"path":"/home/yannick/vabble/Original_DAO/contracts/mocks/MockERC721.sol","s":{"1":0,"2":0,"3":0,"4":0,"5":0,"6":0,"7":0,"8":0,"9":0,"10":0},"b":{"1":[0,0],"2":[0,0]},"f":{"1":0,"2":0,"3":0,"4":0,"5":0,"6":0,"7":0},"fnMap":{"1":{"name":"constructor","line":19,"loc":{"start":{"line":19,"column":4},"end":{"line":19,"column":84}}},"2":{"name":"mintTo","line":25,"loc":{"start":{"line":25,"column":4},"end":{"line":29,"column":4}}},"3":{"name":"batchMintTo","line":31,"loc":{"start":{"line":31,"column":4},"end":{"line":37,"column":4}}},"4":{"name":"__getNextTokenId","line":43,"loc":{"start":{"line":43,"column":4},"end":{"line":45,"column":4}}},"5":{"name":"__incrementTokenId","line":50,"loc":{"start":{"line":50,"column":4},"end":{"line":52,"column":4}}},"6":{"name":"baseTokenURI","line":54,"loc":{"start":{"line":54,"column":4},"end":{"line":56,"column":4}}},"7":{"name":"tokenURI","line":58,"loc":{"start":{"line":58,"column":4},"end":{"line":60,"column":4}}}},"statementMap":{"1":{"start":{"line":26,"column":8},"end":{"line":26,"column":47}},"2":{"start":{"line":27,"column":8},"end":{"line":27,"column":29}},"3":{"start":{"line":28,"column":8},"end":{"line":28,"column":27}},"4":{"start":{"line":32,"column":8},"end":{"line":32,"column":1040}},"5":{"start":{"line":33,"column":12},"end":{"line":33,"column":51}},"6":{"start":{"line":34,"column":12},"end":{"line":34,"column":33}},"7":{"start":{"line":35,"column":12},"end":{"line":35,"column":31}},"8":{"start":{"line":44,"column":8},"end":{"line":44,"column":37}},"9":{"start":{"line":55,"column":8},"end":{"line":55,"column":74}},"10":{"start":{"line":59,"column":8},"end":{"line":59,"column":83}}},"branchMap":{"1":{"line":25,"type":"if","locations":[{"start":{"line":25,"column":40},"end":{"line":25,"column":40}},{"start":{"line":25,"column":40},"end":{"line":25,"column":40}}]},"2":{"line":31,"type":"if","locations":[{"start":{"line":31,"column":64},"end":{"line":31,"column":64}},{"start":{"line":31,"column":64},"end":{"line":31,"column":64}}]}}}}
