TN:
SF:/home/yannick/vabble/Original_DAO/contracts/dao/FactoryFilmNFT.sol
FN:46,onlyAuditor
FN:50,onlyDeployer
FN:57,constructor
FN:65,initialize
FN:78,setBaseURI
FN:95,setMintInfo
FN:118,deployFilmNFTContract
FN:146,claimNft
FN:158,__mint
FN:167,changeOwner
FN:179,getNFTOwner
FN:183,getTotalSupply
FN:187,getUserTokenIdList
FN:191,getTokenUri
FN:196,getMintInfo
FN:212,getFilmNFTTokenList
FN:216,getVabbleDAO
FNF:17
FNH:3
FNDA:0,onlyAuditor
FNDA:5,onlyDeployer
FNDA:15,constructor
FNDA:5,initialize
FNDA:0,setBaseURI
FNDA:0,setMintInfo
FNDA:0,deployFilmNFTContract
FNDA:0,claimNft
FNDA:0,__mint
FNDA:0,changeOwner
FNDA:0,getNFTOwner
FNDA:0,getTotalSupply
FNDA:0,getUserTokenIdList
FNDA:0,getTokenUri
FNDA:0,getMintInfo
FNDA:0,getFilmNFTTokenList
FNDA:0,getVabbleDAO
DA:47,0
DA:48,0
DA:51,5
DA:52,5
DA:58,15
DA:59,15
DA:66,5
DA:68,5
DA:69,5
DA:70,5
DA:71,5
DA:79,0
DA:80,0
DA:82,0
DA:83,0
DA:85,0
DA:86,0
DA:96,0
DA:98,0
DA:99,0
DA:102,0
DA:104,0
DA:105,0
DA:106,0
DA:107,0
DA:108,0
DA:110,0
DA:119,0
DA:121,0
DA:122,0
DA:124,0
DA:125,0
DA:128,0
DA:130,0
DA:131,0
DA:133,0
DA:134,0
DA:135,0
DA:137,0
DA:139,0
DA:140,0
DA:141,0
DA:143,0
DA:147,0
DA:149,0
DA:150,0
DA:151,0
DA:153,0
DA:154,0
DA:159,0
DA:160,0
DA:162,0
DA:164,0
DA:168,0
DA:170,0
DA:172,0
DA:174,0
DA:176,0
DA:180,0
DA:184,0
DA:188,0
DA:192,0
DA:204,0
DA:205,0
DA:206,0
DA:207,0
DA:208,0
DA:209,0
DA:213,0
DA:217,0
LF:70
LH:9
BRDA:47,1,0,0
BRDA:47,1,1,0
BRDA:51,2,0,5
BRDA:51,2,1,0
BRDA:58,3,0,15
BRDA:58,3,1,0
BRDA:65,4,0,5
BRDA:65,4,1,0
BRDA:66,5,0,5
BRDA:66,5,1,0
BRDA:68,6,0,5
BRDA:68,6,1,0
BRDA:70,7,0,5
BRDA:70,7,1,0
BRDA:78,8,0,0
BRDA:78,8,1,0
BRDA:80,9,0,0
BRDA:80,9,1,0
BRDA:83,10,0,0
BRDA:83,10,1,0
BRDA:95,11,0,0
BRDA:95,11,1,0
BRDA:96,12,0,0
BRDA:96,12,1,0
BRDA:99,13,0,0
BRDA:99,13,1,0
BRDA:102,14,0,0
BRDA:102,14,1,0
BRDA:118,15,0,0
BRDA:118,15,1,0
BRDA:119,16,0,0
BRDA:119,16,1,0
BRDA:122,17,0,0
BRDA:122,17,1,0
BRDA:122,18,0,0
BRDA:122,18,1,0
BRDA:125,19,0,0
BRDA:125,19,1,0
BRDA:128,20,0,0
BRDA:128,20,1,0
BRDA:146,21,0,0
BRDA:146,21,1,0
BRDA:147,22,0,0
BRDA:147,22,1,0
BRDA:150,23,0,0
BRDA:150,23,1,0
BRDA:151,24,0,0
BRDA:151,24,1,0
BRDA:167,25,0,0
BRDA:167,25,1,0
BRDA:170,26,0,0
BRDA:170,26,1,0
BRF:52
BRH:6
end_of_record
TN:
SF:/home/yannick/vabble/Original_DAO/contracts/dao/FactorySubNFT.sol
FN:48,onlyAuditor
FN:54,constructor
FN:68,setBaseURI
FN:85,setMintInfo
FN:104,deploySubNFTContract
FN:115,__mint
FN:151,mintToBatch
FN:164,__handleMintPay
FN:207,lockNFT
FN:222,unlockNFT
FN:237,getExpectedTokenAmount
FN:247,getNFTOwner
FN:252,getTotalSupply
FN:256,getUserTokenIdList
FN:261,getTokenUri
FN:267,getMintInfo
FN:281,getLockInfo
FN:300,onERC721Received
FNF:18
FNH:1
FNDA:0,onlyAuditor
FNDA:15,constructor
FNDA:0,setBaseURI
FNDA:0,setMintInfo
FNDA:0,deploySubNFTContract
FNDA:0,__mint
FNDA:0,mintToBatch
FNDA:0,__handleMintPay
FNDA:0,lockNFT
FNDA:0,unlockNFT
FNDA:0,getExpectedTokenAmount
FNDA:0,getNFTOwner
FNDA:0,getTotalSupply
FNDA:0,getUserTokenIdList
FNDA:0,getTokenUri
FNDA:0,getMintInfo
FNDA:0,getLockInfo
FNDA:0,onERC721Received
DA:49,0
DA:50,0
DA:58,15
DA:59,15
DA:60,15
DA:61,15
DA:69,0
DA:70,0
DA:72,0
DA:73,0
DA:75,0
DA:76,0
DA:86,0
DA:87,0
DA:89,0
DA:91,0
DA:92,0
DA:95,0
DA:96,0
DA:97,0
DA:106,0
DA:108,0
DA:110,0
DA:121,0
DA:122,0
DA:124,0
DA:125,0
DA:126,0
DA:128,0
DA:129,0
DA:130,0
DA:132,0
DA:134,0
DA:135,0
DA:136,0
DA:137,0
DA:138,0
DA:139,0
DA:141,0
DA:143,0
DA:152,0
DA:153,0
DA:154,0
DA:155,0
DA:157,0
DA:159,0
DA:160,0
DA:169,0
DA:170,0
DA:171,0
DA:173,0
DA:174,0
DA:175,0
DA:179,0
DA:180,0
DA:181,0
DA:182,0
DA:185,0
DA:187,0
DA:188,0
DA:189,0
DA:193,0
DA:194,0
DA:195,0
DA:196,0
DA:198,0
DA:199,0
DA:203,0
DA:208,0
DA:209,0
DA:211,0
DA:213,0
DA:214,0
DA:215,0
DA:216,0
DA:218,0
DA:223,0
DA:224,0
DA:226,0
DA:227,0
DA:229,0
DA:231,0
DA:232,0
DA:234,0
DA:241,0
DA:242,0
DA:243,0
DA:248,0
DA:249,0
DA:253,0
DA:257,0
DA:258,0
DA:262,0
DA:263,0
DA:273,0
DA:274,0
DA:275,0
DA:276,0
DA:277,0
DA:289,0
DA:291,0
DA:292,0
DA:293,0
DA:294,0
DA:295,0
DA:296,0
DA:306,0
LF:107
LH:4
BRDA:49,1,0,0
BRDA:49,1,1,0
BRDA:58,2,0,15
BRDA:58,2,1,0
BRDA:60,3,0,15
BRDA:60,3,1,0
BRDA:68,4,0,0
BRDA:68,4,1,0
BRDA:70,5,0,0
BRDA:70,5,1,0
BRDA:73,6,0,0
BRDA:73,6,1,0
BRDA:85,7,0,0
BRDA:85,7,1,0
BRDA:86,8,0,0
BRDA:86,8,1,0
BRDA:87,9,0,0
BRDA:87,9,1,0
BRDA:91,10,0,0
BRDA:91,10,1,0
BRDA:104,11,0,0
BRDA:104,11,1,0
BRDA:104,12,0,0
BRDA:104,12,1,0
BRDA:121,13,0,0
BRDA:121,13,1,0
BRDA:122,14,0,0
BRDA:122,14,1,0
BRDA:124,15,0,0
BRDA:124,15,1,0
BRDA:125,16,0,0
BRDA:125,16,1,0
BRDA:126,17,0,0
BRDA:126,17,1,0
BRDA:130,18,0,0
BRDA:130,18,1,0
BRDA:139,19,0,0
BRDA:139,19,1,0
BRDA:151,20,0,0
BRDA:151,20,1,0
BRDA:153,21,0,0
BRDA:153,21,1,0
BRDA:154,22,0,0
BRDA:154,22,1,0
BRDA:155,23,0,0
BRDA:155,23,1,0
BRDA:171,24,0,0
BRDA:171,24,1,0
BRDA:179,25,0,0
BRDA:179,25,1,0
BRDA:180,26,0,0
BRDA:180,26,1,0
BRDA:181,27,0,0
BRDA:181,27,1,0
BRDA:188,28,0,0
BRDA:188,28,1,0
BRDA:195,29,0,0
BRDA:195,29,1,0
BRDA:203,30,0,0
BRDA:203,30,1,0
BRDA:207,31,0,0
BRDA:207,31,1,0
BRDA:208,32,0,0
BRDA:208,32,1,0
BRDA:209,33,0,0
BRDA:209,33,1,0
BRDA:222,34,0,0
BRDA:222,34,1,0
BRDA:223,35,0,0
BRDA:223,35,1,0
BRDA:224,36,0,0
BRDA:224,36,1,0
BRDA:227,37,0,0
BRDA:227,37,1,0
BRDA:242,38,0,0
BRDA:242,38,1,0
BRDA:248,39,0,0
BRDA:248,39,1,0
BRDA:257,40,0,0
BRDA:257,40,1,0
BRDA:262,41,0,0
BRDA:262,41,1,0
BRDA:273,42,0,0
BRDA:273,42,1,0
BRDA:289,43,0,0
BRDA:289,43,1,0
BRF:86
BRH:2
end_of_record
TN:
SF:/home/yannick/vabble/Original_DAO/contracts/dao/FactoryTierNFT.sol
FN:41,onlyAuditor
FN:48,constructor
FN:65,setBaseURI
FN:81,setTierInfo
FN:117,deployTierNFTContract
FN:135,mintTierNft
FN:167,getUserTierNFTs
FN:171,getNFTOwner
FN:179,getTotalSupply
FN:186,getTierTokenIdList
FN:193,getUserTokenIdList
FN:201,getTokenUri
FNF:12
FNH:1
FNDA:0,onlyAuditor
FNDA:15,constructor
FNDA:0,setBaseURI
FNDA:0,setTierInfo
FNDA:0,deployTierNFTContract
FNDA:0,mintTierNft
FNDA:0,getUserTierNFTs
FNDA:0,getNFTOwner
FNDA:0,getTotalSupply
FNDA:0,getTierTokenIdList
FNDA:0,getUserTokenIdList
FNDA:0,getTokenUri
DA:42,0
DA:43,0
DA:53,15
DA:54,15
DA:55,15
DA:56,15
DA:57,15
DA:58,15
DA:66,0
DA:67,0
DA:69,0
DA:70,0
DA:72,0
DA:73,0
DA:82,0
DA:84,0
DA:85,0
DA:86,0
DA:88,0
DA:89,0
DA:90,0
DA:91,0
DA:93,0
DA:94,0
DA:97,0
DA:98,0
DA:100,0
DA:102,0
DA:103,0
DA:106,0
DA:108,0
DA:118,0
DA:119,0
DA:120,0
DA:122,0
DA:123,0
DA:125,0
DA:127,0
DA:128,0
DA:129,0
DA:131,0
DA:136,0
DA:137,0
DA:139,0
DA:140,0
DA:141,0
DA:142,0
DA:143,0
DA:144,0
DA:145,0
DA:148,0
DA:149,0
DA:150,0
DA:155,0
DA:156,0
DA:157,0
DA:159,0
DA:160,0
DA:161,0
DA:163,0
DA:168,0
DA:176,0
DA:183,0
DA:190,0
DA:198,0
DA:206,0
LF:66
LH:6
BRDA:42,1,0,0
BRDA:42,1,1,0
BRDA:53,2,0,15
BRDA:53,2,1,0
BRDA:55,3,0,15
BRDA:55,3,1,0
BRDA:57,4,0,15
BRDA:57,4,1,0
BRDA:65,5,0,0
BRDA:65,5,1,0
BRDA:67,6,0,0
BRDA:67,6,1,0
BRDA:70,7,0,0
BRDA:70,7,1,0
BRDA:81,8,0,0
BRDA:81,8,1,0
BRDA:84,9,0,0
BRDA:84,9,1,0
BRDA:85,10,0,0
BRDA:85,10,1,0
BRDA:86,11,0,0
BRDA:86,11,1,0
BRDA:90,12,0,0
BRDA:90,12,1,0
BRDA:91,13,0,0
BRDA:91,13,1,0
BRDA:94,14,0,0
BRDA:94,14,1,0
BRDA:98,15,0,0
BRDA:98,15,1,0
BRDA:100,16,0,0
BRDA:100,16,1,0
BRDA:100,17,0,0
BRDA:100,17,1,0
BRDA:117,18,0,0
BRDA:117,18,1,0
BRDA:118,19,0,0
BRDA:118,19,1,0
BRDA:119,20,0,0
BRDA:119,20,1,0
BRDA:120,21,0,0
BRDA:120,21,1,0
BRDA:135,22,0,0
BRDA:135,22,1,0
BRDA:136,23,0,0
BRDA:136,23,1,0
BRDA:137,24,0,0
BRDA:137,24,1,0
BRDA:142,25,0,0
BRDA:142,25,1,0
BRDA:143,26,0,0
BRDA:143,26,1,0
BRDA:148,27,0,0
BRDA:148,27,1,0
BRDA:155,28,0,0
BRDA:155,28,1,0
BRDA:157,29,0,0
BRDA:157,29,1,0
BRF:58
BRH:3
end_of_record
TN:
SF:/home/yannick/vabble/Original_DAO/contracts/dao/MultiSigWallet.sol
FNF:0
FNH:0
LF:0
LH:0
BRF:0
BRH:0
end_of_record
TN:
SF:/home/yannick/vabble/Original_DAO/contracts/dao/Ownablee.sol
FN:25,onlyAuditor
FN:30,onlyDeployer
FN:35,onlyVote
FN:40,onlyDAO
FN:45,onlyStakingPool
FN:50,constructor
FN:69,setup
FN:81,transferAuditor
FN:87,replaceAuditor
FN:92,addDepositAsset
FN:104,removeDepositAsset
FN:123,isDepositAsset
FN:127,getDepositAssetList
FN:132,changeVABWallet
FN:139,addToStudioPool
FN:146,depositVABToEdgePool
FN:153,withdrawVABFromEdgePool
FN:162,getVoteAddress
FN:166,getVabbleDAO
FN:170,getStakingPoolAddress
FNF:20
FNH:19
FNDA:16,onlyAuditor
FNDA:10,onlyDeployer
FNDA:4,onlyVote
FNDA:14,onlyDAO
FNDA:4,onlyStakingPool
FNDA:43,constructor
FNDA:9,setup
FNDA:3,transferAuditor
FNDA:3,replaceAuditor
FNDA:9,addDepositAsset
FNDA:4,removeDepositAsset
FNDA:89,isDepositAsset
FNDA:12,getDepositAssetList
FNDA:0,changeVABWallet
FNDA:13,addToStudioPool
FNDA:6,depositVABToEdgePool
FNDA:3,withdrawVABFromEdgePool
FNDA:2,getVoteAddress
FNDA:2,getVabbleDAO
FNDA:2,getStakingPoolAddress
DA:26,16
DA:27,13
DA:31,10
DA:32,9
DA:36,4
DA:37,3
DA:41,14
DA:42,13
DA:46,4
DA:47,3
DA:51,43
DA:54,43
DA:56,42
DA:58,42
DA:59,41
DA:60,41
DA:61,40
DA:62,40
DA:63,39
DA:65,39
DA:66,39
DA:71,9
DA:73,8
DA:74,7
DA:75,7
DA:76,6
DA:77,6
DA:78,5
DA:82,3
DA:84,1
DA:88,3
DA:89,1
DA:93,9
DA:94,8
DA:96,7
DA:97,20
DA:99,15
DA:100,15
DA:105,4
DA:107,3
DA:108,4
DA:110,3
DA:111,5
DA:112,3
DA:113,3
DA:115,3
DA:117,3
DA:124,89
DA:128,12
DA:133,0
DA:134,0
DA:136,0
DA:140,13
DA:142,12
DA:147,6
DA:149,5
DA:154,3
DA:155,3
DA:156,2
DA:158,3
DA:163,2
DA:167,2
DA:171,2
LF:63
LH:60
BRDA:26,1,0,13
BRDA:26,1,1,3
BRDA:31,2,0,9
BRDA:31,2,1,1
BRDA:36,3,0,3
BRDA:36,3,1,1
BRDA:41,4,0,13
BRDA:41,4,1,1
BRDA:46,5,0,3
BRDA:46,5,1,1
BRDA:54,6,0,42
BRDA:54,6,1,1
BRDA:58,7,0,41
BRDA:58,7,1,1
BRDA:60,8,0,40
BRDA:60,8,1,1
BRDA:62,9,0,39
BRDA:62,9,1,1
BRDA:69,10,0,9
BRDA:69,10,1,1
BRDA:71,11,0,8
BRDA:71,11,1,1
BRDA:73,12,0,7
BRDA:73,12,1,1
BRDA:75,13,0,6
BRDA:75,13,1,1
BRDA:77,14,0,5
BRDA:77,14,1,1
BRDA:81,15,0,3
BRDA:81,15,1,1
BRDA:82,16,0,1
BRDA:82,16,1,2
BRDA:87,17,0,3
BRDA:87,17,1,1
BRDA:88,18,0,1
BRDA:88,18,1,2
BRDA:93,19,0,8
BRDA:93,19,1,1
BRDA:93,20,0,3
BRDA:93,20,1,5
BRDA:94,21,0,7
BRDA:94,21,1,1
BRDA:97,22,0,5
BRDA:97,22,1,15
BRDA:104,23,0,4
BRDA:104,23,1,1
BRDA:105,24,0,3
BRDA:105,24,1,1
BRDA:108,25,0,1
BRDA:108,25,1,3
BRDA:111,26,0,3
BRDA:111,26,1,2
BRDA:132,27,0,0
BRDA:132,27,1,0
BRDA:133,28,0,0
BRDA:133,28,1,0
BRDA:139,29,0,13
BRDA:139,29,1,1
BRDA:140,30,0,12
BRDA:140,30,1,1
BRDA:146,31,0,6
BRDA:146,31,1,1
BRDA:147,32,0,5
BRDA:147,32,1,1
BRDA:153,33,0,3
BRDA:153,33,1,1
BRDA:155,34,0,2
BRDA:155,34,1,1
BRF:68
BRH:64
end_of_record
TN:
SF:/home/yannick/vabble/Original_DAO/contracts/dao/Property.sol
FN:118,onlyVote
FN:123,onlyDeployer
FN:128,onlyStaker
FN:133,onlyMajor
FN:138,constructor
FN:224,updateForTesting
FN:245,proposalAuditor
FN:274,__paidFee
FN:292,proposalRewardFund
FN:323,proposalFilmBoard
FN:350,removeFilmBoardMember
FN:362,__removeBoardMember
FN:374,getGovProposalList
FN:393,getAgentProposerStakeAmount
FN:398,getGovProposalInfo
FN:414,getGovProposalStr
FN:427,proposalProperty
FN:540,getPropertyProposalList
FN:565,getPropertyProposalInfo
FN:581,getPropertyProposalStr
FN:593,updatePropertyProposal
FN:660,updateGovProposal
FN:690,checkGovWhitelist
FN:694,checkPropertyWhitelist
FN:698,getAllGovProposalInfo
FN:704,updatePropertyForTesting
FN:732,updateDAOFundForTesting
FN:737,updateAvailableVABForTesting
FN:743,addAddressToFilmBoardForTesting
FNF:29
FNH:11
FNDA:0,onlyVote
FNDA:8,onlyDeployer
FNDA:5,onlyStaker
FNDA:0,onlyMajor
FNDA:15,constructor
FNDA:0,updateForTesting
FNDA:0,proposalAuditor
FNDA:5,__paidFee
FNDA:0,proposalRewardFund
FNDA:0,proposalFilmBoard
FNDA:0,removeFilmBoardMember
FNDA:0,__removeBoardMember
FNDA:0,getGovProposalList
FNDA:0,getAgentProposerStakeAmount
FNDA:0,getGovProposalInfo
FNDA:0,getGovProposalStr
FNDA:5,proposalProperty
FNDA:0,getPropertyProposalList
FNDA:2,getPropertyProposalInfo
FNDA:0,getPropertyProposalStr
FNDA:0,updatePropertyProposal
FNDA:0,updateGovProposal
FNDA:141,checkGovWhitelist
FNDA:0,checkPropertyWhitelist
FNDA:0,getAllGovProposalInfo
FNDA:4,updatePropertyForTesting
FNDA:2,updateDAOFundForTesting
FNDA:1,updateAvailableVABForTesting
FNDA:1,addAddressToFilmBoardForTesting
DA:119,0
DA:120,0
DA:124,8
DA:125,8
DA:129,5
DA:130,5
DA:134,0
DA:135,0
DA:139,15
DA:140,15
DA:141,15
DA:142,15
DA:143,15
DA:144,15
DA:145,15
DA:146,15
DA:148,15
DA:149,15
DA:150,15
DA:151,15
DA:152,15
DA:153,15
DA:154,15
DA:155,15
DA:156,15
DA:158,15
DA:159,15
DA:160,15
DA:161,15
DA:162,15
DA:163,15
DA:165,15
DA:166,15
DA:167,15
DA:168,15
DA:169,15
DA:170,15
DA:172,15
DA:173,15
DA:175,15
DA:199,15
DA:225,0
DA:227,0
DA:228,0
DA:229,0
DA:230,0
DA:231,0
DA:232,0
DA:233,0
DA:234,0
DA:236,0
DA:237,0
DA:247,0
DA:248,0
DA:249,0
DA:251,0
DA:253,0
DA:254,0
DA:255,0
DA:256,0
DA:257,0
DA:258,0
DA:259,0
DA:261,0
DA:263,0
DA:264,0
DA:265,0
DA:266,0
DA:267,0
DA:269,0
DA:275,5
DA:276,5
DA:277,5
DA:279,5
DA:281,5
DA:282,5
DA:283,5
DA:285,5
DA:294,0
DA:295,0
DA:297,0
DA:299,0
DA:300,0
DA:301,0
DA:302,0
DA:303,0
DA:304,0
DA:305,0
DA:307,0
DA:309,0
DA:310,0
DA:311,0
DA:312,0
DA:313,0
DA:315,0
DA:325,0
DA:326,0
DA:328,0
DA:330,0
DA:331,0
DA:332,0
DA:333,0
DA:334,0
DA:335,0
DA:336,0
DA:338,0
DA:340,0
DA:341,0
DA:342,0
DA:343,0
DA:344,0
DA:346,0
DA:351,0
DA:352,0
DA:353,0
DA:355,0
DA:357,0
DA:359,0
DA:363,0
DA:364,0
DA:365,0
DA:366,0
DA:367,0
DA:375,0
DA:377,0
DA:378,0
DA:379,0
DA:380,0
DA:382,0
DA:384,0
DA:386,0
DA:388,0
DA:394,0
DA:403,0
DA:404,0
DA:405,0
DA:406,0
DA:407,0
DA:408,0
DA:409,0
DA:411,0
DA:415,0
DA:416,0
DA:417,0
DA:419,0
DA:429,5
DA:430,5
DA:431,5
DA:433,5
DA:435,5
DA:436,5
DA:437,0
DA:438,0
DA:439,0
DA:441,0
DA:442,0
DA:443,0
DA:445,0
DA:446,0
DA:447,0
DA:449,0
DA:450,0
DA:451,0
DA:453,0
DA:454,0
DA:455,0
DA:457,0
DA:458,0
DA:459,0
DA:461,0
DA:462,0
DA:463,0
DA:465,5
DA:466,5
DA:467,5
DA:469,0
DA:470,0
DA:471,0
DA:473,0
DA:474,0
DA:475,0
DA:477,0
DA:478,0
DA:479,0
DA:481,0
DA:482,0
DA:483,0
DA:485,0
DA:486,0
DA:487,0
DA:489,0
DA:490,0
DA:491,0
DA:493,0
DA:494,0
DA:495,0
DA:497,0
DA:498,0
DA:499,0
DA:501,0
DA:502,0
DA:503,0
DA:505,0
DA:506,0
DA:507,0
DA:509,0
DA:510,0
DA:511,0
DA:513,0
DA:514,0
DA:515,0
DA:517,0
DA:518,0
DA:519,0
DA:522,5
DA:523,5
DA:524,5
DA:525,5
DA:526,5
DA:527,5
DA:528,5
DA:530,5
DA:532,5
DA:533,5
DA:534,5
DA:536,5
DA:541,0
DA:570,2
DA:571,2
DA:572,2
DA:573,2
DA:574,2
DA:575,2
DA:576,2
DA:578,2
DA:586,0
DA:587,0
DA:588,0
DA:590,0
DA:594,0
DA:597,0
DA:600,0
DA:601,0
DA:602,0
DA:604,0
DA:605,0
DA:609,0
DA:610,0
DA:611,0
DA:613,0
DA:615,0
DA:617,0
DA:619,0
DA:621,0
DA:623,0
DA:625,0
DA:627,0
DA:629,0
DA:631,0
DA:633,0
DA:635,0
DA:637,0
DA:639,0
DA:641,0
DA:643,0
DA:645,0
DA:647,0
DA:649,0
DA:651,0
DA:661,0
DA:664,0
DA:667,0
DA:669,0
DA:670,0
DA:672,0
DA:673,0
DA:675,0
DA:676,0
DA:680,0
DA:681,0
DA:682,0
DA:685,0
DA:686,0
DA:691,141
DA:695,0
DA:699,0
DA:705,4
DA:706,4
DA:708,4
DA:733,2
DA:734,2
DA:738,1
DA:739,1
DA:744,1
DA:745,1
DA:746,1
LF:296
LH:85
BRDA:119,1,0,0
BRDA:119,1,1,0
BRDA:124,2,0,8
BRDA:124,2,1,0
BRDA:129,3,0,5
BRDA:129,3,1,0
BRDA:134,4,0,0
BRDA:134,4,1,0
BRDA:139,5,0,15
BRDA:139,5,1,0
BRDA:141,6,0,15
BRDA:141,6,1,0
BRDA:143,7,0,15
BRDA:143,7,1,0
BRDA:145,8,0,15
BRDA:145,8,1,0
BRDA:224,9,0,0
BRDA:224,9,1,0
BRDA:224,10,0,0
BRDA:224,10,1,0
BRDA:225,11,0,0
BRDA:225,11,1,0
BRDA:244,12,0,0
BRDA:244,12,1,0
BRDA:245,13,0,0
BRDA:245,13,1,0
BRDA:247,14,0,0
BRDA:247,14,1,0
BRDA:248,15,0,0
BRDA:248,15,1,0
BRDA:249,16,0,0
BRDA:249,16,1,0
BRDA:279,17,0,5
BRDA:279,17,1,0
BRDA:282,18,0,5
BRDA:282,18,1,0
BRDA:291,19,0,0
BRDA:291,19,1,0
BRDA:292,20,0,0
BRDA:292,20,1,0
BRDA:294,21,0,0
BRDA:294,21,1,0
BRDA:295,22,0,0
BRDA:295,22,1,0
BRDA:322,23,0,0
BRDA:322,23,1,0
BRDA:323,24,0,0
BRDA:323,24,1,0
BRDA:325,25,0,0
BRDA:325,25,1,0
BRDA:326,26,0,0
BRDA:326,26,1,0
BRDA:350,27,0,0
BRDA:350,27,1,0
BRDA:350,28,0,0
BRDA:350,28,1,0
BRDA:351,29,0,0
BRDA:351,29,1,0
BRDA:352,30,0,0
BRDA:352,30,1,0
BRDA:353,31,0,0
BRDA:353,31,1,0
BRDA:364,32,0,0
BRDA:364,32,1,0
BRDA:375,33,0,0
BRDA:375,33,1,0
BRDA:377,34,0,0
BRDA:377,34,1,0
BRDA:383,35,0,0
BRDA:383,35,1,0
BRDA:385,36,0,0
BRDA:385,36,1,0
BRDA:426,37,0,5
BRDA:426,37,1,0
BRDA:427,38,0,5
BRDA:427,38,1,0
BRDA:429,39,0,5
BRDA:429,39,1,0
BRDA:430,40,0,5
BRDA:430,40,1,0
BRDA:431,41,0,5
BRDA:431,41,1,0
BRDA:436,42,0,0
BRDA:436,42,1,5
BRDA:437,43,0,0
BRDA:437,43,1,0
BRDA:440,44,0,0
BRDA:440,44,1,5
BRDA:441,45,0,0
BRDA:441,45,1,0
BRDA:444,46,0,0
BRDA:444,46,1,5
BRDA:445,47,0,0
BRDA:445,47,1,0
BRDA:448,48,0,0
BRDA:448,48,1,5
BRDA:449,49,0,0
BRDA:449,49,1,0
BRDA:452,50,0,0
BRDA:452,50,1,5
BRDA:453,51,0,0
BRDA:453,51,1,0
BRDA:456,52,0,0
BRDA:456,52,1,5
BRDA:457,53,0,0
BRDA:457,53,1,0
BRDA:460,54,0,0
BRDA:460,54,1,5
BRDA:461,55,0,0
BRDA:461,55,1,0
BRDA:464,56,0,5
BRDA:464,56,1,0
BRDA:465,57,0,5
BRDA:465,57,1,0
BRDA:468,58,0,0
BRDA:468,58,1,0
BRDA:469,59,0,0
BRDA:469,59,1,0
BRDA:472,60,0,0
BRDA:472,60,1,0
BRDA:473,61,0,0
BRDA:473,61,1,0
BRDA:476,62,0,0
BRDA:476,62,1,0
BRDA:477,63,0,0
BRDA:477,63,1,0
BRDA:480,64,0,0
BRDA:480,64,1,0
BRDA:481,65,0,0
BRDA:481,65,1,0
BRDA:484,66,0,0
BRDA:484,66,1,0
BRDA:485,67,0,0
BRDA:485,67,1,0
BRDA:488,68,0,0
BRDA:488,68,1,0
BRDA:489,69,0,0
BRDA:489,69,1,0
BRDA:492,70,0,0
BRDA:492,70,1,0
BRDA:493,71,0,0
BRDA:493,71,1,0
BRDA:496,72,0,0
BRDA:496,72,1,0
BRDA:497,73,0,0
BRDA:497,73,1,0
BRDA:500,74,0,0
BRDA:500,74,1,0
BRDA:501,75,0,0
BRDA:501,75,1,0
BRDA:504,76,0,0
BRDA:504,76,1,0
BRDA:505,77,0,0
BRDA:505,77,1,0
BRDA:508,78,0,0
BRDA:508,78,1,0
BRDA:509,79,0,0
BRDA:509,79,1,0
BRDA:512,80,0,0
BRDA:512,80,1,0
BRDA:513,81,0,0
BRDA:513,81,1,0
BRDA:516,82,0,0
BRDA:516,82,1,0
BRDA:517,83,0,0
BRDA:517,83,1,0
BRDA:541,84,0,0
BRDA:541,84,1,0
BRDA:542,85,0,0
BRDA:542,85,1,0
BRDA:543,86,0,0
BRDA:543,86,1,0
BRDA:544,87,0,0
BRDA:544,87,1,0
BRDA:545,88,0,0
BRDA:545,88,1,0
BRDA:546,89,0,0
BRDA:546,89,1,0
BRDA:547,90,0,0
BRDA:547,90,1,0
BRDA:548,91,0,0
BRDA:548,91,1,0
BRDA:549,92,0,0
BRDA:549,92,1,0
BRDA:550,93,0,0
BRDA:550,93,1,0
BRDA:551,94,0,0
BRDA:551,94,1,0
BRDA:552,95,0,0
BRDA:552,95,1,0
BRDA:553,96,0,0
BRDA:553,96,1,0
BRDA:554,97,0,0
BRDA:554,97,1,0
BRDA:555,98,0,0
BRDA:555,98,1,0
BRDA:556,99,0,0
BRDA:556,99,1,0
BRDA:557,100,0,0
BRDA:557,100,1,0
BRDA:558,101,0,0
BRDA:558,101,1,0
BRDA:559,102,0,0
BRDA:559,102,1,0
BRDA:560,103,0,0
BRDA:560,103,1,0
BRDA:561,104,0,0
BRDA:561,104,1,0
BRDA:593,105,0,0
BRDA:593,105,1,0
BRDA:600,106,0,0
BRDA:600,106,1,0
BRDA:609,107,0,0
BRDA:609,107,1,0
BRDA:610,108,0,0
BRDA:610,108,1,0
BRDA:612,109,0,0
BRDA:612,109,1,0
BRDA:614,110,0,0
BRDA:614,110,1,0
BRDA:616,111,0,0
BRDA:616,111,1,0
BRDA:618,112,0,0
BRDA:618,112,1,0
BRDA:620,113,0,0
BRDA:620,113,1,0
BRDA:622,114,0,0
BRDA:622,114,1,0
BRDA:624,115,0,0
BRDA:624,115,1,0
BRDA:626,116,0,0
BRDA:626,116,1,0
BRDA:628,117,0,0
BRDA:628,117,1,0
BRDA:630,118,0,0
BRDA:630,118,1,0
BRDA:632,119,0,0
BRDA:632,119,1,0
BRDA:634,120,0,0
BRDA:634,120,1,0
BRDA:636,121,0,0
BRDA:636,121,1,0
BRDA:638,122,0,0
BRDA:638,122,1,0
BRDA:640,123,0,0
BRDA:640,123,1,0
BRDA:642,124,0,0
BRDA:642,124,1,0
BRDA:644,125,0,0
BRDA:644,125,1,0
BRDA:646,126,0,0
BRDA:646,126,1,0
BRDA:648,127,0,0
BRDA:648,127,1,0
BRDA:650,128,0,0
BRDA:650,128,1,0
BRDA:660,129,0,0
BRDA:660,129,1,0
BRDA:667,130,0,0
BRDA:667,130,1,0
BRDA:671,131,0,0
BRDA:671,131,1,0
BRDA:680,132,0,0
BRDA:680,132,1,0
BRDA:685,133,0,0
BRDA:685,133,1,0
BRDA:704,134,0,4
BRDA:704,134,1,0
BRDA:705,135,0,4
BRDA:705,135,1,0
BRDA:706,136,0,4
BRDA:706,136,1,0
BRDA:708,137,0,0
BRDA:708,137,1,4
BRDA:709,138,0,0
BRDA:709,138,1,4
BRDA:710,139,0,0
BRDA:710,139,1,4
BRDA:711,140,0,0
BRDA:711,140,1,4
BRDA:712,141,0,0
BRDA:712,141,1,4
BRDA:713,142,0,0
BRDA:713,142,1,4
BRDA:714,143,0,0
BRDA:714,143,1,4
BRDA:715,144,0,0
BRDA:715,144,1,4
BRDA:716,145,0,0
BRDA:716,145,1,4
BRDA:717,146,0,0
BRDA:717,146,1,4
BRDA:718,147,0,0
BRDA:718,147,1,4
BRDA:719,148,0,0
BRDA:719,148,1,4
BRDA:720,149,0,0
BRDA:720,149,1,4
BRDA:721,150,0,0
BRDA:721,150,1,4
BRDA:722,151,0,0
BRDA:722,151,1,4
BRDA:723,152,0,0
BRDA:723,152,1,4
BRDA:724,153,0,0
BRDA:724,153,1,4
BRDA:725,154,0,0
BRDA:725,154,1,4
BRDA:726,155,0,2
BRDA:726,155,1,2
BRDA:727,156,0,2
BRDA:727,156,1,0
BRDA:732,157,0,2
BRDA:732,157,1,0
BRDA:733,158,0,2
BRDA:733,158,1,0
BRDA:737,159,0,1
BRDA:737,159,1,0
BRDA:738,160,0,1
BRDA:738,160,1,0
BRDA:743,161,0,1
BRDA:743,161,1,0
BRDA:744,162,0,1
BRDA:744,162,1,0
BRF:324
BRH:52
end_of_record
TN:
SF:/home/yannick/vabble/Original_DAO/contracts/dao/StakingPool.sol
FN:75,onlyVote
FN:80,onlyDAO
FN:85,onlyAuditor
FN:90,onlyDeployer
FN:95,onlyNormal
FN:100,constructor
FN:106,initialize
FN:119,addRewardToPool
FN:129,stakeVAB
FN:154,unstakeVAB
FN:193,withdrawReward
FN:226,__withdrawReward
FN:243,calcRewardAmount
FN:256,__calcProposalTimeIntervals
FN:333,__getProposalVoteCount
FN:374,__updateMinProposalIndex
FN:386,calcRealizedRewards
FN:418,calcPendingRewards
FN:452,__calcRewards
FN:471,__rewardPercent
FN:477,calculateAPR
FN:513,depositVAB
FN:524,pendingWithdraw
FN:540,approvePendingWithdraw
FN:554,__transferVABWithdraw
FN:569,checkApprovePendingWithdraw
FN:602,denyPendingWithdraw
FN:618,checkDenyPendingWithDraw
FN:635,sendVAB
FN:653,checkAllocateToPool
FN:675,withdrawAllFund
FN:702,calcMigrationVAB
FN:723,addVotedData
FN:728,updateLastfundProposalCreateTime
FN:733,addProposalData
FN:744,getStakeAmount
FN:749,getRentVABAmount
FN:754,getLimitCount
FN:768,getWithdrawableTime
FN:772,withdrawToOwner
FN:793,getOwnableAddress
FN:797,getVoteAddress
FN:801,getVabbleDaoAddress
FN:805,getPropertyAddress
FN:809,getStakerList
FNF:45
FNH:42
FNDA:5,onlyVote
FNDA:43,onlyDAO
FNDA:13,onlyAuditor
FNDA:11,onlyDeployer
FNDA:215,onlyNormal
FNDA:18,constructor
FNDA:9,initialize
FNDA:105,addRewardToPool
FNDA:59,stakeVAB
FNDA:8,unstakeVAB
FNDA:10,withdrawReward
FNDA:1,__withdrawReward
FNDA:27,calcRewardAmount
FNDA:111,__calcProposalTimeIntervals
FNDA:167,__getProposalVoteCount
FNDA:59,__updateMinProposalIndex
FNDA:104,calcRealizedRewards
FNDA:7,calcPendingRewards
FNDA:167,__calcRewards
FNDA:112,__rewardPercent
FNDA:0,calculateAPR
FNDA:41,depositVAB
FNDA:10,pendingWithdraw
FNDA:4,approvePendingWithdraw
FNDA:4,__transferVABWithdraw
FNDA:0,checkApprovePendingWithdraw
FNDA:3,denyPendingWithdraw
FNDA:0,checkDenyPendingWithDraw
FNDA:24,sendVAB
FNDA:3,checkAllocateToPool
FNDA:3,withdrawAllFund
FNDA:8,calcMigrationVAB
FNDA:4,addVotedData
FNDA:17,updateLastfundProposalCreateTime
FNDA:68,addProposalData
FNDA:14,getStakeAmount
FNDA:1,getRentVABAmount
FNDA:2,getLimitCount
FNDA:1,getWithdrawableTime
FNDA:1,withdrawToOwner
FNDA:1,getOwnableAddress
FNDA:1,getVoteAddress
FNDA:1,getVabbleDaoAddress
FNDA:1,getPropertyAddress
FNDA:3,getStakerList
DA:76,5
DA:77,4
DA:81,43
DA:82,41
DA:86,13
DA:87,10
DA:91,11
DA:92,10
DA:96,215
DA:97,213
DA:101,18
DA:102,18
DA:108,9
DA:110,8
DA:111,7
DA:112,7
DA:113,6
DA:114,6
DA:115,5
DA:120,105
DA:122,104
DA:123,104
DA:125,104
DA:130,59
DA:132,58
DA:133,58
DA:135,57
DA:137,57
DA:138,57
DA:139,55
DA:140,55
DA:142,57
DA:143,57
DA:144,57
DA:146,57
DA:148,57
DA:150,57
DA:155,8
DA:157,8
DA:158,8
DA:159,8
DA:160,7
DA:163,5
DA:164,5
DA:165,0
DA:169,5
DA:171,5
DA:172,5
DA:173,5
DA:175,5
DA:176,4
DA:177,4
DA:180,4
DA:181,4
DA:182,4
DA:183,4
DA:184,4
DA:189,5
DA:194,10
DA:195,9
DA:197,7
DA:198,7
DA:200,6
DA:201,1
DA:204,5
DA:205,5
DA:207,3
DA:208,1
DA:209,1
DA:210,1
DA:211,1
DA:213,1
DA:215,1
DA:217,1
DA:219,2
DA:221,1
DA:227,1
DA:229,1
DA:230,1
DA:231,1
DA:233,1
DA:234,1
DA:236,1
DA:239,1
DA:244,27
DA:246,27
DA:248,26
DA:250,2
DA:252,24
DA:257,111
DA:258,111
DA:259,111
DA:260,111
DA:263,111
DA:264,111
DA:265,111
DA:266,28
DA:267,28
DA:271,111
DA:273,111
DA:276,111
DA:278,111
DA:279,28
DA:281,28
DA:282,28
DA:283,28
DA:285,28
DA:286,28
DA:288,28
DA:291,111
DA:294,111
DA:338,167
DA:339,167
DA:340,167
DA:341,167
DA:342,167
DA:344,167
DA:345,84
DA:347,84
DA:348,56
DA:349,56
DA:350,30
DA:352,30
DA:355,0
DA:359,0
DA:363,26
DA:365,26
DA:371,167
DA:375,59
DA:376,59
DA:377,59
DA:378,0
DA:379,0
DA:380,0
DA:387,104
DA:389,104
DA:391,104
DA:393,104
DA:394,104
DA:395,104
DA:396,104
DA:397,104
DA:399,148
DA:400,148
DA:404,148
DA:405,148
DA:407,148
DA:408,44
DA:409,44
DA:412,148
DA:415,104
DA:419,7
DA:421,7
DA:423,7
DA:425,7
DA:426,7
DA:427,7
DA:428,7
DA:429,7
DA:431,19
DA:432,19
DA:436,19
DA:437,19
DA:439,19
DA:440,12
DA:441,12
DA:443,7
DA:446,19
DA:449,7
DA:453,167
DA:454,167
DA:455,112
DA:457,112
DA:460,112
DA:461,112
DA:464,112
DA:465,1
DA:472,112
DA:473,112
DA:484,0
DA:485,0
DA:486,0
DA:489,0
DA:490,0
DA:493,0
DA:494,0
DA:498,0
DA:499,0
DA:500,0
DA:501,0
DA:503,0
DA:504,0
DA:508,0
DA:514,41
DA:515,41
DA:517,40
DA:518,40
DA:520,40
DA:525,10
DA:526,10
DA:527,9
DA:529,8
DA:530,8
DA:531,8
DA:533,7
DA:534,7
DA:536,7
DA:541,4
DA:543,3
DA:545,3
DA:546,3
DA:547,4
DA:550,2
DA:555,4
DA:556,4
DA:557,3
DA:558,3
DA:560,3
DA:562,3
DA:563,3
DA:564,3
DA:566,3
DA:570,0
DA:571,0
DA:572,0
DA:573,0
DA:574,0
DA:575,0
DA:576,0
DA:577,0
DA:578,0
DA:581,0
DA:582,0
DA:585,0
DA:586,0
DA:589,0
DA:592,0
DA:594,0
DA:595,0
DA:598,0
DA:603,3
DA:606,2
DA:607,2
DA:608,2
DA:609,1
DA:611,1
DA:612,1
DA:615,1
DA:619,0
DA:620,0
DA:621,0
DA:622,0
DA:625,0
DA:626,0
DA:629,0
DA:638,24
DA:639,24
DA:640,24
DA:641,24
DA:642,26
DA:644,25
DA:645,25
DA:648,23
DA:650,23
DA:654,3
DA:655,3
DA:656,3
DA:657,3
DA:658,1
DA:661,2
DA:664,2
DA:666,2
DA:667,1
DA:670,1
DA:676,3
DA:677,3
DA:678,2
DA:680,1
DA:682,1
DA:684,1
DA:685,1
DA:686,1
DA:687,1
DA:688,1
DA:692,1
DA:695,1
DA:697,1
DA:699,1
DA:703,8
DA:705,7
DA:706,7
DA:709,7
DA:710,6
DA:711,6
DA:712,6
DA:715,7
DA:716,7
DA:719,7
DA:724,4
DA:729,17
DA:734,68
DA:736,67
DA:737,67
DA:738,67
DA:740,67
DA:745,14
DA:750,1
DA:755,2
DA:756,2
DA:758,2
DA:759,2
DA:760,1
DA:763,1
DA:769,1
DA:773,1
DA:775,1
DA:777,1
DA:780,1
DA:781,1
DA:783,1
DA:786,1
DA:789,1
DA:794,1
DA:798,1
DA:802,1
DA:806,1
DA:810,3
LF:327
LH:282
BRDA:76,1,0,4
BRDA:76,1,1,1
BRDA:81,2,0,41
BRDA:81,2,1,2
BRDA:86,3,0,10
BRDA:86,3,1,3
BRDA:91,4,0,10
BRDA:91,4,1,1
BRDA:96,5,0,213
BRDA:96,5,1,2
BRDA:101,6,0,18
BRDA:101,6,1,0
BRDA:106,7,0,9
BRDA:106,7,1,0
BRDA:108,8,0,8
BRDA:108,8,1,1
BRDA:110,9,0,7
BRDA:110,9,1,1
BRDA:112,10,0,6
BRDA:112,10,1,1
BRDA:114,11,0,5
BRDA:114,11,1,1
BRDA:119,12,0,105
BRDA:119,12,1,1
BRDA:119,13,0,105
BRDA:119,13,1,0
BRDA:120,14,0,104
BRDA:120,14,1,1
BRDA:129,15,0,59
BRDA:129,15,1,1
BRDA:129,16,0,59
BRDA:129,16,1,0
BRDA:130,17,0,58
BRDA:130,17,1,1
BRDA:133,18,0,57
BRDA:133,18,1,1
BRDA:138,19,0,55
BRDA:138,19,1,2
BRDA:154,20,0,8
BRDA:154,20,1,0
BRDA:155,21,0,8
BRDA:155,21,1,0
BRDA:159,22,0,7
BRDA:159,22,1,1
BRDA:160,23,0,5
BRDA:160,23,1,2
BRDA:160,24,0,1
BRDA:160,24,1,4
BRDA:164,25,0,0
BRDA:164,25,1,5
BRDA:175,26,0,4
BRDA:175,26,1,1
BRDA:181,27,0,4
BRDA:181,27,1,0
BRDA:193,28,0,10
BRDA:193,28,1,0
BRDA:194,29,0,9
BRDA:194,29,1,1
BRDA:194,30,0,5
BRDA:194,30,1,4
BRDA:195,31,0,7
BRDA:195,31,1,2
BRDA:198,32,0,6
BRDA:198,32,1,1
BRDA:198,33,0,1
BRDA:198,33,1,5
BRDA:200,34,0,1
BRDA:200,34,1,5
BRDA:201,35,0,0
BRDA:201,35,1,1
BRDA:205,36,0,3
BRDA:205,36,1,2
BRDA:207,37,0,1
BRDA:207,37,1,2
BRDA:219,38,0,1
BRDA:219,38,1,1
BRDA:246,39,0,1
BRDA:246,39,1,26
BRDA:248,40,0,2
BRDA:248,40,1,24
BRDA:266,41,0,28
BRDA:266,41,1,0
BRDA:281,42,0,28
BRDA:281,42,1,0
BRDA:285,43,0,28
BRDA:285,43,1,0
BRDA:347,44,0,56
BRDA:347,44,1,28
BRDA:349,45,0,30
BRDA:349,45,1,26
BRDA:349,46,0,16
BRDA:349,46,1,14
BRDA:350,47,0,30
BRDA:350,47,1,0
BRDA:355,48,0,0
BRDA:355,48,1,0
BRDA:355,49,0,0
BRDA:355,49,1,0
BRDA:363,50,0,26
BRDA:363,50,1,0
BRDA:378,51,0,0
BRDA:378,51,1,0
BRDA:407,52,0,44
BRDA:407,52,1,104
BRDA:439,53,0,12
BRDA:439,53,1,7
BRDA:454,54,0,55
BRDA:454,54,1,112
BRDA:455,55,0,0
BRDA:455,55,1,112
BRDA:464,56,0,1
BRDA:464,56,1,111
BRDA:484,57,0,0
BRDA:484,57,1,0
BRDA:485,58,0,0
BRDA:485,58,1,0
BRDA:486,59,0,0
BRDA:486,59,1,0
BRDA:493,60,0,0
BRDA:493,60,1,0
BRDA:499,61,0,0
BRDA:499,61,1,0
BRDA:500,62,0,0
BRDA:500,62,1,0
BRDA:513,63,0,41
BRDA:513,63,1,0
BRDA:513,64,0,41
BRDA:513,64,1,0
BRDA:514,65,0,41
BRDA:514,65,1,0
BRDA:515,66,0,40
BRDA:515,66,1,1
BRDA:524,67,0,10
BRDA:524,67,1,0
BRDA:525,68,0,10
BRDA:525,68,1,0
BRDA:526,69,0,9
BRDA:526,69,1,1
BRDA:527,70,0,8
BRDA:527,70,1,1
BRDA:531,71,0,7
BRDA:531,71,1,1
BRDA:540,72,0,4
BRDA:540,72,1,1
BRDA:540,73,0,4
BRDA:540,73,1,0
BRDA:541,74,0,3
BRDA:541,74,1,1
BRDA:556,75,0,3
BRDA:556,75,1,1
BRDA:557,76,0,3
BRDA:557,76,1,0
BRDA:558,77,0,3
BRDA:558,77,1,0
BRDA:577,78,0,0
BRDA:577,78,1,0
BRDA:581,79,0,0
BRDA:581,79,1,0
BRDA:585,80,0,0
BRDA:585,80,1,0
BRDA:594,81,0,0
BRDA:594,81,1,0
BRDA:602,82,0,3
BRDA:602,82,1,1
BRDA:602,83,0,3
BRDA:602,83,1,0
BRDA:603,84,0,2
BRDA:603,84,1,1
BRDA:608,85,0,1
BRDA:608,85,1,1
BRDA:609,86,0,1
BRDA:609,86,1,0
BRDA:621,87,0,0
BRDA:621,87,1,0
BRDA:625,88,0,0
BRDA:625,88,1,0
BRDA:635,89,0,24
BRDA:635,89,1,1
BRDA:638,90,0,24
BRDA:638,90,1,0
BRDA:642,91,0,25
BRDA:642,91,1,1
BRDA:657,92,0,1
BRDA:657,92,1,2
BRDA:666,93,0,1
BRDA:666,93,1,1
BRDA:675,94,0,3
BRDA:675,94,1,1
BRDA:675,95,0,3
BRDA:675,95,1,0
BRDA:677,96,0,2
BRDA:677,96,1,1
BRDA:678,97,0,1
BRDA:678,97,1,1
BRDA:684,98,0,1
BRDA:684,98,1,0
BRDA:702,99,0,8
BRDA:702,99,1,0
BRDA:702,100,0,8
BRDA:702,100,1,0
BRDA:703,101,0,7
BRDA:703,101,1,1
BRDA:715,102,0,7
BRDA:715,102,1,0
BRDA:723,103,0,4
BRDA:723,103,1,1
BRDA:728,104,0,17
BRDA:728,104,1,1
BRDA:734,105,0,67
BRDA:734,105,1,1
BRDA:734,106,0,60
BRDA:734,106,1,7
BRDA:759,107,0,1
BRDA:759,107,1,1
BRDA:772,108,0,1
BRDA:772,108,1,1
BRDA:772,109,0,1
BRDA:772,109,1,0
BRDA:773,110,0,1
BRDA:773,110,1,0
BRF:220
BRH:156
end_of_record
TN:
SF:/home/yannick/vabble/Original_DAO/contracts/dao/Subscription.sol
FN:34,onlyAuditor
FN:41,constructor
FN:59,activeSubscription
FN:127,getExpectedSubscriptionAmount
FN:154,isActivedSubscription
FN:160,addDiscountPercent
FN:166,getDiscountPercentList
FNF:7
FNH:1
FNDA:0,onlyAuditor
FNDA:15,constructor
FNDA:0,activeSubscription
FNDA:0,getExpectedSubscriptionAmount
FNDA:0,isActivedSubscription
FNDA:0,addDiscountPercent
FNDA:0,getDiscountPercentList
DA:35,0
DA:36,0
DA:47,15
DA:48,15
DA:49,15
DA:50,15
DA:51,15
DA:52,15
DA:53,15
DA:54,15
DA:60,0
DA:61,0
DA:64,0
DA:65,0
DA:66,0
DA:67,0
DA:68,0
DA:71,0
DA:74,0
DA:75,0
DA:79,0
DA:80,0
DA:81,0
DA:83,0
DA:84,0
DA:85,0
DA:86,0
DA:90,0
DA:92,0
DA:94,0
DA:95,0
DA:97,0
DA:99,0
DA:100,0
DA:103,0
DA:105,0
DA:106,0
DA:109,0
DA:112,0
DA:113,0
DA:114,0
DA:115,0
DA:116,0
DA:118,0
DA:119,0
DA:120,0
DA:123,0
DA:128,0
DA:130,0
DA:131,0
DA:132,0
DA:134,0
DA:135,0
DA:137,0
DA:139,0
DA:141,0
DA:144,0
DA:145,0
DA:147,0
DA:149,0
DA:155,0
DA:161,0
DA:162,0
DA:167,0
LF:64
LH:8
BRDA:35,1,0,0
BRDA:35,1,1,0
BRDA:47,2,0,15
BRDA:47,2,1,0
BRDA:49,3,0,15
BRDA:49,3,1,0
BRDA:51,4,0,15
BRDA:51,4,1,0
BRDA:53,5,0,15
BRDA:53,5,1,0
BRDA:59,6,0,0
BRDA:59,6,1,0
BRDA:60,7,0,0
BRDA:60,7,1,0
BRDA:61,8,0,0
BRDA:61,8,1,0
BRDA:65,9,0,0
BRDA:65,9,1,0
BRDA:66,10,0,0
BRDA:66,10,1,0
BRDA:67,11,0,0
BRDA:67,11,1,0
BRDA:74,12,0,0
BRDA:74,12,1,0
BRDA:83,13,0,0
BRDA:83,13,1,0
BRDA:92,14,0,0
BRDA:92,14,1,0
BRDA:99,15,0,0
BRDA:99,15,1,0
BRDA:103,16,0,0
BRDA:103,16,1,0
BRDA:113,17,0,0
BRDA:113,17,1,0
BRDA:128,18,0,0
BRDA:128,18,1,0
BRDA:134,19,0,0
BRDA:134,19,1,0
BRDA:136,20,0,0
BRDA:136,20,1,0
BRDA:138,21,0,0
BRDA:138,21,1,0
BRDA:144,22,0,0
BRDA:144,22,1,0
BRDA:146,23,0,0
BRDA:146,23,1,0
BRDA:155,24,0,0
BRDA:155,24,1,0
BRDA:160,25,0,0
BRDA:160,25,1,0
BRDA:161,26,0,0
BRDA:161,26,1,0
BRF:52
BRH:4
end_of_record
TN:
SF:/home/yannick/vabble/Original_DAO/contracts/dao/UniHelper.sol
FN:25,onlyDeployer
FN:32,constructor
FN:57,setWhiteList
FN:75,expectedAmount
FN:102,expectedAmountForTest
FN:116,__checkPool
FN:163,swapAsset
FN:221,__swapETHToToken
FN:240,__swapTokenToETH
FN:258,__transferAssetToCaller
FN:274,__approveMaxAsNeeded
FN:282,getUniswapRouter
FN:287,getUniswapFactory
FN:292,getSushiFactory
FN:297,getSushiRouter
FNF:15
FNH:10
FNDA:4,onlyDeployer
FNDA:15,constructor
FNDA:4,setWhiteList
FNDA:5,expectedAmount
FNDA:0,expectedAmountForTest
FNDA:168,__checkPool
FNDA:79,swapAsset
FNDA:79,__swapETHToToken
FNDA:79,__swapTokenToETH
FNDA:158,__transferAssetToCaller
FNDA:158,__approveMaxAsNeeded
FNDA:0,getUniswapRouter
FNDA:0,getUniswapFactory
FNDA:0,getSushiFactory
FNDA:0,getSushiRouter
DA:26,4
DA:27,4
DA:39,15
DA:40,15
DA:41,15
DA:42,15
DA:43,15
DA:44,15
DA:45,15
DA:46,15
DA:47,15
DA:48,15
DA:58,4
DA:60,4
DA:61,4
DA:62,4
DA:63,4
DA:64,4
DA:65,4
DA:66,4
DA:67,4
DA:68,4
DA:69,4
DA:71,4
DA:81,5
DA:82,5
DA:83,0
DA:85,5
DA:86,5
DA:88,5
DA:92,5
DA:93,0
DA:95,5
DA:96,5
DA:98,5
DA:107,0
DA:109,0
DA:110,0
DA:112,0
DA:120,168
DA:121,168
DA:123,168
DA:124,168
DA:126,168
DA:127,84
DA:128,84
DA:130,84
DA:131,84
DA:133,168
DA:134,84
DA:135,84
DA:137,84
DA:138,84
DA:140,168
DA:141,0
DA:142,0
DA:144,0
DA:145,0
DA:148,168
DA:149,168
DA:151,168
DA:152,168
DA:154,0
DA:156,0
DA:158,0
DA:164,79
DA:170,79
DA:173,79
DA:174,79
DA:175,79
DA:177,79
DA:178,79
DA:180,79
DA:182,79
DA:186,79
DA:187,79
DA:188,79
DA:189,79
DA:191,79
DA:193,79
DA:197,79
DA:198,79
DA:227,79
DA:229,79
DA:231,79
DA:246,79
DA:248,79
DA:259,158
DA:260,158
DA:261,0
DA:262,0
DA:263,0
DA:266,158
DA:267,158
DA:268,79
DA:275,158
DA:277,158
DA:283,0
DA:288,0
DA:293,0
DA:298,0
LF:101
LH:81
BRDA:26,1,0,4
BRDA:26,1,1,0
BRDA:39,2,0,15
BRDA:39,2,1,0
BRDA:41,3,0,15
BRDA:41,3,1,0
BRDA:43,4,0,15
BRDA:43,4,1,0
BRDA:45,5,0,15
BRDA:45,5,1,0
BRDA:47,6,0,15
BRDA:47,6,1,0
BRDA:57,7,0,4
BRDA:57,7,1,0
BRDA:58,8,0,4
BRDA:58,8,1,0
BRDA:60,9,0,4
BRDA:60,9,1,0
BRDA:62,10,0,4
BRDA:62,10,1,0
BRDA:64,11,0,4
BRDA:64,11,1,0
BRDA:66,12,0,4
BRDA:66,12,1,0
BRDA:68,13,0,4
BRDA:68,13,1,0
BRDA:82,14,0,0
BRDA:82,14,1,5
BRDA:86,15,0,5
BRDA:86,15,1,0
BRDA:92,16,0,0
BRDA:92,16,1,5
BRDA:96,17,0,5
BRDA:96,17,1,0
BRDA:107,18,0,0
BRDA:107,18,1,0
BRDA:110,19,0,0
BRDA:110,19,1,0
BRDA:126,20,0,84
BRDA:126,20,1,84
BRDA:133,21,0,84
BRDA:133,21,1,84
BRDA:140,22,0,0
BRDA:140,22,1,168
BRDA:151,23,0,168
BRDA:151,23,1,0
BRDA:153,24,0,0
BRDA:153,24,1,0
BRDA:155,25,0,0
BRDA:155,25,1,0
BRDA:157,26,0,0
BRDA:157,26,1,0
BRDA:163,27,0,79
BRDA:163,27,1,0
BRDA:170,28,0,79
BRDA:170,28,1,0
BRDA:174,29,0,79
BRDA:174,29,1,0
BRDA:178,30,0,79
BRDA:178,30,1,0
BRDA:187,31,0,79
BRDA:187,31,1,0
BRDA:189,32,0,79
BRDA:189,32,1,0
BRDA:227,33,0,79
BRDA:227,33,1,0
BRDA:260,34,0,0
BRDA:260,34,1,158
BRDA:262,35,0,0
BRDA:262,35,1,0
BRDA:267,36,0,79
BRDA:267,36,1,79
BRDA:275,37,0,158
BRDA:275,37,1,0
BRF:74
BRH:34
end_of_record
TN:
SF:/home/yannick/vabble/Original_DAO/contracts/dao/VabbleDAO.sol
FN:74,onlyAuditor
FN:79,onlyVote
FN:84,onlyStakingPool
FN:91,constructor
FN:114,proposalFilmCreate
FN:148,proposalFilmUpdate
FN:211,changeOwner
FN:252,__moveToAnotherArray
FN:273,__paidFee
FN:308,approveFilmByVote
FN:332,updateFilmFundPeriod
FN:346,allocateToPool
FN:377,allocateFromEdgePool
FN:394,withdrawVABFromStudioPool
FN:408,checkSetFinalFilms
FN:428,setFinalFilms
FN:446,startNewMonth
FN:450,__setFinalFilm
FN:480,__setFinalAmountToPayees
FN:492,__setFinalAmountToHelpers
FN:509,__addFinalFilmId
FN:517,claimReward
FN:523,__claimAllReward
FN:552,claimAllReward
FN:559,getUserRewardAmountBetweenMonths
FN:571,getAllAvailableRewards
FN:585,getUserRewardAmountForUser
FN:595,getUserFilmIds
FN:600,getFilmStatus
FN:605,getFilmOwner
FN:610,getFilmFund
FN:622,getFilmShare
FN:632,getFilmProposalTime
FN:638,isEnabledClaimer
FN:644,updateEnabledClaimer
FN:651,getFilmIds
FN:656,getPoolUsers
FN:661,getFinalizedFilmIds
FN:665,__updateFinalizeAmountAndLastClaimMonth
FNF:39
FNH:38
FNDA:83,onlyAuditor
FNDA:32,onlyVote
FNDA:4,onlyStakingPool
FNDA:15,constructor
FNDA:82,proposalFilmCreate
FNDA:68,proposalFilmUpdate
FNDA:8,changeOwner
FNDA:10,__moveToAnotherArray
FNDA:79,__paidFee
FNDA:31,approveFilmByVote
FNDA:4,updateFilmFundPeriod
FNDA:26,allocateToPool
FNDA:11,allocateFromEdgePool
FNDA:3,withdrawVABFromStudioPool
FNDA:20,checkSetFinalFilms
FNDA:19,setFinalFilms
FNDA:12,startNewMonth
FNDA:17,__setFinalFilm
FNDA:16,__setFinalAmountToPayees
FNDA:0,__setFinalAmountToHelpers
FNDA:16,__addFinalFilmId
FNDA:6,claimReward
FNDA:5,__claimAllReward
FNDA:2,claimAllReward
FNDA:8,getUserRewardAmountBetweenMonths
FNDA:1,getAllAvailableRewards
FNDA:5,getUserRewardAmountForUser
FNDA:16,getUserFilmIds
FNDA:7,getFilmStatus
FNDA:3,getFilmOwner
FNDA:3,getFilmFund
FNDA:3,getFilmShare
FNDA:4,getFilmProposalTime
FNDA:3,isEnabledClaimer
FNDA:2,updateEnabledClaimer
FNDA:6,getFilmIds
FNDA:10,getPoolUsers
FNDA:2,getFinalizedFilmIds
FNDA:3,__updateFinalizeAmountAndLastClaimMonth
DA:75,83
DA:76,78
DA:80,32
DA:81,31
DA:85,4
DA:86,3
DA:99,15
DA:100,15
DA:101,15
DA:102,15
DA:103,15
DA:104,15
DA:115,82
DA:116,81
DA:117,81
DA:119,80
DA:121,79
DA:123,79
DA:124,79
DA:126,79
DA:127,79
DA:128,79
DA:129,79
DA:130,79
DA:132,79
DA:133,79
DA:135,79
DA:149,68
DA:150,67
DA:151,66
DA:153,65
DA:154,65
DA:155,19
DA:156,18
DA:157,17
DA:159,46
DA:162,61
DA:163,61
DA:164,57
DA:166,4
DA:167,4
DA:170,61
DA:172,60
DA:173,59
DA:175,58
DA:176,58
DA:177,58
DA:178,58
DA:179,58
DA:180,58
DA:181,58
DA:182,58
DA:183,58
DA:184,58
DA:185,58
DA:187,58
DA:188,58
DA:189,58
DA:191,58
DA:194,58
DA:197,58
DA:198,16
DA:200,16
DA:201,4
DA:202,4
DA:203,4
DA:204,4
DA:208,58
DA:212,8
DA:214,8
DA:216,7
DA:217,7
DA:218,7
DA:219,6
DA:220,6
DA:224,7
DA:226,7
DA:227,1
DA:230,7
DA:231,3
DA:234,7
DA:235,3
DA:236,3
DA:238,3
DA:239,0
DA:240,0
DA:243,3
DA:244,3
DA:247,7
DA:249,7
DA:253,10
DA:254,10
DA:255,10
DA:257,10
DA:258,7
DA:259,7
DA:263,10
DA:265,7
DA:267,7
DA:268,7
DA:274,79
DA:275,79
DA:277,79
DA:278,79
DA:279,0
DA:283,79
DA:284,0
DA:285,0
DA:286,0
DA:289,0
DA:291,79
DA:292,79
DA:293,79
DA:297,79
DA:298,79
DA:299,79
DA:301,79
DA:302,79
DA:304,79
DA:309,31
DA:311,30
DA:313,30
DA:314,30
DA:315,28
DA:317,7
DA:318,7
DA:320,21
DA:321,21
DA:324,28
DA:325,28
DA:327,2
DA:333,4
DA:334,3
DA:336,2
DA:338,2
DA:348,26
DA:350,26
DA:351,25
DA:353,24
DA:354,15
DA:356,9
DA:359,23
DA:360,25
DA:361,17
DA:363,16
DA:364,16
DA:366,8
DA:368,7
DA:369,7
DA:373,23
DA:378,11
DA:379,11
DA:381,11
DA:382,11
DA:384,11
DA:385,11
DA:387,11
DA:390,11
DA:395,3
DA:396,3
DA:397,3
DA:398,2
DA:400,2
DA:401,2
DA:404,3
DA:409,20
DA:411,20
DA:413,20
DA:414,20
DA:415,22
DA:416,2
DA:418,20
DA:429,19
DA:431,19
DA:433,17
DA:435,17
DA:436,17
DA:437,17
DA:439,17
DA:440,16
DA:443,16
DA:447,12
DA:451,17
DA:452,17
DA:457,16
DA:458,16
DA:459,16
DA:461,0
DA:462,0
DA:464,0
DA:465,0
DA:466,0
DA:470,0
DA:473,0
DA:476,16
DA:481,16
DA:482,16
DA:483,16
DA:484,16
DA:485,16
DA:487,16
DA:493,0
DA:494,0
DA:495,0
DA:496,0
DA:497,0
DA:498,0
DA:500,0
DA:501,0
DA:502,0
DA:504,0
DA:510,16
DA:511,16
DA:512,16
DA:518,6
DA:520,4
DA:524,5
DA:525,5
DA:527,5
DA:528,5
DA:529,5
DA:530,5
DA:531,5
DA:534,1
DA:537,4
DA:538,4
DA:541,5
DA:542,4
DA:543,3
DA:545,3
DA:546,3
DA:548,3
DA:553,2
DA:554,2
DA:556,1
DA:564,8
DA:565,8
DA:566,8
DA:572,1
DA:574,1
DA:575,1
DA:576,1
DA:577,1
DA:578,1
DA:579,1
DA:582,1
DA:590,5
DA:591,5
DA:596,16
DA:601,7
DA:606,3
DA:615,3
DA:616,3
DA:617,3
DA:618,3
DA:627,3
DA:628,3
DA:633,4
DA:634,4
DA:639,3
DA:645,2
DA:647,1
DA:652,6
DA:657,10
DA:662,2
DA:671,3
DA:674,3
DA:676,3
DA:677,0
DA:679,0
DA:682,0
LF:271
LH:244
BRDA:75,1,0,78
BRDA:75,1,1,5
BRDA:80,2,0,31
BRDA:80,2,1,1
BRDA:85,3,0,3
BRDA:85,3,1,1
BRDA:114,4,0,82
BRDA:114,4,1,0
BRDA:115,5,0,81
BRDA:115,5,1,1
BRDA:116,6,0,81
BRDA:116,6,1,0
BRDA:117,7,0,80
BRDA:117,7,1,1
BRDA:119,8,0,61
BRDA:119,8,1,19
BRDA:119,9,0,60
BRDA:119,9,1,1
BRDA:148,10,0,68
BRDA:148,10,1,0
BRDA:149,11,0,67
BRDA:149,11,1,1
BRDA:150,12,0,66
BRDA:150,12,1,1
BRDA:151,13,0,65
BRDA:151,13,1,1
BRDA:154,14,0,19
BRDA:154,14,1,46
BRDA:155,15,0,18
BRDA:155,15,1,1
BRDA:156,16,0,17
BRDA:156,16,1,1
BRDA:157,17,0,16
BRDA:157,17,1,1
BRDA:159,18,0,45
BRDA:159,18,1,1
BRDA:163,19,0,57
BRDA:163,19,1,4
BRDA:170,20,0,60
BRDA:170,20,1,1
BRDA:172,21,0,59
BRDA:172,21,1,1
BRDA:173,22,0,58
BRDA:173,22,1,1
BRDA:197,23,0,16
BRDA:197,23,1,42
BRDA:200,24,0,4
BRDA:200,24,1,12
BRDA:211,25,0,8
BRDA:211,25,1,0
BRDA:214,26,0,7
BRDA:214,26,1,1
BRDA:217,27,0,7
BRDA:217,27,1,0
BRDA:219,28,0,6
BRDA:219,28,1,0
BRDA:226,29,0,1
BRDA:226,29,1,6
BRDA:230,30,0,3
BRDA:230,30,1,4
BRDA:234,31,0,3
BRDA:234,31,1,4
BRDA:234,32,0,2
BRDA:234,32,1,1
BRDA:238,33,0,0
BRDA:238,33,1,3
BRDA:254,34,0,10
BRDA:254,34,1,0
BRDA:258,35,0,7
BRDA:258,35,1,0
BRDA:263,36,0,3
BRDA:263,36,1,7
BRDA:275,37,0,4
BRDA:275,37,1,75
BRDA:278,38,0,0
BRDA:278,38,1,79
BRDA:283,39,0,0
BRDA:283,39,1,79
BRDA:284,40,0,0
BRDA:284,40,1,0
BRDA:285,41,0,0
BRDA:285,41,1,0
BRDA:292,42,0,79
BRDA:292,42,1,0
BRDA:301,43,0,79
BRDA:301,43,1,0
BRDA:308,44,0,31
BRDA:308,44,1,1
BRDA:309,45,0,30
BRDA:309,45,1,1
BRDA:314,46,0,28
BRDA:314,46,1,2
BRDA:315,47,0,7
BRDA:315,47,1,21
BRDA:332,48,0,4
BRDA:332,48,1,0
BRDA:333,49,0,3
BRDA:333,49,1,1
BRDA:334,50,0,2
BRDA:334,50,1,1
BRDA:345,51,0,26
BRDA:345,51,1,1
BRDA:346,52,0,26
BRDA:346,52,1,0
BRDA:350,53,0,25
BRDA:350,53,1,1
BRDA:351,54,0,24
BRDA:351,54,1,1
BRDA:351,55,0,15
BRDA:351,55,1,9
BRDA:353,56,0,15
BRDA:353,56,1,9
BRDA:360,57,0,17
BRDA:360,57,1,8
BRDA:361,58,0,1
BRDA:361,58,1,16
BRDA:366,59,0,1
BRDA:366,59,1,7
BRDA:377,60,0,11
BRDA:377,60,1,1
BRDA:377,61,0,11
BRDA:377,61,1,0
BRDA:379,62,0,11
BRDA:379,62,1,0
BRDA:385,63,0,0
BRDA:385,63,1,11
BRDA:394,64,0,3
BRDA:394,64,1,1
BRDA:394,65,0,3
BRDA:394,65,1,0
BRDA:397,66,0,2
BRDA:397,66,1,1
BRDA:415,67,0,2
BRDA:415,67,1,20
BRDA:428,68,0,19
BRDA:428,68,1,1
BRDA:428,69,0,19
BRDA:428,69,1,0
BRDA:431,70,0,17
BRDA:431,70,1,2
BRDA:436,71,0,0
BRDA:436,71,1,17
BRDA:436,72,0,0
BRDA:436,72,1,0
BRDA:437,73,0,0
BRDA:437,73,1,17
BRDA:446,74,0,12
BRDA:446,74,1,1
BRDA:446,75,0,12
BRDA:446,75,1,0
BRDA:452,76,0,16
BRDA:452,76,1,1
BRDA:453,77,0,16
BRDA:453,77,1,0
BRDA:458,78,0,16
BRDA:458,78,1,0
BRDA:460,79,0,0
BRDA:460,79,1,0
BRDA:464,80,0,0
BRDA:464,80,1,0
BRDA:470,81,0,0
BRDA:470,81,1,0
BRDA:473,82,0,0
BRDA:473,82,1,0
BRDA:494,83,0,0
BRDA:494,83,1,0
BRDA:498,84,0,0
BRDA:498,84,1,0
BRDA:510,85,0,16
BRDA:510,85,1,0
BRDA:517,86,0,6
BRDA:517,86,1,0
BRDA:518,87,0,4
BRDA:518,87,1,2
BRDA:525,88,0,5
BRDA:525,88,1,0
BRDA:531,89,0,1
BRDA:531,89,1,4
BRDA:541,90,0,4
BRDA:541,90,1,1
BRDA:542,91,0,3
BRDA:542,91,1,1
BRDA:543,92,0,3
BRDA:543,92,1,0
BRDA:552,93,0,2
BRDA:552,93,1,0
BRDA:554,94,0,1
BRDA:554,94,1,1
BRDA:564,95,0,8
BRDA:564,95,1,0
BRDA:639,96,0,2
BRDA:639,96,1,1
BRDA:645,97,0,1
BRDA:645,97,1,1
BRDA:656,98,0,10
BRDA:656,98,1,1
BRDA:657,99,0,6
BRDA:657,99,1,4
BRDA:658,100,0,4
BRDA:658,100,1,0
BRDA:676,101,0,0
BRDA:676,101,1,3
BRF:202
BRH:151
end_of_record
TN:
SF:/home/yannick/vabble/Original_DAO/contracts/dao/VabbleFund.sol
FN:42,onlyDeployer
FN:49,constructor
FN:69,initialize
FN:83,depositToFilm
FN:119,__depositToFilm
FN:153,__assignToken
FN:184,fundProcess
FN:239,withdrawFunding
FN:275,__removeFilmInvestorList
FN:288,__isOverMinAmount
FN:293,__isLessMaxAmount
FN:298,isRaisedFullAmount
FN:310,getUserFundAmountPerFilm
FN:323,getTotalFundAmountPerFilm
FN:333,__getExpectedTokenAmount
FN:344,__getExpectedUsdcAmount
FN:355,getFundProcessedFilmIdList
FN:360,getFilmInvestorList
FN:365,getAllowUserNftCount
FNF:19
FNH:3
FNDA:4,onlyDeployer
FNDA:15,constructor
FNDA:4,initialize
FNDA:0,depositToFilm
FNDA:0,__depositToFilm
FNDA:0,__assignToken
FNDA:0,fundProcess
FNDA:0,withdrawFunding
FNDA:0,__removeFilmInvestorList
FNDA:0,__isOverMinAmount
FNDA:0,__isLessMaxAmount
FNDA:0,isRaisedFullAmount
FNDA:0,getUserFundAmountPerFilm
FNDA:0,getTotalFundAmountPerFilm
FNDA:0,__getExpectedTokenAmount
FNDA:0,__getExpectedUsdcAmount
FNDA:0,getFundProcessedFilmIdList
FNDA:0,getFilmInvestorList
FNDA:0,getAllowUserNftCount
DA:43,4
DA:44,4
DA:56,15
DA:57,15
DA:58,15
DA:59,15
DA:60,15
DA:61,15
DA:62,15
DA:63,15
DA:64,15
DA:65,15
DA:70,4
DA:72,4
DA:73,4
DA:84,0
DA:85,0
DA:87,0
DA:88,0
DA:90,0
DA:91,0
DA:92,0
DA:94,0
DA:95,0
DA:97,0
DA:98,0
DA:100,0
DA:101,0
DA:105,0
DA:106,0
DA:108,0
DA:110,0
DA:113,0
DA:115,0
DA:127,0
DA:128,0
DA:130,0
DA:131,0
DA:132,0
DA:133,0
DA:136,0
DA:137,0
DA:138,0
DA:140,0
DA:141,0
DA:142,0
DA:144,0
DA:145,0
DA:146,0
DA:148,0
DA:154,0
DA:155,0
DA:158,0
DA:159,0
DA:160,0
DA:161,0
DA:162,0
DA:166,0
DA:167,0
DA:170,0
DA:171,0
DA:172,0
DA:173,0
DA:174,0
DA:175,0
DA:178,0
DA:179,0
DA:185,0
DA:186,0
DA:187,0
DA:189,0
DA:190,0
DA:192,0
DA:193,0
DA:194,0
DA:196,0
DA:199,0
DA:200,0
DA:201,0
DA:202,0
DA:203,0
DA:204,0
DA:205,0
DA:206,0
DA:207,0
DA:208,0
DA:210,0
DA:211,0
DA:213,0
DA:214,0
DA:217,0
DA:218,0
DA:221,0
DA:224,0
DA:225,0
DA:226,0
DA:229,0
DA:232,0
DA:233,0
DA:235,0
DA:240,0
DA:241,0
DA:243,0
DA:244,0
DA:245,0
DA:247,0
DA:249,0
DA:250,0
DA:251,0
DA:252,0
DA:253,0
DA:254,0
DA:255,0
DA:256,0
DA:259,0
DA:260,0
DA:261,0
DA:266,0
DA:267,0
DA:268,0
DA:271,0
DA:276,0
DA:277,0
DA:278,0
DA:279,0
DA:280,0
DA:281,0
DA:282,0
DA:289,0
DA:294,0
DA:299,0
DA:301,0
DA:302,0
DA:303,0
DA:305,0
DA:314,0
DA:315,0
DA:316,0
DA:317,0
DA:318,0
DA:324,0
DA:325,0
DA:326,0
DA:327,0
DA:328,0
DA:337,0
DA:338,0
DA:339,0
DA:348,0
DA:349,0
DA:350,0
DA:356,0
DA:361,0
DA:366,0
LF:154
LH:15
BRDA:43,1,0,4
BRDA:43,1,1,0
BRDA:56,2,0,15
BRDA:56,2,1,0
BRDA:58,3,0,15
BRDA:58,3,1,0
BRDA:60,4,0,15
BRDA:60,4,1,0
BRDA:62,5,0,15
BRDA:62,5,1,0
BRDA:64,6,0,15
BRDA:64,6,1,0
BRDA:69,7,0,4
BRDA:69,7,1,0
BRDA:70,8,0,4
BRDA:70,8,1,0
BRDA:72,9,0,4
BRDA:72,9,1,0
BRDA:83,10,0,0
BRDA:83,10,1,0
BRDA:84,11,0,0
BRDA:84,11,1,0
BRDA:85,12,0,0
BRDA:85,12,1,0
BRDA:87,13,0,0
BRDA:87,13,1,0
BRDA:87,14,0,0
BRDA:87,14,1,0
BRDA:88,15,0,0
BRDA:88,15,1,0
BRDA:94,16,0,0
BRDA:94,16,1,0
BRDA:95,17,0,0
BRDA:95,17,1,0
BRDA:100,18,0,0
BRDA:100,18,1,0
BRDA:105,19,0,0
BRDA:105,19,1,0
BRDA:106,20,0,0
BRDA:106,20,1,0
BRDA:108,21,0,0
BRDA:108,21,1,0
BRDA:127,22,0,0
BRDA:127,22,1,0
BRDA:128,23,0,0
BRDA:128,23,1,0
BRDA:128,24,0,0
BRDA:128,24,1,0
BRDA:132,25,0,0
BRDA:132,25,1,0
BRDA:133,26,0,0
BRDA:133,26,1,0
BRDA:135,27,0,0
BRDA:135,27,1,0
BRDA:136,28,0,0
BRDA:136,28,1,0
BRDA:136,29,0,0
BRDA:136,29,1,0
BRDA:140,30,0,0
BRDA:140,30,1,0
BRDA:141,31,0,0
BRDA:141,31,1,0
BRDA:142,32,0,0
BRDA:142,32,1,0
BRDA:146,33,0,0
BRDA:146,33,1,0
BRDA:160,34,0,0
BRDA:160,34,1,0
BRDA:166,35,0,0
BRDA:166,35,1,0
BRDA:171,36,0,0
BRDA:171,36,1,0
BRDA:173,37,0,0
BRDA:173,37,1,0
BRDA:178,38,0,0
BRDA:178,38,1,0
BRDA:184,39,0,0
BRDA:184,39,1,0
BRDA:186,40,0,0
BRDA:186,40,1,0
BRDA:187,41,0,0
BRDA:187,41,1,0
BRDA:190,42,0,0
BRDA:190,42,1,0
BRDA:194,43,0,0
BRDA:194,43,1,0
BRDA:196,44,0,0
BRDA:196,44,1,0
BRDA:204,45,0,0
BRDA:204,45,1,0
BRDA:207,46,0,0
BRDA:207,46,1,0
BRDA:210,47,0,0
BRDA:210,47,1,0
BRDA:213,48,0,0
BRDA:213,48,1,0
BRDA:224,49,0,0
BRDA:224,49,1,0
BRDA:225,50,0,0
BRDA:225,50,1,0
BRDA:239,51,0,0
BRDA:239,51,1,0
BRDA:241,52,0,0
BRDA:241,52,1,0
BRDA:245,53,0,0
BRDA:245,53,1,0
BRDA:247,54,0,0
BRDA:247,54,1,0
BRDA:251,55,0,0
BRDA:251,55,1,0
BRDA:253,56,0,0
BRDA:253,56,1,0
BRDA:254,57,0,0
BRDA:254,57,1,0
BRDA:259,58,0,0
BRDA:259,58,1,0
BRDA:267,59,0,0
BRDA:267,59,1,0
BRDA:277,60,0,0
BRDA:277,60,1,0
BRDA:279,61,0,0
BRDA:279,61,1,0
BRDA:289,62,0,0
BRDA:289,62,1,0
BRDA:294,63,0,0
BRDA:294,63,1,0
BRDA:302,64,0,0
BRDA:302,64,1,0
BRDA:317,65,0,0
BRDA:317,65,1,0
BRDA:327,66,0,0
BRDA:327,66,1,0
BRDA:338,67,0,0
BRDA:338,67,1,0
BRDA:349,68,0,0
BRDA:349,68,1,0
BRF:136
BRH:9
end_of_record
TN:
SF:/home/yannick/vabble/Original_DAO/contracts/dao/VabbleNFT.sol
FN:31,constructor
FN:37,supportsInterface
FN:41,_beforeTokenTransfer
FN:50,contractURI
FN:58,mintTo
FN:69,__getNextTokenId
FN:75,tokenURI
FN:81,transferNFT
FN:86,userTokenIdList
FN:110,totalSupply
FNF:10
FNH:0
FNDA:0,constructor
FNDA:0,supportsInterface
FNDA:0,_beforeTokenTransfer
FNDA:0,contractURI
FNDA:0,mintTo
FNDA:0,__getNextTokenId
FNDA:0,tokenURI
FNDA:0,transferNFT
FNDA:0,userTokenIdList
FNDA:0,totalSupply
DA:32,0
DA:33,0
DA:34,0
DA:38,0
DA:47,0
DA:51,0
DA:60,0
DA:62,0
DA:63,0
DA:65,0
DA:70,0
DA:71,0
DA:76,0
DA:78,0
DA:82,0
DA:83,0
DA:87,0
DA:88,0
DA:89,0
DA:111,0
LF:20
LH:0
BRDA:58,1,0,0
BRDA:58,1,1,0
BRDA:60,2,0,0
BRDA:60,2,1,0
BRDA:76,3,0,0
BRDA:76,3,1,0
BRF:6
BRH:0
end_of_record
TN:
SF:/home/yannick/vabble/Original_DAO/contracts/dao/Vote.sol
FN:66,onlyDeployer
FN:70,onlyStaker
FN:75,constructor
FN:86,initialize
FN:103,voteToFilms
FN:113,__voteToFilm
FN:161,saveProposalWithFilm
FN:167,approveFilms
FN:176,__approveFilm
FN:209,voteToAgent
FN:240,updateAgentStats
FN:273,disputeToAgent
FN:291,isDoubleStaked
FN:304,__paidDoubleFee
FN:323,replaceAuditor
FN:348,voteToFilmBoard
FN:381,addFilmBoard
FN:412,voteToRewardAddress
FN:445,setDAORewardAddress
FN:480,voteToProperty
FN:516,updateProperty
FN:545,__isVotePeriod
FN:555,getLastVoteTime
FNF:23
FNH:9
FNDA:4,onlyDeployer
FNDA:4,onlyStaker
FNDA:15,constructor
FNDA:4,initialize
FNDA:2,voteToFilms
FNDA:2,__voteToFilm
FNDA:58,saveProposalWithFilm
FNDA:0,approveFilms
FNDA:0,__approveFilm
FNDA:0,voteToAgent
FNDA:0,updateAgentStats
FNDA:0,disputeToAgent
FNDA:0,isDoubleStaked
FNDA:0,__paidDoubleFee
FNDA:0,replaceAuditor
FNDA:0,voteToFilmBoard
FNDA:0,addFilmBoard
FNDA:0,voteToRewardAddress
FNDA:0,setDAORewardAddress
FNDA:2,voteToProperty
FNDA:0,updateProperty
FNDA:4,__isVotePeriod
FNDA:0,getLastVoteTime
DA:67,4
DA:68,4
DA:71,4
DA:72,4
DA:76,15
DA:77,15
DA:87,4
DA:89,4
DA:90,4
DA:91,4
DA:92,4
DA:93,4
DA:94,4
DA:95,4
DA:96,4
DA:104,2
DA:105,2
DA:106,2
DA:108,2
DA:109,2
DA:117,2
DA:118,2
DA:119,2
DA:121,2
DA:122,2
DA:124,2
DA:125,2
DA:126,2
DA:128,2
DA:129,2
DA:130,2
DA:132,2
DA:133,0
DA:137,2
DA:138,2
DA:139,2
DA:140,2
DA:142,0
DA:143,0
DA:146,2
DA:148,2
DA:151,2
DA:154,2
DA:158,2
DA:162,58
DA:168,0
DA:169,0
DA:171,0
DA:172,0
DA:177,0
DA:181,0
DA:182,0
DA:183,0
DA:185,0
DA:186,0
DA:187,0
DA:188,0
DA:189,0
DA:191,0
DA:192,0
DA:194,0
DA:196,0
DA:200,0
DA:202,0
DA:210,0
DA:212,0
DA:213,0
DA:215,0
DA:216,0
DA:217,0
DA:218,0
DA:219,0
DA:221,0
DA:222,0
DA:223,0
DA:225,0
DA:226,0
DA:228,0
DA:229,0
DA:232,0
DA:234,0
DA:236,0
DA:241,0
DA:243,0
DA:244,0
DA:246,0
DA:247,0
DA:248,0
DA:250,0
DA:254,0
DA:255,0
DA:257,0
DA:259,0
DA:260,0
DA:262,0
DA:264,0
DA:268,0
DA:274,0
DA:276,0
DA:277,0
DA:280,0
DA:281,0
DA:283,0
DA:286,0
DA:288,0
DA:292,0
DA:293,0
DA:295,0
DA:296,0
DA:298,0
DA:305,0
DA:306,0
DA:307,0
DA:308,0
DA:310,0
DA:311,0
DA:312,0
DA:313,0
DA:315,0
DA:317,0
DA:324,0
DA:326,0
DA:327,0
DA:332,0
DA:333,0
DA:334,0
DA:335,0
DA:338,0
DA:340,0
DA:342,0
DA:349,0
DA:351,0
DA:352,0
DA:353,0
DA:354,0
DA:355,0
DA:356,0
DA:358,0
DA:360,0
DA:361,0
DA:362,0
DA:363,0
DA:365,0
DA:366,0
DA:369,0
DA:371,0
DA:374,0
DA:376,0
DA:378,0
DA:382,0
DA:384,0
DA:385,0
DA:386,0
DA:388,0
DA:389,0
DA:390,0
DA:391,0
DA:395,0
DA:396,0
DA:398,0
DA:400,0
DA:401,0
DA:403,0
DA:405,0
DA:408,0
DA:413,0
DA:415,0
DA:416,0
DA:417,0
DA:418,0
DA:419,0
DA:420,0
DA:422,0
DA:424,0
DA:425,0
DA:426,0
DA:427,0
DA:429,0
DA:430,0
DA:433,0
DA:435,0
DA:438,0
DA:440,0
DA:442,0
DA:446,0
DA:448,0
DA:449,0
DA:450,0
DA:452,0
DA:453,0
DA:454,0
DA:455,0
DA:459,0
DA:460,0
DA:462,0
DA:464,0
DA:465,0
DA:467,0
DA:469,0
DA:472,0
DA:481,2
DA:483,2
DA:484,2
DA:485,2
DA:486,2
DA:487,2
DA:489,2
DA:491,2
DA:492,2
DA:493,2
DA:494,2
DA:496,0
DA:497,0
DA:500,2
DA:502,2
DA:505,2
DA:507,2
DA:509,2
DA:517,0
DA:519,0
DA:520,0
DA:522,0
DA:523,0
DA:524,0
DA:525,0
DA:529,0
DA:530,0
DA:532,0
DA:534,0
DA:535,0
DA:537,0
DA:539,0
DA:542,0
DA:549,4
DA:550,4
DA:556,0
LF:236
LH:60
BRDA:67,1,0,4
BRDA:67,1,1,0
BRDA:71,2,0,4
BRDA:71,2,1,0
BRDA:76,3,0,15
BRDA:76,3,1,0
BRDA:86,4,0,4
BRDA:86,4,1,0
BRDA:87,5,0,4
BRDA:87,5,1,0
BRDA:89,6,0,4
BRDA:89,6,1,0
BRDA:91,7,0,4
BRDA:91,7,1,0
BRDA:93,8,0,4
BRDA:93,8,1,0
BRDA:95,9,0,4
BRDA:95,9,1,0
BRDA:103,10,0,2
BRDA:103,10,1,0
BRDA:103,11,0,2
BRDA:103,11,1,0
BRDA:105,12,0,2
BRDA:105,12,1,0
BRDA:106,13,0,2
BRDA:106,13,1,0
BRDA:117,14,0,2
BRDA:117,14,1,0
BRDA:118,15,0,2
BRDA:118,15,1,0
BRDA:119,16,0,2
BRDA:119,16,1,0
BRDA:119,17,0,2
BRDA:119,17,1,0
BRDA:122,18,0,2
BRDA:122,18,1,0
BRDA:125,19,0,2
BRDA:125,19,1,0
BRDA:126,20,0,2
BRDA:126,20,1,0
BRDA:130,21,0,2
BRDA:130,21,1,0
BRDA:132,22,0,0
BRDA:132,22,1,2
BRDA:138,23,0,2
BRDA:138,23,1,0
BRDA:167,24,0,0
BRDA:167,24,1,0
BRDA:167,25,0,0
BRDA:167,25,1,0
BRDA:169,26,0,0
BRDA:169,26,1,0
BRDA:182,27,0,0
BRDA:182,27,1,0
BRDA:183,28,0,0
BRDA:183,28,1,0
BRDA:188,29,0,0
BRDA:188,29,1,0
BRDA:191,30,0,0
BRDA:191,30,1,0
BRDA:193,31,0,0
BRDA:193,31,1,0
BRDA:209,32,0,0
BRDA:209,32,1,0
BRDA:209,33,0,0
BRDA:209,33,1,0
BRDA:212,34,0,0
BRDA:212,34,1,0
BRDA:212,35,0,0
BRDA:212,35,1,0
BRDA:213,36,0,0
BRDA:213,36,1,0
BRDA:217,37,0,0
BRDA:217,37,1,0
BRDA:218,38,0,0
BRDA:218,38,1,0
BRDA:219,39,0,0
BRDA:219,39,1,0
BRDA:221,40,0,0
BRDA:221,40,1,0
BRDA:240,41,0,0
BRDA:240,41,1,0
BRDA:240,42,0,0
BRDA:240,42,1,0
BRDA:243,43,0,0
BRDA:243,43,1,0
BRDA:244,44,0,0
BRDA:244,44,1,0
BRDA:250,45,0,0
BRDA:250,45,1,0
BRDA:259,46,0,0
BRDA:259,46,1,0
BRDA:261,47,0,0
BRDA:261,47,1,0
BRDA:273,48,0,0
BRDA:273,48,1,0
BRDA:273,49,0,0
BRDA:273,49,1,0
BRDA:276,50,0,0
BRDA:276,50,1,0
BRDA:277,51,0,0
BRDA:277,51,1,0
BRDA:280,52,0,0
BRDA:280,52,1,0
BRDA:281,53,0,0
BRDA:281,53,1,0
BRDA:283,54,0,0
BRDA:283,54,1,0
BRDA:295,55,0,0
BRDA:295,55,1,0
BRDA:310,56,0,0
BRDA:310,56,1,0
BRDA:312,57,0,0
BRDA:312,57,1,0
BRDA:323,58,0,0
BRDA:323,58,1,0
BRDA:323,59,0,0
BRDA:323,59,1,0
BRDA:326,60,0,0
BRDA:326,60,1,0
BRDA:327,61,0,0
BRDA:327,61,1,0
BRDA:334,62,0,0
BRDA:334,62,1,0
BRDA:335,63,0,0
BRDA:335,63,1,0
BRDA:348,64,0,0
BRDA:348,64,1,0
BRDA:348,65,0,0
BRDA:348,65,1,0
BRDA:351,66,0,0
BRDA:351,66,1,0
BRDA:352,67,0,0
BRDA:352,67,1,0
BRDA:353,68,0,0
BRDA:353,68,1,0
BRDA:353,69,0,0
BRDA:353,69,1,0
BRDA:354,70,0,0
BRDA:354,70,1,0
BRDA:355,71,0,0
BRDA:355,71,1,0
BRDA:356,72,0,0
BRDA:356,72,1,0
BRDA:361,73,0,0
BRDA:361,73,1,0
BRDA:381,74,0,0
BRDA:381,74,1,0
BRDA:381,75,0,0
BRDA:381,75,1,0
BRDA:384,76,0,0
BRDA:384,76,1,0
BRDA:385,77,0,0
BRDA:385,77,1,0
BRDA:386,78,0,0
BRDA:386,78,1,0
BRDA:391,79,0,0
BRDA:391,79,1,0
BRDA:400,80,0,0
BRDA:400,80,1,0
BRDA:402,81,0,0
BRDA:402,81,1,0
BRDA:412,82,0,0
BRDA:412,82,1,0
BRDA:412,83,0,0
BRDA:412,83,1,0
BRDA:415,84,0,0
BRDA:415,84,1,0
BRDA:416,85,0,0
BRDA:416,85,1,0
BRDA:417,86,0,0
BRDA:417,86,1,0
BRDA:417,87,0,0
BRDA:417,87,1,0
BRDA:418,88,0,0
BRDA:418,88,1,0
BRDA:419,89,0,0
BRDA:419,89,1,0
BRDA:420,90,0,0
BRDA:420,90,1,0
BRDA:425,91,0,0
BRDA:425,91,1,0
BRDA:445,92,0,0
BRDA:445,92,1,0
BRDA:445,93,0,0
BRDA:445,93,1,0
BRDA:448,94,0,0
BRDA:448,94,1,0
BRDA:449,95,0,0
BRDA:449,95,1,0
BRDA:450,96,0,0
BRDA:450,96,1,0
BRDA:455,97,0,0
BRDA:455,97,1,0
BRDA:464,98,0,0
BRDA:464,98,1,0
BRDA:466,99,0,0
BRDA:466,99,1,0
BRDA:480,100,0,2
BRDA:480,100,1,0
BRDA:480,101,0,2
BRDA:480,101,1,0
BRDA:483,102,0,2
BRDA:483,102,1,0
BRDA:484,103,0,2
BRDA:484,103,1,0
BRDA:485,104,0,2
BRDA:485,104,1,0
BRDA:485,105,0,2
BRDA:485,105,1,0
BRDA:486,106,0,2
BRDA:486,106,1,0
BRDA:487,107,0,2
BRDA:487,107,1,0
BRDA:492,108,0,2
BRDA:492,108,1,0
BRDA:516,109,0,0
BRDA:516,109,1,0
BRDA:516,110,0,0
BRDA:516,110,1,0
BRDA:519,111,0,0
BRDA:519,111,1,0
BRDA:520,112,0,0
BRDA:520,112,1,0
BRDA:525,113,0,0
BRDA:525,113,1,0
BRDA:534,114,0,0
BRDA:534,114,1,0
BRDA:536,115,0,0
BRDA:536,115,1,0
BRDA:549,116,0,4
BRDA:549,116,1,0
BRDA:550,117,0,4
BRDA:550,117,1,0
BRF:234
BRH:34
end_of_record
TN:
SF:/home/yannick/vabble/Original_DAO/contracts/gnosis/base/Executor.sol
FN:9,execute
FNF:1
FNH:1
FNDA:2,execute
DA:16,2
DA:18,0
DA:23,2
LF:3
LH:2
BRDA:16,1,0,0
BRDA:16,1,1,2
BRF:2
BRH:1
end_of_record
TN:
SF:/home/yannick/vabble/Original_DAO/contracts/gnosis/base/FallbackManager.sol
FN:14,internalSetFallbackHandler
FN:26,setFallbackHandler
FN:32,
FNF:3
FNH:0
FNDA:0,internalSetFallbackHandler
FNDA:0,setFallbackHandler
FNDA:0,
DA:15,0
DA:17,0
DA:27,0
DA:28,0
DA:33,0
DA:35,0
LF:6
LH:0
BRDA:26,1,0,0
BRDA:26,1,1,0
BRF:2
BRH:0
end_of_record
TN:
SF:/home/yannick/vabble/Original_DAO/contracts/gnosis/base/GuardManager.sol
FN:34,setGuard
FN:43,getGuard
FNF:2
FNH:1
FNDA:0,setGuard
FNDA:2,getGuard
DA:35,0
DA:37,0
DA:40,0
DA:44,2
DA:46,2
LF:5
LH:2
BRDA:34,1,0,0
BRDA:34,1,1,0
BRF:2
BRH:0
end_of_record
TN:
SF:/home/yannick/vabble/Original_DAO/contracts/gnosis/base/ModuleManager.sol
FN:20,setupModules
FN:32,enableModule
FN:47,disableModule
FN:61,execTransactionFromModule
FN:80,execTransactionFromModuleReturnData
FN:105,isModuleEnabled
FN:114,getModulesPaginated
FNF:7
FNH:1
FNDA:2,setupModules
FNDA:0,enableModule
FNDA:0,disableModule
FNDA:0,execTransactionFromModule
FNDA:0,execTransactionFromModuleReturnData
FNDA:0,isModuleEnabled
FNDA:0,getModulesPaginated
DA:21,2
DA:22,2
DA:23,2
DA:25,0
DA:34,0
DA:36,0
DA:37,0
DA:38,0
DA:39,0
DA:49,0
DA:50,0
DA:51,0
DA:52,0
DA:53,0
DA:68,0
DA:70,0
DA:71,0
DA:86,0
DA:88,0
DA:106,0
DA:116,0
DA:119,0
DA:120,0
DA:121,0
DA:122,0
DA:123,0
DA:124,0
DA:126,0
DA:129,0
LF:29
LH:3
BRDA:21,1,0,2
BRDA:21,1,1,0
BRDA:23,2,0,0
BRDA:23,2,1,2
BRDA:25,3,0,0
BRDA:25,3,1,0
BRDA:32,4,0,0
BRDA:32,4,1,0
BRDA:34,5,0,0
BRDA:34,5,1,0
BRDA:36,6,0,0
BRDA:36,6,1,0
BRDA:47,7,0,0
BRDA:47,7,1,0
BRDA:49,8,0,0
BRDA:49,8,1,0
BRDA:50,9,0,0
BRDA:50,9,1,0
BRDA:68,10,0,0
BRDA:68,10,1,0
BRDA:71,11,0,0
BRDA:71,11,1,0
BRF:22
BRH:2
end_of_record
TN:
SF:/home/yannick/vabble/Original_DAO/contracts/gnosis/base/OwnerManager.sol
FN:22,setupOwners
FN:51,addOwnerWithThreshold
FN:74,removeOwner
FN:98,swapOwner
FN:117,changeThreshold
FN:126,getThreshold
FN:130,isOwner
FN:136,getOwners
FNF:8
FNH:6
FNDA:2,setupOwners
FNDA:1,addOwnerWithThreshold
FNDA:0,removeOwner
FNDA:0,swapOwner
FNDA:1,changeThreshold
FNDA:2,getThreshold
FNDA:4,isOwner
FNDA:2,getOwners
DA:25,2
DA:27,2
DA:29,2
DA:31,2
DA:32,2
DA:34,6
DA:35,6
DA:37,6
DA:38,6
DA:39,6
DA:41,2
DA:42,2
DA:43,2
DA:53,1
DA:55,1
DA:56,1
DA:57,1
DA:58,1
DA:59,1
DA:61,1
DA:76,0
DA:78,0
DA:79,0
DA:80,0
DA:81,0
DA:82,0
DA:83,0
DA:85,0
DA:100,0
DA:102,0
DA:104,0
DA:105,0
DA:106,0
DA:107,0
DA:108,0
DA:109,0
DA:110,0
DA:119,1
DA:121,1
DA:122,1
DA:123,1
DA:127,2
DA:131,4
DA:137,2
DA:140,2
DA:141,2
DA:142,2
DA:143,7
DA:144,7
DA:145,7
DA:147,2
LF:51
LH:34
BRDA:25,1,0,2
BRDA:25,1,1,0
BRDA:27,2,0,2
BRDA:27,2,1,0
BRDA:29,3,0,2
BRDA:29,3,1,0
BRDA:35,4,0,6
BRDA:35,4,1,0
BRDA:37,5,0,6
BRDA:37,5,1,0
BRDA:51,6,0,1
BRDA:51,6,1,0
BRDA:53,7,0,1
BRDA:53,7,1,0
BRDA:55,8,0,1
BRDA:55,8,1,0
BRDA:61,9,0,1
BRDA:61,9,1,0
BRDA:74,10,0,0
BRDA:74,10,1,0
BRDA:76,11,0,0
BRDA:76,11,1,0
BRDA:78,12,0,0
BRDA:78,12,1,0
BRDA:79,13,0,0
BRDA:79,13,1,0
BRDA:85,14,0,0
BRDA:85,14,1,0
BRDA:98,15,0,0
BRDA:98,15,1,0
BRDA:100,16,0,0
BRDA:100,16,1,0
BRDA:102,17,0,0
BRDA:102,17,1,0
BRDA:104,18,0,0
BRDA:104,18,1,0
BRDA:105,19,0,0
BRDA:105,19,1,0
BRDA:117,20,0,1
BRDA:117,20,1,0
BRDA:119,21,0,1
BRDA:119,21,1,0
BRDA:121,22,0,1
BRDA:121,22,1,0
BRF:44
BRH:12
end_of_record
TN:
SF:/home/yannick/vabble/Original_DAO/contracts/gnosis/common/Enum.sol
FNF:0
FNH:0
LF:0
LH:0
BRF:0
BRH:0
end_of_record
TN:
SF:/home/yannick/vabble/Original_DAO/contracts/gnosis/common/EtherPaymentFallback.sol
FNF:0
FNH:0
LF:0
LH:0
BRF:0
BRH:0
end_of_record
TN:
SF:/home/yannick/vabble/Original_DAO/contracts/gnosis/common/SecuredTokenTransfer.sol
FN:11,transferToken
FNF:1
FNH:0
FNDA:0,transferToken
DA:17,0
DA:19,0
LF:2
LH:0
BRF:0
BRH:0
end_of_record
TN:
SF:/home/yannick/vabble/Original_DAO/contracts/gnosis/common/SelfAuthorized.sol
FN:7,requireSelfCall
FN:11,authorized
FNF:2
FNH:2
FNDA:2,requireSelfCall
FNDA:2,authorized
DA:8,2
DA:13,2
DA:14,2
LF:3
LH:3
BRDA:8,1,0,2
BRDA:8,1,1,0
BRF:2
BRH:1
end_of_record
TN:
SF:/home/yannick/vabble/Original_DAO/contracts/gnosis/common/SignatureDecoder.sol
FN:11,signatureSplit
FNF:1
FNH:1
FNDA:6,signatureSplit
DA:24,6
LF:1
LH:1
BRF:0
BRH:0
end_of_record
TN:
SF:/home/yannick/vabble/Original_DAO/contracts/gnosis/common/Singleton.sol
FNF:0
FNH:0
LF:0
LH:0
BRF:0
BRH:0
end_of_record
TN:
SF:/home/yannick/vabble/Original_DAO/contracts/gnosis/common/StorageAccessible.sol
FN:13,getStorageAt
FN:36,simulateAndRevert
FNF:2
FNH:0
FNDA:0,getStorageAt
FNDA:0,simulateAndRevert
DA:14,0
DA:15,0
DA:17,0
DA:22,0
DA:38,0
LF:5
LH:0
BRF:0
BRH:0
end_of_record
TN:
SF:/home/yannick/vabble/Original_DAO/contracts/gnosis/external/GnosisSafeMath.sol
FN:14,mul
FN:31,sub
FN:41,add
FN:51,max
FNF:4
FNH:3
FNDA:2,mul
FNDA:2,sub
FNDA:0,add
FNDA:2,max
DA:18,2
DA:19,0
DA:22,2
DA:23,2
DA:25,2
DA:32,2
DA:33,2
DA:35,2
DA:42,0
DA:43,0
DA:45,0
DA:52,2
LF:12
LH:8
BRDA:18,1,0,0
BRDA:18,1,1,2
BRDA:23,2,0,2
BRDA:23,2,1,0
BRDA:32,3,0,2
BRDA:32,3,1,0
BRDA:43,4,0,0
BRDA:43,4,1,0
BRDA:52,5,0,0
BRDA:52,5,1,2
BRF:10
BRH:4
end_of_record
TN:
SF:/home/yannick/vabble/Original_DAO/contracts/gnosis/GnosisSafe.sol
FN:57,onlySigner
FN:61,onlyDeployer
FN:67,constructor
FN:89,setup
FN:127,execTransaction
FN:200,handlePayment
FN:225,checkSignatures
FN:240,checkNSignatures
FN:318,requiredTxGas
FN:331,approveHash
FN:338,getChainId
FN:347,domainSeparator
FN:363,encodeTransactionData
FN:405,getTransactionHash
FNF:14
FNH:12
FNDA:4,onlySigner
FNDA:2,onlyDeployer
FNDA:9,constructor
FNDA:2,setup
FNDA:2,execTransaction
FNDA:0,handlePayment
FNDA:2,checkSignatures
FNDA:2,checkNSignatures
FNDA:0,requiredTxGas
FNDA:2,approveHash
FNDA:4,getChainId
FNDA:4,domainSeparator
FNDA:4,encodeTransactionData
FNDA:2,getTransactionHash
DA:58,4
DA:59,4
DA:62,2
DA:63,2
DA:68,9
DA:91,2
DA:92,2
DA:94,2
DA:96,2
DA:99,0
DA:101,2
DA:128,2
DA:130,2
DA:131,2
DA:147,2
DA:148,2
DA:149,2
DA:151,2
DA:152,2
DA:153,2
DA:154,0
DA:174,2
DA:176,2
DA:177,2
DA:180,2
DA:181,2
DA:184,2
DA:186,2
DA:187,2
DA:188,0
DA:190,2
DA:193,2
DA:194,2
DA:195,0
DA:208,0
DA:209,0
DA:211,0
DA:212,0
DA:214,0
DA:215,0
DA:227,2
DA:229,2
DA:230,2
DA:247,2
DA:249,2
DA:250,2
DA:251,2
DA:252,2
DA:253,2
DA:254,2
DA:255,2
DA:256,6
DA:257,6
DA:260,0
DA:265,0
DA:268,0
DA:271,0
DA:273,0
DA:276,0
DA:279,0
DA:281,0
DA:285,0
DA:292,0
DA:294,0
DA:298,0
DA:302,6
DA:304,6
DA:305,6
DA:319,0
DA:321,0
DA:322,0
DA:324,0
DA:332,2
DA:333,2
DA:334,2
DA:339,4
DA:341,4
DA:344,4
DA:348,4
DA:375,4
DA:390,4
DA:417,2
LF:82
LH:56
BRDA:58,1,0,4
BRDA:58,1,1,0
BRDA:62,2,0,2
BRDA:62,2,1,0
BRDA:89,3,0,2
BRDA:89,3,1,0
BRDA:92,4,0,0
BRDA:92,4,1,2
BRDA:96,5,0,0
BRDA:96,5,1,2
BRDA:127,6,0,2
BRDA:127,6,1,0
BRDA:153,7,0,0
BRDA:153,7,1,2
BRDA:174,8,0,2
BRDA:174,8,1,0
BRDA:184,9,0,2
BRDA:184,9,1,0
BRDA:184,10,0,2
BRDA:184,10,1,0
BRDA:184,11,0,0
BRDA:184,11,1,0
BRDA:187,12,0,0
BRDA:187,12,1,2
BRDA:190,13,0,2
BRDA:190,13,1,0
BRDA:194,14,0,0
BRDA:194,14,1,2
BRDA:208,15,0,0
BRDA:208,15,1,0
BRDA:209,16,0,0
BRDA:209,16,1,0
BRDA:212,17,0,0
BRDA:212,17,1,0
BRDA:215,18,0,0
BRDA:215,18,1,0
BRDA:229,19,0,2
BRDA:229,19,1,0
BRDA:247,20,0,2
BRDA:247,20,1,0
BRDA:257,21,0,0
BRDA:257,21,1,6
BRDA:265,22,0,0
BRDA:265,22,1,0
BRDA:268,23,0,0
BRDA:268,23,1,0
BRDA:276,24,0,0
BRDA:276,24,1,0
BRDA:285,25,0,0
BRDA:285,25,1,0
BRDA:289,26,0,0
BRDA:289,26,1,6
BRDA:294,27,0,0
BRDA:294,27,1,0
BRDA:294,28,0,0
BRDA:294,28,1,0
BRDA:295,29,0,0
BRDA:295,29,1,6
BRDA:304,30,0,6
BRDA:304,30,1,0
BRDA:321,31,0,0
BRDA:321,31,1,0
BRDA:331,32,0,2
BRDA:331,32,1,0
BRDA:332,33,0,2
BRDA:332,33,1,0
BRF:66
BRH:21
end_of_record
TN:
SF:/home/yannick/vabble/Original_DAO/contracts/gnosis/GnosisSafeL2.sol
FN:40,execTransaction
FN:78,execTransactionFromModule
FNF:2
FNH:1
FNDA:2,execTransaction
FNDA:0,execTransactionFromModule
DA:52,2
DA:53,2
DA:54,2
DA:56,2
DA:69,2
DA:84,0
DA:85,0
LF:7
LH:5
BRF:0
BRH:0
end_of_record
TN:
SF:/home/yannick/vabble/Original_DAO/contracts/gnosis/interfaces/ISignatureValidator.sol
FNF:0
FNH:0
LF:0
LH:0
BRF:0
BRH:0
end_of_record
TN:
SF:/home/yannick/vabble/Original_DAO/contracts/interfaces/IFactoryFilmNFT.sol
FNF:0
FNH:0
LF:0
LH:0
BRF:0
BRH:0
end_of_record
TN:
SF:/home/yannick/vabble/Original_DAO/contracts/interfaces/IOwnablee.sol
FNF:0
FNH:0
LF:0
LH:0
BRF:0
BRH:0
end_of_record
TN:
SF:/home/yannick/vabble/Original_DAO/contracts/interfaces/IProperty.sol
FNF:0
FNH:0
LF:0
LH:0
BRF:0
BRH:0
end_of_record
TN:
SF:/home/yannick/vabble/Original_DAO/contracts/interfaces/IStakingPool.sol
FNF:0
FNH:0
LF:0
LH:0
BRF:0
BRH:0
end_of_record
TN:
SF:/home/yannick/vabble/Original_DAO/contracts/interfaces/IUniHelper.sol
FNF:0
FNH:0
LF:0
LH:0
BRF:0
BRH:0
end_of_record
TN:
SF:/home/yannick/vabble/Original_DAO/contracts/interfaces/IUniswapV2Factory.sol
FNF:0
FNH:0
LF:0
LH:0
BRF:0
BRH:0
end_of_record
TN:
SF:/home/yannick/vabble/Original_DAO/contracts/interfaces/IUniswapV2Router.sol
FNF:0
FNH:0
LF:0
LH:0
BRF:0
BRH:0
end_of_record
TN:
SF:/home/yannick/vabble/Original_DAO/contracts/interfaces/IVabbleDAO.sol
FNF:0
FNH:0
LF:0
LH:0
BRF:0
BRH:0
end_of_record
TN:
SF:/home/yannick/vabble/Original_DAO/contracts/interfaces/IVabbleFund.sol
FNF:0
FNH:0
LF:0
LH:0
BRF:0
BRH:0
end_of_record
TN:
SF:/home/yannick/vabble/Original_DAO/contracts/interfaces/IVote.sol
FNF:0
FNH:0
LF:0
LH:0
BRF:0
BRH:0
end_of_record
TN:
SF:/home/yannick/vabble/Original_DAO/contracts/libraries/Arrays.sol
FN:22,sort
FN:33,sort
FN:40,sort
FN:51,sort
FN:59,sort
FN:70,sort
FN:84,_quickSort
FN:111,_begin
FN:122,_end
FN:131,_mload
FN:140,_swap
FN:150,_defaultComp
FN:155,_castToBytes32Array
FN:162,_castToBytes32Array
FN:169,_castToBytes32Comp
FN:178,_castToBytes32Comp
FNF:16
FNH:9
FNDA:111,sort
FNDA:0,sort
FNDA:0,sort
FNDA:0,sort
FNDA:0,sort
FNDA:111,sort
FNDA:445,_quickSort
FNDA:222,_begin
FNDA:111,_end
FNDA:418,_mload
FNDA:167,_swap
FNDA:251,_defaultComp
FNDA:0,_castToBytes32Array
FNDA:111,_castToBytes32Array
FNDA:0,_castToBytes32Comp
FNDA:0,_castToBytes32Comp
DA:26,111
DA:27,111
DA:34,0
DA:44,0
DA:45,0
DA:52,0
DA:53,0
DA:63,0
DA:64,0
DA:71,111
DA:72,111
DA:85,445
DA:86,445
DA:89,167
DA:91,167
DA:93,167
DA:94,251
DA:97,0
DA:98,0
DA:102,167
DA:103,167
DA:104,167
DA:113,222
DA:123,111
DA:124,111
DA:132,418
DA:141,167
DA:151,251
DA:156,0
DA:163,111
DA:172,0
DA:181,0
LF:32
LH:20
BRDA:86,1,0,278
BRDA:86,1,1,167
BRDA:94,2,0,0
BRDA:94,2,1,251
BRF:4
BRH:3
end_of_record
TN:
SF:/home/yannick/vabble/Original_DAO/contracts/libraries/Helper.sol
FN:25,safeApprove
FN:36,safeTransfer
FN:46,safeTransferFrom
FN:57,safeTransferETH
FN:62,safeTransferAsset
FN:88,isContract
FN:114,isTestNet
FNF:7
FNH:5
FNDA:321,safeApprove
FNDA:132,safeTransfer
FNDA:369,safeTransferFrom
FNDA:0,safeTransferETH
FNDA:0,safeTransferAsset
FNDA:32,isContract
FNDA:9,isTestNet
DA:31,321
DA:32,321
DA:33,321
DA:41,132
DA:42,132
DA:43,132
DA:52,369
DA:53,369
DA:54,369
DA:58,0
DA:59,0
DA:67,0
DA:68,0
DA:70,0
DA:94,32
DA:115,9
DA:116,9
LF:17
LH:12
BRDA:31,1,0,321
BRDA:31,1,1,0
BRDA:33,2,0,321
BRDA:33,2,1,0
BRDA:33,3,0,0
BRDA:33,3,1,321
BRDA:41,4,0,132
BRDA:41,4,1,0
BRDA:43,5,0,132
BRDA:43,5,1,0
BRDA:43,6,0,0
BRDA:43,6,1,132
BRDA:52,7,0,369
BRDA:52,7,1,0
BRDA:54,8,0,369
BRDA:54,8,1,0
BRDA:54,9,0,0
BRDA:54,9,1,369
BRDA:59,10,0,0
BRDA:59,10,1,0
BRDA:67,11,0,0
BRDA:67,11,1,0
BRDA:116,12,0,0
BRDA:116,12,1,9
BRDA:116,13,0,9
BRDA:116,13,1,0
BRF:26
BRH:11
end_of_record
TN:
SF:/home/yannick/vabble/Original_DAO/contracts/mocks/MockERC1155.sol
FN:10,constructor
FNF:1
FNH:0
FNDA:0,constructor
DA:11,0
DA:12,0
DA:13,0
LF:3
LH:0
BRF:0
BRH:0
end_of_record
TN:
SF:/home/yannick/vabble/Original_DAO/contracts/mocks/MockERC20.sol
FN:13,constructor
FN:17,faucet
FNF:2
FNH:0
FNDA:0,constructor
FNDA:0,faucet
DA:14,0
DA:18,0
DA:19,0
LF:3
LH:0
BRDA:17,1,0,0
BRDA:17,1,1,0
BRDA:18,2,0,0
BRDA:18,2,1,0
BRF:4
BRH:0
end_of_record
TN:
SF:/home/yannick/vabble/Original_DAO/contracts/mocks/MockERC721.sol
FN:19,constructor
FN:25,mintTo
FN:31,batchMintTo
FN:43,__getNextTokenId
FN:50,__incrementTokenId
FN:54,baseTokenURI
FN:58,tokenURI
FNF:7
FNH:0
FNDA:0,constructor
FNDA:0,mintTo
FNDA:0,batchMintTo
FNDA:0,__getNextTokenId
FNDA:0,__incrementTokenId
FNDA:0,baseTokenURI
FNDA:0,tokenURI
DA:26,0
DA:27,0
DA:28,0
DA:32,0
DA:33,0
DA:34,0
DA:35,0
DA:44,0
DA:51,0
DA:55,0
DA:59,0
LF:11
LH:0
BRDA:25,1,0,0
BRDA:25,1,1,0
BRDA:31,2,0,0
BRDA:31,2,1,0
BRF:4
BRH:0
end_of_record
