TN:
SF:/home/yannick/vabble/Original_DAO/contracts/dao/FactoryFilmNFT.sol
FN:46,onlyAuditor
FN:50,onlyDeployer
FN:57,constructor
FN:65,initialize
FN:78,setBaseURI
FN:95,setMintInfo
FN:118,deployFilmNFTContract
FN:146,claimNft
FN:158,__mint
FN:167,changeOwner
FN:179,getNFTOwner
FN:183,getTotalSupply
FN:187,getUserTokenIdList
FN:191,getTokenUri
FN:196,getMintInfo
FN:212,getFilmNFTTokenList
FN:216,getVabbleDAO
FNF:17
FNH:3
FNDA:0,onlyAuditor
FNDA:1,onlyDeployer
FNDA:3,constructor
FNDA:1,initialize
FNDA:0,setBaseURI
FNDA:0,setMintInfo
FNDA:0,deployFilmNFTContract
FNDA:0,claimNft
FNDA:0,__mint
FNDA:0,changeOwner
FNDA:0,getNFTOwner
FNDA:0,getTotalSupply
FNDA:0,getUserTokenIdList
FNDA:0,getTokenUri
FNDA:0,getMintInfo
FNDA:0,getFilmNFTTokenList
FNDA:0,getVabbleDAO
DA:47,0
DA:48,0
DA:51,1
DA:52,1
DA:58,3
DA:59,3
DA:66,1
DA:68,1
DA:69,1
DA:70,1
DA:71,1
DA:79,0
DA:80,0
DA:82,0
DA:83,0
DA:85,0
DA:86,0
DA:96,0
DA:98,0
DA:99,0
DA:102,0
DA:104,0
DA:105,0
DA:106,0
DA:107,0
DA:108,0
DA:110,0
DA:119,0
DA:121,0
DA:122,0
DA:124,0
DA:125,0
DA:128,0
DA:130,0
DA:131,0
DA:133,0
DA:134,0
DA:135,0
DA:137,0
DA:139,0
DA:140,0
DA:141,0
DA:143,0
DA:147,0
DA:149,0
DA:150,0
DA:151,0
DA:153,0
DA:154,0
DA:159,0
DA:160,0
DA:162,0
DA:164,0
DA:168,0
DA:170,0
DA:172,0
DA:174,0
DA:176,0
DA:180,0
DA:184,0
DA:188,0
DA:192,0
DA:204,0
DA:205,0
DA:206,0
DA:207,0
DA:208,0
DA:209,0
DA:213,0
DA:217,0
LF:70
LH:9
BRDA:47,1,0,0
BRDA:47,1,1,0
BRDA:51,2,0,1
BRDA:51,2,1,0
BRDA:58,3,0,3
BRDA:58,3,1,0
BRDA:65,4,0,1
BRDA:65,4,1,0
BRDA:66,5,0,1
BRDA:66,5,1,0
BRDA:68,6,0,1
BRDA:68,6,1,0
BRDA:70,7,0,1
BRDA:70,7,1,0
BRDA:78,8,0,0
BRDA:78,8,1,0
BRDA:80,9,0,0
BRDA:80,9,1,0
BRDA:83,10,0,0
BRDA:83,10,1,0
BRDA:95,11,0,0
BRDA:95,11,1,0
BRDA:96,12,0,0
BRDA:96,12,1,0
BRDA:99,13,0,0
BRDA:99,13,1,0
BRDA:102,14,0,0
BRDA:102,14,1,0
BRDA:118,15,0,0
BRDA:118,15,1,0
BRDA:119,16,0,0
BRDA:119,16,1,0
BRDA:122,17,0,0
BRDA:122,17,1,0
BRDA:122,18,0,0
BRDA:122,18,1,0
BRDA:125,19,0,0
BRDA:125,19,1,0
BRDA:128,20,0,0
BRDA:128,20,1,0
BRDA:146,21,0,0
BRDA:146,21,1,0
BRDA:147,22,0,0
BRDA:147,22,1,0
BRDA:150,23,0,0
BRDA:150,23,1,0
BRDA:151,24,0,0
BRDA:151,24,1,0
BRDA:167,25,0,0
BRDA:167,25,1,0
BRDA:170,26,0,0
BRDA:170,26,1,0
BRF:52
BRH:6
end_of_record
TN:
SF:/home/yannick/vabble/Original_DAO/contracts/dao/FactorySubNFT.sol
FN:48,onlyAuditor
FN:54,constructor
FN:68,setBaseURI
FN:85,setMintInfo
FN:104,deploySubNFTContract
FN:115,__mint
FN:151,mintToBatch
FN:164,__handleMintPay
FN:207,lockNFT
FN:222,unlockNFT
FN:237,getExpectedTokenAmount
FN:247,getNFTOwner
FN:252,getTotalSupply
FN:256,getUserTokenIdList
FN:261,getTokenUri
FN:267,getMintInfo
FN:281,getLockInfo
FN:300,onERC721Received
FNF:18
FNH:1
FNDA:0,onlyAuditor
FNDA:3,constructor
FNDA:0,setBaseURI
FNDA:0,setMintInfo
FNDA:0,deploySubNFTContract
FNDA:0,__mint
FNDA:0,mintToBatch
FNDA:0,__handleMintPay
FNDA:0,lockNFT
FNDA:0,unlockNFT
FNDA:0,getExpectedTokenAmount
FNDA:0,getNFTOwner
FNDA:0,getTotalSupply
FNDA:0,getUserTokenIdList
FNDA:0,getTokenUri
FNDA:0,getMintInfo
FNDA:0,getLockInfo
FNDA:0,onERC721Received
DA:49,0
DA:50,0
DA:58,3
DA:59,3
DA:60,3
DA:61,3
DA:69,0
DA:70,0
DA:72,0
DA:73,0
DA:75,0
DA:76,0
DA:86,0
DA:87,0
DA:89,0
DA:91,0
DA:92,0
DA:95,0
DA:96,0
DA:97,0
DA:106,0
DA:108,0
DA:110,0
DA:121,0
DA:122,0
DA:124,0
DA:125,0
DA:126,0
DA:128,0
DA:129,0
DA:130,0
DA:132,0
DA:134,0
DA:135,0
DA:136,0
DA:137,0
DA:138,0
DA:139,0
DA:141,0
DA:143,0
DA:152,0
DA:153,0
DA:154,0
DA:155,0
DA:157,0
DA:159,0
DA:160,0
DA:169,0
DA:170,0
DA:171,0
DA:173,0
DA:174,0
DA:175,0
DA:179,0
DA:180,0
DA:181,0
DA:182,0
DA:185,0
DA:187,0
DA:188,0
DA:189,0
DA:193,0
DA:194,0
DA:195,0
DA:196,0
DA:198,0
DA:199,0
DA:203,0
DA:208,0
DA:209,0
DA:211,0
DA:213,0
DA:214,0
DA:215,0
DA:216,0
DA:218,0
DA:223,0
DA:224,0
DA:226,0
DA:227,0
DA:229,0
DA:231,0
DA:232,0
DA:234,0
DA:241,0
DA:242,0
DA:243,0
DA:248,0
DA:249,0
DA:253,0
DA:257,0
DA:258,0
DA:262,0
DA:263,0
DA:273,0
DA:274,0
DA:275,0
DA:276,0
DA:277,0
DA:289,0
DA:291,0
DA:292,0
DA:293,0
DA:294,0
DA:295,0
DA:296,0
DA:306,0
LF:107
LH:4
BRDA:49,1,0,0
BRDA:49,1,1,0
BRDA:58,2,0,3
BRDA:58,2,1,0
BRDA:60,3,0,3
BRDA:60,3,1,0
BRDA:68,4,0,0
BRDA:68,4,1,0
BRDA:70,5,0,0
BRDA:70,5,1,0
BRDA:73,6,0,0
BRDA:73,6,1,0
BRDA:85,7,0,0
BRDA:85,7,1,0
BRDA:86,8,0,0
BRDA:86,8,1,0
BRDA:87,9,0,0
BRDA:87,9,1,0
BRDA:91,10,0,0
BRDA:91,10,1,0
BRDA:104,11,0,0
BRDA:104,11,1,0
BRDA:104,12,0,0
BRDA:104,12,1,0
BRDA:121,13,0,0
BRDA:121,13,1,0
BRDA:122,14,0,0
BRDA:122,14,1,0
BRDA:124,15,0,0
BRDA:124,15,1,0
BRDA:125,16,0,0
BRDA:125,16,1,0
BRDA:126,17,0,0
BRDA:126,17,1,0
BRDA:130,18,0,0
BRDA:130,18,1,0
BRDA:139,19,0,0
BRDA:139,19,1,0
BRDA:151,20,0,0
BRDA:151,20,1,0
BRDA:153,21,0,0
BRDA:153,21,1,0
BRDA:154,22,0,0
BRDA:154,22,1,0
BRDA:155,23,0,0
BRDA:155,23,1,0
BRDA:171,24,0,0
BRDA:171,24,1,0
BRDA:179,25,0,0
BRDA:179,25,1,0
BRDA:180,26,0,0
BRDA:180,26,1,0
BRDA:181,27,0,0
BRDA:181,27,1,0
BRDA:188,28,0,0
BRDA:188,28,1,0
BRDA:195,29,0,0
BRDA:195,29,1,0
BRDA:203,30,0,0
BRDA:203,30,1,0
BRDA:207,31,0,0
BRDA:207,31,1,0
BRDA:208,32,0,0
BRDA:208,32,1,0
BRDA:209,33,0,0
BRDA:209,33,1,0
BRDA:222,34,0,0
BRDA:222,34,1,0
BRDA:223,35,0,0
BRDA:223,35,1,0
BRDA:224,36,0,0
BRDA:224,36,1,0
BRDA:227,37,0,0
BRDA:227,37,1,0
BRDA:242,38,0,0
BRDA:242,38,1,0
BRDA:248,39,0,0
BRDA:248,39,1,0
BRDA:257,40,0,0
BRDA:257,40,1,0
BRDA:262,41,0,0
BRDA:262,41,1,0
BRDA:273,42,0,0
BRDA:273,42,1,0
BRDA:289,43,0,0
BRDA:289,43,1,0
BRF:86
BRH:2
end_of_record
TN:
SF:/home/yannick/vabble/Original_DAO/contracts/dao/FactoryTierNFT.sol
FN:41,onlyAuditor
FN:48,constructor
FN:65,setBaseURI
FN:81,setTierInfo
FN:117,deployTierNFTContract
FN:135,mintTierNft
FN:167,getUserTierNFTs
FN:171,getNFTOwner
FN:179,getTotalSupply
FN:186,getTierTokenIdList
FN:193,getUserTokenIdList
FN:201,getTokenUri
FNF:12
FNH:1
FNDA:0,onlyAuditor
FNDA:3,constructor
FNDA:0,setBaseURI
FNDA:0,setTierInfo
FNDA:0,deployTierNFTContract
FNDA:0,mintTierNft
FNDA:0,getUserTierNFTs
FNDA:0,getNFTOwner
FNDA:0,getTotalSupply
FNDA:0,getTierTokenIdList
FNDA:0,getUserTokenIdList
FNDA:0,getTokenUri
DA:42,0
DA:43,0
DA:53,3
DA:54,3
DA:55,3
DA:56,3
DA:57,3
DA:58,3
DA:66,0
DA:67,0
DA:69,0
DA:70,0
DA:72,0
DA:73,0
DA:82,0
DA:84,0
DA:85,0
DA:86,0
DA:88,0
DA:89,0
DA:90,0
DA:91,0
DA:93,0
DA:94,0
DA:97,0
DA:98,0
DA:100,0
DA:102,0
DA:103,0
DA:106,0
DA:108,0
DA:118,0
DA:119,0
DA:120,0
DA:122,0
DA:123,0
DA:125,0
DA:127,0
DA:128,0
DA:129,0
DA:131,0
DA:136,0
DA:137,0
DA:139,0
DA:140,0
DA:141,0
DA:142,0
DA:143,0
DA:144,0
DA:145,0
DA:148,0
DA:149,0
DA:150,0
DA:155,0
DA:156,0
DA:157,0
DA:159,0
DA:160,0
DA:161,0
DA:163,0
DA:168,0
DA:176,0
DA:183,0
DA:190,0
DA:198,0
DA:206,0
LF:66
LH:6
BRDA:42,1,0,0
BRDA:42,1,1,0
BRDA:53,2,0,3
BRDA:53,2,1,0
BRDA:55,3,0,3
BRDA:55,3,1,0
BRDA:57,4,0,3
BRDA:57,4,1,0
BRDA:65,5,0,0
BRDA:65,5,1,0
BRDA:67,6,0,0
BRDA:67,6,1,0
BRDA:70,7,0,0
BRDA:70,7,1,0
BRDA:81,8,0,0
BRDA:81,8,1,0
BRDA:84,9,0,0
BRDA:84,9,1,0
BRDA:85,10,0,0
BRDA:85,10,1,0
BRDA:86,11,0,0
BRDA:86,11,1,0
BRDA:90,12,0,0
BRDA:90,12,1,0
BRDA:91,13,0,0
BRDA:91,13,1,0
BRDA:94,14,0,0
BRDA:94,14,1,0
BRDA:98,15,0,0
BRDA:98,15,1,0
BRDA:100,16,0,0
BRDA:100,16,1,0
BRDA:100,17,0,0
BRDA:100,17,1,0
BRDA:117,18,0,0
BRDA:117,18,1,0
BRDA:118,19,0,0
BRDA:118,19,1,0
BRDA:119,20,0,0
BRDA:119,20,1,0
BRDA:120,21,0,0
BRDA:120,21,1,0
BRDA:135,22,0,0
BRDA:135,22,1,0
BRDA:136,23,0,0
BRDA:136,23,1,0
BRDA:137,24,0,0
BRDA:137,24,1,0
BRDA:142,25,0,0
BRDA:142,25,1,0
BRDA:143,26,0,0
BRDA:143,26,1,0
BRDA:148,27,0,0
BRDA:148,27,1,0
BRDA:155,28,0,0
BRDA:155,28,1,0
BRDA:157,29,0,0
BRDA:157,29,1,0
BRF:58
BRH:3
end_of_record
TN:
SF:/home/yannick/vabble/Original_DAO/contracts/dao/MultiSigWallet.sol
FNF:0
FNH:0
LF:0
LH:0
BRF:0
BRH:0
end_of_record
TN:
SF:/home/yannick/vabble/Original_DAO/contracts/dao/Ownablee.sol
FN:26,onlyAuditor
FN:30,onlyDeployer
FN:34,onlyVote
FN:38,onlyDAO
FN:42,onlyStakingPool
FN:47,constructor
FN:75,setup
FN:87,transferAuditor
FN:93,replaceAuditor
FN:98,addDepositAsset
FN:110,removeDepositAsset
FN:130,isDepositAsset
FN:134,getDepositAssetList
FN:139,changeVABWallet
FN:146,addToStudioPool
FN:153,depositVABToEdgePool
FN:160,withdrawVABFromEdgePool
FN:168,getVabbleDAO
FNF:18
FNH:4
FNDA:0,onlyAuditor
FNDA:1,onlyDeployer
FNDA:0,onlyVote
FNDA:0,onlyDAO
FNDA:0,onlyStakingPool
FNDA:3,constructor
FNDA:1,setup
FNDA:0,transferAuditor
FNDA:0,replaceAuditor
FNDA:1,addDepositAsset
FNDA:0,removeDepositAsset
FNDA:0,isDepositAsset
FNDA:0,getDepositAssetList
FNDA:0,changeVABWallet
FNDA:0,addToStudioPool
FNDA:0,depositVABToEdgePool
FNDA:0,withdrawVABFromEdgePool
FNDA:0,getVabbleDAO
DA:27,0
DA:28,0
DA:31,1
DA:32,1
DA:35,0
DA:36,0
DA:39,0
DA:40,0
DA:43,0
DA:44,0
DA:53,3
DA:56,3
DA:58,3
DA:60,3
DA:61,3
DA:62,3
DA:63,3
DA:64,3
DA:65,3
DA:67,3
DA:68,3
DA:77,1
DA:79,1
DA:80,1
DA:81,1
DA:82,1
DA:83,1
DA:84,1
DA:88,0
DA:90,0
DA:94,0
DA:95,0
DA:99,1
DA:100,1
DA:102,1
DA:103,4
DA:105,3
DA:106,3
DA:111,0
DA:113,0
DA:114,0
DA:116,0
DA:117,0
DA:118,0
DA:119,0
DA:121,0
DA:123,0
DA:131,0
DA:135,0
DA:140,0
DA:141,0
DA:143,0
DA:147,0
DA:149,0
DA:154,0
DA:156,0
DA:161,0
DA:162,0
DA:163,0
DA:165,0
DA:169,0
LF:61
LH:26
BRDA:27,1,0,0
BRDA:27,1,1,0
BRDA:31,2,0,1
BRDA:31,2,1,0
BRDA:35,3,0,0
BRDA:35,3,1,0
BRDA:39,4,0,0
BRDA:39,4,1,0
BRDA:43,5,0,0
BRDA:43,5,1,0
BRDA:56,6,0,3
BRDA:56,6,1,0
BRDA:60,7,0,3
BRDA:60,7,1,0
BRDA:62,8,0,3
BRDA:62,8,1,0
BRDA:64,9,0,3
BRDA:64,9,1,0
BRDA:75,10,0,1
BRDA:75,10,1,0
BRDA:77,11,0,1
BRDA:77,11,1,0
BRDA:79,12,0,1
BRDA:79,12,1,0
BRDA:81,13,0,1
BRDA:81,13,1,0
BRDA:83,14,0,1
BRDA:83,14,1,0
BRDA:87,15,0,0
BRDA:87,15,1,0
BRDA:88,16,0,0
BRDA:88,16,1,0
BRDA:93,17,0,0
BRDA:93,17,1,0
BRDA:94,18,0,0
BRDA:94,18,1,0
BRDA:99,19,0,1
BRDA:99,19,1,0
BRDA:99,20,0,0
BRDA:99,20,1,1
BRDA:100,21,0,1
BRDA:100,21,1,0
BRDA:103,22,0,1
BRDA:103,22,1,3
BRDA:110,23,0,0
BRDA:110,23,1,0
BRDA:111,24,0,0
BRDA:111,24,1,0
BRDA:114,25,0,0
BRDA:114,25,1,0
BRDA:117,26,0,0
BRDA:117,26,1,0
BRDA:139,27,0,0
BRDA:139,27,1,0
BRDA:140,28,0,0
BRDA:140,28,1,0
BRDA:146,29,0,0
BRDA:146,29,1,0
BRDA:147,30,0,0
BRDA:147,30,1,0
BRDA:153,31,0,0
BRDA:153,31,1,0
BRDA:154,32,0,0
BRDA:154,32,1,0
BRDA:160,33,0,0
BRDA:160,33,1,0
BRDA:162,34,0,0
BRDA:162,34,1,0
BRF:68
BRH:15
end_of_record
TN:
SF:/home/yannick/vabble/Original_DAO/contracts/dao/Property.sol
FN:104,onlyVote
FN:108,onlyDeployer
FN:112,onlyStaker
FN:117,onlyMajor
FN:123,constructor
FN:215,updateForTesting
FN:238,proposalAuditor
FN:271,__paidFee
FN:290,proposalRewardFund
FN:327,proposalFilmBoard
FN:358,removeFilmBoardMember
FN:371,getGovProposalList
FN:381,getGovProposalInfo
FN:395,getGovProposalID
FN:408,proposalProperty
FN:503,getProperty
FN:557,getPropertyProposalList
FN:582,getPropertyProposalInfo
FN:598,getPropertyProposalID
FN:610,updatePropertyProposal
FN:675,updateGovProposal
FN:703,__removeCandidate
FN:739,getGovProposer
FN:743,getPropertyProposer
FN:747,checkGovWhitelist
FN:750,checkPropertyWhitelist
FN:754,getAllGovProposalInfo
FN:763,updatePropertyForTesting
FN:797,updateAvailableVABForTesting
FNF:29
FNH:2
FNDA:0,onlyVote
FNDA:0,onlyDeployer
FNDA:0,onlyStaker
FNDA:0,onlyMajor
FNDA:3,constructor
FNDA:0,updateForTesting
FNDA:0,proposalAuditor
FNDA:0,__paidFee
FNDA:0,proposalRewardFund
FNDA:0,proposalFilmBoard
FNDA:0,removeFilmBoardMember
FNDA:0,getGovProposalList
FNDA:0,getGovProposalInfo
FNDA:0,getGovProposalID
FNDA:0,proposalProperty
FNDA:0,getProperty
FNDA:0,getPropertyProposalList
FNDA:0,getPropertyProposalInfo
FNDA:0,getPropertyProposalID
FNDA:0,updatePropertyProposal
FNDA:0,updateGovProposal
FNDA:0,__removeCandidate
FNDA:0,getGovProposer
FNDA:0,getPropertyProposer
FNDA:5,checkGovWhitelist
FNDA:0,checkPropertyWhitelist
FNDA:0,getAllGovProposalInfo
FNDA:0,updatePropertyForTesting
FNDA:0,updateAvailableVABForTesting
DA:105,0
DA:106,0
DA:109,0
DA:110,0
DA:113,0
DA:114,0
DA:118,0
DA:119,0
DA:129,3
DA:130,3
DA:131,3
DA:132,3
DA:133,3
DA:134,3
DA:135,3
DA:136,3
DA:138,3
DA:139,3
DA:140,3
DA:141,3
DA:142,3
DA:143,3
DA:144,3
DA:145,3
DA:146,3
DA:148,3
DA:149,3
DA:150,3
DA:151,3
DA:152,3
DA:153,3
DA:155,3
DA:156,3
DA:157,3
DA:158,3
DA:159,3
DA:160,3
DA:161,3
DA:162,3
DA:163,3
DA:165,3
DA:189,3
DA:219,0
DA:220,0
DA:221,0
DA:222,0
DA:223,0
DA:224,0
DA:225,0
DA:226,0
DA:228,0
DA:229,0
DA:239,0
DA:244,0
DA:246,0
DA:247,0
DA:248,0
DA:249,0
DA:250,0
DA:252,0
DA:253,0
DA:254,0
DA:255,0
DA:256,0
DA:257,0
DA:259,0
DA:262,0
DA:266,0
DA:272,0
DA:273,0
DA:274,0
DA:276,0
DA:278,0
DA:279,0
DA:280,0
DA:282,0
DA:291,0
DA:296,0
DA:298,0
DA:299,0
DA:300,0
DA:301,0
DA:302,0
DA:304,0
DA:305,0
DA:306,0
DA:307,0
DA:308,0
DA:309,0
DA:311,0
DA:314,0
DA:318,0
DA:328,0
DA:332,0
DA:334,0
DA:335,0
DA:336,0
DA:337,0
DA:338,0
DA:340,0
DA:341,0
DA:342,0
DA:343,0
DA:344,0
DA:345,0
DA:347,0
DA:350,0
DA:354,0
DA:359,0
DA:360,0
DA:361,0
DA:363,0
DA:364,0
DA:366,0
DA:372,0
DA:374,0
DA:384,0
DA:385,0
DA:386,0
DA:387,0
DA:388,0
DA:389,0
DA:390,0
DA:392,0
DA:398,0
DA:409,0
DA:414,0
DA:416,0
DA:418,0
DA:419,0
DA:420,0
DA:422,0
DA:423,0
DA:425,0
DA:426,0
DA:428,0
DA:429,0
DA:431,0
DA:432,0
DA:434,0
DA:435,0
DA:437,0
DA:438,0
DA:440,0
DA:441,0
DA:443,0
DA:444,0
DA:446,0
DA:447,0
DA:449,0
DA:450,0
DA:452,0
DA:453,0
DA:455,0
DA:456,0
DA:458,0
DA:459,0
DA:461,0
DA:462,0
DA:464,0
DA:465,0
DA:467,0
DA:468,0
DA:470,0
DA:471,0
DA:473,0
DA:474,0
DA:476,0
DA:477,0
DA:479,0
DA:480,0
DA:483,0
DA:484,0
DA:485,0
DA:486,0
DA:488,0
DA:489,0
DA:490,0
DA:491,0
DA:492,0
DA:493,0
DA:496,0
DA:500,0
DA:507,0
DA:509,0
DA:510,0
DA:512,0
DA:514,0
DA:516,0
DA:518,0
DA:520,0
DA:522,0
DA:524,0
DA:526,0
DA:528,0
DA:530,0
DA:532,0
DA:534,0
DA:536,0
DA:538,0
DA:540,0
DA:542,0
DA:544,0
DA:546,0
DA:548,0
DA:550,0
DA:552,0
DA:558,0
DA:587,0
DA:588,0
DA:589,0
DA:590,0
DA:591,0
DA:592,0
DA:593,0
DA:595,0
DA:603,0
DA:612,0
DA:615,0
DA:616,0
DA:617,0
DA:619,0
DA:620,0
DA:624,0
DA:625,0
DA:626,0
DA:628,0
DA:630,0
DA:632,0
DA:634,0
DA:636,0
DA:638,0
DA:640,0
DA:642,0
DA:644,0
DA:646,0
DA:648,0
DA:650,0
DA:652,0
DA:654,0
DA:656,0
DA:658,0
DA:660,0
DA:662,0
DA:664,0
DA:666,0
DA:677,0
DA:680,0
DA:681,0
DA:682,0
DA:684,0
DA:685,0
DA:689,0
DA:692,0
DA:693,0
DA:694,0
DA:697,0
DA:698,0
DA:704,0
DA:705,0
DA:706,0
DA:707,0
DA:708,0
DA:709,0
DA:713,0
DA:714,0
DA:715,0
DA:716,0
DA:717,0
DA:721,0
DA:722,0
DA:723,0
DA:724,0
DA:725,0
DA:729,0
DA:730,0
DA:731,0
DA:732,0
DA:733,0
DA:740,0
DA:744,0
DA:748,5
DA:751,0
DA:755,0
DA:764,0
DA:765,0
DA:767,0
DA:769,0
DA:798,0
DA:799,0
DA:801,0
LF:291
LH:35
BRDA:105,1,0,0
BRDA:105,1,1,0
BRDA:109,2,0,0
BRDA:109,2,1,0
BRDA:113,3,0,0
BRDA:113,3,1,0
BRDA:118,4,0,0
BRDA:118,4,1,0
BRDA:129,5,0,3
BRDA:129,5,1,0
BRDA:131,6,0,3
BRDA:131,6,1,0
BRDA:133,7,0,3
BRDA:133,7,1,0
BRDA:135,8,0,3
BRDA:135,8,1,0
BRDA:215,9,0,0
BRDA:215,9,1,0
BRDA:215,10,0,0
BRDA:215,10,1,0
BRDA:238,11,0,0
BRDA:238,11,1,0
BRDA:238,12,0,0
BRDA:238,12,1,0
BRDA:239,13,0,0
BRDA:239,13,1,0
BRDA:276,14,0,0
BRDA:276,14,1,0
BRDA:279,15,0,0
BRDA:279,15,1,0
BRDA:290,16,0,0
BRDA:290,16,1,0
BRDA:290,17,0,0
BRDA:290,17,1,0
BRDA:291,18,0,0
BRDA:291,18,1,0
BRDA:327,19,0,0
BRDA:327,19,1,0
BRDA:327,20,0,0
BRDA:327,20,1,0
BRDA:328,21,0,0
BRDA:328,21,1,0
BRDA:358,22,0,0
BRDA:358,22,1,0
BRDA:358,23,0,0
BRDA:358,23,1,0
BRDA:359,24,0,0
BRDA:359,24,1,0
BRDA:360,25,0,0
BRDA:360,25,1,0
BRDA:361,26,0,0
BRDA:361,26,1,0
BRDA:372,27,0,0
BRDA:372,27,1,0
BRDA:374,28,0,0
BRDA:374,28,1,0
BRDA:375,29,0,0
BRDA:375,29,1,0
BRDA:376,30,0,0
BRDA:376,30,1,0
BRDA:408,31,0,0
BRDA:408,31,1,0
BRDA:408,32,0,0
BRDA:408,32,1,0
BRDA:409,33,0,0
BRDA:409,33,1,0
BRDA:414,34,0,0
BRDA:414,34,1,0
BRDA:418,35,0,0
BRDA:418,35,1,0
BRDA:419,36,0,0
BRDA:419,36,1,0
BRDA:421,37,0,0
BRDA:421,37,1,0
BRDA:422,38,0,0
BRDA:422,38,1,0
BRDA:424,39,0,0
BRDA:424,39,1,0
BRDA:425,40,0,0
BRDA:425,40,1,0
BRDA:427,41,0,0
BRDA:427,41,1,0
BRDA:428,42,0,0
BRDA:428,42,1,0
BRDA:430,43,0,0
BRDA:430,43,1,0
BRDA:431,44,0,0
BRDA:431,44,1,0
BRDA:433,45,0,0
BRDA:433,45,1,0
BRDA:434,46,0,0
BRDA:434,46,1,0
BRDA:436,47,0,0
BRDA:436,47,1,0
BRDA:437,48,0,0
BRDA:437,48,1,0
BRDA:439,49,0,0
BRDA:439,49,1,0
BRDA:440,50,0,0
BRDA:440,50,1,0
BRDA:442,51,0,0
BRDA:442,51,1,0
BRDA:443,52,0,0
BRDA:443,52,1,0
BRDA:445,53,0,0
BRDA:445,53,1,0
BRDA:446,54,0,0
BRDA:446,54,1,0
BRDA:448,55,0,0
BRDA:448,55,1,0
BRDA:449,56,0,0
BRDA:449,56,1,0
BRDA:451,57,0,0
BRDA:451,57,1,0
BRDA:452,58,0,0
BRDA:452,58,1,0
BRDA:454,59,0,0
BRDA:454,59,1,0
BRDA:455,60,0,0
BRDA:455,60,1,0
BRDA:457,61,0,0
BRDA:457,61,1,0
BRDA:458,62,0,0
BRDA:458,62,1,0
BRDA:460,63,0,0
BRDA:460,63,1,0
BRDA:461,64,0,0
BRDA:461,64,1,0
BRDA:463,65,0,0
BRDA:463,65,1,0
BRDA:464,66,0,0
BRDA:464,66,1,0
BRDA:466,67,0,0
BRDA:466,67,1,0
BRDA:467,68,0,0
BRDA:467,68,1,0
BRDA:469,69,0,0
BRDA:469,69,1,0
BRDA:470,70,0,0
BRDA:470,70,1,0
BRDA:472,71,0,0
BRDA:472,71,1,0
BRDA:473,72,0,0
BRDA:473,72,1,0
BRDA:475,73,0,0
BRDA:475,73,1,0
BRDA:476,74,0,0
BRDA:476,74,1,0
BRDA:478,75,0,0
BRDA:478,75,1,0
BRDA:479,76,0,0
BRDA:479,76,1,0
BRDA:507,77,0,0
BRDA:507,77,1,0
BRDA:509,78,0,0
BRDA:509,78,1,0
BRDA:511,79,0,0
BRDA:511,79,1,0
BRDA:513,80,0,0
BRDA:513,80,1,0
BRDA:515,81,0,0
BRDA:515,81,1,0
BRDA:517,82,0,0
BRDA:517,82,1,0
BRDA:519,83,0,0
BRDA:519,83,1,0
BRDA:521,84,0,0
BRDA:521,84,1,0
BRDA:523,85,0,0
BRDA:523,85,1,0
BRDA:525,86,0,0
BRDA:525,86,1,0
BRDA:527,87,0,0
BRDA:527,87,1,0
BRDA:529,88,0,0
BRDA:529,88,1,0
BRDA:531,89,0,0
BRDA:531,89,1,0
BRDA:533,90,0,0
BRDA:533,90,1,0
BRDA:535,91,0,0
BRDA:535,91,1,0
BRDA:537,92,0,0
BRDA:537,92,1,0
BRDA:539,93,0,0
BRDA:539,93,1,0
BRDA:541,94,0,0
BRDA:541,94,1,0
BRDA:543,95,0,0
BRDA:543,95,1,0
BRDA:545,96,0,0
BRDA:545,96,1,0
BRDA:547,97,0,0
BRDA:547,97,1,0
BRDA:549,98,0,0
BRDA:549,98,1,0
BRDA:558,99,0,0
BRDA:558,99,1,0
BRDA:559,100,0,0
BRDA:559,100,1,0
BRDA:560,101,0,0
BRDA:560,101,1,0
BRDA:561,102,0,0
BRDA:561,102,1,0
BRDA:562,103,0,0
BRDA:562,103,1,0
BRDA:563,104,0,0
BRDA:563,104,1,0
BRDA:564,105,0,0
BRDA:564,105,1,0
BRDA:565,106,0,0
BRDA:565,106,1,0
BRDA:566,107,0,0
BRDA:566,107,1,0
BRDA:567,108,0,0
BRDA:567,108,1,0
BRDA:568,109,0,0
BRDA:568,109,1,0
BRDA:569,110,0,0
BRDA:569,110,1,0
BRDA:570,111,0,0
BRDA:570,111,1,0
BRDA:571,112,0,0
BRDA:571,112,1,0
BRDA:572,113,0,0
BRDA:572,113,1,0
BRDA:573,114,0,0
BRDA:573,114,1,0
BRDA:574,115,0,0
BRDA:574,115,1,0
BRDA:575,116,0,0
BRDA:575,116,1,0
BRDA:576,117,0,0
BRDA:576,117,1,0
BRDA:577,118,0,0
BRDA:577,118,1,0
BRDA:578,119,0,0
BRDA:578,119,1,0
BRDA:610,120,0,0
BRDA:610,120,1,0
BRDA:615,121,0,0
BRDA:615,121,1,0
BRDA:624,122,0,0
BRDA:624,122,1,0
BRDA:625,123,0,0
BRDA:625,123,1,0
BRDA:627,124,0,0
BRDA:627,124,1,0
BRDA:629,125,0,0
BRDA:629,125,1,0
BRDA:631,126,0,0
BRDA:631,126,1,0
BRDA:633,127,0,0
BRDA:633,127,1,0
BRDA:635,128,0,0
BRDA:635,128,1,0
BRDA:637,129,0,0
BRDA:637,129,1,0
BRDA:639,130,0,0
BRDA:639,130,1,0
BRDA:641,131,0,0
BRDA:641,131,1,0
BRDA:643,132,0,0
BRDA:643,132,1,0
BRDA:645,133,0,0
BRDA:645,133,1,0
BRDA:647,134,0,0
BRDA:647,134,1,0
BRDA:649,135,0,0
BRDA:649,135,1,0
BRDA:651,136,0,0
BRDA:651,136,1,0
BRDA:653,137,0,0
BRDA:653,137,1,0
BRDA:655,138,0,0
BRDA:655,138,1,0
BRDA:657,139,0,0
BRDA:657,139,1,0
BRDA:659,140,0,0
BRDA:659,140,1,0
BRDA:661,141,0,0
BRDA:661,141,1,0
BRDA:663,142,0,0
BRDA:663,142,1,0
BRDA:665,143,0,0
BRDA:665,143,1,0
BRDA:675,144,0,0
BRDA:675,144,1,0
BRDA:680,145,0,0
BRDA:680,145,1,0
BRDA:692,146,0,0
BRDA:692,146,1,0
BRDA:697,147,0,0
BRDA:697,147,1,0
BRDA:704,148,0,0
BRDA:704,148,1,0
BRDA:706,149,0,0
BRDA:706,149,1,0
BRDA:712,150,0,0
BRDA:712,150,1,0
BRDA:714,151,0,0
BRDA:714,151,1,0
BRDA:720,152,0,0
BRDA:720,152,1,0
BRDA:722,153,0,0
BRDA:722,153,1,0
BRDA:728,154,0,0
BRDA:728,154,1,0
BRDA:730,155,0,0
BRDA:730,155,1,0
BRDA:763,156,0,0
BRDA:763,156,1,0
BRDA:764,157,0,0
BRDA:764,157,1,0
BRDA:767,158,0,0
BRDA:767,158,1,0
BRDA:769,159,0,0
BRDA:769,159,1,0
BRDA:770,160,0,0
BRDA:770,160,1,0
BRDA:771,161,0,0
BRDA:771,161,1,0
BRDA:772,162,0,0
BRDA:772,162,1,0
BRDA:773,163,0,0
BRDA:773,163,1,0
BRDA:774,164,0,0
BRDA:774,164,1,0
BRDA:775,165,0,0
BRDA:775,165,1,0
BRDA:776,166,0,0
BRDA:776,166,1,0
BRDA:777,167,0,0
BRDA:777,167,1,0
BRDA:778,168,0,0
BRDA:778,168,1,0
BRDA:779,169,0,0
BRDA:779,169,1,0
BRDA:780,170,0,0
BRDA:780,170,1,0
BRDA:781,171,0,0
BRDA:781,171,1,0
BRDA:782,172,0,0
BRDA:782,172,1,0
BRDA:783,173,0,0
BRDA:783,173,1,0
BRDA:784,174,0,0
BRDA:784,174,1,0
BRDA:785,175,0,0
BRDA:785,175,1,0
BRDA:786,176,0,0
BRDA:786,176,1,0
BRDA:787,177,0,0
BRDA:787,177,1,0
BRDA:788,178,0,0
BRDA:788,178,1,0
BRDA:789,179,0,0
BRDA:789,179,1,0
BRDA:797,180,0,0
BRDA:797,180,1,0
BRDA:798,181,0,0
BRDA:798,181,1,0
BRF:362
BRH:4
end_of_record
TN:
SF:/home/yannick/vabble/Original_DAO/contracts/dao/StakingPool.sol
FN:75,onlyVote
FN:80,onlyDAO
FN:85,onlyAuditor
FN:90,onlyDeployer
FN:95,onlyNormal
FN:100,constructor
FN:106,initialize
FN:119,addRewardToPool
FN:129,stakeVAB
FN:154,unstakeVAB
FN:193,withdrawReward
FN:225,__withdrawReward
FN:242,calcRewardAmount
FN:255,__calcProposalTimeIntervals
FN:337,__getProposalVoteCount
FN:361,__updateMinProposalIndex
FN:373,calcRealizedRewards
FN:408,calcPendingRewards
FN:417,__calcRewards
FN:436,__rewardPercent
FN:442,calculateAPR
FN:478,depositVAB
FN:489,pendingWithdraw
FN:505,approvePendingWithdraw
FN:519,__transferVABWithdraw
FN:534,checkApprovePendingWithdraw
FN:567,denyPendingWithdraw
FN:583,checkDenyPendingWithDraw
FN:600,sendVAB
FN:618,checkAllocateToPool
FN:640,withdrawAllFund
FN:667,calcMigrationVAB
FN:688,addVotedData
FN:693,updateLastfundProposalCreateTime
FN:698,addProposalData
FN:709,getStakeAmount
FN:714,getRentVABAmount
FN:719,getLimitCount
FN:733,getWithdrawableTime
FN:737,withdrawToOwner
FN:760,getOwnableAddress
FN:764,getVoteAddress
FN:768,getVabbleDaoAddress
FN:772,getPropertyAddress
FNF:44
FNH:19
FNDA:0,onlyVote
FNDA:0,onlyDAO
FNDA:0,onlyAuditor
FNDA:5,onlyDeployer
FNDA:22,onlyNormal
FNDA:6,constructor
FNDA:5,initialize
FNDA:3,addRewardToPool
FNDA:14,stakeVAB
FNDA:6,unstakeVAB
FNDA:0,withdrawReward
FNDA:0,__withdrawReward
FNDA:4,calcRewardAmount
FNDA:15,__calcProposalTimeIntervals
FNDA:15,__getProposalVoteCount
FNDA:12,__updateMinProposalIndex
FNDA:15,calcRealizedRewards
FNDA:0,calcPendingRewards
FNDA:15,__calcRewards
FNDA:5,__rewardPercent
FNDA:0,calculateAPR
FNDA:0,depositVAB
FNDA:0,pendingWithdraw
FNDA:0,approvePendingWithdraw
FNDA:0,__transferVABWithdraw
FNDA:0,checkApprovePendingWithdraw
FNDA:0,denyPendingWithdraw
FNDA:0,checkDenyPendingWithDraw
FNDA:0,sendVAB
FNDA:0,checkAllocateToPool
FNDA:0,withdrawAllFund
FNDA:3,calcMigrationVAB
FNDA:0,addVotedData
FNDA:0,updateLastfundProposalCreateTime
FNDA:0,addProposalData
FNDA:0,getStakeAmount
FNDA:0,getRentVABAmount
FNDA:0,getLimitCount
FNDA:0,getWithdrawableTime
FNDA:0,withdrawToOwner
FNDA:1,getOwnableAddress
FNDA:1,getVoteAddress
FNDA:1,getVabbleDaoAddress
FNDA:1,getPropertyAddress
DA:76,0
DA:77,0
DA:81,0
DA:82,0
DA:86,0
DA:87,0
DA:91,5
DA:92,5
DA:96,22
DA:97,20
DA:101,6
DA:102,6
DA:108,5
DA:110,4
DA:111,3
DA:112,3
DA:113,2
DA:114,2
DA:115,1
DA:120,3
DA:122,2
DA:123,2
DA:125,2
DA:130,14
DA:132,13
DA:133,13
DA:135,12
DA:137,12
DA:138,12
DA:139,10
DA:140,10
DA:142,12
DA:143,12
DA:144,12
DA:146,12
DA:148,12
DA:150,12
DA:155,6
DA:157,6
DA:158,6
DA:159,6
DA:160,5
DA:163,3
DA:164,3
DA:165,0
DA:169,3
DA:171,3
DA:172,3
DA:173,3
DA:175,3
DA:176,2
DA:177,2
DA:180,2
DA:181,2
DA:182,2
DA:183,2
DA:184,2
DA:189,3
DA:194,0
DA:195,0
DA:197,0
DA:198,0
DA:200,0
DA:201,0
DA:204,0
DA:205,0
DA:206,0
DA:207,0
DA:208,0
DA:209,0
DA:211,0
DA:213,0
DA:215,0
DA:217,0
DA:218,0
DA:220,0
DA:226,0
DA:228,0
DA:229,0
DA:230,0
DA:232,0
DA:233,0
DA:235,0
DA:238,0
DA:243,4
DA:245,4
DA:247,4
DA:249,1
DA:251,3
DA:256,15
DA:257,15
DA:258,15
DA:259,15
DA:262,15
DA:263,15
DA:264,15
DA:265,0
DA:266,0
DA:270,15
DA:272,15
DA:275,15
DA:277,15
DA:278,0
DA:280,0
DA:281,0
DA:282,0
DA:283,0
DA:284,0
DA:287,0
DA:288,0
DA:290,0
DA:293,15
DA:296,15
DA:298,15
DA:342,15
DA:343,15
DA:344,15
DA:345,15
DA:347,15
DA:348,0
DA:350,0
DA:351,0
DA:352,0
DA:353,0
DA:358,15
DA:362,12
DA:363,12
DA:364,12
DA:365,0
DA:366,0
DA:367,0
DA:374,15
DA:376,15
DA:378,15
DA:380,15
DA:381,15
DA:382,15
DA:383,15
DA:384,15
DA:386,15
DA:387,15
DA:391,15
DA:392,15
DA:394,15
DA:395,0
DA:396,0
DA:399,15
DA:402,15
DA:409,0
DA:410,0
DA:412,0
DA:414,0
DA:418,15
DA:419,15
DA:420,5
DA:422,5
DA:425,5
DA:426,5
DA:429,5
DA:430,0
DA:437,5
DA:438,5
DA:449,0
DA:450,0
DA:451,0
DA:454,0
DA:455,0
DA:458,0
DA:459,0
DA:463,0
DA:464,0
DA:465,0
DA:466,0
DA:468,0
DA:469,0
DA:473,0
DA:479,0
DA:480,0
DA:482,0
DA:483,0
DA:485,0
DA:490,0
DA:491,0
DA:492,0
DA:494,0
DA:495,0
DA:496,0
DA:498,0
DA:499,0
DA:501,0
DA:506,0
DA:508,0
DA:510,0
DA:511,0
DA:512,0
DA:515,0
DA:520,0
DA:521,0
DA:522,0
DA:523,0
DA:525,0
DA:527,0
DA:528,0
DA:529,0
DA:531,0
DA:535,0
DA:536,0
DA:537,0
DA:538,0
DA:539,0
DA:540,0
DA:541,0
DA:542,0
DA:543,0
DA:546,0
DA:547,0
DA:550,0
DA:551,0
DA:554,0
DA:557,0
DA:559,0
DA:560,0
DA:563,0
DA:568,0
DA:571,0
DA:572,0
DA:573,0
DA:574,0
DA:576,0
DA:577,0
DA:580,0
DA:584,0
DA:585,0
DA:586,0
DA:587,0
DA:590,0
DA:591,0
DA:594,0
DA:603,0
DA:604,0
DA:605,0
DA:606,0
DA:607,0
DA:609,0
DA:610,0
DA:613,0
DA:615,0
DA:619,0
DA:620,0
DA:621,0
DA:622,0
DA:623,0
DA:626,0
DA:629,0
DA:631,0
DA:632,0
DA:635,0
DA:641,0
DA:642,0
DA:643,0
DA:645,0
DA:647,0
DA:649,0
DA:650,0
DA:651,0
DA:652,0
DA:653,0
DA:657,0
DA:660,0
DA:662,0
DA:664,0
DA:668,3
DA:670,3
DA:671,3
DA:674,3
DA:675,1
DA:676,1
DA:677,1
DA:680,3
DA:681,3
DA:684,3
DA:689,0
DA:694,0
DA:699,0
DA:701,0
DA:702,0
DA:703,0
DA:705,0
DA:710,0
DA:715,0
DA:720,0
DA:721,0
DA:723,0
DA:724,0
DA:725,0
DA:728,0
DA:734,0
DA:738,0
DA:739,0
DA:742,0
DA:744,0
DA:747,0
DA:748,0
DA:750,0
DA:753,0
DA:756,0
DA:761,1
DA:765,1
DA:769,1
DA:773,1
LF:310
LH:117
BRDA:76,1,0,0
BRDA:76,1,1,0
BRDA:81,2,0,0
BRDA:81,2,1,0
BRDA:86,3,0,0
BRDA:86,3,1,0
BRDA:91,4,0,5
BRDA:91,4,1,0
BRDA:96,5,0,20
BRDA:96,5,1,2
BRDA:101,6,0,6
BRDA:101,6,1,0
BRDA:106,7,0,5
BRDA:106,7,1,0
BRDA:108,8,0,4
BRDA:108,8,1,1
BRDA:110,9,0,3
BRDA:110,9,1,1
BRDA:112,10,0,2
BRDA:112,10,1,1
BRDA:114,11,0,1
BRDA:114,11,1,1
BRDA:119,12,0,3
BRDA:119,12,1,1
BRDA:119,13,0,3
BRDA:119,13,1,0
BRDA:120,14,0,2
BRDA:120,14,1,1
BRDA:129,15,0,14
BRDA:129,15,1,1
BRDA:129,16,0,14
BRDA:129,16,1,0
BRDA:130,17,0,13
BRDA:130,17,1,1
BRDA:133,18,0,12
BRDA:133,18,1,1
BRDA:138,19,0,10
BRDA:138,19,1,2
BRDA:154,20,0,6
BRDA:154,20,1,0
BRDA:155,21,0,6
BRDA:155,21,1,0
BRDA:159,22,0,5
BRDA:159,22,1,1
BRDA:160,23,0,3
BRDA:160,23,1,2
BRDA:160,24,0,1
BRDA:160,24,1,2
BRDA:164,25,0,0
BRDA:164,25,1,3
BRDA:175,26,0,2
BRDA:175,26,1,1
BRDA:181,27,0,2
BRDA:181,27,1,0
BRDA:193,28,0,0
BRDA:193,28,1,0
BRDA:194,29,0,0
BRDA:194,29,1,0
BRDA:194,30,0,0
BRDA:194,30,1,0
BRDA:195,31,0,0
BRDA:195,31,1,0
BRDA:198,32,0,0
BRDA:198,32,1,0
BRDA:198,33,0,0
BRDA:198,33,1,0
BRDA:200,34,0,0
BRDA:200,34,1,0
BRDA:201,35,0,0
BRDA:201,35,1,0
BRDA:205,36,0,0
BRDA:205,36,1,0
BRDA:217,37,0,0
BRDA:217,37,1,0
BRDA:218,38,0,0
BRDA:218,38,1,0
BRDA:245,39,0,0
BRDA:245,39,1,4
BRDA:247,40,0,1
BRDA:247,40,1,3
BRDA:265,41,0,0
BRDA:265,41,1,0
BRDA:280,42,0,0
BRDA:280,42,1,0
BRDA:283,43,0,0
BRDA:283,43,1,0
BRDA:287,44,0,0
BRDA:287,44,1,0
BRDA:350,45,0,0
BRDA:350,45,1,0
BRDA:352,46,0,0
BRDA:352,46,1,0
BRDA:352,47,0,0
BRDA:352,47,1,0
BRDA:365,48,0,0
BRDA:365,48,1,0
BRDA:394,49,0,0
BRDA:394,49,1,15
BRDA:409,50,0,0
BRDA:409,50,1,0
BRDA:410,51,0,0
BRDA:410,51,1,0
BRDA:419,52,0,10
BRDA:419,52,1,5
BRDA:420,53,0,0
BRDA:420,53,1,5
BRDA:429,54,0,0
BRDA:429,54,1,5
BRDA:449,55,0,0
BRDA:449,55,1,0
BRDA:450,56,0,0
BRDA:450,56,1,0
BRDA:451,57,0,0
BRDA:451,57,1,0
BRDA:458,58,0,0
BRDA:458,58,1,0
BRDA:464,59,0,0
BRDA:464,59,1,0
BRDA:465,60,0,0
BRDA:465,60,1,0
BRDA:478,61,0,0
BRDA:478,61,1,0
BRDA:478,62,0,0
BRDA:478,62,1,0
BRDA:479,63,0,0
BRDA:479,63,1,0
BRDA:480,64,0,0
BRDA:480,64,1,0
BRDA:489,65,0,0
BRDA:489,65,1,0
BRDA:490,66,0,0
BRDA:490,66,1,0
BRDA:491,67,0,0
BRDA:491,67,1,0
BRDA:492,68,0,0
BRDA:492,68,1,0
BRDA:496,69,0,0
BRDA:496,69,1,0
BRDA:505,70,0,0
BRDA:505,70,1,0
BRDA:505,71,0,0
BRDA:505,71,1,0
BRDA:506,72,0,0
BRDA:506,72,1,0
BRDA:521,73,0,0
BRDA:521,73,1,0
BRDA:522,74,0,0
BRDA:522,74,1,0
BRDA:523,75,0,0
BRDA:523,75,1,0
BRDA:542,76,0,0
BRDA:542,76,1,0
BRDA:546,77,0,0
BRDA:546,77,1,0
BRDA:550,78,0,0
BRDA:550,78,1,0
BRDA:559,79,0,0
BRDA:559,79,1,0
BRDA:567,80,0,0
BRDA:567,80,1,0
BRDA:567,81,0,0
BRDA:567,81,1,0
BRDA:568,82,0,0
BRDA:568,82,1,0
BRDA:573,83,0,0
BRDA:573,83,1,0
BRDA:574,84,0,0
BRDA:574,84,1,0
BRDA:586,85,0,0
BRDA:586,85,1,0
BRDA:590,86,0,0
BRDA:590,86,1,0
BRDA:600,87,0,0
BRDA:600,87,1,0
BRDA:603,88,0,0
BRDA:603,88,1,0
BRDA:607,89,0,0
BRDA:607,89,1,0
BRDA:622,90,0,0
BRDA:622,90,1,0
BRDA:631,91,0,0
BRDA:631,91,1,0
BRDA:640,92,0,0
BRDA:640,92,1,0
BRDA:640,93,0,0
BRDA:640,93,1,0
BRDA:642,94,0,0
BRDA:642,94,1,0
BRDA:643,95,0,0
BRDA:643,95,1,0
BRDA:649,96,0,0
BRDA:649,96,1,0
BRDA:667,97,0,3
BRDA:667,97,1,0
BRDA:667,98,0,3
BRDA:667,98,1,0
BRDA:668,99,0,3
BRDA:668,99,1,0
BRDA:680,100,0,3
BRDA:680,100,1,0
BRDA:688,101,0,0
BRDA:688,101,1,0
BRDA:693,102,0,0
BRDA:693,102,1,0
BRDA:699,103,0,0
BRDA:699,103,1,0
BRDA:699,104,0,0
BRDA:699,104,1,0
BRDA:724,105,0,0
BRDA:724,105,1,0
BRDA:737,106,0,0
BRDA:737,106,1,0
BRDA:737,107,0,0
BRDA:737,107,1,0
BRDA:738,108,0,0
BRDA:738,108,1,0
BRF:216
BRH:51
end_of_record
TN:
SF:/home/yannick/vabble/Original_DAO/contracts/dao/Subscription.sol
FN:34,onlyAuditor
FN:41,constructor
FN:59,activeSubscription
FN:127,getExpectedSubscriptionAmount
FN:154,isActivedSubscription
FN:160,addDiscountPercent
FN:166,getDiscountPercentList
FNF:7
FNH:1
FNDA:0,onlyAuditor
FNDA:3,constructor
FNDA:0,activeSubscription
FNDA:0,getExpectedSubscriptionAmount
FNDA:0,isActivedSubscription
FNDA:0,addDiscountPercent
FNDA:0,getDiscountPercentList
DA:35,0
DA:36,0
DA:47,3
DA:48,3
DA:49,3
DA:50,3
DA:51,3
DA:52,3
DA:53,3
DA:54,3
DA:60,0
DA:61,0
DA:64,0
DA:65,0
DA:66,0
DA:67,0
DA:68,0
DA:71,0
DA:74,0
DA:75,0
DA:79,0
DA:80,0
DA:81,0
DA:83,0
DA:84,0
DA:85,0
DA:86,0
DA:90,0
DA:92,0
DA:94,0
DA:95,0
DA:97,0
DA:99,0
DA:100,0
DA:103,0
DA:105,0
DA:106,0
DA:109,0
DA:112,0
DA:113,0
DA:114,0
DA:115,0
DA:116,0
DA:118,0
DA:119,0
DA:120,0
DA:123,0
DA:128,0
DA:130,0
DA:131,0
DA:132,0
DA:134,0
DA:135,0
DA:137,0
DA:139,0
DA:141,0
DA:144,0
DA:145,0
DA:147,0
DA:149,0
DA:155,0
DA:161,0
DA:162,0
DA:167,0
LF:64
LH:8
BRDA:35,1,0,0
BRDA:35,1,1,0
BRDA:47,2,0,3
BRDA:47,2,1,0
BRDA:49,3,0,3
BRDA:49,3,1,0
BRDA:51,4,0,3
BRDA:51,4,1,0
BRDA:53,5,0,3
BRDA:53,5,1,0
BRDA:59,6,0,0
BRDA:59,6,1,0
BRDA:60,7,0,0
BRDA:60,7,1,0
BRDA:61,8,0,0
BRDA:61,8,1,0
BRDA:65,9,0,0
BRDA:65,9,1,0
BRDA:66,10,0,0
BRDA:66,10,1,0
BRDA:67,11,0,0
BRDA:67,11,1,0
BRDA:74,12,0,0
BRDA:74,12,1,0
BRDA:83,13,0,0
BRDA:83,13,1,0
BRDA:92,14,0,0
BRDA:92,14,1,0
BRDA:99,15,0,0
BRDA:99,15,1,0
BRDA:103,16,0,0
BRDA:103,16,1,0
BRDA:113,17,0,0
BRDA:113,17,1,0
BRDA:128,18,0,0
BRDA:128,18,1,0
BRDA:134,19,0,0
BRDA:134,19,1,0
BRDA:136,20,0,0
BRDA:136,20,1,0
BRDA:138,21,0,0
BRDA:138,21,1,0
BRDA:144,22,0,0
BRDA:144,22,1,0
BRDA:146,23,0,0
BRDA:146,23,1,0
BRDA:155,24,0,0
BRDA:155,24,1,0
BRDA:160,25,0,0
BRDA:160,25,1,0
BRDA:161,26,0,0
BRDA:161,26,1,0
BRF:52
BRH:4
end_of_record
TN:
SF:/home/yannick/vabble/Original_DAO/contracts/dao/UniHelper.sol
FN:25,onlyDeployer
FN:32,constructor
FN:57,setWhiteList
FN:75,expectedAmount
FN:102,expectedAmountForTest
FN:116,__checkPool
FN:163,swapAsset
FN:221,__swapETHToToken
FN:240,__swapTokenToETH
FN:258,__transferAssetToCaller
FN:274,__approveMaxAsNeeded
FN:282,getUniswapRouter
FN:287,getUniswapFactory
FN:292,getSushiFactory
FN:297,getSushiRouter
FNF:15
FNH:3
FNDA:1,onlyDeployer
FNDA:3,constructor
FNDA:1,setWhiteList
FNDA:0,expectedAmount
FNDA:0,expectedAmountForTest
FNDA:0,__checkPool
FNDA:0,swapAsset
FNDA:0,__swapETHToToken
FNDA:0,__swapTokenToETH
FNDA:0,__transferAssetToCaller
FNDA:0,__approveMaxAsNeeded
FNDA:0,getUniswapRouter
FNDA:0,getUniswapFactory
FNDA:0,getSushiFactory
FNDA:0,getSushiRouter
DA:26,1
DA:27,1
DA:39,3
DA:40,3
DA:41,3
DA:42,3
DA:43,3
DA:44,3
DA:45,3
DA:46,3
DA:47,3
DA:48,3
DA:58,1
DA:60,1
DA:61,1
DA:62,1
DA:63,1
DA:64,1
DA:65,1
DA:66,1
DA:67,1
DA:68,1
DA:69,1
DA:71,1
DA:81,0
DA:82,0
DA:83,0
DA:85,0
DA:86,0
DA:88,0
DA:92,0
DA:93,0
DA:95,0
DA:96,0
DA:98,0
DA:107,0
DA:109,0
DA:110,0
DA:112,0
DA:120,0
DA:121,0
DA:123,0
DA:124,0
DA:126,0
DA:127,0
DA:128,0
DA:130,0
DA:131,0
DA:133,0
DA:134,0
DA:135,0
DA:137,0
DA:138,0
DA:140,0
DA:141,0
DA:142,0
DA:144,0
DA:145,0
DA:148,0
DA:149,0
DA:151,0
DA:152,0
DA:154,0
DA:156,0
DA:158,0
DA:164,0
DA:170,0
DA:173,0
DA:174,0
DA:175,0
DA:177,0
DA:178,0
DA:180,0
DA:182,0
DA:186,0
DA:187,0
DA:188,0
DA:189,0
DA:191,0
DA:193,0
DA:197,0
DA:198,0
DA:227,0
DA:229,0
DA:231,0
DA:246,0
DA:248,0
DA:259,0
DA:260,0
DA:261,0
DA:262,0
DA:263,0
DA:266,0
DA:267,0
DA:268,0
DA:275,0
DA:277,0
DA:283,0
DA:288,0
DA:293,0
DA:298,0
LF:101
LH:24
BRDA:26,1,0,1
BRDA:26,1,1,0
BRDA:39,2,0,3
BRDA:39,2,1,0
BRDA:41,3,0,3
BRDA:41,3,1,0
BRDA:43,4,0,3
BRDA:43,4,1,0
BRDA:45,5,0,3
BRDA:45,5,1,0
BRDA:47,6,0,3
BRDA:47,6,1,0
BRDA:57,7,0,1
BRDA:57,7,1,0
BRDA:58,8,0,1
BRDA:58,8,1,0
BRDA:60,9,0,1
BRDA:60,9,1,0
BRDA:62,10,0,1
BRDA:62,10,1,0
BRDA:64,11,0,1
BRDA:64,11,1,0
BRDA:66,12,0,1
BRDA:66,12,1,0
BRDA:68,13,0,1
BRDA:68,13,1,0
BRDA:82,14,0,0
BRDA:82,14,1,0
BRDA:86,15,0,0
BRDA:86,15,1,0
BRDA:92,16,0,0
BRDA:92,16,1,0
BRDA:96,17,0,0
BRDA:96,17,1,0
BRDA:107,18,0,0
BRDA:107,18,1,0
BRDA:110,19,0,0
BRDA:110,19,1,0
BRDA:126,20,0,0
BRDA:126,20,1,0
BRDA:133,21,0,0
BRDA:133,21,1,0
BRDA:140,22,0,0
BRDA:140,22,1,0
BRDA:151,23,0,0
BRDA:151,23,1,0
BRDA:153,24,0,0
BRDA:153,24,1,0
BRDA:155,25,0,0
BRDA:155,25,1,0
BRDA:157,26,0,0
BRDA:157,26,1,0
BRDA:163,27,0,0
BRDA:163,27,1,0
BRDA:170,28,0,0
BRDA:170,28,1,0
BRDA:174,29,0,0
BRDA:174,29,1,0
BRDA:178,30,0,0
BRDA:178,30,1,0
BRDA:187,31,0,0
BRDA:187,31,1,0
BRDA:189,32,0,0
BRDA:189,32,1,0
BRDA:227,33,0,0
BRDA:227,33,1,0
BRDA:260,34,0,0
BRDA:260,34,1,0
BRDA:262,35,0,0
BRDA:262,35,1,0
BRDA:267,36,0,0
BRDA:267,36,1,0
BRDA:275,37,0,0
BRDA:275,37,1,0
BRF:74
BRH:13
end_of_record
TN:
SF:/home/yannick/vabble/Original_DAO/contracts/dao/VabbleDAO.sol
FN:73,onlyAuditor
FN:77,onlyVote
FN:81,onlyStakingPool
FN:88,constructor
FN:107,proposalFilmCreate
FN:146,proposalFilmUpdate
FN:208,changeOwner
FN:246,__moveToAnotherArray
FN:271,__paidFee
FN:305,approveFilmByVote
FN:329,updateFilmFundPeriod
FN:344,allocateToPool
FN:375,allocateFromEdgePool
FN:393,withdrawVABFromStudioPool
FN:407,checkSetFinalFilms
FN:427,setFinalFilms
FN:445,startNewMonth
FN:449,__setFinalFilm
FN:481,__setFinalAmountToPayees
FN:492,__setFinalAmountToHelpers
FN:508,__addFinalFilmId
FN:516,claimReward
FN:522,__claimAllReward
FN:548,claimAllReward
FN:555,getUserRewardAmountBetweenMonths
FN:568,getAllAvailableRewards
FN:585,getUserRewardAmountForUser
FN:591,getUserFilmIds
FN:596,getFilmStatus
FN:601,getFilmOwner
FN:606,getFilmFund
FN:620,getFilmShare
FN:630,getFilmProposalTime
FN:636,isEnabledClaimer
FN:642,updateEnabledClaimer
FN:649,getFilmIds
FN:654,getPoolUsers
FN:659,getFinalizedFilmIds
FN:663,__updateFinalizeAmountAndLastClaimMonth
FNF:39
FNH:1
FNDA:0,onlyAuditor
FNDA:0,onlyVote
FNDA:0,onlyStakingPool
FNDA:3,constructor
FNDA:0,proposalFilmCreate
FNDA:0,proposalFilmUpdate
FNDA:0,changeOwner
FNDA:0,__moveToAnotherArray
FNDA:0,__paidFee
FNDA:0,approveFilmByVote
FNDA:0,updateFilmFundPeriod
FNDA:0,allocateToPool
FNDA:0,allocateFromEdgePool
FNDA:0,withdrawVABFromStudioPool
FNDA:0,checkSetFinalFilms
FNDA:0,setFinalFilms
FNDA:0,startNewMonth
FNDA:0,__setFinalFilm
FNDA:0,__setFinalAmountToPayees
FNDA:0,__setFinalAmountToHelpers
FNDA:0,__addFinalFilmId
FNDA:0,claimReward
FNDA:0,__claimAllReward
FNDA:0,claimAllReward
FNDA:0,getUserRewardAmountBetweenMonths
FNDA:0,getAllAvailableRewards
FNDA:0,getUserRewardAmountForUser
FNDA:0,getUserFilmIds
FNDA:0,getFilmStatus
FNDA:0,getFilmOwner
FNDA:0,getFilmFund
FNDA:0,getFilmShare
FNDA:0,getFilmProposalTime
FNDA:0,isEnabledClaimer
FNDA:0,updateEnabledClaimer
FNDA:0,getFilmIds
FNDA:0,getPoolUsers
FNDA:0,getFinalizedFilmIds
FNDA:0,__updateFinalizeAmountAndLastClaimMonth
DA:74,0
DA:75,0
DA:78,0
DA:79,0
DA:82,0
DA:83,0
DA:96,3
DA:97,3
DA:98,3
DA:99,3
DA:100,3
DA:101,3
DA:108,0
DA:109,0
DA:110,0
DA:112,0
DA:114,0
DA:116,0
DA:117,0
DA:119,0
DA:120,0
DA:121,0
DA:122,0
DA:123,0
DA:125,0
DA:126,0
DA:128,0
DA:131,0
DA:133,0
DA:147,0
DA:148,0
DA:150,0
DA:151,0
DA:153,0
DA:154,0
DA:155,0
DA:156,0
DA:157,0
DA:159,0
DA:162,0
DA:163,0
DA:165,0
DA:166,0
DA:169,0
DA:171,0
DA:172,0
DA:174,0
DA:175,0
DA:176,0
DA:177,0
DA:178,0
DA:179,0
DA:180,0
DA:181,0
DA:182,0
DA:183,0
DA:184,0
DA:186,0
DA:187,0
DA:188,0
DA:191,0
DA:192,0
DA:194,0
DA:195,0
DA:196,0
DA:197,0
DA:198,0
DA:202,0
DA:209,0
DA:211,0
DA:213,0
DA:214,0
DA:215,0
DA:216,0
DA:217,0
DA:220,0
DA:222,0
DA:223,0
DA:225,0
DA:226,0
DA:228,0
DA:229,0
DA:230,0
DA:232,0
DA:233,0
DA:234,0
DA:237,0
DA:238,0
DA:241,0
DA:243,0
DA:251,0
DA:252,0
DA:253,0
DA:255,0
DA:256,0
DA:257,0
DA:261,0
DA:263,0
DA:265,0
DA:266,0
DA:272,0
DA:273,0
DA:275,0
DA:276,0
DA:277,0
DA:280,0
DA:281,0
DA:282,0
DA:283,0
DA:286,0
DA:288,0
DA:289,0
DA:290,0
DA:294,0
DA:295,0
DA:296,0
DA:298,0
DA:299,0
DA:301,0
DA:306,0
DA:308,0
DA:310,0
DA:311,0
DA:312,0
DA:313,0
DA:314,0
DA:316,0
DA:317,0
DA:321,0
DA:322,0
DA:324,0
DA:330,0
DA:331,0
DA:333,0
DA:335,0
DA:345,0
DA:347,0
DA:348,0
DA:350,0
DA:351,0
DA:353,0
DA:357,0
DA:358,0
DA:359,0
DA:361,0
DA:362,0
DA:364,0
DA:366,0
DA:367,0
DA:371,0
DA:376,0
DA:377,0
DA:379,0
DA:380,0
DA:383,0
DA:384,0
DA:386,0
DA:389,0
DA:394,0
DA:395,0
DA:396,0
DA:397,0
DA:399,0
DA:400,0
DA:403,0
DA:408,0
DA:410,0
DA:412,0
DA:413,0
DA:414,0
DA:415,0
DA:417,0
DA:428,0
DA:430,0
DA:432,0
DA:434,0
DA:435,0
DA:436,0
DA:438,0
DA:439,0
DA:442,0
DA:446,0
DA:453,0
DA:454,0
DA:456,0
DA:457,0
DA:459,0
DA:462,0
DA:463,0
DA:465,0
DA:466,0
DA:467,0
DA:471,0
DA:474,0
DA:477,0
DA:482,0
DA:483,0
DA:484,0
DA:485,0
DA:486,0
DA:488,0
DA:493,0
DA:494,0
DA:495,0
DA:496,0
DA:497,0
DA:498,0
DA:500,0
DA:501,0
DA:502,0
DA:504,0
DA:509,0
DA:510,0
DA:511,0
DA:517,0
DA:519,0
DA:523,0
DA:524,0
DA:526,0
DA:527,0
DA:528,0
DA:529,0
DA:530,0
DA:531,0
DA:533,0
DA:534,0
DA:537,0
DA:538,0
DA:539,0
DA:541,0
DA:542,0
DA:544,0
DA:549,0
DA:550,0
DA:552,0
DA:561,0
DA:562,0
DA:563,0
DA:572,0
DA:574,0
DA:575,0
DA:576,0
DA:577,0
DA:578,0
DA:579,0
DA:582,0
DA:586,0
DA:587,0
DA:592,0
DA:597,0
DA:602,0
DA:613,0
DA:614,0
DA:615,0
DA:616,0
DA:625,0
DA:626,0
DA:631,0
DA:632,0
DA:637,0
DA:643,0
DA:645,0
DA:650,0
DA:655,0
DA:660,0
DA:669,0
DA:672,0
DA:674,0
DA:675,0
DA:677,0
DA:680,0
LF:271
LH:6
BRDA:74,1,0,0
BRDA:74,1,1,0
BRDA:78,2,0,0
BRDA:78,2,1,0
BRDA:82,3,0,0
BRDA:82,3,1,0
BRDA:107,4,0,0
BRDA:107,4,1,0
BRDA:108,5,0,0
BRDA:108,5,1,0
BRDA:109,6,0,0
BRDA:109,6,1,0
BRDA:110,7,0,0
BRDA:110,7,1,0
BRDA:112,8,0,0
BRDA:112,8,1,0
BRDA:112,9,0,0
BRDA:112,9,1,0
BRDA:146,10,0,0
BRDA:146,10,1,0
BRDA:147,11,0,0
BRDA:147,11,1,0
BRDA:148,12,0,0
BRDA:148,12,1,0
BRDA:151,13,0,0
BRDA:151,13,1,0
BRDA:154,14,0,0
BRDA:154,14,1,0
BRDA:155,15,0,0
BRDA:155,15,1,0
BRDA:156,16,0,0
BRDA:156,16,1,0
BRDA:157,17,0,0
BRDA:157,17,1,0
BRDA:159,18,0,0
BRDA:159,18,1,0
BRDA:163,19,0,0
BRDA:163,19,1,0
BRDA:169,20,0,0
BRDA:169,20,1,0
BRDA:171,21,0,0
BRDA:171,21,1,0
BRDA:172,22,0,0
BRDA:172,22,1,0
BRDA:191,23,0,0
BRDA:191,23,1,0
BRDA:194,24,0,0
BRDA:194,24,1,0
BRDA:208,25,0,0
BRDA:208,25,1,0
BRDA:211,26,0,0
BRDA:211,26,1,0
BRDA:214,27,0,0
BRDA:214,27,1,0
BRDA:216,28,0,0
BRDA:216,28,1,0
BRDA:222,29,0,0
BRDA:222,29,1,0
BRDA:225,30,0,0
BRDA:225,30,1,0
BRDA:228,31,0,0
BRDA:228,31,1,0
BRDA:228,32,0,0
BRDA:228,32,1,0
BRDA:232,33,0,0
BRDA:232,33,1,0
BRDA:252,34,0,0
BRDA:252,34,1,0
BRDA:256,35,0,0
BRDA:256,35,1,0
BRDA:261,36,0,0
BRDA:261,36,1,0
BRDA:273,37,0,0
BRDA:273,37,1,0
BRDA:276,38,0,0
BRDA:276,38,1,0
BRDA:280,39,0,0
BRDA:280,39,1,0
BRDA:281,40,0,0
BRDA:281,40,1,0
BRDA:282,41,0,0
BRDA:282,41,1,0
BRDA:289,42,0,0
BRDA:289,42,1,0
BRDA:298,43,0,0
BRDA:298,43,1,0
BRDA:305,44,0,0
BRDA:305,44,1,0
BRDA:306,45,0,0
BRDA:306,45,1,0
BRDA:311,46,0,0
BRDA:311,46,1,0
BRDA:312,47,0,0
BRDA:312,47,1,0
BRDA:329,48,0,0
BRDA:329,48,1,0
BRDA:330,49,0,0
BRDA:330,49,1,0
BRDA:331,50,0,0
BRDA:331,50,1,0
BRDA:344,51,0,0
BRDA:344,51,1,0
BRDA:344,52,0,0
BRDA:344,52,1,0
BRDA:347,53,0,0
BRDA:347,53,1,0
BRDA:348,54,0,0
BRDA:348,54,1,0
BRDA:348,55,0,0
BRDA:348,55,1,0
BRDA:350,56,0,0
BRDA:350,56,1,0
BRDA:358,57,0,0
BRDA:358,57,1,0
BRDA:359,58,0,0
BRDA:359,58,1,0
BRDA:364,59,0,0
BRDA:364,59,1,0
BRDA:375,60,0,0
BRDA:375,60,1,0
BRDA:375,61,0,0
BRDA:375,61,1,0
BRDA:377,62,0,0
BRDA:377,62,1,0
BRDA:384,63,0,0
BRDA:384,63,1,0
BRDA:393,64,0,0
BRDA:393,64,1,0
BRDA:393,65,0,0
BRDA:393,65,1,0
BRDA:396,66,0,0
BRDA:396,66,1,0
BRDA:414,67,0,0
BRDA:414,67,1,0
BRDA:427,68,0,0
BRDA:427,68,1,0
BRDA:427,69,0,0
BRDA:427,69,1,0
BRDA:430,70,0,0
BRDA:430,70,1,0
BRDA:435,71,0,0
BRDA:435,71,1,0
BRDA:435,72,0,0
BRDA:435,72,1,0
BRDA:436,73,0,0
BRDA:436,73,1,0
BRDA:445,74,0,0
BRDA:445,74,1,0
BRDA:445,75,0,0
BRDA:445,75,1,0
BRDA:454,76,0,0
BRDA:454,76,1,0
BRDA:454,77,0,0
BRDA:454,77,1,0
BRDA:457,78,0,0
BRDA:457,78,1,0
BRDA:461,79,0,0
BRDA:461,79,1,0
BRDA:465,80,0,0
BRDA:465,80,1,0
BRDA:471,81,0,0
BRDA:471,81,1,0
BRDA:474,82,0,0
BRDA:474,82,1,0
BRDA:494,83,0,0
BRDA:494,83,1,0
BRDA:498,84,0,0
BRDA:498,84,1,0
BRDA:509,85,0,0
BRDA:509,85,1,0
BRDA:516,86,0,0
BRDA:516,86,1,0
BRDA:517,87,0,0
BRDA:517,87,1,0
BRDA:524,88,0,0
BRDA:524,88,1,0
BRDA:530,89,0,0
BRDA:530,89,1,0
BRDA:537,90,0,0
BRDA:537,90,1,0
BRDA:538,91,0,0
BRDA:538,91,1,0
BRDA:539,92,0,0
BRDA:539,92,1,0
BRDA:548,93,0,0
BRDA:548,93,1,0
BRDA:550,94,0,0
BRDA:550,94,1,0
BRDA:561,95,0,0
BRDA:561,95,1,0
BRDA:637,96,0,0
BRDA:637,96,1,0
BRDA:643,97,0,0
BRDA:643,97,1,0
BRDA:654,98,0,0
BRDA:654,98,1,0
BRDA:655,99,0,0
BRDA:655,99,1,0
BRDA:656,100,0,0
BRDA:656,100,1,0
BRDA:674,101,0,0
BRDA:674,101,1,0
BRF:202
BRH:0
end_of_record
TN:
SF:/home/yannick/vabble/Original_DAO/contracts/dao/VabbleFund.sol
FN:42,onlyDeployer
FN:49,constructor
FN:69,initialize
FN:83,depositToFilm
FN:119,__depositToFilm
FN:153,__assignToken
FN:184,fundProcess
FN:239,withdrawFunding
FN:275,__removeFilmInvestorList
FN:288,__isOverMinAmount
FN:293,__isLessMaxAmount
FN:298,isRaisedFullAmount
FN:310,getUserFundAmountPerFilm
FN:323,getTotalFundAmountPerFilm
FN:333,__getExpectedTokenAmount
FN:344,__getExpectedUsdcAmount
FN:355,getFundProcessedFilmIdList
FN:360,getFilmInvestorList
FN:365,getAllowUserNftCount
FNF:19
FNH:3
FNDA:1,onlyDeployer
FNDA:3,constructor
FNDA:1,initialize
FNDA:0,depositToFilm
FNDA:0,__depositToFilm
FNDA:0,__assignToken
FNDA:0,fundProcess
FNDA:0,withdrawFunding
FNDA:0,__removeFilmInvestorList
FNDA:0,__isOverMinAmount
FNDA:0,__isLessMaxAmount
FNDA:0,isRaisedFullAmount
FNDA:0,getUserFundAmountPerFilm
FNDA:0,getTotalFundAmountPerFilm
FNDA:0,__getExpectedTokenAmount
FNDA:0,__getExpectedUsdcAmount
FNDA:0,getFundProcessedFilmIdList
FNDA:0,getFilmInvestorList
FNDA:0,getAllowUserNftCount
DA:43,1
DA:44,1
DA:56,3
DA:57,3
DA:58,3
DA:59,3
DA:60,3
DA:61,3
DA:62,3
DA:63,3
DA:64,3
DA:65,3
DA:70,1
DA:72,1
DA:73,1
DA:84,0
DA:85,0
DA:87,0
DA:88,0
DA:90,0
DA:91,0
DA:92,0
DA:94,0
DA:95,0
DA:97,0
DA:98,0
DA:100,0
DA:101,0
DA:105,0
DA:106,0
DA:108,0
DA:110,0
DA:113,0
DA:115,0
DA:127,0
DA:128,0
DA:130,0
DA:131,0
DA:132,0
DA:133,0
DA:136,0
DA:137,0
DA:138,0
DA:140,0
DA:141,0
DA:142,0
DA:144,0
DA:145,0
DA:146,0
DA:148,0
DA:154,0
DA:155,0
DA:158,0
DA:159,0
DA:160,0
DA:161,0
DA:162,0
DA:166,0
DA:167,0
DA:170,0
DA:171,0
DA:172,0
DA:173,0
DA:174,0
DA:175,0
DA:178,0
DA:179,0
DA:185,0
DA:186,0
DA:187,0
DA:189,0
DA:190,0
DA:192,0
DA:193,0
DA:194,0
DA:196,0
DA:199,0
DA:200,0
DA:201,0
DA:202,0
DA:203,0
DA:204,0
DA:205,0
DA:206,0
DA:207,0
DA:208,0
DA:210,0
DA:211,0
DA:213,0
DA:214,0
DA:217,0
DA:218,0
DA:221,0
DA:224,0
DA:225,0
DA:226,0
DA:229,0
DA:232,0
DA:233,0
DA:235,0
DA:240,0
DA:241,0
DA:243,0
DA:244,0
DA:245,0
DA:247,0
DA:249,0
DA:250,0
DA:251,0
DA:252,0
DA:253,0
DA:254,0
DA:255,0
DA:256,0
DA:259,0
DA:260,0
DA:261,0
DA:266,0
DA:267,0
DA:268,0
DA:271,0
DA:276,0
DA:277,0
DA:278,0
DA:279,0
DA:280,0
DA:281,0
DA:282,0
DA:289,0
DA:294,0
DA:299,0
DA:301,0
DA:302,0
DA:303,0
DA:305,0
DA:314,0
DA:315,0
DA:316,0
DA:317,0
DA:318,0
DA:324,0
DA:325,0
DA:326,0
DA:327,0
DA:328,0
DA:337,0
DA:338,0
DA:339,0
DA:348,0
DA:349,0
DA:350,0
DA:356,0
DA:361,0
DA:366,0
LF:154
LH:15
BRDA:43,1,0,1
BRDA:43,1,1,0
BRDA:56,2,0,3
BRDA:56,2,1,0
BRDA:58,3,0,3
BRDA:58,3,1,0
BRDA:60,4,0,3
BRDA:60,4,1,0
BRDA:62,5,0,3
BRDA:62,5,1,0
BRDA:64,6,0,3
BRDA:64,6,1,0
BRDA:69,7,0,1
BRDA:69,7,1,0
BRDA:70,8,0,1
BRDA:70,8,1,0
BRDA:72,9,0,1
BRDA:72,9,1,0
BRDA:83,10,0,0
BRDA:83,10,1,0
BRDA:84,11,0,0
BRDA:84,11,1,0
BRDA:85,12,0,0
BRDA:85,12,1,0
BRDA:87,13,0,0
BRDA:87,13,1,0
BRDA:87,14,0,0
BRDA:87,14,1,0
BRDA:88,15,0,0
BRDA:88,15,1,0
BRDA:94,16,0,0
BRDA:94,16,1,0
BRDA:95,17,0,0
BRDA:95,17,1,0
BRDA:100,18,0,0
BRDA:100,18,1,0
BRDA:105,19,0,0
BRDA:105,19,1,0
BRDA:106,20,0,0
BRDA:106,20,1,0
BRDA:108,21,0,0
BRDA:108,21,1,0
BRDA:127,22,0,0
BRDA:127,22,1,0
BRDA:128,23,0,0
BRDA:128,23,1,0
BRDA:128,24,0,0
BRDA:128,24,1,0
BRDA:132,25,0,0
BRDA:132,25,1,0
BRDA:133,26,0,0
BRDA:133,26,1,0
BRDA:135,27,0,0
BRDA:135,27,1,0
BRDA:136,28,0,0
BRDA:136,28,1,0
BRDA:136,29,0,0
BRDA:136,29,1,0
BRDA:140,30,0,0
BRDA:140,30,1,0
BRDA:141,31,0,0
BRDA:141,31,1,0
BRDA:142,32,0,0
BRDA:142,32,1,0
BRDA:146,33,0,0
BRDA:146,33,1,0
BRDA:160,34,0,0
BRDA:160,34,1,0
BRDA:166,35,0,0
BRDA:166,35,1,0
BRDA:171,36,0,0
BRDA:171,36,1,0
BRDA:173,37,0,0
BRDA:173,37,1,0
BRDA:178,38,0,0
BRDA:178,38,1,0
BRDA:184,39,0,0
BRDA:184,39,1,0
BRDA:186,40,0,0
BRDA:186,40,1,0
BRDA:187,41,0,0
BRDA:187,41,1,0
BRDA:190,42,0,0
BRDA:190,42,1,0
BRDA:194,43,0,0
BRDA:194,43,1,0
BRDA:196,44,0,0
BRDA:196,44,1,0
BRDA:204,45,0,0
BRDA:204,45,1,0
BRDA:207,46,0,0
BRDA:207,46,1,0
BRDA:210,47,0,0
BRDA:210,47,1,0
BRDA:213,48,0,0
BRDA:213,48,1,0
BRDA:224,49,0,0
BRDA:224,49,1,0
BRDA:225,50,0,0
BRDA:225,50,1,0
BRDA:239,51,0,0
BRDA:239,51,1,0
BRDA:241,52,0,0
BRDA:241,52,1,0
BRDA:245,53,0,0
BRDA:245,53,1,0
BRDA:247,54,0,0
BRDA:247,54,1,0
BRDA:251,55,0,0
BRDA:251,55,1,0
BRDA:253,56,0,0
BRDA:253,56,1,0
BRDA:254,57,0,0
BRDA:254,57,1,0
BRDA:259,58,0,0
BRDA:259,58,1,0
BRDA:267,59,0,0
BRDA:267,59,1,0
BRDA:277,60,0,0
BRDA:277,60,1,0
BRDA:279,61,0,0
BRDA:279,61,1,0
BRDA:289,62,0,0
BRDA:289,62,1,0
BRDA:294,63,0,0
BRDA:294,63,1,0
BRDA:302,64,0,0
BRDA:302,64,1,0
BRDA:317,65,0,0
BRDA:317,65,1,0
BRDA:327,66,0,0
BRDA:327,66,1,0
BRDA:338,67,0,0
BRDA:338,67,1,0
BRDA:349,68,0,0
BRDA:349,68,1,0
BRF:136
BRH:9
end_of_record
TN:
SF:/home/yannick/vabble/Original_DAO/contracts/dao/VabbleNFT.sol
FN:31,constructor
FN:37,supportsInterface
FN:41,_beforeTokenTransfer
FN:50,contractURI
FN:58,mintTo
FN:69,__getNextTokenId
FN:75,tokenURI
FN:81,transferNFT
FN:86,userTokenIdList
FN:110,totalSupply
FNF:10
FNH:0
FNDA:0,constructor
FNDA:0,supportsInterface
FNDA:0,_beforeTokenTransfer
FNDA:0,contractURI
FNDA:0,mintTo
FNDA:0,__getNextTokenId
FNDA:0,tokenURI
FNDA:0,transferNFT
FNDA:0,userTokenIdList
FNDA:0,totalSupply
DA:32,0
DA:33,0
DA:34,0
DA:38,0
DA:47,0
DA:51,0
DA:60,0
DA:62,0
DA:63,0
DA:65,0
DA:70,0
DA:71,0
DA:76,0
DA:78,0
DA:82,0
DA:83,0
DA:87,0
DA:88,0
DA:89,0
DA:111,0
LF:20
LH:0
BRDA:58,1,0,0
BRDA:58,1,1,0
BRDA:60,2,0,0
BRDA:60,2,1,0
BRDA:76,3,0,0
BRDA:76,3,1,0
BRF:6
BRH:0
end_of_record
TN:
SF:/home/yannick/vabble/Original_DAO/contracts/dao/Vote.sol
FN:63,onlyDeployer
FN:67,onlyStaker
FN:72,constructor
FN:82,initialize
FN:97,voteToFilms
FN:107,__voteToFilm
FN:155,saveProposalWithFilm
FN:161,approveFilms
FN:170,__approveFilm
FN:204,voteToAgent
FN:231,__voteToAgent
FN:268,replaceAuditor
FN:320,voteToFilmBoard
FN:359,addFilmBoard
FN:393,voteToRewardAddress
FN:433,setDAORewardAddress
FN:471,voteToProperty
FN:511,updateProperty
FN:543,__isVotePeriod
FN:553,getLastVoteTime
FNF:20
FNH:3
FNDA:1,onlyDeployer
FNDA:0,onlyStaker
FNDA:3,constructor
FNDA:1,initialize
FNDA:0,voteToFilms
FNDA:0,__voteToFilm
FNDA:0,saveProposalWithFilm
FNDA:0,approveFilms
FNDA:0,__approveFilm
FNDA:0,voteToAgent
FNDA:0,__voteToAgent
FNDA:0,replaceAuditor
FNDA:0,voteToFilmBoard
FNDA:0,addFilmBoard
FNDA:0,voteToRewardAddress
FNDA:0,setDAORewardAddress
FNDA:0,voteToProperty
FNDA:0,updateProperty
FNDA:0,__isVotePeriod
FNDA:0,getLastVoteTime
DA:64,1
DA:65,1
DA:68,0
DA:69,0
DA:73,3
DA:74,3
DA:83,1
DA:85,1
DA:86,1
DA:87,1
DA:88,1
DA:89,1
DA:90,1
DA:98,0
DA:99,0
DA:100,0
DA:102,0
DA:103,0
DA:111,0
DA:112,0
DA:113,0
DA:115,0
DA:116,0
DA:118,0
DA:119,0
DA:120,0
DA:122,0
DA:123,0
DA:124,0
DA:126,0
DA:127,0
DA:131,0
DA:132,0
DA:133,0
DA:134,0
DA:136,0
DA:137,0
DA:140,0
DA:142,0
DA:145,0
DA:148,0
DA:152,0
DA:156,0
DA:162,0
DA:163,0
DA:165,0
DA:166,0
DA:171,0
DA:175,0
DA:176,0
DA:177,0
DA:179,0
DA:180,0
DA:181,0
DA:182,0
DA:183,0
DA:185,0
DA:186,0
DA:188,0
DA:190,0
DA:194,0
DA:196,0
DA:205,0
DA:206,0
DA:210,0
DA:211,0
DA:212,0
DA:214,0
DA:216,0
DA:218,0
DA:221,0
DA:223,0
DA:224,0
DA:228,0
DA:232,0
DA:233,0
DA:234,0
DA:235,0
DA:236,0
DA:237,0
DA:240,0
DA:241,0
DA:242,0
DA:243,0
DA:245,0
DA:246,0
DA:247,0
DA:249,0
DA:252,0
DA:255,0
DA:256,0
DA:257,0
DA:258,0
DA:260,0
DA:262,0
DA:263,0
DA:269,0
DA:271,0
DA:272,0
DA:273,0
DA:275,0
DA:276,0
DA:277,0
DA:278,0
DA:280,0
DA:286,0
DA:287,0
DA:290,0
DA:296,0
DA:297,0
DA:298,0
DA:300,0
DA:302,0
DA:303,0
DA:305,0
DA:307,0
DA:309,0
DA:311,0
DA:314,0
DA:321,0
DA:322,0
DA:323,0
DA:324,0
DA:329,0
DA:330,0
DA:331,0
DA:333,0
DA:335,0
DA:336,0
DA:337,0
DA:338,0
DA:340,0
DA:341,0
DA:344,0
DA:346,0
DA:349,0
DA:351,0
DA:352,0
DA:356,0
DA:360,0
DA:362,0
DA:363,0
DA:364,0
DA:366,0
DA:367,0
DA:368,0
DA:369,0
DA:374,0
DA:375,0
DA:377,0
DA:379,0
DA:380,0
DA:382,0
DA:384,0
DA:386,0
DA:389,0
DA:394,0
DA:395,0
DA:396,0
DA:397,0
DA:402,0
DA:403,0
DA:404,0
DA:406,0
DA:408,0
DA:409,0
DA:410,0
DA:411,0
DA:413,0
DA:414,0
DA:417,0
DA:419,0
DA:422,0
DA:425,0
DA:426,0
DA:430,0
DA:434,0
DA:436,0
DA:437,0
DA:438,0
DA:440,0
DA:441,0
DA:442,0
DA:443,0
DA:448,0
DA:449,0
DA:451,0
DA:453,0
DA:454,0
DA:456,0
DA:458,0
DA:460,0
DA:463,0
DA:472,0
DA:473,0
DA:474,0
DA:475,0
DA:477,0
DA:478,0
DA:479,0
DA:481,0
DA:483,0
DA:484,0
DA:485,0
DA:486,0
DA:488,0
DA:489,0
DA:492,0
DA:494,0
DA:497,0
DA:499,0
DA:500,0
DA:504,0
DA:512,0
DA:513,0
DA:514,0
DA:515,0
DA:517,0
DA:518,0
DA:519,0
DA:520,0
DA:525,0
DA:526,0
DA:528,0
DA:530,0
DA:531,0
DA:533,0
DA:535,0
DA:537,0
DA:540,0
DA:547,0
DA:548,0
DA:554,0
LF:233
LH:11
BRDA:64,1,0,1
BRDA:64,1,1,0
BRDA:68,2,0,0
BRDA:68,2,1,0
BRDA:73,3,0,3
BRDA:73,3,1,0
BRDA:82,4,0,1
BRDA:82,4,1,0
BRDA:83,5,0,1
BRDA:83,5,1,0
BRDA:85,6,0,1
BRDA:85,6,1,0
BRDA:87,7,0,1
BRDA:87,7,1,0
BRDA:89,8,0,1
BRDA:89,8,1,0
BRDA:97,9,0,0
BRDA:97,9,1,0
BRDA:97,10,0,0
BRDA:97,10,1,0
BRDA:99,11,0,0
BRDA:99,11,1,0
BRDA:100,12,0,0
BRDA:100,12,1,0
BRDA:111,13,0,0
BRDA:111,13,1,0
BRDA:112,14,0,0
BRDA:112,14,1,0
BRDA:113,15,0,0
BRDA:113,15,1,0
BRDA:113,16,0,0
BRDA:113,16,1,0
BRDA:116,17,0,0
BRDA:116,17,1,0
BRDA:119,18,0,0
BRDA:119,18,1,0
BRDA:120,19,0,0
BRDA:120,19,1,0
BRDA:124,20,0,0
BRDA:124,20,1,0
BRDA:126,21,0,0
BRDA:126,21,1,0
BRDA:132,22,0,0
BRDA:132,22,1,0
BRDA:161,23,0,0
BRDA:161,23,1,0
BRDA:161,24,0,0
BRDA:161,24,1,0
BRDA:163,25,0,0
BRDA:163,25,1,0
BRDA:176,26,0,0
BRDA:176,26,1,0
BRDA:177,27,0,0
BRDA:177,27,1,0
BRDA:182,28,0,0
BRDA:182,28,1,0
BRDA:185,29,0,0
BRDA:185,29,1,0
BRDA:187,30,0,0
BRDA:187,30,1,0
BRDA:204,31,0,0
BRDA:204,31,1,0
BRDA:204,32,0,0
BRDA:204,32,1,0
BRDA:205,33,0,0
BRDA:205,33,1,0
BRDA:206,34,0,0
BRDA:206,34,1,0
BRDA:210,35,0,0
BRDA:210,35,1,0
BRDA:210,36,0,0
BRDA:210,36,1,0
BRDA:212,37,0,0
BRDA:212,37,1,0
BRDA:234,38,0,0
BRDA:234,38,1,0
BRDA:235,39,0,0
BRDA:235,39,1,0
BRDA:236,40,0,0
BRDA:236,40,1,0
BRDA:237,41,0,0
BRDA:237,41,1,0
BRDA:243,42,0,0
BRDA:243,42,1,0
BRDA:245,43,0,0
BRDA:245,43,1,0
BRDA:249,44,0,0
BRDA:249,44,1,0
BRDA:252,45,0,0
BRDA:252,45,1,0
BRDA:256,46,0,0
BRDA:256,46,1,0
BRDA:260,47,0,0
BRDA:260,47,1,0
BRDA:268,48,0,0
BRDA:268,48,1,0
BRDA:268,49,0,0
BRDA:268,49,1,0
BRDA:269,50,0,0
BRDA:269,50,1,0
BRDA:272,51,0,0
BRDA:272,51,1,0
BRDA:273,52,0,0
BRDA:273,52,1,0
BRDA:277,53,0,0
BRDA:277,53,1,0
BRDA:278,54,0,0
BRDA:278,54,1,0
BRDA:280,55,0,0
BRDA:280,55,1,0
BRDA:290,56,0,0
BRDA:290,56,1,0
BRDA:302,57,0,0
BRDA:302,57,1,0
BRDA:304,58,0,0
BRDA:304,58,1,0
BRDA:306,59,0,0
BRDA:306,59,1,0
BRDA:308,60,0,0
BRDA:308,60,1,0
BRDA:320,61,0,0
BRDA:320,61,1,0
BRDA:320,62,0,0
BRDA:320,62,1,0
BRDA:321,63,0,0
BRDA:321,63,1,0
BRDA:322,64,0,0
BRDA:322,64,1,0
BRDA:323,65,0,0
BRDA:323,65,1,0
BRDA:323,66,0,0
BRDA:323,66,1,0
BRDA:324,67,0,0
BRDA:324,67,1,0
BRDA:330,68,0,0
BRDA:330,68,1,0
BRDA:331,69,0,0
BRDA:331,69,1,0
BRDA:336,70,0,0
BRDA:336,70,1,0
BRDA:359,71,0,0
BRDA:359,71,1,0
BRDA:359,72,0,0
BRDA:359,72,1,0
BRDA:360,73,0,0
BRDA:360,73,1,0
BRDA:363,74,0,0
BRDA:363,74,1,0
BRDA:364,75,0,0
BRDA:364,75,1,0
BRDA:369,76,0,0
BRDA:369,76,1,0
BRDA:379,77,0,0
BRDA:379,77,1,0
BRDA:381,78,0,0
BRDA:381,78,1,0
BRDA:383,79,0,0
BRDA:383,79,1,0
BRDA:393,80,0,0
BRDA:393,80,1,0
BRDA:393,81,0,0
BRDA:393,81,1,0
BRDA:394,82,0,0
BRDA:394,82,1,0
BRDA:395,83,0,0
BRDA:395,83,1,0
BRDA:396,84,0,0
BRDA:396,84,1,0
BRDA:396,85,0,0
BRDA:396,85,1,0
BRDA:397,86,0,0
BRDA:397,86,1,0
BRDA:403,87,0,0
BRDA:403,87,1,0
BRDA:404,88,0,0
BRDA:404,88,1,0
BRDA:409,89,0,0
BRDA:409,89,1,0
BRDA:433,90,0,0
BRDA:433,90,1,0
BRDA:433,91,0,0
BRDA:433,91,1,0
BRDA:434,92,0,0
BRDA:434,92,1,0
BRDA:437,93,0,0
BRDA:437,93,1,0
BRDA:438,94,0,0
BRDA:438,94,1,0
BRDA:443,95,0,0
BRDA:443,95,1,0
BRDA:453,96,0,0
BRDA:453,96,1,0
BRDA:455,97,0,0
BRDA:455,97,1,0
BRDA:457,98,0,0
BRDA:457,98,1,0
BRDA:471,99,0,0
BRDA:471,99,1,0
BRDA:471,100,0,0
BRDA:471,100,1,0
BRDA:473,101,0,0
BRDA:473,101,1,0
BRDA:474,102,0,0
BRDA:474,102,1,0
BRDA:475,103,0,0
BRDA:475,103,1,0
BRDA:475,104,0,0
BRDA:475,104,1,0
BRDA:478,105,0,0
BRDA:478,105,1,0
BRDA:479,106,0,0
BRDA:479,106,1,0
BRDA:484,107,0,0
BRDA:484,107,1,0
BRDA:511,108,0,0
BRDA:511,108,1,0
BRDA:511,109,0,0
BRDA:511,109,1,0
BRDA:514,110,0,0
BRDA:514,110,1,0
BRDA:515,111,0,0
BRDA:515,111,1,0
BRDA:520,112,0,0
BRDA:520,112,1,0
BRDA:530,113,0,0
BRDA:530,113,1,0
BRDA:532,114,0,0
BRDA:532,114,1,0
BRDA:534,115,0,0
BRDA:534,115,1,0
BRDA:547,116,0,0
BRDA:547,116,1,0
BRDA:548,117,0,0
BRDA:548,117,1,0
BRF:234
BRH:7
end_of_record
TN:
SF:/home/yannick/vabble/Original_DAO/contracts/gnosis/base/Executor.sol
FN:9,execute
FNF:1
FNH:0
FNDA:0,execute
DA:16,0
DA:18,0
DA:23,0
LF:3
LH:0
BRDA:16,1,0,0
BRDA:16,1,1,0
BRF:2
BRH:0
end_of_record
TN:
SF:/home/yannick/vabble/Original_DAO/contracts/gnosis/base/FallbackManager.sol
FN:14,internalSetFallbackHandler
FN:26,setFallbackHandler
FN:32,
FNF:3
FNH:0
FNDA:0,internalSetFallbackHandler
FNDA:0,setFallbackHandler
FNDA:0,
DA:15,0
DA:17,0
DA:27,0
DA:28,0
DA:33,0
DA:35,0
LF:6
LH:0
BRDA:26,1,0,0
BRDA:26,1,1,0
BRF:2
BRH:0
end_of_record
TN:
SF:/home/yannick/vabble/Original_DAO/contracts/gnosis/base/GuardManager.sol
FN:34,setGuard
FN:43,getGuard
FNF:2
FNH:0
FNDA:0,setGuard
FNDA:0,getGuard
DA:35,0
DA:37,0
DA:40,0
DA:44,0
DA:46,0
LF:5
LH:0
BRDA:34,1,0,0
BRDA:34,1,1,0
BRF:2
BRH:0
end_of_record
TN:
SF:/home/yannick/vabble/Original_DAO/contracts/gnosis/base/ModuleManager.sol
FN:20,setupModules
FN:32,enableModule
FN:47,disableModule
FN:61,execTransactionFromModule
FN:80,execTransactionFromModuleReturnData
FN:105,isModuleEnabled
FN:114,getModulesPaginated
FNF:7
FNH:0
FNDA:0,setupModules
FNDA:0,enableModule
FNDA:0,disableModule
FNDA:0,execTransactionFromModule
FNDA:0,execTransactionFromModuleReturnData
FNDA:0,isModuleEnabled
FNDA:0,getModulesPaginated
DA:21,0
DA:22,0
DA:23,0
DA:25,0
DA:34,0
DA:36,0
DA:37,0
DA:38,0
DA:39,0
DA:49,0
DA:50,0
DA:51,0
DA:52,0
DA:53,0
DA:68,0
DA:70,0
DA:71,0
DA:86,0
DA:88,0
DA:106,0
DA:116,0
DA:119,0
DA:120,0
DA:121,0
DA:122,0
DA:123,0
DA:124,0
DA:126,0
DA:129,0
LF:29
LH:0
BRDA:21,1,0,0
BRDA:21,1,1,0
BRDA:23,2,0,0
BRDA:23,2,1,0
BRDA:25,3,0,0
BRDA:25,3,1,0
BRDA:32,4,0,0
BRDA:32,4,1,0
BRDA:34,5,0,0
BRDA:34,5,1,0
BRDA:36,6,0,0
BRDA:36,6,1,0
BRDA:47,7,0,0
BRDA:47,7,1,0
BRDA:49,8,0,0
BRDA:49,8,1,0
BRDA:50,9,0,0
BRDA:50,9,1,0
BRDA:68,10,0,0
BRDA:68,10,1,0
BRDA:71,11,0,0
BRDA:71,11,1,0
BRF:22
BRH:0
end_of_record
TN:
SF:/home/yannick/vabble/Original_DAO/contracts/gnosis/base/OwnerManager.sol
FN:22,setupOwners
FN:51,addOwnerWithThreshold
FN:74,removeOwner
FN:98,swapOwner
FN:117,changeThreshold
FN:126,getThreshold
FN:130,isOwner
FN:136,getOwners
FNF:8
FNH:0
FNDA:0,setupOwners
FNDA:0,addOwnerWithThreshold
FNDA:0,removeOwner
FNDA:0,swapOwner
FNDA:0,changeThreshold
FNDA:0,getThreshold
FNDA:0,isOwner
FNDA:0,getOwners
DA:25,0
DA:27,0
DA:29,0
DA:31,0
DA:32,0
DA:34,0
DA:35,0
DA:37,0
DA:38,0
DA:39,0
DA:41,0
DA:42,0
DA:43,0
DA:53,0
DA:55,0
DA:56,0
DA:57,0
DA:58,0
DA:59,0
DA:61,0
DA:76,0
DA:78,0
DA:79,0
DA:80,0
DA:81,0
DA:82,0
DA:83,0
DA:85,0
DA:100,0
DA:102,0
DA:104,0
DA:105,0
DA:106,0
DA:107,0
DA:108,0
DA:109,0
DA:110,0
DA:119,0
DA:121,0
DA:122,0
DA:123,0
DA:127,0
DA:131,0
DA:137,0
DA:140,0
DA:141,0
DA:142,0
DA:143,0
DA:144,0
DA:145,0
DA:147,0
LF:51
LH:0
BRDA:25,1,0,0
BRDA:25,1,1,0
BRDA:27,2,0,0
BRDA:27,2,1,0
BRDA:29,3,0,0
BRDA:29,3,1,0
BRDA:35,4,0,0
BRDA:35,4,1,0
BRDA:37,5,0,0
BRDA:37,5,1,0
BRDA:51,6,0,0
BRDA:51,6,1,0
BRDA:53,7,0,0
BRDA:53,7,1,0
BRDA:55,8,0,0
BRDA:55,8,1,0
BRDA:61,9,0,0
BRDA:61,9,1,0
BRDA:74,10,0,0
BRDA:74,10,1,0
BRDA:76,11,0,0
BRDA:76,11,1,0
BRDA:78,12,0,0
BRDA:78,12,1,0
BRDA:79,13,0,0
BRDA:79,13,1,0
BRDA:85,14,0,0
BRDA:85,14,1,0
BRDA:98,15,0,0
BRDA:98,15,1,0
BRDA:100,16,0,0
BRDA:100,16,1,0
BRDA:102,17,0,0
BRDA:102,17,1,0
BRDA:104,18,0,0
BRDA:104,18,1,0
BRDA:105,19,0,0
BRDA:105,19,1,0
BRDA:117,20,0,0
BRDA:117,20,1,0
BRDA:119,21,0,0
BRDA:119,21,1,0
BRDA:121,22,0,0
BRDA:121,22,1,0
BRF:44
BRH:0
end_of_record
TN:
SF:/home/yannick/vabble/Original_DAO/contracts/gnosis/common/Enum.sol
FNF:0
FNH:0
LF:0
LH:0
BRF:0
BRH:0
end_of_record
TN:
SF:/home/yannick/vabble/Original_DAO/contracts/gnosis/common/EtherPaymentFallback.sol
FNF:0
FNH:0
LF:0
LH:0
BRF:0
BRH:0
end_of_record
TN:
SF:/home/yannick/vabble/Original_DAO/contracts/gnosis/common/SecuredTokenTransfer.sol
FN:11,transferToken
FNF:1
FNH:0
FNDA:0,transferToken
DA:17,0
DA:19,0
LF:2
LH:0
BRF:0
BRH:0
end_of_record
TN:
SF:/home/yannick/vabble/Original_DAO/contracts/gnosis/common/SelfAuthorized.sol
FN:7,requireSelfCall
FN:11,authorized
FNF:2
FNH:0
FNDA:0,requireSelfCall
FNDA:0,authorized
DA:8,0
DA:13,0
DA:14,0
LF:3
LH:0
BRDA:8,1,0,0
BRDA:8,1,1,0
BRF:2
BRH:0
end_of_record
TN:
SF:/home/yannick/vabble/Original_DAO/contracts/gnosis/common/SignatureDecoder.sol
FN:11,signatureSplit
FNF:1
FNH:0
FNDA:0,signatureSplit
DA:24,0
LF:1
LH:0
BRF:0
BRH:0
end_of_record
TN:
SF:/home/yannick/vabble/Original_DAO/contracts/gnosis/common/Singleton.sol
FNF:0
FNH:0
LF:0
LH:0
BRF:0
BRH:0
end_of_record
TN:
SF:/home/yannick/vabble/Original_DAO/contracts/gnosis/common/StorageAccessible.sol
FN:13,getStorageAt
FN:36,simulateAndRevert
FNF:2
FNH:0
FNDA:0,getStorageAt
FNDA:0,simulateAndRevert
DA:14,0
DA:15,0
DA:17,0
DA:22,0
DA:38,0
LF:5
LH:0
BRF:0
BRH:0
end_of_record
TN:
SF:/home/yannick/vabble/Original_DAO/contracts/gnosis/external/GnosisSafeMath.sol
FN:14,mul
FN:31,sub
FN:41,add
FN:51,max
FNF:4
FNH:0
FNDA:0,mul
FNDA:0,sub
FNDA:0,add
FNDA:0,max
DA:18,0
DA:19,0
DA:22,0
DA:23,0
DA:25,0
DA:32,0
DA:33,0
DA:35,0
DA:42,0
DA:43,0
DA:45,0
DA:52,0
LF:12
LH:0
BRDA:18,1,0,0
BRDA:18,1,1,0
BRDA:23,2,0,0
BRDA:23,2,1,0
BRDA:32,3,0,0
BRDA:32,3,1,0
BRDA:43,4,0,0
BRDA:43,4,1,0
BRDA:52,5,0,0
BRDA:52,5,1,0
BRF:10
BRH:0
end_of_record
TN:
SF:/home/yannick/vabble/Original_DAO/contracts/gnosis/GnosisSafe.sol
FN:57,onlySigner
FN:61,onlyDeployer
FN:67,constructor
FN:89,setup
FN:127,execTransaction
FN:200,handlePayment
FN:225,checkSignatures
FN:240,checkNSignatures
FN:318,requiredTxGas
FN:331,approveHash
FN:338,getChainId
FN:347,domainSeparator
FN:363,encodeTransactionData
FN:405,getTransactionHash
FNF:14
FNH:0
FNDA:0,onlySigner
FNDA:0,onlyDeployer
FNDA:0,constructor
FNDA:0,setup
FNDA:0,execTransaction
FNDA:0,handlePayment
FNDA:0,checkSignatures
FNDA:0,checkNSignatures
FNDA:0,requiredTxGas
FNDA:0,approveHash
FNDA:0,getChainId
FNDA:0,domainSeparator
FNDA:0,encodeTransactionData
FNDA:0,getTransactionHash
DA:58,0
DA:59,0
DA:62,0
DA:63,0
DA:68,0
DA:91,0
DA:92,0
DA:94,0
DA:96,0
DA:99,0
DA:101,0
DA:128,0
DA:130,0
DA:131,0
DA:147,0
DA:148,0
DA:149,0
DA:151,0
DA:152,0
DA:153,0
DA:154,0
DA:174,0
DA:176,0
DA:177,0
DA:180,0
DA:181,0
DA:184,0
DA:186,0
DA:187,0
DA:188,0
DA:190,0
DA:193,0
DA:194,0
DA:195,0
DA:208,0
DA:209,0
DA:211,0
DA:212,0
DA:214,0
DA:215,0
DA:227,0
DA:229,0
DA:230,0
DA:247,0
DA:249,0
DA:250,0
DA:251,0
DA:252,0
DA:253,0
DA:254,0
DA:255,0
DA:256,0
DA:257,0
DA:260,0
DA:265,0
DA:268,0
DA:271,0
DA:273,0
DA:276,0
DA:279,0
DA:281,0
DA:285,0
DA:292,0
DA:294,0
DA:298,0
DA:302,0
DA:304,0
DA:305,0
DA:319,0
DA:321,0
DA:322,0
DA:324,0
DA:332,0
DA:333,0
DA:334,0
DA:339,0
DA:341,0
DA:344,0
DA:348,0
DA:375,0
DA:390,0
DA:417,0
LF:82
LH:0
BRDA:58,1,0,0
BRDA:58,1,1,0
BRDA:62,2,0,0
BRDA:62,2,1,0
BRDA:89,3,0,0
BRDA:89,3,1,0
BRDA:92,4,0,0
BRDA:92,4,1,0
BRDA:96,5,0,0
BRDA:96,5,1,0
BRDA:127,6,0,0
BRDA:127,6,1,0
BRDA:153,7,0,0
BRDA:153,7,1,0
BRDA:174,8,0,0
BRDA:174,8,1,0
BRDA:184,9,0,0
BRDA:184,9,1,0
BRDA:184,10,0,0
BRDA:184,10,1,0
BRDA:184,11,0,0
BRDA:184,11,1,0
BRDA:187,12,0,0
BRDA:187,12,1,0
BRDA:190,13,0,0
BRDA:190,13,1,0
BRDA:194,14,0,0
BRDA:194,14,1,0
BRDA:208,15,0,0
BRDA:208,15,1,0
BRDA:209,16,0,0
BRDA:209,16,1,0
BRDA:212,17,0,0
BRDA:212,17,1,0
BRDA:215,18,0,0
BRDA:215,18,1,0
BRDA:229,19,0,0
BRDA:229,19,1,0
BRDA:247,20,0,0
BRDA:247,20,1,0
BRDA:257,21,0,0
BRDA:257,21,1,0
BRDA:265,22,0,0
BRDA:265,22,1,0
BRDA:268,23,0,0
BRDA:268,23,1,0
BRDA:276,24,0,0
BRDA:276,24,1,0
BRDA:285,25,0,0
BRDA:285,25,1,0
BRDA:289,26,0,0
BRDA:289,26,1,0
BRDA:294,27,0,0
BRDA:294,27,1,0
BRDA:294,28,0,0
BRDA:294,28,1,0
BRDA:295,29,0,0
BRDA:295,29,1,0
BRDA:304,30,0,0
BRDA:304,30,1,0
BRDA:321,31,0,0
BRDA:321,31,1,0
BRDA:331,32,0,0
BRDA:331,32,1,0
BRDA:332,33,0,0
BRDA:332,33,1,0
BRF:66
BRH:0
end_of_record
TN:
SF:/home/yannick/vabble/Original_DAO/contracts/gnosis/GnosisSafeL2.sol
FN:40,execTransaction
FN:78,execTransactionFromModule
FNF:2
FNH:0
FNDA:0,execTransaction
FNDA:0,execTransactionFromModule
DA:52,0
DA:53,0
DA:54,0
DA:56,0
DA:69,0
DA:84,0
DA:85,0
LF:7
LH:0
BRF:0
BRH:0
end_of_record
TN:
SF:/home/yannick/vabble/Original_DAO/contracts/gnosis/interfaces/ISignatureValidator.sol
FNF:0
FNH:0
LF:0
LH:0
BRF:0
BRH:0
end_of_record
TN:
SF:/home/yannick/vabble/Original_DAO/contracts/interfaces/IFactoryFilmNFT.sol
FNF:0
FNH:0
LF:0
LH:0
BRF:0
BRH:0
end_of_record
TN:
SF:/home/yannick/vabble/Original_DAO/contracts/interfaces/IOwnablee.sol
FNF:0
FNH:0
LF:0
LH:0
BRF:0
BRH:0
end_of_record
TN:
SF:/home/yannick/vabble/Original_DAO/contracts/interfaces/IProperty.sol
FNF:0
FNH:0
LF:0
LH:0
BRF:0
BRH:0
end_of_record
TN:
SF:/home/yannick/vabble/Original_DAO/contracts/interfaces/IStakingPool.sol
FNF:0
FNH:0
LF:0
LH:0
BRF:0
BRH:0
end_of_record
TN:
SF:/home/yannick/vabble/Original_DAO/contracts/interfaces/IUniHelper.sol
FNF:0
FNH:0
LF:0
LH:0
BRF:0
BRH:0
end_of_record
TN:
SF:/home/yannick/vabble/Original_DAO/contracts/interfaces/IUniswapV2Factory.sol
FNF:0
FNH:0
LF:0
LH:0
BRF:0
BRH:0
end_of_record
TN:
SF:/home/yannick/vabble/Original_DAO/contracts/interfaces/IUniswapV2Router.sol
FNF:0
FNH:0
LF:0
LH:0
BRF:0
BRH:0
end_of_record
TN:
SF:/home/yannick/vabble/Original_DAO/contracts/interfaces/IVabbleDAO.sol
FNF:0
FNH:0
LF:0
LH:0
BRF:0
BRH:0
end_of_record
TN:
SF:/home/yannick/vabble/Original_DAO/contracts/interfaces/IVabbleFund.sol
FNF:0
FNH:0
LF:0
LH:0
BRF:0
BRH:0
end_of_record
TN:
SF:/home/yannick/vabble/Original_DAO/contracts/interfaces/IVote.sol
FNF:0
FNH:0
LF:0
LH:0
BRF:0
BRH:0
end_of_record
TN:
SF:/home/yannick/vabble/Original_DAO/contracts/libraries/Arrays.sol
FN:22,sort
FN:33,sort
FN:40,sort
FN:51,sort
FN:59,sort
FN:70,sort
FN:84,_quickSort
FN:111,_begin
FN:122,_end
FN:131,_mload
FN:140,_swap
FN:150,_defaultComp
FN:155,_castToBytes32Array
FN:162,_castToBytes32Array
FN:169,_castToBytes32Comp
FN:178,_castToBytes32Comp
FNF:16
FNH:9
FNDA:15,sort
FNDA:0,sort
FNDA:0,sort
FNDA:0,sort
FNDA:0,sort
FNDA:15,sort
FNDA:45,_quickSort
FNDA:30,_begin
FNDA:15,_end
FNDA:30,_mload
FNDA:15,_swap
FNDA:15,_defaultComp
FNDA:0,_castToBytes32Array
FNDA:15,_castToBytes32Array
FNDA:0,_castToBytes32Comp
FNDA:0,_castToBytes32Comp
DA:26,15
DA:27,15
DA:34,0
DA:44,0
DA:45,0
DA:52,0
DA:53,0
DA:63,0
DA:64,0
DA:71,15
DA:72,15
DA:85,45
DA:86,45
DA:89,15
DA:91,15
DA:93,15
DA:94,15
DA:97,0
DA:98,0
DA:102,15
DA:103,15
DA:104,15
DA:113,30
DA:123,15
DA:124,15
DA:132,30
DA:141,15
DA:151,15
DA:156,0
DA:163,15
DA:172,0
DA:181,0
LF:32
LH:20
BRDA:86,1,0,30
BRDA:86,1,1,15
BRDA:94,2,0,0
BRDA:94,2,1,15
BRF:4
BRH:3
end_of_record
TN:
SF:/home/yannick/vabble/Original_DAO/contracts/libraries/Helper.sol
FN:24,safeApprove
FN:35,safeTransfer
FN:45,safeTransferFrom
FN:56,safeTransferETH
FN:61,safeTransferAsset
FN:87,isContract
FN:113,isTestNet
FNF:7
FNH:3
FNDA:0,safeApprove
FNDA:3,safeTransfer
FNDA:14,safeTransferFrom
FNDA:0,safeTransferETH
FNDA:0,safeTransferAsset
FNDA:8,isContract
FNDA:0,isTestNet
DA:30,0
DA:31,0
DA:32,0
DA:40,3
DA:41,3
DA:42,3
DA:51,14
DA:52,14
DA:53,14
DA:57,0
DA:58,0
DA:66,0
DA:67,0
DA:69,0
DA:93,8
DA:114,0
DA:115,0
LF:17
LH:7
BRDA:30,1,0,0
BRDA:30,1,1,0
BRDA:32,2,0,0
BRDA:32,2,1,0
BRDA:32,3,0,0
BRDA:32,3,1,0
BRDA:40,4,0,3
BRDA:40,4,1,0
BRDA:42,5,0,3
BRDA:42,5,1,0
BRDA:42,6,0,0
BRDA:42,6,1,3
BRDA:51,7,0,14
BRDA:51,7,1,0
BRDA:53,8,0,14
BRDA:53,8,1,0
BRDA:53,9,0,0
BRDA:53,9,1,14
BRDA:58,10,0,0
BRDA:58,10,1,0
BRDA:66,11,0,0
BRDA:66,11,1,0
BRDA:115,12,0,0
BRDA:115,12,1,0
BRDA:115,13,0,0
BRDA:115,13,1,0
BRF:26
BRH:6
end_of_record
TN:
SF:/home/yannick/vabble/Original_DAO/contracts/mocks/MockERC1155.sol
FN:10,constructor
FNF:1
FNH:0
FNDA:0,constructor
DA:11,0
DA:12,0
DA:13,0
LF:3
LH:0
BRF:0
BRH:0
end_of_record
TN:
SF:/home/yannick/vabble/Original_DAO/contracts/mocks/MockERC20.sol
FN:13,constructor
FN:17,faucet
FNF:2
FNH:0
FNDA:0,constructor
FNDA:0,faucet
DA:14,0
DA:18,0
DA:19,0
LF:3
LH:0
BRDA:17,1,0,0
BRDA:17,1,1,0
BRDA:18,2,0,0
BRDA:18,2,1,0
BRF:4
BRH:0
end_of_record
TN:
SF:/home/yannick/vabble/Original_DAO/contracts/mocks/MockERC721.sol
FN:19,constructor
FN:25,mintTo
FN:31,batchMintTo
FN:43,__getNextTokenId
FN:50,__incrementTokenId
FN:54,baseTokenURI
FN:58,tokenURI
FNF:7
FNH:0
FNDA:0,constructor
FNDA:0,mintTo
FNDA:0,batchMintTo
FNDA:0,__getNextTokenId
FNDA:0,__incrementTokenId
FNDA:0,baseTokenURI
FNDA:0,tokenURI
DA:26,0
DA:27,0
DA:28,0
DA:32,0
DA:33,0
DA:34,0
DA:35,0
DA:44,0
DA:51,0
DA:55,0
DA:59,0
LF:11
LH:0
BRDA:25,1,0,0
BRDA:25,1,1,0
BRDA:31,2,0,0
BRDA:31,2,1,0
BRF:4
BRH:0
end_of_record
